2023-11-09 00:52:03,046 [ERROR] LogOutputStream:75 - [STDERR_REDIRECT] 
2023-11-09 19:12:20,835 [INFO] Activator:176 - 


2023-11-09 19:12:20,837 [INFO] Activator:177 - !SESSION log4j initialized
2023-11-09 19:12:25,916 [INFO] LogOutputStream:77 - [STDOUT_REDIRECT] 
2023-11-09 19:12:33,377 [INFO] ApplicationProperties:184 - Using Application install path: C:\ST\STM32CubeIDE_1.13.2\STM32CubeIDE\plugins\com.st.stm32cube.common.mx_6.9.2.202309101412
2023-11-09 19:12:33,394 [INFO] DbMcusXml:78 - Set database path to: C:\ST\STM32CubeIDE_1.13.2\STM32CubeIDE\plugins\com.st.stm32cube.common.mx_6.9.2.202309101412\\db\/mcu/
2023-11-09 19:12:33,395 [INFO] ApiDb:274 - Set plugin database path to: C:\ST\STM32CubeIDE_1.13.2\STM32CubeIDE\plugins\com.st.stm32cube.common.mx_6.9.2.202309101412\\db\/plugins/boardmanager/
2023-11-09 19:12:33,395 [WARN] ApiDb:259 - Overriding images path with different value:  => C:\ST\STM32CubeIDE_1.13.2\STM32CubeIDE\plugins\com.st.stm32cube.common.mx_6.9.2.202309101412\\db\/plugins/mcufinder/images/
2023-11-09 19:12:33,414 [INFO] ApiDb:250 - Set database path to: C:\Users\wjunh\.stmcufinder\plugins\mcufinder//mcu/
2023-11-09 19:12:33,415 [INFO] DbMcusAds:125 - Set database path to: C:\Users\wjunh\.stmcufinder\plugins\mcufinder//mcu/
2023-11-09 19:12:33,417 [INFO] CrossReferenceDbSqlite:203 - Set database path to: C:\Users\wjunh\.stmcufinder\plugins\mcufinder//mcu/cs/
2023-11-09 19:12:33,526 [INFO] RulesReader:64 - Compatibility file has been processed (293 Rules)
2023-11-09 19:12:33,641 [INFO] DbMcusXml:78 - Set database path to: C:\ST\STM32CubeIDE_1.13.2\STM32CubeIDE\plugins\com.st.stm32cube.common.mx_6.9.2.202309101412\\db\/mcu/
2023-11-09 19:12:33,641 [INFO] ApiDb:274 - Set plugin database path to: C:\ST\STM32CubeIDE_1.13.2\STM32CubeIDE\plugins\com.st.stm32cube.common.mx_6.9.2.202309101412\\db\/plugins/boardmanager/
2023-11-09 19:12:33,642 [INFO] ApiDb:261 - Set plugin images path to: C:\ST\STM32CubeIDE_1.13.2\STM32CubeIDE\plugins\com.st.stm32cube.common.mx_6.9.2.202309101412\\db\/plugins/mcufinder/images/
2023-11-09 19:12:33,642 [WARN] DbFile:41 - Overriding database path with different value: C:\Users\wjunh\.stmcufinder\plugins\mcufinder/ => C:\Users\wjunh\.stmcufinder\plugins\mcufinder
2023-11-09 19:12:33,642 [INFO] ApiDb:250 - Set database path to: C:\Users\wjunh\.stmcufinder\plugins\mcufinder//mcu/
2023-11-09 19:12:33,642 [WARN] DbFile:41 - Overriding database path with different value: C:\Users\wjunh\.stmcufinder\plugins\mcufinder/ => C:\Users\wjunh\.stmcufinder\plugins\mcufinder
2023-11-09 19:12:33,642 [INFO] DbMcusAds:125 - Set database path to: C:\Users\wjunh\.stmcufinder\plugins\mcufinder//mcu/
2023-11-09 19:12:33,642 [WARN] DbFile:41 - Overriding database path with different value: C:\Users\wjunh\.stmcufinder\plugins\mcufinder/ => C:\Users\wjunh\.stmcufinder\plugins\mcufinder
2023-11-09 19:12:33,642 [WARN] DbFile:41 - Overriding database path with different value: C:\Users\wjunh\.stmcufinder\plugins\mcufinder/ => C:\Users\wjunh\.stmcufinder\plugins\mcufinder
2023-11-09 19:12:33,643 [INFO] CrossReferenceDbSqlite:203 - Set database path to: C:\Users\wjunh\.stmcufinder\plugins\mcufinder//mcu/cs/
2023-11-09 19:12:33,738 [INFO] MainPanel:262 - HeapMemory: 268435456
2023-11-09 19:12:33,840 [INFO] DbMcusXml:78 - Set database path to: C:\ST\STM32CubeIDE_1.13.2\STM32CubeIDE\plugins\com.st.stm32cube.common.mx_6.9.2.202309101412\\db\/mcu/
2023-11-09 19:12:33,840 [INFO] ApiDb:274 - Set plugin database path to: C:\ST\STM32CubeIDE_1.13.2\STM32CubeIDE\plugins\com.st.stm32cube.common.mx_6.9.2.202309101412\\db\/plugins/boardmanager/
2023-11-09 19:12:33,840 [INFO] ApiDb:261 - Set plugin images path to: C:\ST\STM32CubeIDE_1.13.2\STM32CubeIDE\plugins\com.st.stm32cube.common.mx_6.9.2.202309101412\\db\/plugins/mcufinder/images/
2023-11-09 19:12:33,841 [WARN] DbFile:41 - Overriding database path with different value: C:\Users\wjunh\.stmcufinder\plugins\mcufinder/ => C:\Users\wjunh\.stmcufinder\plugins\mcufinder
2023-11-09 19:12:33,841 [INFO] ApiDb:250 - Set database path to: C:\Users\wjunh\.stmcufinder\plugins\mcufinder//mcu/
2023-11-09 19:12:33,841 [WARN] DbFile:41 - Overriding database path with different value: C:\Users\wjunh\.stmcufinder\plugins\mcufinder/ => C:\Users\wjunh\.stmcufinder\plugins\mcufinder
2023-11-09 19:12:33,841 [INFO] DbMcusAds:125 - Set database path to: C:\Users\wjunh\.stmcufinder\plugins\mcufinder//mcu/
2023-11-09 19:12:33,842 [WARN] DbFile:41 - Overriding database path with different value: C:\Users\wjunh\.stmcufinder\plugins\mcufinder/ => C:\Users\wjunh\.stmcufinder\plugins\mcufinder
2023-11-09 19:12:33,842 [WARN] DbFile:41 - Overriding database path with different value: C:\Users\wjunh\.stmcufinder\plugins\mcufinder/ => C:\Users\wjunh\.stmcufinder\plugins\mcufinder
2023-11-09 19:12:33,842 [INFO] CrossReferenceDbSqlite:203 - Set database path to: C:\Users\wjunh\.stmcufinder\plugins\mcufinder//mcu/cs/
2023-11-09 19:12:33,871 [INFO] ApplicationProperties:184 - Using Application install path: C:\ST\STM32CubeIDE_1.13.2\STM32CubeIDE\plugins\com.st.stm32cube.common.mx_6.9.2.202309101412
2023-11-09 19:12:33,872 [INFO] PluginManage:196 - Search for loadable plugins [exclusion list=, ]
2023-11-09 19:12:33,874 [INFO] PluginManage:310 - Check plugin analytics
2023-11-09 19:12:34,109 [INFO] AnalyticsPlugin:253 - Accepted Software Licenses: 
2023-11-09 19:12:34,110 [INFO] AnalyticsPlugin:255 - Accepted CMSIS Pack Licenses: 
2023-11-09 19:12:34,110 [INFO] AnalyticsPlugin:257 - Accepted Firmware Licenses: 
2023-11-09 19:12:34,113 [INFO] PluginManage:359 - Loaded plugin analytics (category:tool,tabindex:-1)
2023-11-09 19:12:34,113 [INFO] PluginManage:310 - Check plugin cadmodel
2023-11-09 19:12:34,126 [INFO] CADModel:105 - Init CAD model plugin
2023-11-09 19:12:34,126 [INFO] PluginManage:359 - Loaded plugin cadmodel (category:power,tabindex:5)
2023-11-09 19:12:34,126 [INFO] PluginManage:310 - Check plugin clock
2023-11-09 19:12:34,144 [INFO] PluginManage:359 - Loaded plugin clock (category:base,tabindex:2)
2023-11-09 19:12:34,144 [INFO] PluginManage:310 - Check plugin ddr
2023-11-09 19:12:34,147 [INFO] PluginManage:359 - Loaded plugin ddr (category:tool,tabindex:6)
2023-11-09 19:12:34,147 [INFO] PluginManage:310 - Check plugin filemanager
2023-11-09 19:12:34,292 [INFO] PluginManage:359 - Loaded plugin filemanager (category:base,tabindex:10)
2023-11-09 19:12:34,292 [INFO] PluginManage:310 - Check plugin ipmanager
2023-11-09 19:12:34,299 [INFO] PluginManage:359 - Loaded plugin ipmanager (category:base,tabindex:5)
2023-11-09 19:12:34,299 [INFO] PluginManage:310 - Check plugin lpbam
2023-11-09 19:12:34,315 [INFO] PluginManage:359 - Loaded plugin lpbam (category:base,tabindex:0)
2023-11-09 19:12:34,315 [INFO] PluginManage:310 - Check plugin memorymap
2023-11-09 19:12:34,340 [INFO] PluginManage:359 - Loaded plugin memorymap (category:base,tabindex:4)
2023-11-09 19:12:34,340 [INFO] PluginManage:310 - Check plugin pinoutandconfiguration
2023-11-09 19:12:34,358 [INFO] PluginManage:359 - Loaded plugin pinoutandconfiguration (category:base,tabindex:1)
2023-11-09 19:12:34,358 [INFO] PluginManage:310 - Check plugin pinoutconfig
2023-11-09 19:12:34,453 [WARN] SupportedApi:132 - Cannot load RTOS API schema: s4s-elt-must-match.1: The content of 'definitions' must match (annotation?, (simpleType | complexType)?, (unique | key | keyref)*)). A problem was found starting at: attribute.
2023-11-09 19:12:34,638 [INFO] PluginManage:359 - Loaded plugin pinoutconfig (category:base,tabindex:0)
2023-11-09 19:12:34,639 [INFO] PluginManage:310 - Check plugin power
2023-11-09 19:12:34,660 [INFO] PluginManage:359 - Loaded plugin power (category:power,tabindex:4)
2023-11-09 19:12:34,660 [INFO] PluginManage:310 - Check plugin projectmanager
2023-11-09 19:12:34,677 [INFO] PluginManage:359 - Loaded plugin projectmanager (category:projectmanager,tabindex:3)
2023-11-09 19:12:34,677 [INFO] PluginManage:310 - Check plugin thirdparty
2023-11-09 19:12:34,983 [INFO] PluginManage:359 - Loaded plugin thirdparty (category:base,tabindex:-1)
2023-11-09 19:12:34,983 [WARN] IntegrityCheckThread:84 - waiting for thirdparty lock release [integrity check]
2023-11-09 19:12:34,984 [INFO] PluginManage:310 - Check plugin tools
2023-11-09 19:12:34,984 [INFO] IntegrityCheckThread:86 - entering critical section [integrity check]
2023-11-09 19:12:34,985 [INFO] ThirdPartyUpdaterWithRetryManager:70 - Updater plugin not ready yet. [1/15]
2023-11-09 19:12:35,022 [INFO] PluginManage:359 - Loaded plugin tools (category:base,tabindex:7)
2023-11-09 19:12:35,022 [INFO] PluginManage:310 - Check plugin tutovideos
2023-11-09 19:12:35,326 [INFO] PluginManage:359 - Loaded plugin tutovideos (category:base,tabindex:-1)
2023-11-09 19:12:35,326 [INFO] PluginManage:310 - Check plugin updater
2023-11-09 19:12:35,340 [INFO] PluginManage:359 - Loaded plugin updater (category:base,tabindex:12)
2023-11-09 19:12:35,340 [INFO] PluginManage:310 - Check plugin userauth
2023-11-09 19:12:35,358 [INFO] UserAuth:113 - Init User Auth plugin
2023-11-09 19:12:35,358 [INFO] PluginManage:359 - Loaded plugin userauth (category:base,tabindex:14)
2023-11-09 19:12:35,359 [INFO] PluginManage:283 - PluginManage : Loaded plugins [17]
2023-11-09 19:12:35,689 [INFO] PinOutPanel:1499 - setPackage(No Configuration,No Configuration)
2023-11-09 19:12:35,844 [INFO] CADModel:165 - CPN selected for project level
2023-11-09 19:12:35,844 [INFO] CADModel:114 - Register for checkConnection events
2023-11-09 19:12:35,896 [INFO] IPUIPlugin:80 - create IPUIPlugin
2023-11-09 19:12:35,896 [INFO] PluginManager:220 - loadIPPluginJar : add adc
2023-11-09 19:12:35,933 [INFO] IPUIPlugin:80 - create IPUIPlugin
2023-11-09 19:12:35,934 [INFO] PluginManager:220 - loadIPPluginJar : add aes
2023-11-09 19:12:35,971 [INFO] IPUIPlugin:80 - create IPUIPlugin
2023-11-09 19:12:35,971 [INFO] PluginManager:220 - loadIPPluginJar : add can
2023-11-09 19:12:35,990 [INFO] IPUIPlugin:80 - create IPUIPlugin
2023-11-09 19:12:35,990 [INFO] PluginManager:220 - loadIPPluginJar : add comp
2023-11-09 19:12:36,017 [INFO] IPUIPlugin:80 - create IPUIPlugin
2023-11-09 19:12:36,017 [INFO] PluginManager:220 - loadIPPluginJar : add cryp
2023-11-09 19:12:36,041 [INFO] IPUIPlugin:80 - create IPUIPlugin
2023-11-09 19:12:36,041 [INFO] PluginManager:220 - loadIPPluginJar : add dfsdm
2023-11-09 19:12:36,051 [INFO] IPUIPlugin:80 - create IPUIPlugin
2023-11-09 19:12:36,052 [INFO] PluginManager:220 - loadIPPluginJar : add dma
2023-11-09 19:12:36,086 [INFO] IPUIPlugin:80 - create IPUIPlugin
2023-11-09 19:12:36,086 [INFO] PluginManager:220 - loadIPPluginJar : add dma3
2023-11-09 19:12:36,103 [INFO] IPUIPlugin:80 - create IPUIPlugin
2023-11-09 19:12:36,103 [INFO] PluginManager:220 - loadIPPluginJar : add fatfs
2023-11-09 19:12:36,140 [INFO] IPUIPlugin:80 - create IPUIPlugin
2023-11-09 19:12:36,140 [INFO] PluginManager:220 - loadIPPluginJar : add fmc
2023-11-09 19:12:36,152 [INFO] IPUIPlugin:80 - create IPUIPlugin
2023-11-09 19:12:36,152 [INFO] PluginManager:220 - loadIPPluginJar : add freertos
2023-11-09 19:12:36,167 [INFO] IPUIPlugin:80 - create IPUIPlugin
2023-11-09 19:12:36,167 [INFO] PluginManager:220 - loadIPPluginJar : add genericplugin
2023-11-09 19:12:36,230 [INFO] IPUIPlugin:80 - create IPUIPlugin
2023-11-09 19:12:36,230 [INFO] PluginManager:220 - loadIPPluginJar : add gfxmmu
2023-11-09 19:12:36,318 [INFO] IPUIPlugin:80 - create IPUIPlugin
2023-11-09 19:12:36,318 [INFO] PluginManager:220 - loadIPPluginJar : add gic
2023-11-09 19:12:36,328 [INFO] IPUIPlugin:80 - create IPUIPlugin
2023-11-09 19:12:36,328 [INFO] PluginManager:220 - loadIPPluginJar : add gpio
2023-11-09 19:12:36,394 [INFO] IPUIPlugin:80 - create IPUIPlugin
2023-11-09 19:12:36,394 [INFO] PluginManager:220 - loadIPPluginJar : add gtzc
2023-11-09 19:12:36,416 [INFO] IPUIPlugin:80 - create IPUIPlugin
2023-11-09 19:12:36,416 [INFO] PluginManager:220 - loadIPPluginJar : add hash
2023-11-09 19:12:36,453 [INFO] IPUIPlugin:80 - create IPUIPlugin
2023-11-09 19:12:36,453 [INFO] PluginManager:220 - loadIPPluginJar : add i2c
2023-11-09 19:12:36,480 [INFO] IPUIPlugin:80 - create IPUIPlugin
2023-11-09 19:12:36,480 [INFO] PluginManager:220 - loadIPPluginJar : add i2s
2023-11-09 19:12:36,509 [INFO] IPUIPlugin:80 - create IPUIPlugin
2023-11-09 19:12:36,509 [INFO] PluginManager:220 - loadIPPluginJar : add i3c
2023-11-09 19:12:36,585 [INFO] IPUIPlugin:80 - create IPUIPlugin
2023-11-09 19:12:36,585 [INFO] PluginManager:220 - loadIPPluginJar : add ipddr
2023-11-09 19:12:36,647 [INFO] IPUIPlugin:80 - create IPUIPlugin
2023-11-09 19:12:36,647 [INFO] PluginManager:220 - loadIPPluginJar : add linkedlist
2023-11-09 19:12:36,671 [INFO] IPUIPlugin:80 - create IPUIPlugin
2023-11-09 19:12:36,671 [INFO] PluginManager:220 - loadIPPluginJar : add lorawan
2023-11-09 19:12:36,695 [INFO] IPUIPlugin:80 - create IPUIPlugin
2023-11-09 19:12:36,695 [INFO] PluginManager:220 - loadIPPluginJar : add ltdc
2023-11-09 19:12:36,706 [INFO] IPUIPlugin:80 - create IPUIPlugin
2023-11-09 19:12:36,706 [INFO] PluginManager:220 - loadIPPluginJar : add mdma
2023-11-09 19:12:36,715 [INFO] IPUIPlugin:80 - create IPUIPlugin
2023-11-09 19:12:36,715 [INFO] PluginManager:220 - loadIPPluginJar : add nvic
2023-11-09 19:12:36,739 [INFO] IPUIPlugin:80 - create IPUIPlugin
2023-11-09 19:12:36,739 [INFO] PluginManager:220 - loadIPPluginJar : add opamp
2023-11-09 19:12:36,780 [INFO] IPUIPlugin:80 - create IPUIPlugin
2023-11-09 19:12:36,780 [INFO] PluginManager:220 - loadIPPluginJar : add openamp
2023-11-09 19:12:36,810 [INFO] IPUIPlugin:80 - create IPUIPlugin
2023-11-09 19:12:36,810 [INFO] PluginManager:220 - loadIPPluginJar : add pdm2pcm
2023-11-09 19:12:36,820 [INFO] IPUIPlugin:80 - create IPUIPlugin
2023-11-09 19:12:36,822 [INFO] PluginManager:220 - loadIPPluginJar : add plateformsettings
2023-11-09 19:12:36,838 [INFO] IPUIPlugin:80 - create IPUIPlugin
2023-11-09 19:12:36,838 [INFO] PluginManager:220 - loadIPPluginJar : add quadspi
2023-11-09 19:12:36,847 [INFO] IPUIPlugin:80 - create IPUIPlugin
2023-11-09 19:12:36,847 [INFO] PluginManager:220 - loadIPPluginJar : add resmgrutility
2023-11-09 19:12:36,883 [INFO] IPUIPlugin:80 - create IPUIPlugin
2023-11-09 19:12:36,883 [INFO] PluginManager:220 - loadIPPluginJar : add sai
2023-11-09 19:12:36,911 [INFO] IPUIPlugin:80 - create IPUIPlugin
2023-11-09 19:12:36,911 [INFO] PluginManager:220 - loadIPPluginJar : add spi
2023-11-09 19:12:36,954 [INFO] IPUIPlugin:80 - create IPUIPlugin
2023-11-09 19:12:36,955 [INFO] PluginManager:220 - loadIPPluginJar : add stm32_wpan
2023-11-09 19:12:36,971 [INFO] IPUIPlugin:80 - create IPUIPlugin
2023-11-09 19:12:36,971 [INFO] PluginManager:220 - loadIPPluginJar : add tim
2023-11-09 19:12:37,009 [INFO] IPUIPlugin:80 - create IPUIPlugin
2023-11-09 19:12:37,010 [INFO] PluginManager:220 - loadIPPluginJar : add touchsensing
2023-11-09 19:12:37,025 [INFO] IPUIPlugin:80 - create IPUIPlugin
2023-11-09 19:12:37,025 [INFO] PluginManager:220 - loadIPPluginJar : add tracer_emb
2023-11-09 19:12:37,041 [INFO] IPUIPlugin:80 - create IPUIPlugin
2023-11-09 19:12:37,041 [INFO] PluginManager:220 - loadIPPluginJar : add ts
2023-11-09 19:12:37,056 [INFO] IPUIPlugin:80 - create IPUIPlugin
2023-11-09 19:12:37,056 [INFO] PluginManager:220 - loadIPPluginJar : add tsc
2023-11-09 19:12:37,071 [INFO] IPUIPlugin:80 - create IPUIPlugin
2023-11-09 19:12:37,071 [INFO] PluginManager:220 - loadIPPluginJar : add ucpd
2023-11-09 19:12:37,101 [INFO] IPUIPlugin:80 - create IPUIPlugin
2023-11-09 19:12:37,102 [INFO] PluginManager:220 - loadIPPluginJar : add usart
2023-11-09 19:12:37,133 [INFO] IPUIPlugin:80 - create IPUIPlugin
2023-11-09 19:12:37,134 [INFO] PluginManager:220 - loadIPPluginJar : add usbx
2023-11-09 19:12:37,257 [INFO] CADModel:165 - CPN selected for project level
2023-11-09 19:12:37,257 [INFO] CADModel:114 - Register for checkConnection events
2023-11-09 19:12:37,258 [FATAL] Updater:308 - Updater called before beeing initialized
2023-11-09 19:12:37,258 [ERROR] CADModel:125 - Updater not yet initialized, retry later 
2023-11-09 19:12:37,392 [INFO] CADModel:165 - CPN selected for project level
2023-11-09 19:12:37,392 [INFO] CADModel:114 - Register for checkConnection events
2023-11-09 19:12:37,392 [FATAL] Updater:308 - Updater called before beeing initialized
2023-11-09 19:12:37,392 [ERROR] CADModel:125 - Updater not yet initialized, retry later 
2023-11-09 19:12:37,395 [FATAL] Updater:308 - Updater called before beeing initialized
2023-11-09 19:12:37,496 [FATAL] Updater:308 - Updater called before beeing initialized
2023-11-09 19:12:37,504 [INFO] DbMcusAds:53 - JSON generation date=Tue Mar 07 16:50:55 CST 2023 (1678179055335)
2023-11-09 19:12:37,504 [FATAL] Updater:308 - Updater called before beeing initialized
2023-11-09 19:12:37,545 [WARN] DetailPanel:346 - Failed to get advertising image, set to default
2023-11-09 19:12:37,628 [FATAL] Updater:308 - Updater called before beeing initialized
2023-11-09 19:12:37,630 [FATAL] Updater:308 - Updater called before beeing initialized
2023-11-09 19:12:37,630 [FATAL] Updater:308 - Updater called before beeing initialized
2023-11-09 19:12:37,630 [WARN] DetailPanel:346 - Failed to get advertising image, set to default
2023-11-09 19:12:37,630 [FATAL] Updater:308 - Updater called before beeing initialized
2023-11-09 19:12:37,679 [ERROR] Updater:1120 - MainUpdater not yet initialized. External WinMGr cannot be set.
2023-11-09 19:12:37,687 [INFO] Updater:1056 - Updater Version found : 6.9.2
2023-11-09 19:12:37,705 [INFO] ApplicationProperties:184 - Using Application install path: C:\ST\STM32CubeIDE_1.13.2\STM32CubeIDE\plugins\com.st.stm32cube.common.mx_6.9.2.202309101412
2023-11-09 19:12:37,986 [INFO] ThirdPartyUpdaterWithRetryManager:70 - Updater plugin not ready yet. [2/15]
2023-11-09 19:12:38,106 [INFO] MainUpdater:2868 - connection check result : 10
2023-11-09 19:12:38,107 [INFO] MainUpdater:285 - Updater Check For Update Now.
2023-11-09 19:12:38,107 [INFO] MicroXplorer:498 - Change Database Version : DB.6.0.92
2023-11-09 19:12:38,123 [INFO] McuFinderGlobals:63 - Set McuFinder mode to 2 (CubeIDE integrated)
2023-11-09 19:12:38,123 [INFO] UserAuth:179 - activating auth plugin
2023-11-09 19:12:38,127 [INFO] UserAuth:393 - Internet connection configuration mode: 1
2023-11-09 19:12:38,160 [INFO] JxBrowserEngine:151 - Initiate JxBrowser Engine with user profile folder
2023-11-09 19:12:38,306 [INFO] CheckServerUpdateThread:120 - End of CheckServer Thread
2023-11-09 19:12:39,778 [INFO] WebApp:157 - Instantiating new browser for Auth
2023-11-09 19:12:40,429 [INFO] WebApp:753 - Register for checkConnection events
2023-11-09 19:12:40,429 [INFO] WebApp:390 - Apply proxy settings
2023-11-09 19:12:40,429 [INFO] WebApp:475 - Chromium requires no authentication
2023-11-09 19:12:40,436 [INFO] WebApp:418 - Direct internet connection detected
2023-11-09 19:12:40,592 [INFO] WebApp:188 - Starting web application
2023-11-09 19:12:40,592 [INFO] WebApp:520 - Web application path used C:\ST\STM32CubeIDE_1.13.2\STM32CubeIDE\plugins\com.st.stm32cube.common.mx_6.9.2.202309101412\db\plugins\mcufinder\reactClient1\index.html
2023-11-09 19:12:41,160 [WARN] PackLoader:240 - Cannot read IP mode file for STMicroelectronics.X-CUBE-SMBUS.2.1.0
2023-11-09 19:12:41,200 [WARN] PackLoader:240 - Cannot read IP mode file for STMicroelectronics.X-CUBE-AZRTOS-F7.1.1.0
2023-11-09 19:12:41,215 [WARN] PackLoader:240 - Cannot read IP mode file for STMicroelectronics.FP-SNS-MOTENV1.4.3.2
2023-11-09 19:12:41,227 [WARN] PackLoader:240 - Cannot read IP mode file for STMicroelectronics.FP-SNS-FLIGHT1.5.0.2
2023-11-09 19:12:41,240 [WARN] PackLoader:240 - Cannot read IP mode file for STMicroelectronics.X-CUBE-DISPLAY.3.0.0
2023-11-09 19:12:41,255 [WARN] PackLoader:240 - Cannot read IP mode file for STMicroelectronics.X-CUBE-BLE1.7.0.0
2023-11-09 19:12:41,266 [WARN] PackLoader:240 - Cannot read IP mode file for emotas.I-CUBE-CANOPEN.1.3.0
2023-11-09 19:12:41,276 [WARN] PackLoader:240 - Cannot read IP mode file for STMicroelectronics.X-CUBE-TOUCHGFX.4.22.1
2023-11-09 19:12:41,285 [WARN] PackLoader:240 - Cannot read IP mode file for STMicroelectronics.FP-SNS-SMARTAG2.1.2.0
2023-11-09 19:12:41,303 [INFO] LogOutputStream:77 - [STDOUT_REDIRECT] 1 : Invalid condition id : UX_CORESTACK_Condition cause : null
2023-11-09 19:12:41,303 [INFO] LogOutputStream:77 - [STDOUT_REDIRECT] 1 : Invalid condition id : UX_CORESTACK_Condition cause : null
2023-11-09 19:12:41,305 [INFO] LogOutputStream:77 - [STDOUT_REDIRECT] 1 : Invalid condition id : UX_CORESTACK_Condition cause : null
2023-11-09 19:12:41,306 [INFO] LogOutputStream:77 - [STDOUT_REDIRECT] 1 : Invalid condition id : UX_CORESTACK_Condition cause : null
2023-11-09 19:12:41,308 [INFO] LogOutputStream:77 - [STDOUT_REDIRECT] 1 : Invalid condition id : UX_CORESTACK_Condition cause : null
2023-11-09 19:12:41,310 [WARN] PackLoader:240 - Cannot read IP mode file for STMicroelectronics.X-CUBE-AZRTOS-WL.2.0.0
2023-11-09 19:12:41,323 [WARN] PackLoader:240 - Cannot read IP mode file for WES.I-CUBE-Cesium.1.3.0
2023-11-09 19:12:41,334 [WARN] PackLoader:240 - Cannot read IP mode file for STMicroelectronics.X-CUBE-BLE2.3.3.0
2023-11-09 19:12:41,344 [WARN] PackLoader:240 - Cannot read IP mode file for STMicroelectronics.X-CUBE-ALGOBUILD.1.3.0
2023-11-09 19:12:41,368 [WARN] PackLoader:240 - Cannot read IP mode file for STMicroelectronics.X-CUBE-AZRTOS-G0.1.1.0
2023-11-09 19:12:41,380 [WARN] PackLoader:240 - Cannot read IP mode file for STMicroelectronics.X-CUBE-NFC4.3.0.0
2023-11-09 19:12:41,402 [WARN] PackLoader:240 - Cannot read IP mode file for STMicroelectronics.X-CUBE-BLEMGR.3.0.0
2023-11-09 19:12:41,414 [WARN] PackLoader:240 - Cannot read IP mode file for STMicroelectronics.FP-ATR-SIGFOX1.3.2.0
2023-11-09 19:12:41,449 [WARN] PackLoader:240 - Cannot read IP mode file for SEGGER.I-CUBE-embOS.1.3.1
2023-11-09 19:12:41,523 [WARN] PackLoader:240 - Cannot read IP mode file for STMicroelectronics.X-CUBE-GNSS1.6.0.0
2023-11-09 19:12:41,549 [WARN] PackLoader:240 - Cannot read IP mode file for STMicroelectronics.X-CUBE-AZRTOS-F4.1.1.0
2023-11-09 19:12:41,559 [WARN] PackLoader:240 - Cannot read IP mode file for wolfSSL.I-CUBE-wolfSSL.5.6.3
2023-11-09 19:12:41,582 [WARN] PackLoader:240 - Cannot read IP mode file for STMicroelectronics.X-CUBE-AZRTOS-L5.2.0.0
2023-11-09 19:12:41,593 [WARN] PackLoader:240 - Cannot read IP mode file for STMicroelectronics.X-CUBE-EEPRMA1.4.2.0
2023-11-09 19:12:41,603 [WARN] PackLoader:240 - Cannot read IP mode file for ITTIA_DB.I-CUBE-ITTIADB.8.8.0
2023-11-09 19:12:41,613 [WARN] PackLoader:240 - Cannot read IP mode file for STMicroelectronics.X-CUBE-BLEMGR.2.0.0
2023-11-09 19:12:41,636 [WARN] ConditionMgr:438 - getConditionDescription Invalid condition id : UX DEVICE CLASS RTOS Condition cause : null
2023-11-09 19:12:41,637 [WARN] ConditionMgr:438 - getConditionDescription Invalid condition id : UX DEVICE CLASS RTOS Condition cause : null
2023-11-09 19:12:41,639 [WARN] PackLoader:240 - Cannot read IP mode file for STMicroelectronics.X-CUBE-AZRTOS-H7.3.1.0
2023-11-09 19:12:41,640 [WARN] ConditionMgr:1039 - genDependencies : Invalid condition id : UX DEVICE CLASS RTOS Condition cause : null
2023-11-09 19:12:41,640 [WARN] ConditionMgr:1039 - genDependencies : Invalid condition id : UX DEVICE CLASS RTOS Condition cause : null
2023-11-09 19:12:41,640 [WARN] ConditionMgr:1039 - genDependencies : Invalid condition id : UX DEVICE CLASS RTOS Condition cause : null
2023-11-09 19:12:41,641 [WARN] ConditionMgr:1039 - genDependencies : Invalid condition id : UX DEVICE CLASS RTOS Condition cause : null
2023-11-09 19:12:41,641 [WARN] ConditionMgr:1039 - genDependencies : Invalid condition id : UX DEVICE CLASS RTOS Condition cause : null
2023-11-09 19:12:41,650 [WARN] PackLoader:240 - Cannot read IP mode file for STMicroelectronics.X-CUBE-NFC7.1.0.1
2023-11-09 19:12:41,662 [WARN] PackLoader:240 - Cannot read IP mode file for STMicroelectronics.X-CUBE-NFC6.3.0.0
2023-11-09 19:12:41,672 [WARN] PackLoader:240 - Cannot read IP mode file for STMicroelectronics.X-CUBE-EEPRMA1.4.1.0
2023-11-09 19:12:41,681 [WARN] PackLoader:240 - Cannot read IP mode file for STMicroelectronics.X-CUBE-AI.8.1.0
2023-11-09 19:12:41,707 [WARN] ConditionMgr:438 - getConditionDescription Invalid condition id : LAN8742 Phy interface Condition cause : null
2023-11-09 19:12:41,713 [WARN] PackLoader:240 - Cannot read IP mode file for STMicroelectronics.X-CUBE-AZRTOS-L4.2.0.0
2023-11-09 19:12:41,715 [WARN] ConditionMgr:1039 - genDependencies : Invalid condition id : LAN8742 Phy interface Condition cause : null
2023-11-09 19:12:41,715 [WARN] ConditionMgr:1039 - genDependencies : Invalid condition id : LAN8742 Phy interface Condition cause : null
2023-11-09 19:12:41,715 [WARN] ConditionMgr:1039 - genDependencies : Invalid condition id : LAN8742 Phy interface Condition cause : null
2023-11-09 19:12:41,727 [WARN] PackLoader:240 - Cannot read IP mode file for STMicroelectronics.X-CUBE-SFXS2LP1.4.0.0
2023-11-09 19:12:41,736 [WARN] PackLoader:240 - Cannot read IP mode file for STMicroelectronics.X-CUBE-ISPU.1.1.0
2023-11-09 19:12:41,753 [WARN] ConditionMgr:438 - getConditionDescription Invalid condition id : UX DEVICE CLASS RTOS Condition cause : null
2023-11-09 19:12:41,753 [WARN] ConditionMgr:438 - getConditionDescription Invalid condition id : UX DEVICE CLASS RTOS Condition cause : null
2023-11-09 19:12:41,755 [WARN] PackLoader:240 - Cannot read IP mode file for STMicroelectronics.X-CUBE-AZRTOS-WB.2.0.0
2023-11-09 19:12:41,755 [WARN] ConditionMgr:1039 - genDependencies : Invalid condition id : UX DEVICE CLASS RTOS Condition cause : null
2023-11-09 19:12:41,756 [WARN] ConditionMgr:1039 - genDependencies : Invalid condition id : UX DEVICE CLASS RTOS Condition cause : null
2023-11-09 19:12:41,756 [WARN] ConditionMgr:1039 - genDependencies : Invalid condition id : UX DEVICE CLASS RTOS Condition cause : null
2023-11-09 19:12:41,756 [WARN] ConditionMgr:1039 - genDependencies : Invalid condition id : UX DEVICE CLASS RTOS Condition cause : null
2023-11-09 19:12:41,756 [WARN] ConditionMgr:1039 - genDependencies : Invalid condition id : UX DEVICE CLASS RTOS Condition cause : null
2023-11-09 19:12:41,770 [WARN] PackLoader:240 - Cannot read IP mode file for STMicroelectronics.X-CUBE-SUBG2.5.0.0
2023-11-09 19:12:41,788 [WARN] PackLoader:240 - Cannot read IP mode file for STMicroelectronics.X-CUBE-TOF1.3.3.1
2023-11-09 19:12:41,813 [WARN] PackLoader:240 - Cannot read IP mode file for STMicroelectronics.X-CUBE-AZRTOS-G4.2.0.0
2023-11-09 19:12:41,830 [WARN] PackLoader:240 - Cannot read IP mode file for Infineon.AIROC-Wi-Fi-Bluetooth-STM32.1.5.1
2023-11-09 19:12:41,868 [WARN] PackLoader:240 - Cannot read IP mode file for STMicroelectronics.X-CUBE-MEMS1.10.0.0
2023-11-09 19:12:41,978 [WARN] PackLoader:240 - Cannot read IP mode file for STMicroelectronics.X-CUBE-FREERTOS.1.1.0
2023-11-09 19:12:41,992 [WARN] PackLoader:240 - Cannot read IP mode file for portGmbH.I-Cube-SoM-uGOAL.1.1.0
2023-11-09 19:12:42,004 [WARN] PackLoader:240 - Cannot read IP mode file for STMicroelectronics.X-CUBE-ALS.1.0.1
2023-11-09 19:12:42,013 [WARN] PackLoader:240 - Cannot read IP mode file for STMicroelectronics.FP-ATR-ASTRA1.2.0.0
2023-11-09 19:12:42,014 [INFO] ThirdParty:978 - Integrity check success = true
2023-11-09 19:12:42,014 [INFO] IntegrityCheckThread:100 - exiting critical section [integrity check]
2023-11-09 19:12:42,014 [INFO] IntegrityCheckThread:103 - End integrity checks thread
2023-11-09 19:13:01,935 [ERROR] LogOutputStream:75 - [STDERR_REDIRECT] SLF4J: Failed to load class "org.slf4j.impl.StaticLoggerBinder".
2023-11-09 19:13:01,935 [ERROR] LogOutputStream:75 - [STDERR_REDIRECT] SLF4J: Defaulting to no-operation (NOP) logger implementation
2023-11-09 19:13:01,936 [ERROR] LogOutputStream:75 - [STDERR_REDIRECT] SLF4J: See http://www.slf4j.org/codes.html#StaticLoggerBinder for further details.
2023-11-09 23:22:09,165 [ERROR] LogOutputStream:75 - [STDERR_REDIRECT] 
