2023-11-17 01:00:53,694 [INFO] WebApp:330 - JxBrowser engine has been closed 
2023-11-17 01:00:53,707 [INFO] WebAppUi:430 - JxBrowser engine has been closed 
2023-11-17 01:00:53,707 [INFO] WebAppUi:467 - Close the Jxbrowser engine manually
2023-11-17 20:56:42,368 [INFO] Activator:176 - 


2023-11-17 20:56:42,371 [INFO] Activator:177 - !SESSION log4j initialized
2023-11-17 20:56:48,837 [INFO] LogOutputStream:77 - [STDOUT_REDIRECT] 
2023-11-17 20:56:58,748 [INFO] ApplicationProperties:184 - Using Application install path: C:\ST\STM32CubeIDE_1.13.2\STM32CubeIDE\plugins\com.st.stm32cube.common.mx_6.9.2.202309101412
2023-11-17 20:56:58,765 [INFO] DbMcusXml:78 - Set database path to: C:\ST\STM32CubeIDE_1.13.2\STM32CubeIDE\plugins\com.st.stm32cube.common.mx_6.9.2.202309101412\\db\/mcu/
2023-11-17 20:56:58,766 [INFO] ApiDb:274 - Set plugin database path to: C:\ST\STM32CubeIDE_1.13.2\STM32CubeIDE\plugins\com.st.stm32cube.common.mx_6.9.2.202309101412\\db\/plugins/boardmanager/
2023-11-17 20:56:58,766 [WARN] ApiDb:259 - Overriding images path with different value:  => C:\ST\STM32CubeIDE_1.13.2\STM32CubeIDE\plugins\com.st.stm32cube.common.mx_6.9.2.202309101412\\db\/plugins/mcufinder/images/
2023-11-17 20:56:58,784 [INFO] ApiDb:250 - Set database path to: C:\Users\wjunh\.stmcufinder\plugins\mcufinder//mcu/
2023-11-17 20:56:58,787 [INFO] DbMcusAds:125 - Set database path to: C:\Users\wjunh\.stmcufinder\plugins\mcufinder//mcu/
2023-11-17 20:56:58,790 [INFO] CrossReferenceDbSqlite:203 - Set database path to: C:\Users\wjunh\.stmcufinder\plugins\mcufinder//mcu/cs/
2023-11-17 20:56:58,924 [INFO] RulesReader:64 - Compatibility file has been processed (293 Rules)
2023-11-17 20:56:59,015 [INFO] DbMcusXml:78 - Set database path to: C:\ST\STM32CubeIDE_1.13.2\STM32CubeIDE\plugins\com.st.stm32cube.common.mx_6.9.2.202309101412\\db\/mcu/
2023-11-17 20:56:59,015 [INFO] ApiDb:274 - Set plugin database path to: C:\ST\STM32CubeIDE_1.13.2\STM32CubeIDE\plugins\com.st.stm32cube.common.mx_6.9.2.202309101412\\db\/plugins/boardmanager/
2023-11-17 20:56:59,015 [INFO] ApiDb:261 - Set plugin images path to: C:\ST\STM32CubeIDE_1.13.2\STM32CubeIDE\plugins\com.st.stm32cube.common.mx_6.9.2.202309101412\\db\/plugins/mcufinder/images/
2023-11-17 20:56:59,015 [WARN] DbFile:41 - Overriding database path with different value: C:\Users\wjunh\.stmcufinder\plugins\mcufinder/ => C:\Users\wjunh\.stmcufinder\plugins\mcufinder
2023-11-17 20:56:59,016 [INFO] ApiDb:250 - Set database path to: C:\Users\wjunh\.stmcufinder\plugins\mcufinder//mcu/
2023-11-17 20:56:59,016 [WARN] DbFile:41 - Overriding database path with different value: C:\Users\wjunh\.stmcufinder\plugins\mcufinder/ => C:\Users\wjunh\.stmcufinder\plugins\mcufinder
2023-11-17 20:56:59,016 [INFO] DbMcusAds:125 - Set database path to: C:\Users\wjunh\.stmcufinder\plugins\mcufinder//mcu/
2023-11-17 20:56:59,016 [WARN] DbFile:41 - Overriding database path with different value: C:\Users\wjunh\.stmcufinder\plugins\mcufinder/ => C:\Users\wjunh\.stmcufinder\plugins\mcufinder
2023-11-17 20:56:59,016 [WARN] DbFile:41 - Overriding database path with different value: C:\Users\wjunh\.stmcufinder\plugins\mcufinder/ => C:\Users\wjunh\.stmcufinder\plugins\mcufinder
2023-11-17 20:56:59,016 [INFO] CrossReferenceDbSqlite:203 - Set database path to: C:\Users\wjunh\.stmcufinder\plugins\mcufinder//mcu/cs/
2023-11-17 20:56:59,084 [INFO] MainPanel:262 - HeapMemory: 268435456
2023-11-17 20:56:59,161 [INFO] DbMcusXml:78 - Set database path to: C:\ST\STM32CubeIDE_1.13.2\STM32CubeIDE\plugins\com.st.stm32cube.common.mx_6.9.2.202309101412\\db\/mcu/
2023-11-17 20:56:59,161 [INFO] ApiDb:274 - Set plugin database path to: C:\ST\STM32CubeIDE_1.13.2\STM32CubeIDE\plugins\com.st.stm32cube.common.mx_6.9.2.202309101412\\db\/plugins/boardmanager/
2023-11-17 20:56:59,161 [INFO] ApiDb:261 - Set plugin images path to: C:\ST\STM32CubeIDE_1.13.2\STM32CubeIDE\plugins\com.st.stm32cube.common.mx_6.9.2.202309101412\\db\/plugins/mcufinder/images/
2023-11-17 20:56:59,161 [WARN] DbFile:41 - Overriding database path with different value: C:\Users\wjunh\.stmcufinder\plugins\mcufinder/ => C:\Users\wjunh\.stmcufinder\plugins\mcufinder
2023-11-17 20:56:59,161 [INFO] ApiDb:250 - Set database path to: C:\Users\wjunh\.stmcufinder\plugins\mcufinder//mcu/
2023-11-17 20:56:59,162 [WARN] DbFile:41 - Overriding database path with different value: C:\Users\wjunh\.stmcufinder\plugins\mcufinder/ => C:\Users\wjunh\.stmcufinder\plugins\mcufinder
2023-11-17 20:56:59,162 [INFO] DbMcusAds:125 - Set database path to: C:\Users\wjunh\.stmcufinder\plugins\mcufinder//mcu/
2023-11-17 20:56:59,162 [WARN] DbFile:41 - Overriding database path with different value: C:\Users\wjunh\.stmcufinder\plugins\mcufinder/ => C:\Users\wjunh\.stmcufinder\plugins\mcufinder
2023-11-17 20:56:59,162 [WARN] DbFile:41 - Overriding database path with different value: C:\Users\wjunh\.stmcufinder\plugins\mcufinder/ => C:\Users\wjunh\.stmcufinder\plugins\mcufinder
2023-11-17 20:56:59,165 [INFO] CrossReferenceDbSqlite:203 - Set database path to: C:\Users\wjunh\.stmcufinder\plugins\mcufinder//mcu/cs/
2023-11-17 20:56:59,181 [INFO] ApplicationProperties:184 - Using Application install path: C:\ST\STM32CubeIDE_1.13.2\STM32CubeIDE\plugins\com.st.stm32cube.common.mx_6.9.2.202309101412
2023-11-17 20:56:59,182 [INFO] PluginManage:196 - Search for loadable plugins [exclusion list=, ]
2023-11-17 20:56:59,183 [INFO] PluginManage:310 - Check plugin analytics
2023-11-17 20:56:59,369 [INFO] AnalyticsPlugin:253 - Accepted Software Licenses: 
2023-11-17 20:56:59,369 [INFO] AnalyticsPlugin:255 - Accepted CMSIS Pack Licenses: 
2023-11-17 20:56:59,369 [INFO] AnalyticsPlugin:257 - Accepted Firmware Licenses: 
2023-11-17 20:56:59,372 [INFO] PluginManage:359 - Loaded plugin analytics (category:tool,tabindex:-1)
2023-11-17 20:56:59,372 [INFO] PluginManage:310 - Check plugin cadmodel
2023-11-17 20:56:59,384 [INFO] CADModel:105 - Init CAD model plugin
2023-11-17 20:56:59,384 [INFO] PluginManage:359 - Loaded plugin cadmodel (category:power,tabindex:5)
2023-11-17 20:56:59,385 [INFO] PluginManage:310 - Check plugin clock
2023-11-17 20:56:59,408 [INFO] PluginManage:359 - Loaded plugin clock (category:base,tabindex:2)
2023-11-17 20:56:59,408 [INFO] PluginManage:310 - Check plugin ddr
2023-11-17 20:56:59,412 [INFO] PluginManage:359 - Loaded plugin ddr (category:tool,tabindex:6)
2023-11-17 20:56:59,412 [INFO] PluginManage:310 - Check plugin filemanager
2023-11-17 20:56:59,526 [INFO] PluginManage:359 - Loaded plugin filemanager (category:base,tabindex:10)
2023-11-17 20:56:59,526 [INFO] PluginManage:310 - Check plugin ipmanager
2023-11-17 20:56:59,532 [INFO] PluginManage:359 - Loaded plugin ipmanager (category:base,tabindex:5)
2023-11-17 20:56:59,533 [INFO] PluginManage:310 - Check plugin lpbam
2023-11-17 20:56:59,550 [INFO] PluginManage:359 - Loaded plugin lpbam (category:base,tabindex:0)
2023-11-17 20:56:59,550 [INFO] PluginManage:310 - Check plugin memorymap
2023-11-17 20:56:59,569 [INFO] PluginManage:359 - Loaded plugin memorymap (category:base,tabindex:4)
2023-11-17 20:56:59,570 [INFO] PluginManage:310 - Check plugin pinoutandconfiguration
2023-11-17 20:56:59,584 [INFO] PluginManage:359 - Loaded plugin pinoutandconfiguration (category:base,tabindex:1)
2023-11-17 20:56:59,584 [INFO] PluginManage:310 - Check plugin pinoutconfig
2023-11-17 20:56:59,675 [WARN] SupportedApi:132 - Cannot load RTOS API schema: s4s-elt-must-match.1: The content of 'definitions' must match (annotation?, (simpleType | complexType)?, (unique | key | keyref)*)). A problem was found starting at: attribute.
2023-11-17 20:56:59,816 [INFO] PluginManage:359 - Loaded plugin pinoutconfig (category:base,tabindex:0)
2023-11-17 20:56:59,817 [INFO] PluginManage:310 - Check plugin power
2023-11-17 20:56:59,836 [INFO] PluginManage:359 - Loaded plugin power (category:power,tabindex:4)
2023-11-17 20:56:59,836 [INFO] PluginManage:310 - Check plugin projectmanager
2023-11-17 20:56:59,851 [INFO] PluginManage:359 - Loaded plugin projectmanager (category:projectmanager,tabindex:3)
2023-11-17 20:56:59,851 [INFO] PluginManage:310 - Check plugin thirdparty
2023-11-17 20:57:00,102 [INFO] PluginManage:359 - Loaded plugin thirdparty (category:base,tabindex:-1)
2023-11-17 20:57:00,102 [WARN] IntegrityCheckThread:84 - waiting for thirdparty lock release [integrity check]
2023-11-17 20:57:00,102 [INFO] PluginManage:310 - Check plugin tools
2023-11-17 20:57:00,102 [INFO] IntegrityCheckThread:86 - entering critical section [integrity check]
2023-11-17 20:57:00,103 [INFO] ThirdPartyUpdaterWithRetryManager:70 - Updater plugin not ready yet. [1/15]
2023-11-17 20:57:00,130 [INFO] PluginManage:359 - Loaded plugin tools (category:base,tabindex:7)
2023-11-17 20:57:00,130 [INFO] PluginManage:310 - Check plugin tutovideos
2023-11-17 20:57:00,319 [INFO] PluginManage:359 - Loaded plugin tutovideos (category:base,tabindex:-1)
2023-11-17 20:57:00,319 [INFO] PluginManage:310 - Check plugin updater
2023-11-17 20:57:00,328 [INFO] PluginManage:359 - Loaded plugin updater (category:base,tabindex:12)
2023-11-17 20:57:00,328 [INFO] PluginManage:310 - Check plugin userauth
2023-11-17 20:57:00,332 [INFO] UserAuth:113 - Init User Auth plugin
2023-11-17 20:57:00,332 [INFO] PluginManage:359 - Loaded plugin userauth (category:base,tabindex:14)
2023-11-17 20:57:00,333 [INFO] PluginManage:283 - PluginManage : Loaded plugins [17]
2023-11-17 20:57:00,523 [INFO] PinOutPanel:1499 - setPackage(No Configuration,No Configuration)
2023-11-17 20:57:00,619 [INFO] CADModel:165 - CPN selected for project level
2023-11-17 20:57:00,619 [INFO] CADModel:114 - Register for checkConnection events
2023-11-17 20:57:00,640 [INFO] IPUIPlugin:80 - create IPUIPlugin
2023-11-17 20:57:00,640 [INFO] PluginManager:220 - loadIPPluginJar : add adc
2023-11-17 20:57:00,669 [INFO] IPUIPlugin:80 - create IPUIPlugin
2023-11-17 20:57:00,669 [INFO] PluginManager:220 - loadIPPluginJar : add aes
2023-11-17 20:57:00,704 [INFO] IPUIPlugin:80 - create IPUIPlugin
2023-11-17 20:57:00,704 [INFO] PluginManager:220 - loadIPPluginJar : add can
2023-11-17 20:57:00,722 [INFO] IPUIPlugin:80 - create IPUIPlugin
2023-11-17 20:57:00,722 [INFO] PluginManager:220 - loadIPPluginJar : add comp
2023-11-17 20:57:00,750 [INFO] IPUIPlugin:80 - create IPUIPlugin
2023-11-17 20:57:00,750 [INFO] PluginManager:220 - loadIPPluginJar : add cryp
2023-11-17 20:57:00,774 [INFO] IPUIPlugin:80 - create IPUIPlugin
2023-11-17 20:57:00,774 [INFO] PluginManager:220 - loadIPPluginJar : add dfsdm
2023-11-17 20:57:00,786 [INFO] IPUIPlugin:80 - create IPUIPlugin
2023-11-17 20:57:00,786 [INFO] PluginManager:220 - loadIPPluginJar : add dma
2023-11-17 20:57:00,833 [INFO] IPUIPlugin:80 - create IPUIPlugin
2023-11-17 20:57:00,834 [INFO] PluginManager:220 - loadIPPluginJar : add dma3
2023-11-17 20:57:00,850 [INFO] IPUIPlugin:80 - create IPUIPlugin
2023-11-17 20:57:00,850 [INFO] PluginManager:220 - loadIPPluginJar : add fatfs
2023-11-17 20:57:00,889 [INFO] IPUIPlugin:80 - create IPUIPlugin
2023-11-17 20:57:00,889 [INFO] PluginManager:220 - loadIPPluginJar : add fmc
2023-11-17 20:57:00,900 [INFO] IPUIPlugin:80 - create IPUIPlugin
2023-11-17 20:57:00,900 [INFO] PluginManager:220 - loadIPPluginJar : add freertos
2023-11-17 20:57:00,915 [INFO] IPUIPlugin:80 - create IPUIPlugin
2023-11-17 20:57:00,915 [INFO] PluginManager:220 - loadIPPluginJar : add genericplugin
2023-11-17 20:57:00,982 [INFO] IPUIPlugin:80 - create IPUIPlugin
2023-11-17 20:57:00,982 [INFO] PluginManager:220 - loadIPPluginJar : add gfxmmu
2023-11-17 20:57:01,075 [INFO] IPUIPlugin:80 - create IPUIPlugin
2023-11-17 20:57:01,075 [INFO] PluginManager:220 - loadIPPluginJar : add gic
2023-11-17 20:57:01,085 [INFO] IPUIPlugin:80 - create IPUIPlugin
2023-11-17 20:57:01,085 [INFO] PluginManager:220 - loadIPPluginJar : add gpio
2023-11-17 20:57:01,151 [INFO] IPUIPlugin:80 - create IPUIPlugin
2023-11-17 20:57:01,151 [INFO] PluginManager:220 - loadIPPluginJar : add gtzc
2023-11-17 20:57:01,174 [INFO] IPUIPlugin:80 - create IPUIPlugin
2023-11-17 20:57:01,174 [INFO] PluginManager:220 - loadIPPluginJar : add hash
2023-11-17 20:57:01,210 [INFO] IPUIPlugin:80 - create IPUIPlugin
2023-11-17 20:57:01,210 [INFO] PluginManager:220 - loadIPPluginJar : add i2c
2023-11-17 20:57:01,239 [INFO] IPUIPlugin:80 - create IPUIPlugin
2023-11-17 20:57:01,239 [INFO] PluginManager:220 - loadIPPluginJar : add i2s
2023-11-17 20:57:01,268 [INFO] IPUIPlugin:80 - create IPUIPlugin
2023-11-17 20:57:01,268 [INFO] PluginManager:220 - loadIPPluginJar : add i3c
2023-11-17 20:57:01,346 [INFO] IPUIPlugin:80 - create IPUIPlugin
2023-11-17 20:57:01,346 [INFO] PluginManager:220 - loadIPPluginJar : add ipddr
2023-11-17 20:57:01,412 [INFO] IPUIPlugin:80 - create IPUIPlugin
2023-11-17 20:57:01,412 [INFO] PluginManager:220 - loadIPPluginJar : add linkedlist
2023-11-17 20:57:01,438 [INFO] IPUIPlugin:80 - create IPUIPlugin
2023-11-17 20:57:01,438 [INFO] PluginManager:220 - loadIPPluginJar : add lorawan
2023-11-17 20:57:01,465 [INFO] IPUIPlugin:80 - create IPUIPlugin
2023-11-17 20:57:01,465 [INFO] PluginManager:220 - loadIPPluginJar : add ltdc
2023-11-17 20:57:01,475 [INFO] IPUIPlugin:80 - create IPUIPlugin
2023-11-17 20:57:01,476 [INFO] PluginManager:220 - loadIPPluginJar : add mdma
2023-11-17 20:57:01,485 [INFO] IPUIPlugin:80 - create IPUIPlugin
2023-11-17 20:57:01,485 [INFO] PluginManager:220 - loadIPPluginJar : add nvic
2023-11-17 20:57:01,510 [INFO] IPUIPlugin:80 - create IPUIPlugin
2023-11-17 20:57:01,510 [INFO] PluginManager:220 - loadIPPluginJar : add opamp
2023-11-17 20:57:01,552 [INFO] IPUIPlugin:80 - create IPUIPlugin
2023-11-17 20:57:01,552 [INFO] PluginManager:220 - loadIPPluginJar : add openamp
2023-11-17 20:57:01,583 [INFO] IPUIPlugin:80 - create IPUIPlugin
2023-11-17 20:57:01,583 [INFO] PluginManager:220 - loadIPPluginJar : add pdm2pcm
2023-11-17 20:57:01,594 [INFO] IPUIPlugin:80 - create IPUIPlugin
2023-11-17 20:57:01,595 [INFO] PluginManager:220 - loadIPPluginJar : add plateformsettings
2023-11-17 20:57:01,611 [INFO] IPUIPlugin:80 - create IPUIPlugin
2023-11-17 20:57:01,611 [INFO] PluginManager:220 - loadIPPluginJar : add quadspi
2023-11-17 20:57:01,621 [INFO] IPUIPlugin:80 - create IPUIPlugin
2023-11-17 20:57:01,621 [INFO] PluginManager:220 - loadIPPluginJar : add resmgrutility
2023-11-17 20:57:01,659 [INFO] IPUIPlugin:80 - create IPUIPlugin
2023-11-17 20:57:01,659 [INFO] PluginManager:220 - loadIPPluginJar : add sai
2023-11-17 20:57:01,686 [INFO] IPUIPlugin:80 - create IPUIPlugin
2023-11-17 20:57:01,686 [INFO] PluginManager:220 - loadIPPluginJar : add spi
2023-11-17 20:57:01,728 [INFO] IPUIPlugin:80 - create IPUIPlugin
2023-11-17 20:57:01,728 [INFO] PluginManager:220 - loadIPPluginJar : add stm32_wpan
2023-11-17 20:57:01,745 [INFO] IPUIPlugin:80 - create IPUIPlugin
2023-11-17 20:57:01,745 [INFO] PluginManager:220 - loadIPPluginJar : add tim
2023-11-17 20:57:01,784 [INFO] IPUIPlugin:80 - create IPUIPlugin
2023-11-17 20:57:01,785 [INFO] PluginManager:220 - loadIPPluginJar : add touchsensing
2023-11-17 20:57:01,801 [INFO] IPUIPlugin:80 - create IPUIPlugin
2023-11-17 20:57:01,801 [INFO] PluginManager:220 - loadIPPluginJar : add tracer_emb
2023-11-17 20:57:01,818 [INFO] IPUIPlugin:80 - create IPUIPlugin
2023-11-17 20:57:01,818 [INFO] PluginManager:220 - loadIPPluginJar : add ts
2023-11-17 20:57:01,834 [INFO] IPUIPlugin:80 - create IPUIPlugin
2023-11-17 20:57:01,834 [INFO] PluginManager:220 - loadIPPluginJar : add tsc
2023-11-17 20:57:01,849 [INFO] IPUIPlugin:80 - create IPUIPlugin
2023-11-17 20:57:01,849 [INFO] PluginManager:220 - loadIPPluginJar : add ucpd
2023-11-17 20:57:01,881 [INFO] IPUIPlugin:80 - create IPUIPlugin
2023-11-17 20:57:01,881 [INFO] PluginManager:220 - loadIPPluginJar : add usart
2023-11-17 20:57:01,911 [INFO] IPUIPlugin:80 - create IPUIPlugin
2023-11-17 20:57:01,912 [INFO] PluginManager:220 - loadIPPluginJar : add usbx
2023-11-17 20:57:02,036 [INFO] CADModel:165 - CPN selected for project level
2023-11-17 20:57:02,036 [INFO] CADModel:114 - Register for checkConnection events
2023-11-17 20:57:02,036 [FATAL] Updater:308 - Updater called before beeing initialized
2023-11-17 20:57:02,036 [ERROR] CADModel:125 - Updater not yet initialized, retry later 
2023-11-17 20:57:02,172 [INFO] CADModel:165 - CPN selected for project level
2023-11-17 20:57:02,173 [INFO] CADModel:114 - Register for checkConnection events
2023-11-17 20:57:02,173 [FATAL] Updater:308 - Updater called before beeing initialized
2023-11-17 20:57:02,173 [ERROR] CADModel:125 - Updater not yet initialized, retry later 
2023-11-17 20:57:02,176 [FATAL] Updater:308 - Updater called before beeing initialized
2023-11-17 20:57:02,307 [FATAL] Updater:308 - Updater called before beeing initialized
2023-11-17 20:57:02,320 [INFO] DbMcusAds:53 - JSON generation date=Tue Mar 07 16:50:55 CST 2023 (1678179055335)
2023-11-17 20:57:02,321 [FATAL] Updater:308 - Updater called before beeing initialized
2023-11-17 20:57:02,357 [WARN] DetailPanel:346 - Failed to get advertising image, set to default
2023-11-17 20:57:02,443 [FATAL] Updater:308 - Updater called before beeing initialized
2023-11-17 20:57:02,445 [FATAL] Updater:308 - Updater called before beeing initialized
2023-11-17 20:57:02,445 [FATAL] Updater:308 - Updater called before beeing initialized
2023-11-17 20:57:02,445 [WARN] DetailPanel:346 - Failed to get advertising image, set to default
2023-11-17 20:57:02,446 [FATAL] Updater:308 - Updater called before beeing initialized
2023-11-17 20:57:02,507 [ERROR] Updater:1120 - MainUpdater not yet initialized. External WinMGr cannot be set.
2023-11-17 20:57:02,515 [INFO] Updater:1056 - Updater Version found : 6.9.2
2023-11-17 20:57:02,528 [INFO] ApplicationProperties:184 - Using Application install path: C:\ST\STM32CubeIDE_1.13.2\STM32CubeIDE\plugins\com.st.stm32cube.common.mx_6.9.2.202309101412
2023-11-17 20:57:02,884 [INFO] MainUpdater:2868 - connection check result : 10
2023-11-17 20:57:02,885 [INFO] MainUpdater:285 - Updater Check For Update Now.
2023-11-17 20:57:02,885 [INFO] MicroXplorer:498 - Change Database Version : DB.6.0.92
2023-11-17 20:57:02,900 [INFO] McuFinderGlobals:63 - Set McuFinder mode to 2 (CubeIDE integrated)
2023-11-17 20:57:02,900 [INFO] UserAuth:179 - activating auth plugin
2023-11-17 20:57:02,903 [INFO] UserAuth:393 - Internet connection configuration mode: 1
2023-11-17 20:57:02,931 [INFO] JxBrowserEngine:151 - Initiate JxBrowser Engine with user profile folder
2023-11-17 20:57:03,100 [INFO] CheckServerUpdateThread:120 - End of CheckServer Thread
2023-11-17 20:57:03,271 [WARN] PackLoader:240 - Cannot read IP mode file for STMicroelectronics.X-CUBE-SMBUS.2.1.0
2023-11-17 20:57:03,314 [WARN] PackLoader:240 - Cannot read IP mode file for STMicroelectronics.X-CUBE-AZRTOS-F7.1.1.0
2023-11-17 20:57:03,329 [WARN] PackLoader:240 - Cannot read IP mode file for STMicroelectronics.FP-SNS-MOTENV1.4.3.2
2023-11-17 20:57:03,345 [WARN] PackLoader:240 - Cannot read IP mode file for STMicroelectronics.FP-SNS-FLIGHT1.5.0.2
2023-11-17 20:57:03,361 [WARN] PackLoader:240 - Cannot read IP mode file for STMicroelectronics.X-CUBE-DISPLAY.3.0.0
2023-11-17 20:57:03,378 [WARN] PackLoader:240 - Cannot read IP mode file for STMicroelectronics.X-CUBE-BLE1.7.0.0
2023-11-17 20:57:03,391 [WARN] PackLoader:240 - Cannot read IP mode file for emotas.I-CUBE-CANOPEN.1.3.0
2023-11-17 20:57:03,402 [WARN] PackLoader:240 - Cannot read IP mode file for STMicroelectronics.X-CUBE-TOUCHGFX.4.22.1
2023-11-17 20:57:03,412 [WARN] PackLoader:240 - Cannot read IP mode file for STMicroelectronics.FP-SNS-SMARTAG2.1.2.0
2023-11-17 20:57:03,430 [INFO] LogOutputStream:77 - [STDOUT_REDIRECT] 1 : Invalid condition id : UX_CORESTACK_Condition cause : null
2023-11-17 20:57:03,431 [INFO] LogOutputStream:77 - [STDOUT_REDIRECT] 1 : Invalid condition id : UX_CORESTACK_Condition cause : null
2023-11-17 20:57:03,432 [INFO] LogOutputStream:77 - [STDOUT_REDIRECT] 1 : Invalid condition id : UX_CORESTACK_Condition cause : null
2023-11-17 20:57:03,434 [INFO] LogOutputStream:77 - [STDOUT_REDIRECT] 1 : Invalid condition id : UX_CORESTACK_Condition cause : null
2023-11-17 20:57:03,436 [INFO] LogOutputStream:77 - [STDOUT_REDIRECT] 1 : Invalid condition id : UX_CORESTACK_Condition cause : null
2023-11-17 20:57:03,440 [WARN] PackLoader:240 - Cannot read IP mode file for STMicroelectronics.X-CUBE-AZRTOS-WL.2.0.0
2023-11-17 20:57:03,453 [WARN] PackLoader:240 - Cannot read IP mode file for WES.I-CUBE-Cesium.1.3.0
2023-11-17 20:57:03,465 [WARN] PackLoader:240 - Cannot read IP mode file for STMicroelectronics.X-CUBE-BLE2.3.3.0
2023-11-17 20:57:03,477 [WARN] PackLoader:240 - Cannot read IP mode file for STMicroelectronics.X-CUBE-ALGOBUILD.1.3.0
2023-11-17 20:57:03,503 [WARN] PackLoader:240 - Cannot read IP mode file for STMicroelectronics.X-CUBE-AZRTOS-G0.1.1.0
2023-11-17 20:57:03,516 [WARN] PackLoader:240 - Cannot read IP mode file for STMicroelectronics.X-CUBE-NFC4.3.0.0
2023-11-17 20:57:03,537 [WARN] PackLoader:240 - Cannot read IP mode file for STMicroelectronics.X-CUBE-BLEMGR.3.0.0
2023-11-17 20:57:03,546 [WARN] PackLoader:240 - Cannot read IP mode file for STMicroelectronics.FP-ATR-SIGFOX1.3.2.0
2023-11-17 20:57:03,581 [WARN] PackLoader:240 - Cannot read IP mode file for SEGGER.I-CUBE-embOS.1.3.1
2023-11-17 20:57:03,623 [WARN] PackLoader:240 - Cannot read IP mode file for STMicroelectronics.X-CUBE-GNSS1.6.0.0
2023-11-17 20:57:03,647 [WARN] PackLoader:240 - Cannot read IP mode file for STMicroelectronics.X-CUBE-AZRTOS-F4.1.1.0
2023-11-17 20:57:03,659 [WARN] PackLoader:240 - Cannot read IP mode file for wolfSSL.I-CUBE-wolfSSL.5.6.3
2023-11-17 20:57:03,682 [WARN] PackLoader:240 - Cannot read IP mode file for STMicroelectronics.X-CUBE-AZRTOS-L5.2.0.0
2023-11-17 20:57:03,698 [WARN] PackLoader:240 - Cannot read IP mode file for STMicroelectronics.X-CUBE-EEPRMA1.4.2.0
2023-11-17 20:57:03,709 [WARN] PackLoader:240 - Cannot read IP mode file for ITTIA_DB.I-CUBE-ITTIADB.8.8.0
2023-11-17 20:57:03,720 [WARN] PackLoader:240 - Cannot read IP mode file for STMicroelectronics.X-CUBE-BLEMGR.2.0.0
2023-11-17 20:57:03,746 [WARN] ConditionMgr:438 - getConditionDescription Invalid condition id : UX DEVICE CLASS RTOS Condition cause : null
2023-11-17 20:57:03,746 [WARN] ConditionMgr:438 - getConditionDescription Invalid condition id : UX DEVICE CLASS RTOS Condition cause : null
2023-11-17 20:57:03,748 [WARN] PackLoader:240 - Cannot read IP mode file for STMicroelectronics.X-CUBE-AZRTOS-H7.3.1.0
2023-11-17 20:57:03,749 [WARN] ConditionMgr:1039 - genDependencies : Invalid condition id : UX DEVICE CLASS RTOS Condition cause : null
2023-11-17 20:57:03,749 [WARN] ConditionMgr:1039 - genDependencies : Invalid condition id : UX DEVICE CLASS RTOS Condition cause : null
2023-11-17 20:57:03,750 [WARN] ConditionMgr:1039 - genDependencies : Invalid condition id : UX DEVICE CLASS RTOS Condition cause : null
2023-11-17 20:57:03,750 [WARN] ConditionMgr:1039 - genDependencies : Invalid condition id : UX DEVICE CLASS RTOS Condition cause : null
2023-11-17 20:57:03,750 [WARN] ConditionMgr:1039 - genDependencies : Invalid condition id : UX DEVICE CLASS RTOS Condition cause : null
2023-11-17 20:57:03,760 [WARN] PackLoader:240 - Cannot read IP mode file for STMicroelectronics.X-CUBE-NFC7.1.0.1
2023-11-17 20:57:03,774 [WARN] PackLoader:240 - Cannot read IP mode file for STMicroelectronics.X-CUBE-NFC6.3.0.0
2023-11-17 20:57:03,786 [WARN] PackLoader:240 - Cannot read IP mode file for STMicroelectronics.X-CUBE-EEPRMA1.4.1.0
2023-11-17 20:57:03,796 [WARN] PackLoader:240 - Cannot read IP mode file for STMicroelectronics.X-CUBE-AI.8.1.0
2023-11-17 20:57:03,819 [WARN] ConditionMgr:438 - getConditionDescription Invalid condition id : LAN8742 Phy interface Condition cause : null
2023-11-17 20:57:03,819 [WARN] PackLoader:240 - Cannot read IP mode file for STMicroelectronics.X-CUBE-AZRTOS-L4.2.0.0
2023-11-17 20:57:03,820 [WARN] ConditionMgr:1039 - genDependencies : Invalid condition id : LAN8742 Phy interface Condition cause : null
2023-11-17 20:57:03,820 [WARN] ConditionMgr:1039 - genDependencies : Invalid condition id : LAN8742 Phy interface Condition cause : null
2023-11-17 20:57:03,821 [WARN] ConditionMgr:1039 - genDependencies : Invalid condition id : LAN8742 Phy interface Condition cause : null
2023-11-17 20:57:03,836 [WARN] PackLoader:240 - Cannot read IP mode file for STMicroelectronics.X-CUBE-SFXS2LP1.4.0.0
2023-11-17 20:57:03,850 [WARN] PackLoader:240 - Cannot read IP mode file for STMicroelectronics.X-CUBE-ISPU.1.1.0
2023-11-17 20:57:03,876 [WARN] ConditionMgr:438 - getConditionDescription Invalid condition id : UX DEVICE CLASS RTOS Condition cause : null
2023-11-17 20:57:03,876 [WARN] ConditionMgr:438 - getConditionDescription Invalid condition id : UX DEVICE CLASS RTOS Condition cause : null
2023-11-17 20:57:03,878 [WARN] PackLoader:240 - Cannot read IP mode file for STMicroelectronics.X-CUBE-AZRTOS-WB.2.0.0
2023-11-17 20:57:03,879 [WARN] ConditionMgr:1039 - genDependencies : Invalid condition id : UX DEVICE CLASS RTOS Condition cause : null
2023-11-17 20:57:03,879 [WARN] ConditionMgr:1039 - genDependencies : Invalid condition id : UX DEVICE CLASS RTOS Condition cause : null
2023-11-17 20:57:03,880 [WARN] ConditionMgr:1039 - genDependencies : Invalid condition id : UX DEVICE CLASS RTOS Condition cause : null
2023-11-17 20:57:03,880 [WARN] ConditionMgr:1039 - genDependencies : Invalid condition id : UX DEVICE CLASS RTOS Condition cause : null
2023-11-17 20:57:03,880 [WARN] ConditionMgr:1039 - genDependencies : Invalid condition id : UX DEVICE CLASS RTOS Condition cause : null
2023-11-17 20:57:03,902 [WARN] PackLoader:240 - Cannot read IP mode file for STMicroelectronics.X-CUBE-SUBG2.5.0.0
2023-11-17 20:57:03,924 [WARN] PackLoader:240 - Cannot read IP mode file for STMicroelectronics.X-CUBE-TOF1.3.3.1
2023-11-17 20:57:03,978 [WARN] PackLoader:240 - Cannot read IP mode file for STMicroelectronics.X-CUBE-AZRTOS-G4.2.0.0
2023-11-17 20:57:04,001 [WARN] PackLoader:240 - Cannot read IP mode file for Infineon.AIROC-Wi-Fi-Bluetooth-STM32.1.5.1
2023-11-17 20:57:04,011 [WARN] PackLoader:240 - Cannot read IP mode file for STMicroelectronics.FP-SNS-MOTENVWB1.1.3.0
2023-11-17 20:57:04,049 [WARN] PackLoader:240 - Cannot read IP mode file for STMicroelectronics.X-CUBE-MEMS1.10.0.0
2023-11-17 20:57:04,199 [WARN] PackLoader:240 - Cannot read IP mode file for STMicroelectronics.X-CUBE-FREERTOS.1.1.0
2023-11-17 20:57:04,210 [WARN] PackLoader:240 - Cannot read IP mode file for portGmbH.I-Cube-SoM-uGOAL.1.1.0
2023-11-17 20:57:04,221 [WARN] PackLoader:240 - Cannot read IP mode file for STMicroelectronics.X-CUBE-ALS.1.0.1
2023-11-17 20:57:04,233 [WARN] PackLoader:240 - Cannot read IP mode file for STMicroelectronics.FP-ATR-ASTRA1.2.0.0
2023-11-17 20:57:04,234 [INFO] ThirdParty:978 - Integrity check success = true
2023-11-17 20:57:04,234 [INFO] IntegrityCheckThread:100 - exiting critical section [integrity check]
2023-11-17 20:57:04,234 [INFO] IntegrityCheckThread:103 - End integrity checks thread
2023-11-17 20:57:04,891 [INFO] WebApp:157 - Instantiating new browser for Auth
2023-11-17 20:57:05,572 [INFO] WebApp:753 - Register for checkConnection events
2023-11-17 20:57:05,572 [INFO] WebApp:390 - Apply proxy settings
2023-11-17 20:57:05,572 [INFO] WebApp:475 - Chromium requires no authentication
2023-11-17 20:57:05,579 [INFO] WebApp:418 - Direct internet connection detected
2023-11-17 20:57:05,743 [INFO] WebApp:188 - Starting web application
2023-11-17 20:57:05,743 [INFO] WebApp:520 - Web application path used C:\ST\STM32CubeIDE_1.13.2\STM32CubeIDE\plugins\com.st.stm32cube.common.mx_6.9.2.202309101412\db\plugins\mcufinder\reactClient1\index.html
2023-11-17 20:57:26,643 [ERROR] LogOutputStream:75 - [STDERR_REDIRECT] SLF4J: Failed to load class "org.slf4j.impl.StaticLoggerBinder".
2023-11-17 20:57:26,644 [ERROR] LogOutputStream:75 - [STDERR_REDIRECT] SLF4J: Defaulting to no-operation (NOP) logger implementation
2023-11-17 20:57:26,645 [ERROR] LogOutputStream:75 - [STDERR_REDIRECT] SLF4J: See http://www.slf4j.org/codes.html#StaticLoggerBinder for further details.
