2023-10-23 01:07:48,083 [ERROR] LogOutputStream:75 - [STDERR_REDIRECT] 
2023-10-23 22:12:35,765 [INFO] Activator:176 - 


2023-10-23 22:12:35,767 [INFO] Activator:177 - !SESSION log4j initialized
2023-10-23 22:12:41,828 [INFO] LogOutputStream:77 - [STDOUT_REDIRECT] 
2023-10-23 22:12:52,738 [INFO] ApplicationProperties:184 - Using Application install path: C:\ST\STM32CubeIDE_1.13.2\STM32CubeIDE\plugins\com.st.stm32cube.common.mx_6.9.2.202309101412
2023-10-23 22:12:52,757 [INFO] DbMcusXml:78 - Set database path to: C:\ST\STM32CubeIDE_1.13.2\STM32CubeIDE\plugins\com.st.stm32cube.common.mx_6.9.2.202309101412\\db\/mcu/
2023-10-23 22:12:52,757 [INFO] ApiDb:274 - Set plugin database path to: C:\ST\STM32CubeIDE_1.13.2\STM32CubeIDE\plugins\com.st.stm32cube.common.mx_6.9.2.202309101412\\db\/plugins/boardmanager/
2023-10-23 22:12:52,757 [WARN] ApiDb:259 - Overriding images path with different value:  => C:\ST\STM32CubeIDE_1.13.2\STM32CubeIDE\plugins\com.st.stm32cube.common.mx_6.9.2.202309101412\\db\/plugins/mcufinder/images/
2023-10-23 22:12:52,775 [INFO] ApiDb:250 - Set database path to: C:\Users\wjunh\.stmcufinder\plugins\mcufinder//mcu/
2023-10-23 22:12:52,776 [INFO] DbMcusAds:125 - Set database path to: C:\Users\wjunh\.stmcufinder\plugins\mcufinder//mcu/
2023-10-23 22:12:52,783 [INFO] CrossReferenceDbSqlite:203 - Set database path to: C:\Users\wjunh\.stmcufinder\plugins\mcufinder//mcu/cs/
2023-10-23 22:12:52,904 [INFO] RulesReader:64 - Compatibility file has been processed (293 Rules)
2023-10-23 22:12:53,007 [INFO] DbMcusXml:78 - Set database path to: C:\ST\STM32CubeIDE_1.13.2\STM32CubeIDE\plugins\com.st.stm32cube.common.mx_6.9.2.202309101412\\db\/mcu/
2023-10-23 22:12:53,008 [INFO] ApiDb:274 - Set plugin database path to: C:\ST\STM32CubeIDE_1.13.2\STM32CubeIDE\plugins\com.st.stm32cube.common.mx_6.9.2.202309101412\\db\/plugins/boardmanager/
2023-10-23 22:12:53,008 [INFO] ApiDb:261 - Set plugin images path to: C:\ST\STM32CubeIDE_1.13.2\STM32CubeIDE\plugins\com.st.stm32cube.common.mx_6.9.2.202309101412\\db\/plugins/mcufinder/images/
2023-10-23 22:12:53,008 [WARN] DbFile:41 - Overriding database path with different value: C:\Users\wjunh\.stmcufinder\plugins\mcufinder/ => C:\Users\wjunh\.stmcufinder\plugins\mcufinder
2023-10-23 22:12:53,008 [INFO] ApiDb:250 - Set database path to: C:\Users\wjunh\.stmcufinder\plugins\mcufinder//mcu/
2023-10-23 22:12:53,008 [WARN] DbFile:41 - Overriding database path with different value: C:\Users\wjunh\.stmcufinder\plugins\mcufinder/ => C:\Users\wjunh\.stmcufinder\plugins\mcufinder
2023-10-23 22:12:53,008 [INFO] DbMcusAds:125 - Set database path to: C:\Users\wjunh\.stmcufinder\plugins\mcufinder//mcu/
2023-10-23 22:12:53,008 [WARN] DbFile:41 - Overriding database path with different value: C:\Users\wjunh\.stmcufinder\plugins\mcufinder/ => C:\Users\wjunh\.stmcufinder\plugins\mcufinder
2023-10-23 22:12:53,008 [WARN] DbFile:41 - Overriding database path with different value: C:\Users\wjunh\.stmcufinder\plugins\mcufinder/ => C:\Users\wjunh\.stmcufinder\plugins\mcufinder
2023-10-23 22:12:53,009 [INFO] CrossReferenceDbSqlite:203 - Set database path to: C:\Users\wjunh\.stmcufinder\plugins\mcufinder//mcu/cs/
2023-10-23 22:12:53,094 [INFO] MainPanel:262 - HeapMemory: 268435456
2023-10-23 22:12:53,181 [INFO] DbMcusXml:78 - Set database path to: C:\ST\STM32CubeIDE_1.13.2\STM32CubeIDE\plugins\com.st.stm32cube.common.mx_6.9.2.202309101412\\db\/mcu/
2023-10-23 22:12:53,181 [INFO] ApiDb:274 - Set plugin database path to: C:\ST\STM32CubeIDE_1.13.2\STM32CubeIDE\plugins\com.st.stm32cube.common.mx_6.9.2.202309101412\\db\/plugins/boardmanager/
2023-10-23 22:12:53,181 [INFO] ApiDb:261 - Set plugin images path to: C:\ST\STM32CubeIDE_1.13.2\STM32CubeIDE\plugins\com.st.stm32cube.common.mx_6.9.2.202309101412\\db\/plugins/mcufinder/images/
2023-10-23 22:12:53,181 [WARN] DbFile:41 - Overriding database path with different value: C:\Users\wjunh\.stmcufinder\plugins\mcufinder/ => C:\Users\wjunh\.stmcufinder\plugins\mcufinder
2023-10-23 22:12:53,181 [INFO] ApiDb:250 - Set database path to: C:\Users\wjunh\.stmcufinder\plugins\mcufinder//mcu/
2023-10-23 22:12:53,182 [WARN] DbFile:41 - Overriding database path with different value: C:\Users\wjunh\.stmcufinder\plugins\mcufinder/ => C:\Users\wjunh\.stmcufinder\plugins\mcufinder
2023-10-23 22:12:53,182 [INFO] DbMcusAds:125 - Set database path to: C:\Users\wjunh\.stmcufinder\plugins\mcufinder//mcu/
2023-10-23 22:12:53,182 [WARN] DbFile:41 - Overriding database path with different value: C:\Users\wjunh\.stmcufinder\plugins\mcufinder/ => C:\Users\wjunh\.stmcufinder\plugins\mcufinder
2023-10-23 22:12:53,182 [WARN] DbFile:41 - Overriding database path with different value: C:\Users\wjunh\.stmcufinder\plugins\mcufinder/ => C:\Users\wjunh\.stmcufinder\plugins\mcufinder
2023-10-23 22:12:53,182 [INFO] CrossReferenceDbSqlite:203 - Set database path to: C:\Users\wjunh\.stmcufinder\plugins\mcufinder//mcu/cs/
2023-10-23 22:12:53,199 [INFO] ApplicationProperties:184 - Using Application install path: C:\ST\STM32CubeIDE_1.13.2\STM32CubeIDE\plugins\com.st.stm32cube.common.mx_6.9.2.202309101412
2023-10-23 22:12:53,200 [INFO] PluginManage:196 - Search for loadable plugins [exclusion list=, ]
2023-10-23 22:12:53,201 [INFO] PluginManage:310 - Check plugin analytics
2023-10-23 22:12:57,894 [INFO] AnalyticsPlugin:253 - Accepted Software Licenses: 
2023-10-23 22:12:57,894 [INFO] AnalyticsPlugin:255 - Accepted CMSIS Pack Licenses: 
2023-10-23 22:12:57,894 [INFO] AnalyticsPlugin:257 - Accepted Firmware Licenses: 
2023-10-23 22:12:57,896 [INFO] PluginManage:359 - Loaded plugin analytics (category:tool,tabindex:-1)
2023-10-23 22:12:57,897 [INFO] PluginManage:310 - Check plugin cadmodel
2023-10-23 22:12:57,908 [INFO] CADModel:105 - Init CAD model plugin
2023-10-23 22:12:57,909 [INFO] PluginManage:359 - Loaded plugin cadmodel (category:power,tabindex:5)
2023-10-23 22:12:57,909 [INFO] PluginManage:310 - Check plugin clock
2023-10-23 22:12:57,927 [INFO] PluginManage:359 - Loaded plugin clock (category:base,tabindex:2)
2023-10-23 22:12:57,927 [INFO] PluginManage:310 - Check plugin ddr
2023-10-23 22:12:57,930 [INFO] PluginManage:359 - Loaded plugin ddr (category:tool,tabindex:6)
2023-10-23 22:12:57,930 [INFO] PluginManage:310 - Check plugin filemanager
2023-10-23 22:12:58,061 [INFO] PluginManage:359 - Loaded plugin filemanager (category:base,tabindex:10)
2023-10-23 22:12:58,061 [INFO] PluginManage:310 - Check plugin ipmanager
2023-10-23 22:12:58,068 [INFO] PluginManage:359 - Loaded plugin ipmanager (category:base,tabindex:5)
2023-10-23 22:12:58,068 [INFO] PluginManage:310 - Check plugin lpbam
2023-10-23 22:12:58,081 [INFO] PluginManage:359 - Loaded plugin lpbam (category:base,tabindex:0)
2023-10-23 22:12:58,081 [INFO] PluginManage:310 - Check plugin memorymap
2023-10-23 22:12:58,099 [INFO] PluginManage:359 - Loaded plugin memorymap (category:base,tabindex:4)
2023-10-23 22:12:58,100 [INFO] PluginManage:310 - Check plugin pinoutandconfiguration
2023-10-23 22:12:58,112 [INFO] PluginManage:359 - Loaded plugin pinoutandconfiguration (category:base,tabindex:1)
2023-10-23 22:12:58,112 [INFO] PluginManage:310 - Check plugin pinoutconfig
2023-10-23 22:12:58,208 [WARN] SupportedApi:132 - Cannot load RTOS API schema: s4s-elt-must-match.1: The content of 'definitions' must match (annotation?, (simpleType | complexType)?, (unique | key | keyref)*)). A problem was found starting at: attribute.
2023-10-23 22:12:58,350 [INFO] PluginManage:359 - Loaded plugin pinoutconfig (category:base,tabindex:0)
2023-10-23 22:12:58,350 [INFO] PluginManage:310 - Check plugin power
2023-10-23 22:12:58,367 [INFO] PluginManage:359 - Loaded plugin power (category:power,tabindex:4)
2023-10-23 22:12:58,367 [INFO] PluginManage:310 - Check plugin projectmanager
2023-10-23 22:12:58,379 [INFO] PluginManage:359 - Loaded plugin projectmanager (category:projectmanager,tabindex:3)
2023-10-23 22:12:58,379 [INFO] PluginManage:310 - Check plugin thirdparty
2023-10-23 22:12:58,612 [INFO] PluginManage:359 - Loaded plugin thirdparty (category:base,tabindex:-1)
2023-10-23 22:12:58,612 [WARN] IntegrityCheckThread:84 - waiting for thirdparty lock release [integrity check]
2023-10-23 22:12:58,613 [INFO] PluginManage:310 - Check plugin tools
2023-10-23 22:12:58,613 [INFO] IntegrityCheckThread:86 - entering critical section [integrity check]
2023-10-23 22:12:58,613 [INFO] ThirdPartyUpdaterWithRetryManager:70 - Updater plugin not ready yet. [1/15]
2023-10-23 22:12:58,639 [INFO] PluginManage:359 - Loaded plugin tools (category:base,tabindex:7)
2023-10-23 22:12:58,639 [INFO] PluginManage:310 - Check plugin tutovideos
2023-10-23 22:12:58,838 [INFO] PluginManage:359 - Loaded plugin tutovideos (category:base,tabindex:-1)
2023-10-23 22:12:58,838 [INFO] PluginManage:310 - Check plugin updater
2023-10-23 22:12:58,849 [INFO] PluginManage:359 - Loaded plugin updater (category:base,tabindex:12)
2023-10-23 22:12:58,849 [INFO] PluginManage:310 - Check plugin userauth
2023-10-23 22:12:58,854 [INFO] UserAuth:113 - Init User Auth plugin
2023-10-23 22:12:58,854 [INFO] PluginManage:359 - Loaded plugin userauth (category:base,tabindex:14)
2023-10-23 22:12:58,855 [INFO] PluginManage:283 - PluginManage : Loaded plugins [17]
2023-10-23 22:12:59,061 [INFO] PinOutPanel:1499 - setPackage(No Configuration,No Configuration)
2023-10-23 22:12:59,156 [INFO] CADModel:165 - CPN selected for project level
2023-10-23 22:12:59,156 [INFO] CADModel:114 - Register for checkConnection events
2023-10-23 22:12:59,176 [INFO] IPUIPlugin:80 - create IPUIPlugin
2023-10-23 22:12:59,176 [INFO] PluginManager:220 - loadIPPluginJar : add adc
2023-10-23 22:12:59,200 [INFO] IPUIPlugin:80 - create IPUIPlugin
2023-10-23 22:12:59,200 [INFO] PluginManager:220 - loadIPPluginJar : add aes
2023-10-23 22:12:59,228 [INFO] IPUIPlugin:80 - create IPUIPlugin
2023-10-23 22:12:59,229 [INFO] PluginManager:220 - loadIPPluginJar : add can
2023-10-23 22:12:59,244 [INFO] IPUIPlugin:80 - create IPUIPlugin
2023-10-23 22:12:59,245 [INFO] PluginManager:220 - loadIPPluginJar : add comp
2023-10-23 22:12:59,268 [INFO] IPUIPlugin:80 - create IPUIPlugin
2023-10-23 22:12:59,268 [INFO] PluginManager:220 - loadIPPluginJar : add cryp
2023-10-23 22:12:59,291 [INFO] IPUIPlugin:80 - create IPUIPlugin
2023-10-23 22:12:59,291 [INFO] PluginManager:220 - loadIPPluginJar : add dfsdm
2023-10-23 22:12:59,302 [INFO] IPUIPlugin:80 - create IPUIPlugin
2023-10-23 22:12:59,302 [INFO] PluginManager:220 - loadIPPluginJar : add dma
2023-10-23 22:12:59,331 [INFO] IPUIPlugin:80 - create IPUIPlugin
2023-10-23 22:12:59,332 [INFO] PluginManager:220 - loadIPPluginJar : add dma3
2023-10-23 22:12:59,346 [INFO] IPUIPlugin:80 - create IPUIPlugin
2023-10-23 22:12:59,346 [INFO] PluginManager:220 - loadIPPluginJar : add fatfs
2023-10-23 22:12:59,380 [INFO] IPUIPlugin:80 - create IPUIPlugin
2023-10-23 22:12:59,380 [INFO] PluginManager:220 - loadIPPluginJar : add fmc
2023-10-23 22:12:59,391 [INFO] IPUIPlugin:80 - create IPUIPlugin
2023-10-23 22:12:59,392 [INFO] PluginManager:220 - loadIPPluginJar : add freertos
2023-10-23 22:12:59,406 [INFO] IPUIPlugin:80 - create IPUIPlugin
2023-10-23 22:12:59,406 [INFO] PluginManager:220 - loadIPPluginJar : add genericplugin
2023-10-23 22:12:59,473 [INFO] IPUIPlugin:80 - create IPUIPlugin
2023-10-23 22:12:59,473 [INFO] PluginManager:220 - loadIPPluginJar : add gfxmmu
2023-10-23 22:12:59,567 [INFO] IPUIPlugin:80 - create IPUIPlugin
2023-10-23 22:12:59,568 [INFO] PluginManager:220 - loadIPPluginJar : add gic
2023-10-23 22:12:59,577 [INFO] IPUIPlugin:80 - create IPUIPlugin
2023-10-23 22:12:59,578 [INFO] PluginManager:220 - loadIPPluginJar : add gpio
2023-10-23 22:12:59,642 [INFO] IPUIPlugin:80 - create IPUIPlugin
2023-10-23 22:12:59,643 [INFO] PluginManager:220 - loadIPPluginJar : add gtzc
2023-10-23 22:12:59,665 [INFO] IPUIPlugin:80 - create IPUIPlugin
2023-10-23 22:12:59,665 [INFO] PluginManager:220 - loadIPPluginJar : add hash
2023-10-23 22:12:59,704 [INFO] IPUIPlugin:80 - create IPUIPlugin
2023-10-23 22:12:59,704 [INFO] PluginManager:220 - loadIPPluginJar : add i2c
2023-10-23 22:12:59,731 [INFO] IPUIPlugin:80 - create IPUIPlugin
2023-10-23 22:12:59,731 [INFO] PluginManager:220 - loadIPPluginJar : add i2s
2023-10-23 22:12:59,764 [INFO] IPUIPlugin:80 - create IPUIPlugin
2023-10-23 22:12:59,764 [INFO] PluginManager:220 - loadIPPluginJar : add i3c
2023-10-23 22:12:59,839 [INFO] IPUIPlugin:80 - create IPUIPlugin
2023-10-23 22:12:59,839 [INFO] PluginManager:220 - loadIPPluginJar : add ipddr
2023-10-23 22:12:59,904 [INFO] IPUIPlugin:80 - create IPUIPlugin
2023-10-23 22:12:59,904 [INFO] PluginManager:220 - loadIPPluginJar : add linkedlist
2023-10-23 22:12:59,930 [INFO] IPUIPlugin:80 - create IPUIPlugin
2023-10-23 22:12:59,930 [INFO] PluginManager:220 - loadIPPluginJar : add lorawan
2023-10-23 22:12:59,955 [INFO] IPUIPlugin:80 - create IPUIPlugin
2023-10-23 22:12:59,955 [INFO] PluginManager:220 - loadIPPluginJar : add ltdc
2023-10-23 22:12:59,966 [INFO] IPUIPlugin:80 - create IPUIPlugin
2023-10-23 22:12:59,966 [INFO] PluginManager:220 - loadIPPluginJar : add mdma
2023-10-23 22:12:59,975 [INFO] IPUIPlugin:80 - create IPUIPlugin
2023-10-23 22:12:59,975 [INFO] PluginManager:220 - loadIPPluginJar : add nvic
2023-10-23 22:13:00,000 [INFO] IPUIPlugin:80 - create IPUIPlugin
2023-10-23 22:13:00,000 [INFO] PluginManager:220 - loadIPPluginJar : add opamp
2023-10-23 22:13:00,043 [INFO] IPUIPlugin:80 - create IPUIPlugin
2023-10-23 22:13:00,043 [INFO] PluginManager:220 - loadIPPluginJar : add openamp
2023-10-23 22:13:00,074 [INFO] IPUIPlugin:80 - create IPUIPlugin
2023-10-23 22:13:00,074 [INFO] PluginManager:220 - loadIPPluginJar : add pdm2pcm
2023-10-23 22:13:00,084 [INFO] IPUIPlugin:80 - create IPUIPlugin
2023-10-23 22:13:00,086 [INFO] PluginManager:220 - loadIPPluginJar : add plateformsettings
2023-10-23 22:13:00,101 [INFO] IPUIPlugin:80 - create IPUIPlugin
2023-10-23 22:13:00,101 [INFO] PluginManager:220 - loadIPPluginJar : add quadspi
2023-10-23 22:13:00,111 [INFO] IPUIPlugin:80 - create IPUIPlugin
2023-10-23 22:13:00,111 [INFO] PluginManager:220 - loadIPPluginJar : add resmgrutility
2023-10-23 22:13:00,148 [INFO] IPUIPlugin:80 - create IPUIPlugin
2023-10-23 22:13:00,148 [INFO] PluginManager:220 - loadIPPluginJar : add sai
2023-10-23 22:13:00,176 [INFO] IPUIPlugin:80 - create IPUIPlugin
2023-10-23 22:13:00,176 [INFO] PluginManager:220 - loadIPPluginJar : add spi
2023-10-23 22:13:00,220 [INFO] IPUIPlugin:80 - create IPUIPlugin
2023-10-23 22:13:00,220 [INFO] PluginManager:220 - loadIPPluginJar : add stm32_wpan
2023-10-23 22:13:00,236 [INFO] IPUIPlugin:80 - create IPUIPlugin
2023-10-23 22:13:00,236 [INFO] PluginManager:220 - loadIPPluginJar : add tim
2023-10-23 22:13:00,280 [INFO] IPUIPlugin:80 - create IPUIPlugin
2023-10-23 22:13:00,280 [INFO] PluginManager:220 - loadIPPluginJar : add touchsensing
2023-10-23 22:13:00,297 [INFO] IPUIPlugin:80 - create IPUIPlugin
2023-10-23 22:13:00,297 [INFO] PluginManager:220 - loadIPPluginJar : add tracer_emb
2023-10-23 22:13:00,313 [INFO] IPUIPlugin:80 - create IPUIPlugin
2023-10-23 22:13:00,313 [INFO] PluginManager:220 - loadIPPluginJar : add ts
2023-10-23 22:13:00,328 [INFO] IPUIPlugin:80 - create IPUIPlugin
2023-10-23 22:13:00,328 [INFO] PluginManager:220 - loadIPPluginJar : add tsc
2023-10-23 22:13:00,344 [INFO] IPUIPlugin:80 - create IPUIPlugin
2023-10-23 22:13:00,344 [INFO] PluginManager:220 - loadIPPluginJar : add ucpd
2023-10-23 22:13:00,378 [INFO] IPUIPlugin:80 - create IPUIPlugin
2023-10-23 22:13:00,378 [INFO] PluginManager:220 - loadIPPluginJar : add usart
2023-10-23 22:13:00,411 [INFO] IPUIPlugin:80 - create IPUIPlugin
2023-10-23 22:13:00,411 [INFO] PluginManager:220 - loadIPPluginJar : add usbx
2023-10-23 22:13:00,528 [INFO] CADModel:165 - CPN selected for project level
2023-10-23 22:13:00,529 [INFO] CADModel:114 - Register for checkConnection events
2023-10-23 22:13:00,529 [FATAL] Updater:308 - Updater called before beeing initialized
2023-10-23 22:13:00,529 [ERROR] CADModel:125 - Updater not yet initialized, retry later 
2023-10-23 22:13:00,659 [INFO] CADModel:165 - CPN selected for project level
2023-10-23 22:13:00,659 [INFO] CADModel:114 - Register for checkConnection events
2023-10-23 22:13:00,659 [FATAL] Updater:308 - Updater called before beeing initialized
2023-10-23 22:13:00,659 [ERROR] CADModel:125 - Updater not yet initialized, retry later 
2023-10-23 22:13:00,663 [FATAL] Updater:308 - Updater called before beeing initialized
2023-10-23 22:13:00,765 [FATAL] Updater:308 - Updater called before beeing initialized
2023-10-23 22:13:00,776 [INFO] DbMcusAds:53 - JSON generation date=Tue Mar 07 16:50:55 CST 2023 (1678179055114)
2023-10-23 22:13:00,776 [FATAL] Updater:308 - Updater called before beeing initialized
2023-10-23 22:13:00,812 [WARN] DetailPanel:346 - Failed to get advertising image, set to default
2023-10-23 22:13:00,902 [FATAL] Updater:308 - Updater called before beeing initialized
2023-10-23 22:13:00,904 [FATAL] Updater:308 - Updater called before beeing initialized
2023-10-23 22:13:00,904 [FATAL] Updater:308 - Updater called before beeing initialized
2023-10-23 22:13:00,904 [WARN] DetailPanel:346 - Failed to get advertising image, set to default
2023-10-23 22:13:00,905 [FATAL] Updater:308 - Updater called before beeing initialized
2023-10-23 22:13:00,965 [ERROR] Updater:1120 - MainUpdater not yet initialized. External WinMGr cannot be set.
2023-10-23 22:13:00,977 [INFO] Updater:1056 - Updater Version found : 6.9.2
2023-10-23 22:13:01,013 [INFO] ApplicationProperties:184 - Using Application install path: C:\ST\STM32CubeIDE_1.13.2\STM32CubeIDE\plugins\com.st.stm32cube.common.mx_6.9.2.202309101412
2023-10-23 22:13:01,363 [INFO] MainUpdater:2868 - connection check result : 10
2023-10-23 22:13:01,364 [INFO] MainUpdater:285 - Updater Check For Update Now.
2023-10-23 22:13:01,364 [INFO] MicroXplorer:498 - Change Database Version : DB.6.0.92
2023-10-23 22:13:01,383 [INFO] McuFinderGlobals:63 - Set McuFinder mode to 2 (CubeIDE integrated)
2023-10-23 22:13:01,383 [INFO] UserAuth:179 - activating auth plugin
2023-10-23 22:13:01,386 [INFO] UserAuth:393 - Internet connection configuration mode: 1
2023-10-23 22:13:01,419 [INFO] JxBrowserEngine:151 - Initiate JxBrowser Engine with user profile folder
2023-10-23 22:13:01,577 [INFO] CheckServerUpdateThread:120 - End of CheckServer Thread
2023-10-23 22:13:01,833 [WARN] PackLoader:240 - Cannot read IP mode file for STMicroelectronics.X-CUBE-SMBUS.2.1.0
2023-10-23 22:13:01,893 [WARN] PackLoader:240 - Cannot read IP mode file for STMicroelectronics.X-CUBE-AZRTOS-F7.1.1.0
2023-10-23 22:13:01,915 [WARN] PackLoader:240 - Cannot read IP mode file for STMicroelectronics.FP-SNS-MOTENV1.4.3.2
2023-10-23 22:13:01,930 [WARN] PackLoader:240 - Cannot read IP mode file for STMicroelectronics.FP-SNS-FLIGHT1.5.0.2
2023-10-23 22:13:01,947 [WARN] PackLoader:240 - Cannot read IP mode file for STMicroelectronics.X-CUBE-DISPLAY.3.0.0
2023-10-23 22:13:01,965 [WARN] PackLoader:240 - Cannot read IP mode file for STMicroelectronics.X-CUBE-BLE1.7.0.0
2023-10-23 22:13:01,976 [WARN] PackLoader:240 - Cannot read IP mode file for emotas.I-CUBE-CANOPEN.1.3.0
2023-10-23 22:13:01,987 [WARN] PackLoader:240 - Cannot read IP mode file for STMicroelectronics.X-CUBE-TOUCHGFX.4.22.1
2023-10-23 22:13:01,996 [WARN] PackLoader:240 - Cannot read IP mode file for STMicroelectronics.FP-SNS-SMARTAG2.1.2.0
2023-10-23 22:13:02,014 [INFO] LogOutputStream:77 - [STDOUT_REDIRECT] 1 : Invalid condition id : UX_CORESTACK_Condition cause : null
2023-10-23 22:13:02,014 [INFO] LogOutputStream:77 - [STDOUT_REDIRECT] 1 : Invalid condition id : UX_CORESTACK_Condition cause : null
2023-10-23 22:13:02,015 [INFO] LogOutputStream:77 - [STDOUT_REDIRECT] 1 : Invalid condition id : UX_CORESTACK_Condition cause : null
2023-10-23 22:13:02,017 [INFO] LogOutputStream:77 - [STDOUT_REDIRECT] 1 : Invalid condition id : UX_CORESTACK_Condition cause : null
2023-10-23 22:13:02,019 [INFO] LogOutputStream:77 - [STDOUT_REDIRECT] 1 : Invalid condition id : UX_CORESTACK_Condition cause : null
2023-10-23 22:13:02,023 [WARN] PackLoader:240 - Cannot read IP mode file for STMicroelectronics.X-CUBE-AZRTOS-WL.2.0.0
2023-10-23 22:13:02,036 [WARN] PackLoader:240 - Cannot read IP mode file for WES.I-CUBE-Cesium.1.3.0
2023-10-23 22:13:02,045 [WARN] PackLoader:240 - Cannot read IP mode file for STMicroelectronics.X-CUBE-BLE2.3.3.0
2023-10-23 22:13:02,061 [WARN] PackLoader:240 - Cannot read IP mode file for STMicroelectronics.X-CUBE-ALGOBUILD.1.3.0
2023-10-23 22:13:02,095 [WARN] PackLoader:240 - Cannot read IP mode file for STMicroelectronics.X-CUBE-AZRTOS-G0.1.1.0
2023-10-23 22:13:02,110 [WARN] PackLoader:240 - Cannot read IP mode file for STMicroelectronics.X-CUBE-NFC4.3.0.0
2023-10-23 22:13:02,124 [WARN] PackLoader:240 - Cannot read IP mode file for STMicroelectronics.FP-ATR-SIGFOX1.3.2.0
2023-10-23 22:13:02,179 [WARN] PackLoader:240 - Cannot read IP mode file for SEGGER.I-CUBE-embOS.1.3.1
2023-10-23 22:13:02,227 [WARN] PackLoader:240 - Cannot read IP mode file for STMicroelectronics.X-CUBE-GNSS1.6.0.0
2023-10-23 22:13:02,252 [WARN] PackLoader:240 - Cannot read IP mode file for STMicroelectronics.X-CUBE-AZRTOS-F4.1.1.0
2023-10-23 22:13:02,264 [WARN] PackLoader:240 - Cannot read IP mode file for wolfSSL.I-CUBE-wolfSSL.5.6.3
2023-10-23 22:13:02,292 [WARN] PackLoader:240 - Cannot read IP mode file for STMicroelectronics.X-CUBE-AZRTOS-L5.2.0.0
2023-10-23 22:13:02,307 [WARN] PackLoader:240 - Cannot read IP mode file for ITTIA_DB.I-CUBE-ITTIADB.8.8.0
2023-10-23 22:13:02,318 [WARN] PackLoader:240 - Cannot read IP mode file for STMicroelectronics.X-CUBE-BLEMGR.2.0.0
2023-10-23 22:13:02,342 [WARN] ConditionMgr:438 - getConditionDescription Invalid condition id : UX DEVICE CLASS RTOS Condition cause : null
2023-10-23 22:13:02,342 [WARN] ConditionMgr:438 - getConditionDescription Invalid condition id : UX DEVICE CLASS RTOS Condition cause : null
2023-10-23 22:13:02,344 [WARN] PackLoader:240 - Cannot read IP mode file for STMicroelectronics.X-CUBE-AZRTOS-H7.3.1.0
2023-10-23 22:13:02,346 [WARN] ConditionMgr:1039 - genDependencies : Invalid condition id : UX DEVICE CLASS RTOS Condition cause : null
2023-10-23 22:13:02,346 [WARN] ConditionMgr:1039 - genDependencies : Invalid condition id : UX DEVICE CLASS RTOS Condition cause : null
2023-10-23 22:13:02,346 [WARN] ConditionMgr:1039 - genDependencies : Invalid condition id : UX DEVICE CLASS RTOS Condition cause : null
2023-10-23 22:13:02,347 [WARN] ConditionMgr:1039 - genDependencies : Invalid condition id : UX DEVICE CLASS RTOS Condition cause : null
2023-10-23 22:13:02,347 [WARN] ConditionMgr:1039 - genDependencies : Invalid condition id : UX DEVICE CLASS RTOS Condition cause : null
2023-10-23 22:13:02,357 [WARN] PackLoader:240 - Cannot read IP mode file for STMicroelectronics.X-CUBE-NFC7.1.0.1
2023-10-23 22:13:02,372 [WARN] PackLoader:240 - Cannot read IP mode file for STMicroelectronics.X-CUBE-NFC6.3.0.0
2023-10-23 22:13:02,388 [WARN] PackLoader:240 - Cannot read IP mode file for STMicroelectronics.X-CUBE-EEPRMA1.4.1.0
2023-10-23 22:13:02,401 [WARN] PackLoader:240 - Cannot read IP mode file for STMicroelectronics.X-CUBE-AI.8.1.0
2023-10-23 22:13:02,434 [WARN] ConditionMgr:438 - getConditionDescription Invalid condition id : LAN8742 Phy interface Condition cause : null
2023-10-23 22:13:02,435 [WARN] PackLoader:240 - Cannot read IP mode file for STMicroelectronics.X-CUBE-AZRTOS-L4.2.0.0
2023-10-23 22:13:02,436 [WARN] ConditionMgr:1039 - genDependencies : Invalid condition id : LAN8742 Phy interface Condition cause : null
2023-10-23 22:13:02,436 [WARN] ConditionMgr:1039 - genDependencies : Invalid condition id : LAN8742 Phy interface Condition cause : null
2023-10-23 22:13:02,437 [WARN] ConditionMgr:1039 - genDependencies : Invalid condition id : LAN8742 Phy interface Condition cause : null
2023-10-23 22:13:02,450 [WARN] PackLoader:240 - Cannot read IP mode file for STMicroelectronics.X-CUBE-SFXS2LP1.4.0.0
2023-10-23 22:13:02,460 [WARN] PackLoader:240 - Cannot read IP mode file for STMicroelectronics.X-CUBE-ISPU.1.1.0
2023-10-23 22:13:02,484 [WARN] ConditionMgr:438 - getConditionDescription Invalid condition id : UX DEVICE CLASS RTOS Condition cause : null
2023-10-23 22:13:02,484 [WARN] ConditionMgr:438 - getConditionDescription Invalid condition id : UX DEVICE CLASS RTOS Condition cause : null
2023-10-23 22:13:02,486 [WARN] PackLoader:240 - Cannot read IP mode file for STMicroelectronics.X-CUBE-AZRTOS-WB.2.0.0
2023-10-23 22:13:02,486 [WARN] ConditionMgr:1039 - genDependencies : Invalid condition id : UX DEVICE CLASS RTOS Condition cause : null
2023-10-23 22:13:02,486 [WARN] ConditionMgr:1039 - genDependencies : Invalid condition id : UX DEVICE CLASS RTOS Condition cause : null
2023-10-23 22:13:02,487 [WARN] ConditionMgr:1039 - genDependencies : Invalid condition id : UX DEVICE CLASS RTOS Condition cause : null
2023-10-23 22:13:02,487 [WARN] ConditionMgr:1039 - genDependencies : Invalid condition id : UX DEVICE CLASS RTOS Condition cause : null
2023-10-23 22:13:02,487 [WARN] ConditionMgr:1039 - genDependencies : Invalid condition id : UX DEVICE CLASS RTOS Condition cause : null
2023-10-23 22:13:02,510 [WARN] PackLoader:240 - Cannot read IP mode file for STMicroelectronics.X-CUBE-SUBG2.5.0.0
2023-10-23 22:13:02,537 [WARN] PackLoader:240 - Cannot read IP mode file for STMicroelectronics.X-CUBE-TOF1.3.3.1
2023-10-23 22:13:02,577 [WARN] PackLoader:240 - Cannot read IP mode file for STMicroelectronics.X-CUBE-AZRTOS-G4.2.0.0
2023-10-23 22:13:02,613 [WARN] PackLoader:240 - Cannot read IP mode file for Infineon.AIROC-Wi-Fi-Bluetooth-STM32.1.5.1
2023-10-23 22:13:02,632 [WARN] PackLoader:240 - Cannot read IP mode file for STMicroelectronics.X-CUBE-FREERTOS.1.1.0
2023-10-23 22:13:02,645 [WARN] PackLoader:240 - Cannot read IP mode file for portGmbH.I-Cube-SoM-uGOAL.1.1.0
2023-10-23 22:13:02,654 [WARN] PackLoader:240 - Cannot read IP mode file for STMicroelectronics.X-CUBE-ALS.1.0.1
2023-10-23 22:13:02,663 [WARN] PackLoader:240 - Cannot read IP mode file for STMicroelectronics.FP-ATR-ASTRA1.2.0.0
2023-10-23 22:13:02,664 [INFO] ThirdParty:978 - Integrity check success = true
2023-10-23 22:13:02,665 [INFO] IntegrityCheckThread:100 - exiting critical section [integrity check]
2023-10-23 22:13:02,665 [INFO] IntegrityCheckThread:103 - End integrity checks thread
2023-10-23 22:13:03,491 [INFO] WebApp:157 - Instantiating new browser for Auth
2023-10-23 22:13:04,407 [INFO] WebApp:753 - Register for checkConnection events
2023-10-23 22:13:04,408 [INFO] WebApp:390 - Apply proxy settings
2023-10-23 22:13:04,408 [INFO] WebApp:475 - Chromium requires no authentication
2023-10-23 22:13:04,421 [INFO] WebApp:418 - Direct internet connection detected
2023-10-23 22:13:04,695 [INFO] WebApp:188 - Starting web application
2023-10-23 22:13:04,695 [INFO] WebApp:520 - Web application path used C:\ST\STM32CubeIDE_1.13.2\STM32CubeIDE\plugins\com.st.stm32cube.common.mx_6.9.2.202309101412\db\plugins\mcufinder\reactClient1\index.html
2023-10-23 22:13:26,154 [ERROR] LogOutputStream:75 - [STDERR_REDIRECT] SLF4J: Failed to load class "org.slf4j.impl.StaticLoggerBinder".
2023-10-23 22:13:26,155 [ERROR] LogOutputStream:75 - [STDERR_REDIRECT] SLF4J: Defaulting to no-operation (NOP) logger implementation
2023-10-23 22:13:26,156 [ERROR] LogOutputStream:75 - [STDERR_REDIRECT] SLF4J: See http://www.slf4j.org/codes.html#StaticLoggerBinder for further details.
2023-10-23 22:14:28,407 [INFO] McuFinderGlobals:63 - Set McuFinder mode to 2 (CubeIDE integrated)
2023-10-23 22:14:28,426 [INFO] MainUpdater:2868 - connection check result : 10
2023-10-23 22:14:28,935 [INFO] ApiDb:581 - Connected to CubeFinder SQLite database (C:\Users\wjunh\.stmcufinder\plugins\mcufinder\mcu\cube-finder-db.db)
2023-10-23 22:14:29,035 [INFO] ApiDb:668 - CubeFinder database Data Model version=2.1
2023-10-23 22:14:29,035 [INFO] ApiDb:669 - CubeFinder database Configuration version=3.0.37
2023-10-23 22:14:29,036 [INFO] ApiDb:670 - CubeFinder database generation date=2023-08-09 (1691586011)
2023-10-23 22:14:29,036 [INFO] ApiDb:671 - CubeFinder database FW Pack versions=[FP-ATR-ASTRA1_V2.0.0, FP-SNS-FLIGHT1_V5.0.1, FP-SNS-FLIGHT1_V5.0.2, FP-SNS-MOTENV1_V4.3.1, FP-SNS-MOTENV1_V4.3.2, STM32Cube_FW_C0_V1.1.0, STM32Cube_FW_F4_V1.27.1, STM32Cube_FW_F7_V1.17.0, STM32Cube_FW_G0_V1.6.1, STM32Cube_FW_G4_V1.5.1, STM32Cube_FW_H5_V0.5.1, STM32Cube_FW_H5_V1.1.0, STM32Cube_FW_H7_V1.11.0, STM32Cube_FW_L0_V1.12.2, STM32Cube_FW_L5_V1.5.0, STM32Cube_FW_U5_V1.3.0, STM32Cube_FW_U5_V1.3.0RC4, STM32Cube_FW_WBA_V1.0.0RC1, STM32Cube_FW_WBA_V1.1.0, STM32Cube_FW_WBA_V1.1.0RC1, STM32Cube_FW_WB_V1.15.0RC1, STM32Cube_FW_WB_V1.16.0, STM32Cube_FW_WB_V1.16.0RC2, STM32Cube_FW_WB_V1.17.0, STM32Cube_FW_WL_V1.3.0, X-CUBE-ALGOBUILD_V1.3.0, X-CUBE-ALS_V1.0.1, X-CUBE-AZRTOS-F4_V1.1.0, X-CUBE-AZRTOS-F7_V1.1.0, X-CUBE-AZRTOS-G0_V1.1.0, X-CUBE-AZRTOS-G4_V2.0.0, X-CUBE-AZRTOS-H7_V3.1.0, X-CUBE-AZRTOS-L4_V1.0.0, X-CUBE-AZRTOS-L4_V2.0.0, X-CUBE-AZRTOS-L5_V1.1.0, X-CUBE-AZRTOS-WB_V1.1.0, X-CUBE-AZRTOS-WL_V2.0.0, X-CUBE-BLE1_V7.0.0, X-CUBE-BLE2_V3.3.0, X-CUBE-BLEMGR_V2.0.0, X-CUBE-EEPRMA1_V4.1.0, X-CUBE-FREERTOS_V1.1.0, X-CUBE-GNSS1_V6.0.0, X-CUBE-MEMS1_V9.1.0, X-CUBE-MEMS1_V9.4.0, X-CUBE-MEMS1_V9.6.0, X-CUBE-NFC4_V3.0.0, X-CUBE-NFC7_V1.0.0, X-CUBE-SFXS2LP1_V4.0.0, X-CUBE-SUBG2_V5.0.0, X-CUBE-TOF1_V3.3.1]
2023-10-23 22:14:29,198 [INFO] DbBoardsSqlite:226 - include board P-NUCLEO-WB55-NUCLEO as a kit item of type 'Nucleo-64'
2023-10-23 22:14:29,199 [INFO] DbBoardsSqlite:226 - include board P-NUCLEO-WB55-USBDONGLE as a kit item of type 'Nucleo USB Dongle'
2023-10-23 22:14:29,200 [INFO] DbBoardsSqlite:226 - include board STEVAL-IDP005V1 as a kit item of type 'Evaluation Board'
2023-10-23 22:14:29,200 [INFO] DbBoardsSqlite:226 - include board STEVAL-IDP005V2 as a kit item of type 'Evaluation Board'
2023-10-23 22:14:29,531 [INFO] ApiDb:240 - Found 323 in-development CPN: [B-G473E-ZEST1S, B-WB1M-WPAN1, B-WL5M-SUBG1, NUCLEO-C031C6, NUCLEO-H503RB, NUCLEO-H563ZI, NUCLEO-U545RE-Q, NUCLEO-U5A5ZJ-Q, NUCLEO-WBA52CG, STEVAL-PROTEUS1, STEVAL-SMARTAG2, STEVAL-STWINBX1, STM320518-EVAL, STM32C0116-DK, STM32C011D6Y3TR, STM32C011D6Y6TR, STM32C011F4P3, STM32C011F4P6, STM32C011F4U3, STM32C011F4U6TR, STM32C011F6P3, STM32C011F6P6, STM32C011F6U3, STM32C011F6U6TR, STM32C011J4M3, STM32C011J4M6, STM32C011J6M3, STM32C011J6M6, STM32C0316-DK, STM32C031C4T3, STM32C031C4T6, STM32C031C4U3, STM32C031C4U6, STM32C031C6T3, STM32C031C6T6, STM32C031C6U3, STM32C031C6U6, STM32C031F4P3, STM32C031F4P6, STM32C031F6P3, STM32C031F6P6, STM32C031G4U3, STM32C031G4U6, STM32C031G6U3, STM32C031G6U6, STM32C031K4T3, STM32C031K4T6, STM32C031K4U3, STM32C031K4U6, STM32C031K6T3, STM32C031K6T6, STM32C031K6U3, STM32C031K6U6, STM32G071K8TXN, STM32G071K8UXN, STM32G081GBU6N, STM32G081KBT6N, STM32G081KBUXN, STM32G0B1CCT6N, STM32G0B1KCT6, STM32G0B1NEY6TR, STM32G0B1RCT6N, STM32G0C1CCT6, STM32G0C1CCT6N, STM32G0C1CCU6N, STM32G0C1CET6N, STM32G0C1CEU6N, STM32G0C1KCT6, STM32G0C1NEY6TR, STM32G0C1RCI6N, STM32G0C1RCT6N, STM32G0C1REI6N, STM32G0C1RET6N, STM32G0C1VCI6, STM32G0C1VEI6, STM32G471CCT6, STM32G471CCU6, STM32G471CET3, STM32G471CET6, STM32G471CEU3, STM32G471CEU6, STM32G471MCT6, STM32G471MET3, STM32G471MET6, STM32G471MEY6TR, STM32G471QCT6, STM32G471QET3, STM32G471RCT6, STM32G471RET3, STM32G471RET6, STM32G471VCH6, STM32G471VCI6, STM32G471VCT6, STM32G471VEH3, STM32G471VEH6, STM32G471VEI3, STM32G471VEI6, STM32G471VET3, STM32G471VET6, STM32G474CCT6, STM32H503CBT6, STM32H503CBU6, STM32H503EBY6TR, STM32H503KBU6, STM32H503RBT6, STM32H562AGI6, STM32H562AII6, STM32H562IGK6, STM32H562IGT6, STM32H562IIK6, STM32H562IIT6, STM32H562RGT6, STM32H562RGV6, STM32H562RIT6, STM32H562RIV6, STM32H562VGT6, STM32H562VIT6, STM32H562ZGT6, STM32H562ZIT6, STM32H563AGI6, STM32H563AII3Q, STM32H563AII6, STM32H563IGK6, STM32H563IGT6, STM32H563IIK3Q, STM32H563IIK6, STM32H563IIT3Q, STM32H563IIT6, STM32H563MIY3QTR, STM32H563RGT6, STM32H563RGV6, STM32H563RIT6, STM32H563RIV6, STM32H563VGT6, STM32H563VIT3Q, STM32H563VIT6, STM32H563ZGT6, STM32H563ZIT3Q, STM32H563ZIT6, STM32H573AII3Q, STM32H573AII6, STM32H573I-DK, STM32H573IIK3Q, STM32H573IIK6, STM32H573IIT3Q, STM32H573IIT6, STM32H573MIY3QTR, STM32H573RIT6, STM32H573RIV6, STM32H573VIT3Q, STM32H573VIT6, STM32H573ZIT3Q, STM32H573ZIT6, STM32L4R5QGI6STR, STM32MP131AAE3, STM32MP131AAF3, STM32MP131AAG3, STM32MP131CAE3, STM32MP131CAF3, STM32MP131CAG3, STM32MP131DAE7, STM32MP131DAF7, STM32MP131DAG7, STM32MP131FAE7, STM32MP131FAF7, STM32MP131FAG7, STM32MP133AAE3, STM32MP133AAF3, STM32MP133AAG3, STM32MP133CAE3, STM32MP133CAF3, STM32MP133CAG3, STM32MP133DAE7, STM32MP133DAF7, STM32MP133DAG7, STM32MP133FAE7, STM32MP133FAF7, STM32MP133FAG7, STM32MP135AAE3, STM32MP135AAF3, STM32MP135AAG3, STM32MP135CAE3, STM32MP135CAF3, STM32MP135CAG3, STM32MP135DAE7, STM32MP135DAF7, STM32MP135DAG7, STM32MP135F-DK, STM32MP135FAE7, STM32MP135FAF7, STM32MP135FAF7T, STM32MP135FAF7U, STM32MP135FAG7, STM32U535CBT6, STM32U535CBT6Q, STM32U535CBU6, STM32U535CBU6Q, STM32U535CCT6, STM32U535CCT6Q, STM32U535CCU6, STM32U535CCU6Q, STM32U535CET6, STM32U535CET6Q, STM32U535CEU6, STM32U535CEU6Q, STM32U535JEY6QTR, STM32U535NCY6QTR, STM32U535NEY6QTR, STM32U535RBI6, STM32U535RBI6Q, STM32U535RBT6, STM32U535RBT6Q, STM32U535RCI6, STM32U535RCI6Q, STM32U535RCT6, STM32U535RCT6Q, STM32U535REI6, STM32U535REI6Q, STM32U535RET6, STM32U535RET6Q, STM32U535VCI6, STM32U535VCI6Q, STM32U535VCT6, STM32U535VCT6Q, STM32U535VEI6, STM32U535VEI6Q, STM32U535VET6, STM32U535VET6Q, STM32U545CET6, STM32U545CET6Q, STM32U545CEU6, STM32U545CEU6Q, STM32U545JEY6QTR, STM32U545NEY6QTR, STM32U545REI6, STM32U545REI6Q, STM32U545RET6, STM32U545RET6Q, STM32U545VEI6, STM32U545VEI6Q, STM32U545VET6, STM32U545VET6Q, STM32U595AIH6, STM32U595AIH6Q, STM32U595AJH6, STM32U595AJH6Q, STM32U595QII6, STM32U595QII6Q, STM32U595QJI6, STM32U595QJI6Q, STM32U595RIT6, STM32U595RIT6Q, STM32U595RJT6, STM32U595RJT6Q, STM32U595VIT6, STM32U595VIT6Q, STM32U595VJT6, STM32U595VJT6Q, STM32U595ZIT6, STM32U595ZIT6Q, STM32U595ZIY6QTR, STM32U595ZJT6, STM32U595ZJT6Q, STM32U595ZJY6QTR, STM32U599BJY6QTR, STM32U599NIH6Q, STM32U599NJH6Q, STM32U599VIT6Q, STM32U599VJT6, STM32U599VJT6Q, STM32U599ZIT6Q, STM32U599ZIY6QTR, STM32U599ZJT6Q, STM32U599ZJY6QTR, STM32U5A5AJH6, STM32U5A5AJH6Q, STM32U5A5QJI6, STM32U5A5QJI6Q, STM32U5A5RJT6, STM32U5A5RJT6Q, STM32U5A5VJT6, STM32U5A5VJT6Q, STM32U5A5ZJT6, STM32U5A5ZJT6Q, STM32U5A5ZJY6QTR, STM32U5A9BJY6QTR, STM32U5A9J-DK, STM32U5A9NJH6Q, STM32U5A9VJT6Q, STM32U5A9ZJT6Q, STM32U5A9ZJY6QTR, STM32U5F7VIT6, STM32U5F7VIT6Q, STM32U5F7VJT6, STM32U5F7VJT6Q, STM32U5F9BJY6QTR, STM32U5F9NJH6Q, STM32U5F9VIT6Q, STM32U5F9VJT6Q, STM32U5F9ZIJ6QTR, STM32U5F9ZIT6Q, STM32U5F9ZJJ6QTR, STM32U5F9ZJT6Q, STM32U5G7VJT6, STM32U5G7VJT6Q, STM32U5G9BJY6QTR, STM32U5G9J-DK1, STM32U5G9J-DK2, STM32U5G9NJH6Q, STM32U5G9VJT6Q, STM32U5G9ZJJ6QTR, STM32U5G9ZJT6Q, STM32WB1MMCH6, STM32WBA52CEU6, STM32WBA52CEU6T, STM32WBA52CGU6, STM32WBA52CGU6T, STM32WBA52KEU6, STM32WBA52KEU6T, STM32WBA52KGU6, STM32WBA52KGU6T, STM32WL5MOCH6, STM32WL5MOCH6TR]
2023-10-23 22:14:29,672 [INFO] BoardInfo:880 - No configuration file found for board P-NUCLEO-WB55
2023-10-23 22:14:29,673 [INFO] DbBoards:157 - Kit is not supported: P-NUCLEO-WB55
2023-10-23 22:14:29,676 [INFO] BoardInfo:880 - No configuration file found for board STEVAL-BFA001V1B
2023-10-23 22:14:29,676 [INFO] DbBoards:157 - Kit is not supported: STEVAL-BFA001V1B
2023-10-23 22:14:29,677 [INFO] BoardInfo:880 - No configuration file found for board STEVAL-BFA001V2B
2023-10-23 22:14:29,677 [INFO] DbBoards:157 - Kit is not supported: STEVAL-BFA001V2B
2023-10-23 22:14:29,769 [INFO] DbBoards:161 - Found 190 boards, 187 are supported
2023-10-23 22:14:29,772 [INFO] ApiDb:668 - CubeFinder database Data Model version=2.1
2023-10-23 22:14:29,772 [INFO] ApiDb:669 - CubeFinder database Configuration version=3.0.37
2023-10-23 22:14:29,772 [INFO] ApiDb:670 - CubeFinder database generation date=2023-08-09 (1691586011)
2023-10-23 22:14:29,772 [INFO] ApiDb:671 - CubeFinder database FW Pack versions=[FP-ATR-ASTRA1_V2.0.0, FP-SNS-FLIGHT1_V5.0.1, FP-SNS-FLIGHT1_V5.0.2, FP-SNS-MOTENV1_V4.3.1, FP-SNS-MOTENV1_V4.3.2, STM32Cube_FW_C0_V1.1.0, STM32Cube_FW_F4_V1.27.1, STM32Cube_FW_F7_V1.17.0, STM32Cube_FW_G0_V1.6.1, STM32Cube_FW_G4_V1.5.1, STM32Cube_FW_H5_V0.5.1, STM32Cube_FW_H5_V1.1.0, STM32Cube_FW_H7_V1.11.0, STM32Cube_FW_L0_V1.12.2, STM32Cube_FW_L5_V1.5.0, STM32Cube_FW_U5_V1.3.0, STM32Cube_FW_U5_V1.3.0RC4, STM32Cube_FW_WBA_V1.0.0RC1, STM32Cube_FW_WBA_V1.1.0, STM32Cube_FW_WBA_V1.1.0RC1, STM32Cube_FW_WB_V1.15.0RC1, STM32Cube_FW_WB_V1.16.0, STM32Cube_FW_WB_V1.16.0RC2, STM32Cube_FW_WB_V1.17.0, STM32Cube_FW_WL_V1.3.0, X-CUBE-ALGOBUILD_V1.3.0, X-CUBE-ALS_V1.0.1, X-CUBE-AZRTOS-F4_V1.1.0, X-CUBE-AZRTOS-F7_V1.1.0, X-CUBE-AZRTOS-G0_V1.1.0, X-CUBE-AZRTOS-G4_V2.0.0, X-CUBE-AZRTOS-H7_V3.1.0, X-CUBE-AZRTOS-L4_V1.0.0, X-CUBE-AZRTOS-L4_V2.0.0, X-CUBE-AZRTOS-L5_V1.1.0, X-CUBE-AZRTOS-WB_V1.1.0, X-CUBE-AZRTOS-WL_V2.0.0, X-CUBE-BLE1_V7.0.0, X-CUBE-BLE2_V3.3.0, X-CUBE-BLEMGR_V2.0.0, X-CUBE-EEPRMA1_V4.1.0, X-CUBE-FREERTOS_V1.1.0, X-CUBE-GNSS1_V6.0.0, X-CUBE-MEMS1_V9.1.0, X-CUBE-MEMS1_V9.4.0, X-CUBE-MEMS1_V9.6.0, X-CUBE-NFC4_V3.0.0, X-CUBE-NFC7_V1.0.0, X-CUBE-SFXS2LP1_V4.0.0, X-CUBE-SUBG2_V5.0.0, X-CUBE-TOF1_V3.3.1]
2023-10-23 22:14:31,560 [INFO] ApiDb:240 - Found 323 in-development CPN: [B-G473E-ZEST1S, B-WB1M-WPAN1, B-WL5M-SUBG1, NUCLEO-C031C6, NUCLEO-H503RB, NUCLEO-H563ZI, NUCLEO-U545RE-Q, NUCLEO-U5A5ZJ-Q, NUCLEO-WBA52CG, STEVAL-PROTEUS1, STEVAL-SMARTAG2, STEVAL-STWINBX1, STM320518-EVAL, STM32C0116-DK, STM32C011D6Y3TR, STM32C011D6Y6TR, STM32C011F4P3, STM32C011F4P6, STM32C011F4U3, STM32C011F4U6TR, STM32C011F6P3, STM32C011F6P6, STM32C011F6U3, STM32C011F6U6TR, STM32C011J4M3, STM32C011J4M6, STM32C011J6M3, STM32C011J6M6, STM32C0316-DK, STM32C031C4T3, STM32C031C4T6, STM32C031C4U3, STM32C031C4U6, STM32C031C6T3, STM32C031C6T6, STM32C031C6U3, STM32C031C6U6, STM32C031F4P3, STM32C031F4P6, STM32C031F6P3, STM32C031F6P6, STM32C031G4U3, STM32C031G4U6, STM32C031G6U3, STM32C031G6U6, STM32C031K4T3, STM32C031K4T6, STM32C031K4U3, STM32C031K4U6, STM32C031K6T3, STM32C031K6T6, STM32C031K6U3, STM32C031K6U6, STM32G071K8TXN, STM32G071K8UXN, STM32G081GBU6N, STM32G081KBT6N, STM32G081KBUXN, STM32G0B1CCT6N, STM32G0B1KCT6, STM32G0B1NEY6TR, STM32G0B1RCT6N, STM32G0C1CCT6, STM32G0C1CCT6N, STM32G0C1CCU6N, STM32G0C1CET6N, STM32G0C1CEU6N, STM32G0C1KCT6, STM32G0C1NEY6TR, STM32G0C1RCI6N, STM32G0C1RCT6N, STM32G0C1REI6N, STM32G0C1RET6N, STM32G0C1VCI6, STM32G0C1VEI6, STM32G471CCT6, STM32G471CCU6, STM32G471CET3, STM32G471CET6, STM32G471CEU3, STM32G471CEU6, STM32G471MCT6, STM32G471MET3, STM32G471MET6, STM32G471MEY6TR, STM32G471QCT6, STM32G471QET3, STM32G471RCT6, STM32G471RET3, STM32G471RET6, STM32G471VCH6, STM32G471VCI6, STM32G471VCT6, STM32G471VEH3, STM32G471VEH6, STM32G471VEI3, STM32G471VEI6, STM32G471VET3, STM32G471VET6, STM32G474CCT6, STM32H503CBT6, STM32H503CBU6, STM32H503EBY6TR, STM32H503KBU6, STM32H503RBT6, STM32H562AGI6, STM32H562AII6, STM32H562IGK6, STM32H562IGT6, STM32H562IIK6, STM32H562IIT6, STM32H562RGT6, STM32H562RGV6, STM32H562RIT6, STM32H562RIV6, STM32H562VGT6, STM32H562VIT6, STM32H562ZGT6, STM32H562ZIT6, STM32H563AGI6, STM32H563AII3Q, STM32H563AII6, STM32H563IGK6, STM32H563IGT6, STM32H563IIK3Q, STM32H563IIK6, STM32H563IIT3Q, STM32H563IIT6, STM32H563MIY3QTR, STM32H563RGT6, STM32H563RGV6, STM32H563RIT6, STM32H563RIV6, STM32H563VGT6, STM32H563VIT3Q, STM32H563VIT6, STM32H563ZGT6, STM32H563ZIT3Q, STM32H563ZIT6, STM32H573AII3Q, STM32H573AII6, STM32H573I-DK, STM32H573IIK3Q, STM32H573IIK6, STM32H573IIT3Q, STM32H573IIT6, STM32H573MIY3QTR, STM32H573RIT6, STM32H573RIV6, STM32H573VIT3Q, STM32H573VIT6, STM32H573ZIT3Q, STM32H573ZIT6, STM32L4R5QGI6STR, STM32MP131AAE3, STM32MP131AAF3, STM32MP131AAG3, STM32MP131CAE3, STM32MP131CAF3, STM32MP131CAG3, STM32MP131DAE7, STM32MP131DAF7, STM32MP131DAG7, STM32MP131FAE7, STM32MP131FAF7, STM32MP131FAG7, STM32MP133AAE3, STM32MP133AAF3, STM32MP133AAG3, STM32MP133CAE3, STM32MP133CAF3, STM32MP133CAG3, STM32MP133DAE7, STM32MP133DAF7, STM32MP133DAG7, STM32MP133FAE7, STM32MP133FAF7, STM32MP133FAG7, STM32MP135AAE3, STM32MP135AAF3, STM32MP135AAG3, STM32MP135CAE3, STM32MP135CAF3, STM32MP135CAG3, STM32MP135DAE7, STM32MP135DAF7, STM32MP135DAG7, STM32MP135F-DK, STM32MP135FAE7, STM32MP135FAF7, STM32MP135FAF7T, STM32MP135FAF7U, STM32MP135FAG7, STM32U535CBT6, STM32U535CBT6Q, STM32U535CBU6, STM32U535CBU6Q, STM32U535CCT6, STM32U535CCT6Q, STM32U535CCU6, STM32U535CCU6Q, STM32U535CET6, STM32U535CET6Q, STM32U535CEU6, STM32U535CEU6Q, STM32U535JEY6QTR, STM32U535NCY6QTR, STM32U535NEY6QTR, STM32U535RBI6, STM32U535RBI6Q, STM32U535RBT6, STM32U535RBT6Q, STM32U535RCI6, STM32U535RCI6Q, STM32U535RCT6, STM32U535RCT6Q, STM32U535REI6, STM32U535REI6Q, STM32U535RET6, STM32U535RET6Q, STM32U535VCI6, STM32U535VCI6Q, STM32U535VCT6, STM32U535VCT6Q, STM32U535VEI6, STM32U535VEI6Q, STM32U535VET6, STM32U535VET6Q, STM32U545CET6, STM32U545CET6Q, STM32U545CEU6, STM32U545CEU6Q, STM32U545JEY6QTR, STM32U545NEY6QTR, STM32U545REI6, STM32U545REI6Q, STM32U545RET6, STM32U545RET6Q, STM32U545VEI6, STM32U545VEI6Q, STM32U545VET6, STM32U545VET6Q, STM32U595AIH6, STM32U595AIH6Q, STM32U595AJH6, STM32U595AJH6Q, STM32U595QII6, STM32U595QII6Q, STM32U595QJI6, STM32U595QJI6Q, STM32U595RIT6, STM32U595RIT6Q, STM32U595RJT6, STM32U595RJT6Q, STM32U595VIT6, STM32U595VIT6Q, STM32U595VJT6, STM32U595VJT6Q, STM32U595ZIT6, STM32U595ZIT6Q, STM32U595ZIY6QTR, STM32U595ZJT6, STM32U595ZJT6Q, STM32U595ZJY6QTR, STM32U599BJY6QTR, STM32U599NIH6Q, STM32U599NJH6Q, STM32U599VIT6Q, STM32U599VJT6, STM32U599VJT6Q, STM32U599ZIT6Q, STM32U599ZIY6QTR, STM32U599ZJT6Q, STM32U599ZJY6QTR, STM32U5A5AJH6, STM32U5A5AJH6Q, STM32U5A5QJI6, STM32U5A5QJI6Q, STM32U5A5RJT6, STM32U5A5RJT6Q, STM32U5A5VJT6, STM32U5A5VJT6Q, STM32U5A5ZJT6, STM32U5A5ZJT6Q, STM32U5A5ZJY6QTR, STM32U5A9BJY6QTR, STM32U5A9J-DK, STM32U5A9NJH6Q, STM32U5A9VJT6Q, STM32U5A9ZJT6Q, STM32U5A9ZJY6QTR, STM32U5F7VIT6, STM32U5F7VIT6Q, STM32U5F7VJT6, STM32U5F7VJT6Q, STM32U5F9BJY6QTR, STM32U5F9NJH6Q, STM32U5F9VIT6Q, STM32U5F9VJT6Q, STM32U5F9ZIJ6QTR, STM32U5F9ZIT6Q, STM32U5F9ZJJ6QTR, STM32U5F9ZJT6Q, STM32U5G7VJT6, STM32U5G7VJT6Q, STM32U5G9BJY6QTR, STM32U5G9J-DK1, STM32U5G9J-DK2, STM32U5G9NJH6Q, STM32U5G9VJT6Q, STM32U5G9ZJJ6QTR, STM32U5G9ZJT6Q, STM32WB1MMCH6, STM32WBA52CEU6, STM32WBA52CEU6T, STM32WBA52CGU6, STM32WBA52CGU6T, STM32WBA52KEU6, STM32WBA52KEU6T, STM32WBA52KGU6, STM32WBA52KGU6T, STM32WL5MOCH6, STM32WL5MOCH6TR]
2023-10-23 22:14:31,563 [INFO] DbMcus:217 - Found 3848 MCUs, 3848 are supported
2023-10-23 22:14:31,568 [INFO] ApiDb:423 - Load user favorites file C:\Users\wjunh/.stm32cubeide/favorites.mcus.txt: 1 item(s)
2023-10-23 22:14:31,568 [INFO] ApiDb:427 - User favorites MCUs=[STM32F407VET6]
2023-10-23 22:14:31,568 [INFO] DbMcus:223 - Set 1 / 1 favorites MCUs
2023-10-23 22:14:31,783 [INFO] ApiDb:423 - Load user favorites file C:\Users\wjunh/.stm32cubeide/favorites.boards.txt: 1 item(s)
2023-10-23 22:14:31,783 [INFO] ApiDb:427 - User favorites Boards=[STM3240G-EVAL]
2023-10-23 22:14:31,784 [INFO] DbBoards:190 - Set 1 / 1 favorites Boards
2023-10-23 22:14:31,784 [INFO] McuFinderGlobals:76 - Set McuFinderConnectedMode to true
2023-10-23 22:14:31,790 [INFO] MultiScanPanel:200 - Auto-refresh data requested => check proxy status ongoing
2023-10-23 22:14:31,792 [INFO] FinderPluginLoader:95 - Searching for filters in installed packs
2023-10-23 22:14:32,854 [INFO] LoadUrlFilesThread:185 - End of LoadServerUrlFiles without Thread
2023-10-23 22:14:32,860 [INFO] DetailPanel:341 - Set advertising image to C:/Users/wjunh/STM32Cube/Repository/\en.prom-stm32h5-mcu-finder.jpg
2023-10-23 22:14:48,636 [INFO] MultiScanPanel:200 - Auto-refresh data requested => check proxy status ongoing
2023-10-23 22:14:48,780 [INFO] LoadUrlFilesThread:185 - End of LoadServerUrlFiles without Thread
2023-10-23 22:14:48,780 [INFO] DetailPanel:341 - Set advertising image to C:/Users/wjunh/STM32Cube/Repository/\en.prom-stm32h5-mcu-finder.jpg
2023-10-23 22:14:48,791 [INFO] DbBoards:634 - Loading board mini-images...
2023-10-23 22:14:51,321 [INFO] DbBoards:657 - Loaded 190 board mini-images
2023-10-23 22:14:51,420 [INFO] MultiScanPanel:200 - Auto-refresh data requested => check proxy status ongoing
2023-10-23 22:14:51,426 [INFO] ApiDb:668 - CubeFinder database Data Model version=2.1
2023-10-23 22:14:51,426 [INFO] ApiDb:669 - CubeFinder database Configuration version=3.0.37
2023-10-23 22:14:51,426 [INFO] ApiDb:670 - CubeFinder database generation date=2023-08-09 (1691586011)
2023-10-23 22:14:51,426 [INFO] ApiDb:671 - CubeFinder database FW Pack versions=[FP-ATR-ASTRA1_V2.0.0, FP-SNS-FLIGHT1_V5.0.1, FP-SNS-FLIGHT1_V5.0.2, FP-SNS-MOTENV1_V4.3.1, FP-SNS-MOTENV1_V4.3.2, STM32Cube_FW_C0_V1.1.0, STM32Cube_FW_F4_V1.27.1, STM32Cube_FW_F7_V1.17.0, STM32Cube_FW_G0_V1.6.1, STM32Cube_FW_G4_V1.5.1, STM32Cube_FW_H5_V0.5.1, STM32Cube_FW_H5_V1.1.0, STM32Cube_FW_H7_V1.11.0, STM32Cube_FW_L0_V1.12.2, STM32Cube_FW_L5_V1.5.0, STM32Cube_FW_U5_V1.3.0, STM32Cube_FW_U5_V1.3.0RC4, STM32Cube_FW_WBA_V1.0.0RC1, STM32Cube_FW_WBA_V1.1.0, STM32Cube_FW_WBA_V1.1.0RC1, STM32Cube_FW_WB_V1.15.0RC1, STM32Cube_FW_WB_V1.16.0, STM32Cube_FW_WB_V1.16.0RC2, STM32Cube_FW_WB_V1.17.0, STM32Cube_FW_WL_V1.3.0, X-CUBE-ALGOBUILD_V1.3.0, X-CUBE-ALS_V1.0.1, X-CUBE-AZRTOS-F4_V1.1.0, X-CUBE-AZRTOS-F7_V1.1.0, X-CUBE-AZRTOS-G0_V1.1.0, X-CUBE-AZRTOS-G4_V2.0.0, X-CUBE-AZRTOS-H7_V3.1.0, X-CUBE-AZRTOS-L4_V1.0.0, X-CUBE-AZRTOS-L4_V2.0.0, X-CUBE-AZRTOS-L5_V1.1.0, X-CUBE-AZRTOS-WB_V1.1.0, X-CUBE-AZRTOS-WL_V2.0.0, X-CUBE-BLE1_V7.0.0, X-CUBE-BLE2_V3.3.0, X-CUBE-BLEMGR_V2.0.0, X-CUBE-EEPRMA1_V4.1.0, X-CUBE-FREERTOS_V1.1.0, X-CUBE-GNSS1_V6.0.0, X-CUBE-MEMS1_V9.1.0, X-CUBE-MEMS1_V9.4.0, X-CUBE-MEMS1_V9.6.0, X-CUBE-NFC4_V3.0.0, X-CUBE-NFC7_V1.0.0, X-CUBE-SFXS2LP1_V4.0.0, X-CUBE-SUBG2_V5.0.0, X-CUBE-TOF1_V3.3.1]
2023-10-23 22:14:52,178 [INFO] DbExamplesSqlite:395 - Ignored 27 examples not supported by CubeIDE
2023-10-23 22:14:52,179 [INFO] DbExamplesSqlite:396 - Found 7231 examples active
2023-10-23 22:14:52,179 [INFO] DbExamplesSqlite:397 - Found 677 examples obsolete
2023-10-23 22:14:52,179 [INFO] DbExamplesSqlite:398 - Found 0 examples under development
2023-10-23 22:14:52,179 [INFO] DbExamplesSqlite:399 - Found 74 examples not building
2023-10-23 22:14:52,181 [INFO] DbExamples:125 - Found 7278 examples
2023-10-23 22:14:52,188 [INFO] DbExamples:222 - Found 92 boards with related examples
2023-10-23 22:14:52,189 [INFO] DbExamples:235 - Found 78 MCUs with related examples
2023-10-23 22:14:52,206 [INFO] ApiDb:423 - Load user favorites file C:\Users\wjunh/.stm32cubeide/favorites.examples.txt: 1 item(s)
2023-10-23 22:14:52,207 [INFO] ApiDb:427 - User favorites Examples=[STM32CUBEF4-SWX-12466]
2023-10-23 22:14:52,207 [INFO] DbExamples:250 - Set 1 / 1 favorites Examples
2023-10-23 22:14:52,861 [INFO] SoftwarePacks:127 - Download is needed for SW pack 'FP-ATR-ASTRA1_V2.0.0'
2023-10-23 22:14:52,861 [INFO] SoftwarePacks:127 - Download is needed for SW pack 'FP-SNS-FLIGHT1_V5.0.2'
2023-10-23 22:14:52,861 [INFO] SoftwarePacks:127 - Download is needed for SW pack 'FP-SNS-MOTENV1_V4.3.2'
2023-10-23 22:14:52,926 [INFO] SoftwarePacks:127 - Download is needed for SW pack 'STM32Cube_FW_C0_V1.1.0'
2023-10-23 22:14:52,944 [INFO] SoftwarePacks:131 - Found SW pack 'STM32Cube_FW_F4_V1.27.1' up-to-date on disk.
2023-10-23 22:14:52,963 [INFO] SoftwarePacks:127 - Download is needed for SW pack 'STM32Cube_FW_F7_V1.17.0'
2023-10-23 22:14:52,980 [INFO] SoftwarePacks:127 - Download is needed for SW pack 'STM32Cube_FW_G0_V1.6.1'
2023-10-23 22:14:52,997 [INFO] SoftwarePacks:127 - Download is needed for SW pack 'STM32Cube_FW_G4_V1.5.1'
2023-10-23 22:14:53,012 [INFO] SoftwarePacks:127 - Download is needed for SW pack 'STM32Cube_FW_H5_V1.1.0'
2023-10-23 22:14:53,052 [INFO] SoftwarePacks:127 - Download is needed for SW pack 'STM32Cube_FW_H7_V1.11.0'
2023-10-23 22:14:53,074 [INFO] SoftwarePacks:127 - Download is needed for SW pack 'STM32Cube_FW_L0_V1.12.2'
2023-10-23 22:14:53,095 [INFO] SoftwarePacks:127 - Download is needed for SW pack 'STM32Cube_FW_L5_V1.5.0'
2023-10-23 22:14:53,115 [INFO] SoftwarePacks:127 - Download is needed for SW pack 'STM32Cube_FW_U5_V1.3.0'
2023-10-23 22:14:53,142 [INFO] SoftwarePacks:127 - Download is needed for SW pack 'STM32Cube_FW_WBA_V1.1.0'
2023-10-23 22:14:53,159 [INFO] SoftwarePacks:127 - Download is needed for SW pack 'STM32Cube_FW_WB_V1.17.0'
2023-10-23 22:14:53,176 [INFO] SoftwarePacks:127 - Download is needed for SW pack 'STM32Cube_FW_WL_V1.3.0'
2023-10-23 22:14:53,176 [INFO] SoftwarePacks:127 - Download is needed for SW pack 'X-CUBE-ALGOBUILD_V1.3.0'
2023-10-23 22:14:53,176 [INFO] SoftwarePacks:127 - Download is needed for SW pack 'X-CUBE-ALS_V1.0.1'
2023-10-23 22:14:53,176 [INFO] SoftwarePacks:127 - Download is needed for SW pack 'X-CUBE-AZRTOS-F4_V1.1.0'
2023-10-23 22:14:53,176 [INFO] SoftwarePacks:127 - Download is needed for SW pack 'X-CUBE-AZRTOS-F7_V1.1.0'
2023-10-23 22:14:53,176 [INFO] SoftwarePacks:127 - Download is needed for SW pack 'X-CUBE-AZRTOS-G0_V1.1.0'
2023-10-23 22:14:53,177 [INFO] SoftwarePacks:127 - Download is needed for SW pack 'X-CUBE-AZRTOS-G4_V2.0.0'
2023-10-23 22:14:53,177 [INFO] SoftwarePacks:127 - Download is needed for SW pack 'X-CUBE-AZRTOS-H7_V3.1.0'
2023-10-23 22:14:53,177 [INFO] SoftwarePacks:127 - Download is needed for SW pack 'X-CUBE-AZRTOS-L4_V2.0.0'
2023-10-23 22:14:53,177 [INFO] SoftwarePacks:127 - Download is needed for SW pack 'X-CUBE-AZRTOS-L5_V1.1.0'
2023-10-23 22:14:53,177 [INFO] SoftwarePacks:127 - Download is needed for SW pack 'X-CUBE-AZRTOS-WB_V1.1.0'
2023-10-23 22:14:53,177 [INFO] SoftwarePacks:127 - Download is needed for SW pack 'X-CUBE-AZRTOS-WL_V2.0.0'
2023-10-23 22:14:53,177 [INFO] SoftwarePacks:127 - Download is needed for SW pack 'X-CUBE-BLE1_V7.0.0'
2023-10-23 22:14:53,177 [INFO] SoftwarePacks:127 - Download is needed for SW pack 'X-CUBE-BLE2_V3.3.0'
2023-10-23 22:14:53,177 [INFO] SoftwarePacks:127 - Download is needed for SW pack 'X-CUBE-BLEMGR_V2.0.0'
2023-10-23 22:14:53,178 [INFO] SoftwarePacks:127 - Download is needed for SW pack 'X-CUBE-EEPRMA1_V4.1.0'
2023-10-23 22:14:53,178 [INFO] SoftwarePacks:127 - Download is needed for SW pack 'X-CUBE-FREERTOS_V1.1.0'
2023-10-23 22:14:53,178 [INFO] SoftwarePacks:127 - Download is needed for SW pack 'X-CUBE-GNSS1_V6.0.0'
2023-10-23 22:14:53,178 [INFO] SoftwarePacks:127 - Download is needed for SW pack 'X-CUBE-MEMS1_V9.6.0'
2023-10-23 22:14:53,178 [INFO] SoftwarePacks:127 - Download is needed for SW pack 'X-CUBE-NFC4_V3.0.0'
2023-10-23 22:14:53,178 [INFO] SoftwarePacks:127 - Download is needed for SW pack 'X-CUBE-NFC7_V1.0.0'
2023-10-23 22:14:53,178 [INFO] SoftwarePacks:127 - Download is needed for SW pack 'X-CUBE-SFXS2LP1_V4.0.0'
2023-10-23 22:14:53,178 [INFO] SoftwarePacks:127 - Download is needed for SW pack 'X-CUBE-SUBG2_V5.0.0'
2023-10-23 22:14:53,178 [INFO] SoftwarePacks:127 - Download is needed for SW pack 'X-CUBE-TOF1_V3.3.1'
2023-10-23 22:14:54,478 [INFO] LoadUrlFilesThread:185 - End of LoadServerUrlFiles without Thread
2023-10-23 22:14:54,478 [INFO] DetailPanel:341 - Set advertising image to C:/Users/wjunh/STM32Cube/Repository/\en.prom-stm32h5-mcu-finder.jpg
2023-10-23 22:15:29,129 [INFO] SoftwarePacks:190 - Size of SW pack 'STM32Cube_FW_F4_V1.27.1' is: 773.0 MB
2023-10-23 22:18:16,057 [INFO] ExampleToolKit:667 - [info] 2023/10/23 22:18:16
2023-10-23 22:18:16,057 [INFO] ExampleToolKit:715 - [info] Start Project: CDC_Standalone
2023-10-23 22:18:16,060 [WARN] ExampleToolKit:777 - [WARNING] IDE PROJECT 'STM32CubeIDE' NOT FOUND
2023-10-23 22:18:16,061 [INFO] ExampleToolKit:809 - [info] Project path: D:\CUBE_NANDO_HAL\CUBE_NANDO_HAL\CDC_Standalone
2023-10-23 22:18:16,260 [WARN] ExampleToolKit:2146 - [WARNING] IDE PROJECT 'STM32CubeIDE'NOT FOUND
2023-10-23 22:18:16,292 [INFO] ExampleToolKit:1062 - [info] SW Package located in: C:\Users\wjunh\STM32Cube\Repository\STM32Cube_FW_F4_V1.27.1
2023-10-23 22:18:16,292 [INFO] ExampleToolKit:1067 - [info] SW Package copy: LITE
2023-10-23 22:18:21,550 [WARN] ExampleToolKit:2844 - SW4STM32: Mismatch example name vs IDE example name
2023-10-23 22:18:21,552 [WARN] ExampleToolKit:2850 - SW4STM32: Rename IDE example name from: STM324xG-EVAL_USBD-FS to: CDC_Standalone
2023-10-23 22:18:21,553 [WARN] ExampleToolKit:2844 - SW4STM32: Mismatch example name vs IDE example name
2023-10-23 22:18:21,553 [WARN] ExampleToolKit:2850 - SW4STM32: Rename IDE example name from: STM324xG-EVAL_USBD-HS to: CDC_Standalone
2023-10-23 22:18:21,564 [INFO] ExampleToolKit:881 - [info] Project 'CDC_Standalone' installed successfully
2023-10-23 22:18:21,565 [INFO] ExampleToolKit:907 - [info] 2023/10/23 22:18:21
2023-10-23 22:18:21,567 [INFO] ExampleToolKit:1026 - [info] Elapsed time: 0h 0m 5s 510ms
2023-10-23 22:18:21,779 [ERROR] LogOutputStream:75 - [STDERR_REDIRECT] Managed Build system manifest file error: Option fr.ac6.managedbuild.option.gnu.cross.prefix.793444652 uses a null category that is invalid in its context. The option was ignored.
2023-10-23 22:18:21,784 [ERROR] LogOutputStream:75 - [STDERR_REDIRECT] Managed Build system manifest file error: Option fr.ac6.managedbuild.option.gnu.cross.mcu.882911366 uses a null category that is invalid in its context. The option was ignored.
2023-10-23 22:18:21,789 [ERROR] LogOutputStream:75 - [STDERR_REDIRECT] Managed Build system manifest file error: Option fr.ac6.managedbuild.option.gnu.cross.board.889016635 uses a null category that is invalid in its context. The option was ignored.
2023-10-23 22:18:21,794 [ERROR] LogOutputStream:75 - [STDERR_REDIRECT] Managed Build system manifest file error: Option fr.ac6.managedbuild.option.gnu.cross.instructionSet.1821869805 uses a null category that is invalid in its context. The option was ignored.
2023-10-23 22:18:21,797 [ERROR] LogOutputStream:75 - [STDERR_REDIRECT] Managed Build system manifest file error: Option fr.ac6.managedbuild.option.gnu.cross.fpu.1163616486 uses a null category that is invalid in its context. The option was ignored.
2023-10-23 22:18:21,800 [ERROR] LogOutputStream:75 - [STDERR_REDIRECT] Managed Build system manifest file error: Option fr.ac6.managedbuild.option.gnu.cross.floatabi.1626979281 uses a null category that is invalid in its context. The option was ignored.
2023-10-23 22:18:22,058 [ERROR] LogOutputStream:75 - [STDERR_REDIRECT] Managed Build system manifest file error: Option fr.ac6.managedbuild.option.gnu.cross.prefix.793444652 uses a null category that is invalid in its context. The option was ignored.
2023-10-23 22:18:22,063 [ERROR] LogOutputStream:75 - [STDERR_REDIRECT] Managed Build system manifest file error: Option fr.ac6.managedbuild.option.gnu.cross.mcu.882911366 uses a null category that is invalid in its context. The option was ignored.
2023-10-23 22:18:22,066 [ERROR] LogOutputStream:75 - [STDERR_REDIRECT] Managed Build system manifest file error: Option fr.ac6.managedbuild.option.gnu.cross.board.889016635 uses a null category that is invalid in its context. The option was ignored.
2023-10-23 22:18:22,069 [ERROR] LogOutputStream:75 - [STDERR_REDIRECT] Managed Build system manifest file error: Option fr.ac6.managedbuild.option.gnu.cross.instructionSet.1821869805 uses a null category that is invalid in its context. The option was ignored.
2023-10-23 22:18:22,072 [ERROR] LogOutputStream:75 - [STDERR_REDIRECT] Managed Build system manifest file error: Option fr.ac6.managedbuild.option.gnu.cross.fpu.1163616486 uses a null category that is invalid in its context. The option was ignored.
2023-10-23 22:18:22,075 [ERROR] LogOutputStream:75 - [STDERR_REDIRECT] Managed Build system manifest file error: Option fr.ac6.managedbuild.option.gnu.cross.floatabi.1626979281 uses a null category that is invalid in its context. The option was ignored.
2023-10-23 22:18:23,890 [INFO] McuFinderGlobals:76 - Set McuFinderConnectedMode to true
2023-10-23 22:18:23,898 [INFO] ApiDb:448 - Save user favorites file C:\Users\wjunh/.stm32cubeide/favorites.mcus.txt: 1 item(s)
2023-10-23 22:18:23,899 [INFO] ApiDb:452 - User favorites MCUs=[STM32F407VET6]
2023-10-23 22:18:23,901 [INFO] ApiDb:448 - Save user favorites file C:\Users\wjunh/.stm32cubeide/favorites.boards.txt: 1 item(s)
2023-10-23 22:18:23,901 [INFO] ApiDb:452 - User favorites Boards=[STM3240G-EVAL]
2023-10-23 22:18:23,903 [INFO] ApiDb:448 - Save user favorites file C:\Users\wjunh/.stm32cubeide/favorites.examples.txt: 1 item(s)
2023-10-23 22:18:23,903 [INFO] ApiDb:452 - User favorites Examples=[STM32CUBEF4-SWX-12466]
2023-10-23 22:19:52,929 [ERROR] LogOutputStream:75 - [STDERR_REDIRECT] Managed Build system manifest file error: Option fr.ac6.managedbuild.option.gnu.cross.prefix.793444652 uses a null category that is invalid in its context. The option was ignored.
2023-10-23 22:19:52,933 [ERROR] LogOutputStream:75 - [STDERR_REDIRECT] Managed Build system manifest file error: Option fr.ac6.managedbuild.option.gnu.cross.mcu.882911366 uses a null category that is invalid in its context. The option was ignored.
2023-10-23 22:19:52,938 [ERROR] LogOutputStream:75 - [STDERR_REDIRECT] Managed Build system manifest file error: Option fr.ac6.managedbuild.option.gnu.cross.board.889016635 uses a null category that is invalid in its context. The option was ignored.
2023-10-23 22:19:52,942 [ERROR] LogOutputStream:75 - [STDERR_REDIRECT] Managed Build system manifest file error: Option fr.ac6.managedbuild.option.gnu.cross.instructionSet.1821869805 uses a null category that is invalid in its context. The option was ignored.
2023-10-23 22:19:52,946 [ERROR] LogOutputStream:75 - [STDERR_REDIRECT] Managed Build system manifest file error: Option fr.ac6.managedbuild.option.gnu.cross.fpu.1163616486 uses a null category that is invalid in its context. The option was ignored.
2023-10-23 22:19:52,951 [ERROR] LogOutputStream:75 - [STDERR_REDIRECT] Managed Build system manifest file error: Option fr.ac6.managedbuild.option.gnu.cross.floatabi.1626979281 uses a null category that is invalid in its context. The option was ignored.
2023-10-23 23:56:04,905 [INFO] MainUpdater:2868 - connection check result : 10
2023-10-23 23:56:04,906 [INFO] MainUpdater:2868 - connection check result : 10
2023-10-23 23:56:04,944 [INFO] MicroXplorer:468 - Change Database Path : 
2023-10-23 23:56:04,944 [INFO] MicroXplorer:498 - Change Database Version : DB.6.0.92
2023-10-23 23:56:04,948 [WARN] ThirdParty:871 - waiting for thirdparty lock release [close project]
2023-10-23 23:56:04,948 [INFO] ThirdParty:873 - entering critical section [close project]
2023-10-23 23:56:04,961 [INFO] ThirdParty:883 - exiting critical section [close project]
2023-10-23 23:56:04,963 [INFO] PinOutPanel:1499 - setPackage(No Configuration,No Configuration)
2023-10-23 23:56:04,969 [INFO] UtilMem:75 - Begin LoadConfig() Used Memory: 297926112 Bytes (643825664)
2023-10-23 23:56:04,970 [INFO] MicroXplorer:468 - Change Database Path : 
2023-10-23 23:56:04,970 [INFO] MicroXplorer:498 - Change Database Version : DB.6.0.92
2023-10-23 23:56:04,970 [INFO] OpenFileManager:308 - Change cursor
2023-10-23 23:56:05,035 [INFO] Mcu:1946 - Initializing MCU STM32F407V(E-G)Tx STM32F407VETx STM32F407VET6
2023-10-23 23:56:06,992 [INFO] Context:659 - Trying to add GPIOservice into a context  which must be forbidden
2023-10-23 23:56:07,518 [INFO] RtosManager:555 - Registered RTOS mode: class=CMSIS, group=RTOS, mode=CMSIS_V1, owner=FREERTOS
2023-10-23 23:56:07,518 [INFO] RtosManager:555 - Registered RTOS mode: class=CMSIS, group=RTOS2, mode=CMSIS_V2, owner=FREERTOS
2023-10-23 23:56:07,518 [INFO] RtosManager:555 - Registered RTOS mode: class=RTOS, group=Core, mode=CMSIS_V1, owner=FREERTOS
2023-10-23 23:56:07,518 [INFO] RtosManager:555 - Registered RTOS mode: class=RTOS, group=Core, mode=CMSIS_V2, owner=FREERTOS
2023-10-23 23:56:07,518 [WARN] ModelIntegratedComponent:184 - Missing modes for component STMicroelectronics:FreeRTOS:0.0.1:STMicroelectronics:RTOS:FreeRTOS:Core:::10.2.0:
2023-10-23 23:56:07,536 [WARN] ModelIntegratedComponent:63 - No mode defined for component null
2023-10-23 23:56:07,536 [WARN] ModelIntegratedComponent:63 - No mode defined for component null
2023-10-23 23:56:07,536 [WARN] ModelIntegratedComponent:63 - No mode defined for component null
2023-10-23 23:56:07,536 [WARN] ModelIntegratedComponent:63 - No mode defined for component null
2023-10-23 23:56:07,536 [WARN] ModelIntegratedComponent:63 - No mode defined for component null
2023-10-23 23:56:07,536 [WARN] ModelIntegratedComponent:63 - No mode defined for component null
2023-10-23 23:56:07,536 [WARN] ModelIntegratedComponent:63 - No mode defined for component null
2023-10-23 23:56:07,536 [WARN] ModelIntegratedComponent:63 - No mode defined for component null
2023-10-23 23:56:07,536 [WARN] ModelIntegratedComponent:63 - No mode defined for component null
2023-10-23 23:56:07,536 [WARN] ModelIntegratedComponent:63 - No mode defined for component null
2023-10-23 23:56:07,536 [WARN] ModelIntegratedComponent:63 - No mode defined for component null
2023-10-23 23:56:07,536 [WARN] ModelIntegratedComponent:63 - No mode defined for component null
2023-10-23 23:56:07,536 [WARN] ModelIntegratedComponent:63 - No mode defined for component null
2023-10-23 23:56:07,537 [WARN] ModelIntegratedComponent:63 - No mode defined for component null
2023-10-23 23:56:07,537 [WARN] ModelIntegratedComponent:63 - No mode defined for component null
2023-10-23 23:56:07,537 [WARN] ModelIntegratedComponent:63 - No mode defined for component null
2023-10-23 23:56:07,537 [WARN] ModelIntegratedComponent:63 - No mode defined for component null
2023-10-23 23:56:07,537 [WARN] ModelIntegratedComponent:63 - No mode defined for component null
2023-10-23 23:56:07,537 [WARN] ModelIntegratedComponent:63 - No mode defined for component null
2023-10-23 23:56:07,537 [WARN] ModelIntegratedComponent:63 - No mode defined for component null
2023-10-23 23:56:07,537 [WARN] ModelIntegratedComponent:63 - No mode defined for component null
2023-10-23 23:56:07,537 [WARN] ModelIntegratedComponent:63 - No mode defined for component null
2023-10-23 23:56:07,537 [WARN] ModelIntegratedComponent:63 - No mode defined for component null
2023-10-23 23:56:07,537 [WARN] ModelIntegratedComponent:63 - No mode defined for component null
2023-10-23 23:56:07,537 [WARN] ModelIntegratedComponent:63 - No mode defined for component null
2023-10-23 23:56:07,537 [WARN] ModelIntegratedComponent:63 - No mode defined for component null
2023-10-23 23:56:07,537 [WARN] ModelIntegratedComponent:63 - No mode defined for component null
2023-10-23 23:56:07,537 [WARN] ModelIntegratedComponent:63 - No mode defined for component null
2023-10-23 23:56:07,537 [WARN] ModelIntegratedComponent:63 - No mode defined for component null
2023-10-23 23:56:07,537 [WARN] ModelIntegratedComponent:63 - No mode defined for component null
2023-10-23 23:56:07,537 [WARN] ModelIntegratedComponent:63 - No mode defined for component null
2023-10-23 23:56:07,537 [WARN] ModelIntegratedComponent:63 - No mode defined for component null
2023-10-23 23:56:07,537 [WARN] ModelIntegratedComponent:63 - No mode defined for component null
2023-10-23 23:56:07,557 [INFO] ThirdPartyModel:298 - Start build external matchings
2023-10-23 23:56:07,676 [INFO] ThirdPartyModel:316 - End build external matchings
2023-10-23 23:56:07,685 [INFO] ImportTextPane:194 - (OptionalMessage_ERROR) IP (RCC) : Parameter (RTCHSEDivFreq_Value) has invalid value (5000000)
2023-10-23 23:56:07,686 [WARN] IP:2114 - DEVICE_SERIAL0_CDC_HS not found: check if there is a RefParameter without a condition.
2023-10-23 23:56:07,687 [WARN] IP:2114 - DEVICE_SERIAL1_CDC_HS not found: check if there is a RefParameter without a condition.
2023-10-23 23:56:07,687 [WARN] IP:2114 - DEVICE_SERIAL2_CDC_HS not found: check if there is a RefParameter without a condition.
2023-10-23 23:56:07,687 [WARN] IP:2114 - DEVICE_SERIAL0_CDC_FS not found: check if there is a RefParameter without a condition.
2023-10-23 23:56:07,687 [WARN] IP:2114 - DEVICE_SERIAL1_CDC_FS not found: check if there is a RefParameter without a condition.
2023-10-23 23:56:07,688 [WARN] IP:2114 - DEVICE_SERIAL2_CDC_FS not found: check if there is a RefParameter without a condition.
2023-10-23 23:56:07,688 [WARN] IP:2114 - DEVICE_SERIAL0_CDC_HS not found: check if there is a RefParameter without a condition.
2023-10-23 23:56:07,688 [WARN] IP:2114 - DEVICE_SERIAL1_CDC_HS not found: check if there is a RefParameter without a condition.
2023-10-23 23:56:07,688 [WARN] IP:2114 - DEVICE_SERIAL2_CDC_HS not found: check if there is a RefParameter without a condition.
2023-10-23 23:56:08,014 [INFO] UtilMem:75 - End LoadConfig() Used Memory: 297869432 Bytes (791674880)
2023-10-23 23:56:08,023 [INFO] ApiDb:581 - Connected to CubeFinder SQLite database (C:\Users\wjunh\.stmcufinder\plugins\mcufinder\mcu\cube-finder-db.db)
2023-10-23 23:56:08,202 [WARN] ThirdParty:833 - waiting for thirdparty lock release [change project]
2023-10-23 23:56:08,202 [INFO] ThirdParty:835 - entering critical section [change project]
2023-10-23 23:56:08,203 [INFO] ThirdParty:1030 - CMSIS Pack Vendor :STMicroelectronics X-CUBE-ISPU 1.1.0
2023-10-23 23:56:08,203 [INFO] ThirdParty:1030 - CMSIS Pack Vendor :STMicroelectronics USBPD 4.1
2023-10-23 23:56:08,203 [INFO] ThirdParty:1030 - CMSIS Pack Vendor :STMicroelectronics X-CUBE-GNSS1 6.0.0
2023-10-23 23:56:08,203 [INFO] ThirdParty:1030 - CMSIS Pack Vendor :STMicroelectronics USB_HOST 2.0.0
2023-10-23 23:56:08,203 [INFO] ThirdParty:1030 - CMSIS Pack Vendor :STMicroelectronics X-CUBE-AZRTOS-F4 1.1.0
2023-10-23 23:56:08,203 [INFO] ThirdParty:1030 - CMSIS Pack Vendor :STMicroelectronics LIBJPEG 8.0.0
2023-10-23 23:56:08,203 [INFO] ThirdParty:1030 - CMSIS Pack Vendor :wolfSSL I-CUBE-wolfSSL 5.6.3
2023-10-23 23:56:08,203 [INFO] ThirdParty:1030 - CMSIS Pack Vendor :STMicroelectronics X-CUBE-SMBUS 2.1.0
2023-10-23 23:56:08,203 [INFO] ThirdParty:1030 - CMSIS Pack Vendor :STMicroelectronics USB_DEVICE 3.0.0
2023-10-23 23:56:08,203 [INFO] ThirdParty:1030 - CMSIS Pack Vendor :STMicroelectronics X-CUBE-AZRTOS-WB 2.0.0
2023-10-23 23:56:08,203 [INFO] ThirdParty:1030 - CMSIS Pack Vendor :STMicroelectronics X-CUBE-AZRTOS-F7 1.1.0
2023-10-23 23:56:08,203 [INFO] ThirdParty:1030 - CMSIS Pack Vendor :STMicroelectronics X-CUBE-AZRTOS-L5 2.0.0
2023-10-23 23:56:08,203 [INFO] ThirdParty:1030 - CMSIS Pack Vendor :STMicroelectronics USB_DEVICE 2.0.0
2023-10-23 23:56:08,203 [INFO] ThirdParty:1030 - CMSIS Pack Vendor :ITTIA_DB I-CUBE-ITTIADB 8.8.0
2023-10-23 23:56:08,203 [INFO] ThirdParty:1030 - CMSIS Pack Vendor :STMicroelectronics FP-SNS-MOTENV1 4.3.2
2023-10-23 23:56:08,203 [INFO] ThirdParty:1030 - CMSIS Pack Vendor :STMicroelectronics X-CUBE-ALGOBUILD 1.3.0
2023-10-23 23:56:08,203 [INFO] ThirdParty:1030 - CMSIS Pack Vendor :STMicroelectronics FreeRTOS 0.0.1
2023-10-23 23:56:08,203 [INFO] ThirdParty:1030 - CMSIS Pack Vendor :STMicroelectronics X-CUBE-AZRTOS-G0 1.1.0
2023-10-23 23:56:08,203 [INFO] ThirdParty:1030 - CMSIS Pack Vendor :STMicroelectronics X-CUBE-BLEMGR 2.0.0
2023-10-23 23:56:08,203 [INFO] ThirdParty:1030 - CMSIS Pack Vendor :STMicroelectronics X-CUBE-NFC4 3.0.0
2023-10-23 23:56:08,203 [INFO] ThirdParty:1030 - CMSIS Pack Vendor :STMicroelectronics X-CUBE-SUBG2 5.0.0
2023-10-23 23:56:08,204 [INFO] ThirdParty:1030 - CMSIS Pack Vendor :STMicroelectronics STM32_WPAN 1.0.0
2023-10-23 23:56:08,204 [INFO] ThirdParty:1030 - CMSIS Pack Vendor :STMicroelectronics lwIP 2.0.3
2023-10-23 23:56:08,204 [INFO] ThirdParty:1030 - CMSIS Pack Vendor :STMicroelectronics FP-SNS-FLIGHT1 5.0.2
2023-10-23 23:56:08,204 [INFO] ThirdParty:1030 - CMSIS Pack Vendor :STMicroelectronics USB_HOST 1.0.0
2023-10-23 23:56:08,204 [INFO] ThirdParty:1030 - CMSIS Pack Vendor :STMicroelectronics X-CUBE-TOF1 3.3.1
2023-10-23 23:56:08,204 [INFO] ThirdParty:1030 - CMSIS Pack Vendor :STMicroelectronics X-CUBE-AZRTOS-G4 2.0.0
2023-10-23 23:56:08,204 [INFO] ThirdParty:1030 - CMSIS Pack Vendor :STMicroelectronics PDM2PCM 3.1.0
2023-10-23 23:56:08,204 [INFO] ThirdParty:1030 - CMSIS Pack Vendor :STMicroelectronics X-CUBE-AZRTOS-H7 3.1.0
2023-10-23 23:56:08,204 [INFO] ThirdParty:1030 - CMSIS Pack Vendor :Infineon AIROC-Wi-Fi-Bluetooth-STM32 1.5.1
2023-10-23 23:56:08,204 [INFO] ThirdParty:1030 - CMSIS Pack Vendor :STMicroelectronics PDM2PCM 3.3.0
2023-10-23 23:56:08,204 [INFO] ThirdParty:1030 - CMSIS Pack Vendor :STMicroelectronics X-CUBE-DISPLAY 3.0.0
2023-10-23 23:56:08,204 [INFO] ThirdParty:1030 - CMSIS Pack Vendor :STMicroelectronics X-CUBE-BLE1 7.0.0
2023-10-23 23:56:08,204 [INFO] ThirdParty:1030 - CMSIS Pack Vendor :STMicroelectronics FP-ATR-SIGFOX1 3.2.0
2023-10-23 23:56:08,204 [INFO] ThirdParty:1030 - CMSIS Pack Vendor :STMicroelectronics HAL Drivers 0.0.0
2023-10-23 23:56:08,204 [INFO] ThirdParty:1030 - CMSIS Pack Vendor :STMicroelectronics MBEDTLS 2.16.2
2023-10-23 23:56:08,204 [INFO] ThirdParty:1030 - CMSIS Pack Vendor :emotas I-CUBE-CANOPEN 1.3.0
2023-10-23 23:56:08,204 [INFO] ThirdParty:1030 - CMSIS Pack Vendor :STMicroelectronics X-CUBE-FREERTOS 1.1.0
2023-10-23 23:56:08,204 [INFO] ThirdParty:1030 - CMSIS Pack Vendor :STMicroelectronics X-CUBE-NFC7 1.0.1
2023-10-23 23:56:08,204 [INFO] ThirdParty:1030 - CMSIS Pack Vendor :STMicroelectronics MBEDTLS 2.14.1
2023-10-23 23:56:08,204 [INFO] ThirdParty:1030 - CMSIS Pack Vendor :STMicroelectronics X-CUBE-TOUCHGFX 4.22.1
2023-10-23 23:56:08,204 [INFO] ThirdParty:1030 - CMSIS Pack Vendor :STMicroelectronics X-CUBE-NFC6 3.0.0
2023-10-23 23:56:08,204 [INFO] ThirdParty:1030 - CMSIS Pack Vendor :STMicroelectronics X-CUBE-EEPRMA1 4.1.0
2023-10-23 23:56:08,205 [INFO] ThirdParty:1030 - CMSIS Pack Vendor :portGmbH I-Cube-SoM-uGOAL 1.1.0
2023-10-23 23:56:08,205 [INFO] ThirdParty:1030 - CMSIS Pack Vendor :STMicroelectronics X-CUBE-ALS 1.0.1
2023-10-23 23:56:08,205 [INFO] ThirdParty:1030 - CMSIS Pack Vendor :STMicroelectronics ThreadX 1.0.0
2023-10-23 23:56:08,205 [INFO] ThirdParty:1030 - CMSIS Pack Vendor :STMicroelectronics FP-SNS-SMARTAG2 1.2.0
2023-10-23 23:56:08,205 [INFO] ThirdParty:1030 - CMSIS Pack Vendor :STMicroelectronics X-CUBE-AZRTOS-WL 2.0.0
2023-10-23 23:56:08,205 [INFO] ThirdParty:1030 - CMSIS Pack Vendor :SEGGER I-CUBE-embOS 1.3.1
2023-10-23 23:56:08,205 [INFO] ThirdParty:1030 - CMSIS Pack Vendor :STMicroelectronics USB_DEVICE 1.0.0
2023-10-23 23:56:08,205 [INFO] ThirdParty:1030 - CMSIS Pack Vendor :STMicroelectronics X-CUBE-AI 8.1.0
2023-10-23 23:56:08,205 [INFO] ThirdParty:1030 - CMSIS Pack Vendor :STMicroelectronics X-CUBE-AZRTOS-L4 2.0.0
2023-10-23 23:56:08,205 [INFO] ThirdParty:1030 - CMSIS Pack Vendor :STMicroelectronics ThreadX 0.0.2
2023-10-23 23:56:08,205 [INFO] ThirdParty:1030 - CMSIS Pack Vendor :WES I-CUBE-Cesium 1.3.0
2023-10-23 23:56:08,205 [INFO] ThirdParty:1030 - CMSIS Pack Vendor :STMicroelectronics FP-ATR-ASTRA1 2.0.0
2023-10-23 23:56:08,205 [INFO] ThirdParty:1030 - CMSIS Pack Vendor :STMicroelectronics lwIP 2.1.2
2023-10-23 23:56:08,205 [INFO] ThirdParty:1030 - CMSIS Pack Vendor :STMicroelectronics X-CUBE-SFXS2LP1 4.0.0
2023-10-23 23:56:08,205 [INFO] ThirdParty:1030 - CMSIS Pack Vendor :STMicroelectronics X-CUBE-BLE2 3.3.0
2023-10-23 23:56:08,205 [INFO] ThirdParty:1030 - CMSIS Pack Vendor :STMicroelectronics PDM2PCM 3.2.0
2023-10-23 23:56:08,205 [INFO] ThirdParty:841 - exiting critical section [change project]
2023-10-23 23:56:08,584 [INFO] PinOutPanel:1499 - setPackage(No Configuration,No Configuration)
2023-10-23 23:56:08,585 [INFO] PinOutPanel:1499 - setPackage(STM32F407VETx,LQFP100)
2023-10-23 23:56:09,008 [INFO] UtilMem:75 - Before build in PCC Used Memory: 478750840 Bytes (791674880)
2023-10-23 23:56:09,744 [INFO] UtilMem:75 - After build in PCC Used Memory: 547430520 Bytes (791674880)
2023-10-23 23:56:09,917 [INFO] ApiDbMcu:507 - Load IP Config File for USB_DEVICE
2023-10-23 23:56:09,943 [INFO] IPUIPlugin:80 - create IPUIPlugin
2023-10-23 23:56:09,943 [INFO] IPUIPlugin:80 - create IPUIPlugin
2023-10-23 23:56:09,943 [INFO] IPUIPlugin:80 - create IPUIPlugin
2023-10-23 23:56:09,943 [INFO] IPUIPlugin:80 - create IPUIPlugin
2023-10-23 23:56:09,943 [INFO] IPUIPlugin:80 - create IPUIPlugin
2023-10-23 23:56:09,943 [INFO] IPUIPlugin:80 - create IPUIPlugin
2023-10-23 23:56:09,943 [INFO] IPUIPlugin:80 - create IPUIPlugin
2023-10-23 23:56:09,944 [INFO] IPUIPlugin:80 - create IPUIPlugin
2023-10-23 23:56:09,944 [INFO] IPUIPlugin:80 - create IPUIPlugin
2023-10-23 23:56:09,944 [INFO] IPUIPlugin:80 - create IPUIPlugin
2023-10-23 23:56:09,944 [INFO] IPUIPlugin:80 - create IPUIPlugin
2023-10-23 23:56:09,944 [INFO] IPUIPlugin:80 - create IPUIPlugin
2023-10-23 23:56:09,944 [INFO] IPUIPlugin:80 - create IPUIPlugin
2023-10-23 23:56:09,944 [INFO] IPUIPlugin:80 - create IPUIPlugin
2023-10-23 23:56:09,944 [INFO] IPUIPlugin:80 - create IPUIPlugin
2023-10-23 23:56:09,944 [INFO] IPUIPlugin:80 - create IPUIPlugin
2023-10-23 23:56:09,944 [INFO] IPUIPlugin:80 - create IPUIPlugin
2023-10-23 23:56:09,945 [INFO] IPUIPlugin:80 - create IPUIPlugin
2023-10-23 23:56:09,945 [INFO] IPUIPlugin:80 - create IPUIPlugin
2023-10-23 23:56:09,945 [INFO] IPUIPlugin:80 - create IPUIPlugin
2023-10-23 23:56:09,945 [INFO] IPUIPlugin:80 - create IPUIPlugin
2023-10-23 23:56:09,945 [INFO] IPUIPlugin:80 - create IPUIPlugin
2023-10-23 23:56:09,946 [INFO] IPUIPlugin:80 - create IPUIPlugin
2023-10-23 23:56:09,946 [INFO] IPUIPlugin:80 - create IPUIPlugin
2023-10-23 23:56:09,946 [INFO] IPUIPlugin:80 - create IPUIPlugin
2023-10-23 23:56:09,947 [INFO] IPUIPlugin:80 - create IPUIPlugin
2023-10-23 23:56:09,947 [INFO] IPUIPlugin:80 - create IPUIPlugin
2023-10-23 23:56:09,947 [INFO] IPUIPlugin:80 - create IPUIPlugin
2023-10-23 23:56:09,947 [INFO] IPUIPlugin:80 - create IPUIPlugin
2023-10-23 23:56:09,947 [INFO] IPUIPlugin:80 - create IPUIPlugin
2023-10-23 23:56:09,948 [INFO] IPUIPlugin:80 - create IPUIPlugin
2023-10-23 23:56:09,948 [INFO] IPUIPlugin:80 - create IPUIPlugin
2023-10-23 23:56:09,948 [INFO] IPUIPlugin:80 - create IPUIPlugin
2023-10-23 23:56:09,948 [INFO] IPUIPlugin:80 - create IPUIPlugin
2023-10-23 23:56:09,948 [INFO] IPUIPlugin:80 - create IPUIPlugin
2023-10-23 23:56:09,948 [INFO] IPUIPlugin:80 - create IPUIPlugin
2023-10-23 23:56:09,949 [INFO] IPUIPlugin:80 - create IPUIPlugin
2023-10-23 23:56:09,949 [INFO] IPUIPlugin:80 - create IPUIPlugin
2023-10-23 23:56:09,949 [INFO] IPUIPlugin:80 - create IPUIPlugin
2023-10-23 23:56:09,949 [INFO] IPUIPlugin:80 - create IPUIPlugin
2023-10-23 23:56:09,949 [INFO] IPUIPlugin:80 - create IPUIPlugin
2023-10-23 23:56:09,950 [INFO] IPUIPlugin:80 - create IPUIPlugin
2023-10-23 23:56:09,950 [INFO] IPUIPlugin:80 - create IPUIPlugin
2023-10-23 23:56:09,950 [INFO] IPUIPlugin:80 - create IPUIPlugin
2023-10-23 23:56:09,950 [INFO] IPUIPlugin:80 - create IPUIPlugin
2023-10-23 23:56:09,951 [INFO] IPUIPlugin:80 - create IPUIPlugin
2023-10-23 23:56:09,951 [INFO] IPUIPlugin:80 - create IPUIPlugin
2023-10-23 23:56:09,951 [INFO] IPUIPlugin:80 - create IPUIPlugin
2023-10-23 23:56:09,951 [INFO] IPUIPlugin:80 - create IPUIPlugin
2023-10-23 23:56:09,952 [INFO] IPUIPlugin:80 - create IPUIPlugin
2023-10-23 23:56:09,952 [INFO] IPUIPlugin:80 - create IPUIPlugin
2023-10-23 23:56:09,952 [INFO] IPUIPlugin:80 - create IPUIPlugin
2023-10-23 23:56:09,952 [INFO] IPUIPlugin:80 - create IPUIPlugin
2023-10-23 23:56:09,953 [INFO] IPUIPlugin:80 - create IPUIPlugin
2023-10-23 23:56:09,953 [INFO] IPUIPlugin:80 - create IPUIPlugin
2023-10-23 23:56:09,954 [INFO] IPUIPlugin:80 - create IPUIPlugin
2023-10-23 23:56:09,955 [INFO] IPUIPlugin:80 - create IPUIPlugin
2023-10-23 23:56:09,955 [INFO] IPUIPlugin:80 - create IPUIPlugin
2023-10-23 23:56:09,977 [INFO] ApiDbMcu:507 - Load IP Config File for PDM2PCM
2023-10-23 23:56:10,232 [INFO] CADModel:165 - CPN selected for project levelSTM32F407VET6
2023-10-23 23:56:10,232 [INFO] CADModel:114 - Register for checkConnection events
2023-10-23 23:56:10,284 [INFO] OpenFileManager:328 - Restore cursor
2023-10-23 23:56:10,355 [WARN] IP:2114 - DEVICE_SERIAL0_CDC_HS not found: check if there is a RefParameter without a condition.
2023-10-23 23:56:10,355 [WARN] IP:2114 - DEVICE_SERIAL1_CDC_HS not found: check if there is a RefParameter without a condition.
2023-10-23 23:56:10,356 [WARN] IP:2114 - DEVICE_SERIAL2_CDC_HS not found: check if there is a RefParameter without a condition.
2023-10-23 23:56:10,356 [WARN] IP:2114 - DEVICE_SERIAL0_CDC_FS not found: check if there is a RefParameter without a condition.
2023-10-23 23:56:10,356 [WARN] IP:2114 - DEVICE_SERIAL1_CDC_FS not found: check if there is a RefParameter without a condition.
2023-10-23 23:56:10,356 [WARN] IP:2114 - DEVICE_SERIAL2_CDC_FS not found: check if there is a RefParameter without a condition.
2023-10-23 23:56:10,357 [WARN] IP:2114 - DEVICE_SERIAL0_CDC_HS not found: check if there is a RefParameter without a condition.
2023-10-23 23:56:10,357 [WARN] IP:2114 - DEVICE_SERIAL1_CDC_HS not found: check if there is a RefParameter without a condition.
2023-10-23 23:56:10,357 [WARN] IP:2114 - DEVICE_SERIAL2_CDC_HS not found: check if there is a RefParameter without a condition.
2023-10-23 23:56:10,358 [WARN] IP:2114 - DEVICE_SERIAL0_CDC_FS not found: check if there is a RefParameter without a condition.
2023-10-23 23:56:10,358 [WARN] IP:2114 - DEVICE_SERIAL1_CDC_FS not found: check if there is a RefParameter without a condition.
2023-10-23 23:56:10,358 [WARN] IP:2114 - DEVICE_SERIAL2_CDC_FS not found: check if there is a RefParameter without a condition.
2023-10-23 23:56:49,727 [INFO] NvicIntPanel:101 - NVIC parent = com.st.microxplorer.plugins.ip.nvic.MultiNvicIntPanel[,0,0,0x0,invalid,layout=javax.swing.BoxLayout,alignmentX=0.0,alignmentY=0.0,border=,flags=9,maximumSize=,minimumSize=,preferredSize=]
2023-10-23 23:56:56,627 [WARN] IpParametersView:151 - Warning: This peripheral hasn't parameters
2023-10-23 23:57:02,539 [INFO] Gpio:273 - dependency for GPIO [FSMC, RCC, SPI1, SYS, USART1, USB_OTG_FS, USB_OTG_HS]
2023-10-23 23:57:20,206 [INFO] UtilMem:75 - End SaveConfig() Used Memory: 570601200 Bytes (833617920)
2023-10-23 23:57:21,607 [INFO] UtilMem:75 - End SaveConfig() Used Memory: 598143960 Bytes (833617920)
2023-10-23 23:57:24,478 [INFO] UtilMem:75 - End SaveConfig() Used Memory: 666301400 Bytes (833617920)
2023-10-23 23:57:24,963 [INFO] BlockDiagram:2759 - set Specific Code input for plugin: FSMC
2023-10-23 23:57:24,963 [INFO] BlockDiagram:2759 - set Specific Code input for plugin: SPI
2023-10-23 23:57:24,963 [INFO] BlockDiagram:2759 - set Specific Code input for plugin: USB_OTG_HS
2023-10-23 23:57:24,963 [INFO] BlockDiagram:2759 - set Specific Code input for plugin: IWDG
2023-10-23 23:57:24,963 [INFO] BlockDiagram:2759 - set Specific Code input for plugin: USB_DEVICE
2023-10-23 23:57:24,964 [INFO] BlockDiagram:2759 - set Specific Code input for plugin: SYS
2023-10-23 23:57:24,964 [INFO] BlockDiagram:2759 - set Specific Code input for plugin: RCC
2023-10-23 23:57:24,964 [INFO] BlockDiagram:2759 - set Specific Code input for plugin: RTC
2023-10-23 23:57:24,964 [INFO] BlockDiagram:2759 - set Specific Code input for plugin: USB_OTG_FS
2023-10-23 23:57:24,964 [INFO] BlockDiagram:2759 - set Specific Code input for plugin: NVIC
2023-10-23 23:57:24,964 [INFO] BlockDiagram:2759 - set Specific Code input for plugin: USART
2023-10-23 23:57:24,965 [INFO] BlockDiagram:2759 - set Specific Code input for plugin: GPIO
2023-10-23 23:57:24,966 [INFO] CodeGenerator:799 - code generatio: config db path: C:\ST\STM32CubeIDE_1.13.2\STM32CubeIDE\plugins\com.st.stm32cube.common.mx_6.9.2.202309101412\\db\
2023-10-23 23:57:24,993 [WARN] IP:2114 - DEVICE_SERIAL0_CDC_HS not found: check if there is a RefParameter without a condition.
2023-10-23 23:57:24,993 [WARN] IP:2114 - DEVICE_SERIAL1_CDC_HS not found: check if there is a RefParameter without a condition.
2023-10-23 23:57:24,993 [WARN] IP:2114 - DEVICE_SERIAL2_CDC_HS not found: check if there is a RefParameter without a condition.
2023-10-23 23:57:24,994 [WARN] IP:2114 - DEVICE_SERIAL0_CDC_FS not found: check if there is a RefParameter without a condition.
2023-10-23 23:57:24,994 [WARN] IP:2114 - DEVICE_SERIAL1_CDC_FS not found: check if there is a RefParameter without a condition.
2023-10-23 23:57:24,994 [WARN] IP:2114 - DEVICE_SERIAL2_CDC_FS not found: check if there is a RefParameter without a condition.
2023-10-23 23:57:25,225 [INFO] CodeEngine:255 - oldGeneratedFile, E:\STM32CubeIDE\workspace_1.13.2\TEST\MXTmpFiles\license.tmp_save
2023-10-23 23:57:25,704 [INFO] CodeEngine:279 - Generated code: E:\STM32CubeIDE\workspace_1.13.2\TEST\MXTmpFiles\license.tmp
2023-10-23 23:57:25,848 [INFO] CodeEngine:255 - oldGeneratedFile, E:\STM32CubeIDE\workspace_1.13.2\TEST\Core\Src\gpio.c_save
2023-10-23 23:57:25,992 [INFO] CodeEngine:279 - Generated code: E:\STM32CubeIDE\workspace_1.13.2\TEST\Core\Src\gpio.c
2023-10-23 23:57:26,002 [INFO] CodeEngine:255 - oldGeneratedFile, E:\STM32CubeIDE\workspace_1.13.2\TEST\Core\Inc\gpio.h_save
2023-10-23 23:57:26,102 [INFO] CodeEngine:279 - Generated code: E:\STM32CubeIDE\workspace_1.13.2\TEST\Core\Inc\gpio.h
2023-10-23 23:57:26,281 [WARN] IPConfigManager:2937 - Warning: the RefConfig PWREx_EnableUSBVoltageDetector is not available in your config.xml file
2023-10-23 23:57:26,327 [WARN] IPConfigManager:2937 - Warning: the RefConfig PWREx_EnableUSBVoltageDetector is not available in your config.xml file
2023-10-23 23:57:26,339 [INFO] CodeEngine:255 - oldGeneratedFile, E:\STM32CubeIDE\workspace_1.13.2\TEST\MXTmpFiles\usb_otg_hs_vars.tmp_save
2023-10-23 23:57:26,438 [INFO] CodeEngine:279 - Generated code: E:\STM32CubeIDE\workspace_1.13.2\TEST\MXTmpFiles\usb_otg_hs_vars.tmp
2023-10-23 23:57:26,445 [INFO] CodeEngine:255 - oldGeneratedFile, E:\STM32CubeIDE\workspace_1.13.2\TEST\MXTmpFiles\usb_otg_hs_inc.tmp_save
2023-10-23 23:57:26,506 [INFO] CodeEngine:279 - Generated code: E:\STM32CubeIDE\workspace_1.13.2\TEST\MXTmpFiles\usb_otg_hs_inc.tmp
2023-10-23 23:57:26,521 [INFO] CodeEngine:255 - oldGeneratedFile, E:\STM32CubeIDE\workspace_1.13.2\TEST\MXTmpFiles\usb_otg_hs_HalInit.tmp_save
2023-10-23 23:57:26,611 [INFO] CodeEngine:279 - Generated code: E:\STM32CubeIDE\workspace_1.13.2\TEST\MXTmpFiles\usb_otg_hs_HalInit.tmp
2023-10-23 23:57:26,621 [INFO] CodeEngine:255 - oldGeneratedFile, E:\STM32CubeIDE\workspace_1.13.2\TEST\MXTmpFiles\usb_otg_hs_Msp.tmp_save
2023-10-23 23:57:26,723 [INFO] CodeEngine:279 - Generated code: E:\STM32CubeIDE\workspace_1.13.2\TEST\MXTmpFiles\usb_otg_hs_Msp.tmp
2023-10-23 23:57:26,791 [WARN] IPConfigManager:2937 - Warning: the RefConfig PWREx_EnableUSBVoltageDetector is not available in your config.xml file
2023-10-23 23:57:26,827 [WARN] IPConfigManager:2937 - Warning: the RefConfig PWREx_EnableUSBVoltageDetector is not available in your config.xml file
2023-10-23 23:57:26,833 [INFO] CodeEngine:255 - oldGeneratedFile, E:\STM32CubeIDE\workspace_1.13.2\TEST\MXTmpFiles\usb_otg_fs_vars.tmp_save
2023-10-23 23:57:26,915 [INFO] CodeEngine:279 - Generated code: E:\STM32CubeIDE\workspace_1.13.2\TEST\MXTmpFiles\usb_otg_fs_vars.tmp
2023-10-23 23:57:26,917 [INFO] CodeEngine:255 - oldGeneratedFile, E:\STM32CubeIDE\workspace_1.13.2\TEST\MXTmpFiles\usb_otg_fs_inc.tmp_save
2023-10-23 23:57:26,971 [INFO] CodeEngine:279 - Generated code: E:\STM32CubeIDE\workspace_1.13.2\TEST\MXTmpFiles\usb_otg_fs_inc.tmp
2023-10-23 23:57:26,974 [INFO] CodeEngine:255 - oldGeneratedFile, E:\STM32CubeIDE\workspace_1.13.2\TEST\MXTmpFiles\usb_otg_fs_HalInit.tmp_save
2023-10-23 23:57:27,066 [INFO] CodeEngine:279 - Generated code: E:\STM32CubeIDE\workspace_1.13.2\TEST\MXTmpFiles\usb_otg_fs_HalInit.tmp
2023-10-23 23:57:27,069 [INFO] CodeEngine:255 - oldGeneratedFile, E:\STM32CubeIDE\workspace_1.13.2\TEST\MXTmpFiles\usb_otg_fs_Msp.tmp_save
2023-10-23 23:57:27,176 [INFO] CodeEngine:279 - Generated code: E:\STM32CubeIDE\workspace_1.13.2\TEST\MXTmpFiles\usb_otg_fs_Msp.tmp
2023-10-23 23:57:27,638 [WARN] IP:2114 - DEVICE_SERIAL0_CDC_HS not found: check if there is a RefParameter without a condition.
2023-10-23 23:57:27,638 [WARN] IP:2114 - DEVICE_SERIAL1_CDC_HS not found: check if there is a RefParameter without a condition.
2023-10-23 23:57:27,638 [WARN] IP:2114 - DEVICE_SERIAL2_CDC_HS not found: check if there is a RefParameter without a condition.
2023-10-23 23:57:27,699 [WARN] IPConfigManager:2937 - Warning: the RefConfig PWREx_EnableUSBVoltageDetector is not available in your config.xml file
2023-10-23 23:57:27,736 [WARN] IPConfigManager:2937 - Warning: the RefConfig PWREx_EnableUSBVoltageDetector is not available in your config.xml file
2023-10-23 23:57:27,766 [INFO] Middleware:1439 - No code input for Bsp Dependency
2023-10-23 23:57:27,776 [INFO] Middleware:1439 - No code input for Bsp Dependency
2023-10-23 23:57:27,797 [INFO] CodeEngine:255 - oldGeneratedFile, E:\STM32CubeIDE\workspace_1.13.2\TEST\Core\Src\fsmc.c_save
2023-10-23 23:57:27,891 [INFO] CodeEngine:279 - Generated code: E:\STM32CubeIDE\workspace_1.13.2\TEST\Core\Src\fsmc.c
2023-10-23 23:57:27,900 [INFO] CodeEngine:255 - oldGeneratedFile, E:\STM32CubeIDE\workspace_1.13.2\TEST\Core\Inc\fsmc.h_save
2023-10-23 23:57:27,967 [INFO] CodeEngine:279 - Generated code: E:\STM32CubeIDE\workspace_1.13.2\TEST\Core\Inc\fsmc.h
2023-10-23 23:57:27,979 [INFO] CodeEngine:255 - oldGeneratedFile, E:\STM32CubeIDE\workspace_1.13.2\TEST\Core\Src\iwdg.c_save
2023-10-23 23:57:28,082 [INFO] CodeEngine:279 - Generated code: E:\STM32CubeIDE\workspace_1.13.2\TEST\Core\Src\iwdg.c
2023-10-23 23:57:28,090 [INFO] CodeEngine:255 - oldGeneratedFile, E:\STM32CubeIDE\workspace_1.13.2\TEST\Core\Inc\iwdg.h_save
2023-10-23 23:57:28,159 [INFO] CodeEngine:279 - Generated code: E:\STM32CubeIDE\workspace_1.13.2\TEST\Core\Inc\iwdg.h
2023-10-23 23:57:28,173 [INFO] CodeEngine:255 - oldGeneratedFile, E:\STM32CubeIDE\workspace_1.13.2\TEST\Core\Src\rtc.c_save
2023-10-23 23:57:28,264 [INFO] CodeEngine:279 - Generated code: E:\STM32CubeIDE\workspace_1.13.2\TEST\Core\Src\rtc.c
2023-10-23 23:57:28,268 [INFO] CodeEngine:255 - oldGeneratedFile, E:\STM32CubeIDE\workspace_1.13.2\TEST\Core\Inc\rtc.h_save
2023-10-23 23:57:28,333 [INFO] CodeEngine:279 - Generated code: E:\STM32CubeIDE\workspace_1.13.2\TEST\Core\Inc\rtc.h
2023-10-23 23:57:28,352 [INFO] CodeEngine:255 - oldGeneratedFile, E:\STM32CubeIDE\workspace_1.13.2\TEST\Core\Src\spi.c_save
2023-10-23 23:57:28,445 [INFO] CodeEngine:279 - Generated code: E:\STM32CubeIDE\workspace_1.13.2\TEST\Core\Src\spi.c
2023-10-23 23:57:28,449 [INFO] CodeEngine:255 - oldGeneratedFile, E:\STM32CubeIDE\workspace_1.13.2\TEST\Core\Inc\spi.h_save
2023-10-23 23:57:28,520 [INFO] CodeEngine:279 - Generated code: E:\STM32CubeIDE\workspace_1.13.2\TEST\Core\Inc\spi.h
2023-10-23 23:57:28,536 [INFO] CodeEngine:255 - oldGeneratedFile, E:\STM32CubeIDE\workspace_1.13.2\TEST\Core\Src\usart.c_save
2023-10-23 23:57:28,621 [INFO] CodeEngine:279 - Generated code: E:\STM32CubeIDE\workspace_1.13.2\TEST\Core\Src\usart.c
2023-10-23 23:57:28,625 [INFO] CodeEngine:255 - oldGeneratedFile, E:\STM32CubeIDE\workspace_1.13.2\TEST\Core\Inc\usart.h_save
2023-10-23 23:57:28,688 [INFO] CodeEngine:279 - Generated code: E:\STM32CubeIDE\workspace_1.13.2\TEST\Core\Inc\usart.h
2023-10-23 23:57:28,699 [INFO] Middleware:1439 - No code input for Bsp Dependency
2023-10-23 23:57:28,708 [INFO] Middleware:1439 - No code input for Bsp Dependency
2023-10-23 23:57:28,730 [INFO] CodeEngine:255 - oldGeneratedFile, E:\STM32CubeIDE\workspace_1.13.2\TEST\USB_DEVICE\App\usb_device.c_save
2023-10-23 23:57:28,813 [INFO] CodeEngine:279 - Generated code: E:\STM32CubeIDE\workspace_1.13.2\TEST\USB_DEVICE\App\usb_device.c
2023-10-23 23:57:28,822 [INFO] CodeEngine:255 - oldGeneratedFile, E:\STM32CubeIDE\workspace_1.13.2\TEST\USB_DEVICE\App\usb_device.h_save
2023-10-23 23:57:28,875 [INFO] CodeEngine:279 - Generated code: E:\STM32CubeIDE\workspace_1.13.2\TEST\USB_DEVICE\App\usb_device.h
2023-10-23 23:57:28,886 [INFO] CodeEngine:255 - oldGeneratedFile, E:\STM32CubeIDE\workspace_1.13.2\TEST\USB_DEVICE\Target\usbd_conf.h_save
2023-10-23 23:57:28,950 [INFO] CodeEngine:279 - Generated code: E:\STM32CubeIDE\workspace_1.13.2\TEST\USB_DEVICE\Target\usbd_conf.h
2023-10-23 23:57:28,965 [INFO] CodeEngine:255 - oldGeneratedFile, E:\STM32CubeIDE\workspace_1.13.2\TEST\USB_DEVICE\Target\usbd_conf.c_save
2023-10-23 23:57:29,047 [INFO] CodeEngine:279 - Generated code: E:\STM32CubeIDE\workspace_1.13.2\TEST\USB_DEVICE\Target\usbd_conf.c
2023-10-23 23:57:29,057 [INFO] CodeEngine:255 - oldGeneratedFile, E:\STM32CubeIDE\workspace_1.13.2\TEST\USB_DEVICE\App\usbd_desc.h_save
2023-10-23 23:57:29,111 [INFO] CodeEngine:279 - Generated code: E:\STM32CubeIDE\workspace_1.13.2\TEST\USB_DEVICE\App\usbd_desc.h
2023-10-23 23:57:29,127 [INFO] CodeEngine:255 - oldGeneratedFile, E:\STM32CubeIDE\workspace_1.13.2\TEST\USB_DEVICE\App\usbd_desc.c_save
2023-10-23 23:57:29,202 [INFO] CodeEngine:279 - Generated code: E:\STM32CubeIDE\workspace_1.13.2\TEST\USB_DEVICE\App\usbd_desc.c
2023-10-23 23:57:29,212 [INFO] CodeEngine:255 - oldGeneratedFile, E:\STM32CubeIDE\workspace_1.13.2\TEST\USB_DEVICE\App\usbd_cdc_if.h_save
2023-10-23 23:57:29,267 [INFO] CodeEngine:279 - Generated code: E:\STM32CubeIDE\workspace_1.13.2\TEST\USB_DEVICE\App\usbd_cdc_if.h
2023-10-23 23:57:29,282 [INFO] CodeEngine:255 - oldGeneratedFile, E:\STM32CubeIDE\workspace_1.13.2\TEST\USB_DEVICE\App\usbd_cdc_if.c_save
2023-10-23 23:57:29,354 [INFO] CodeEngine:279 - Generated code: E:\STM32CubeIDE\workspace_1.13.2\TEST\USB_DEVICE\App\usbd_cdc_if.c
2023-10-23 23:57:29,379 [INFO] CodeEngine:255 - oldGeneratedFile, E:\STM32CubeIDE\workspace_1.13.2\TEST\Core\Src\stm32f4xx_it.c_save
2023-10-23 23:57:29,472 [INFO] CodeEngine:279 - Generated code: E:\STM32CubeIDE\workspace_1.13.2\TEST\Core\Src\stm32f4xx_it.c
2023-10-23 23:57:29,482 [INFO] CodeEngine:255 - oldGeneratedFile, E:\STM32CubeIDE\workspace_1.13.2\TEST\Core\Inc\stm32f4xx_it.h_save
2023-10-23 23:57:29,538 [INFO] CodeEngine:279 - Generated code: E:\STM32CubeIDE\workspace_1.13.2\TEST\Core\Inc\stm32f4xx_it.h
2023-10-23 23:57:29,562 [INFO] CodeEngine:255 - oldGeneratedFile, E:\STM32CubeIDE\workspace_1.13.2\TEST\Core\Src\stm32f4xx_hal_msp.c_save
2023-10-23 23:57:29,662 [INFO] CodeEngine:279 - Generated code: E:\STM32CubeIDE\workspace_1.13.2\TEST\Core\Src\stm32f4xx_hal_msp.c
2023-10-23 23:57:29,673 [INFO] CodeEngine:255 - oldGeneratedFile, E:\STM32CubeIDE\workspace_1.13.2\TEST\MXTmpFiles\system.tmp_save
2023-10-23 23:57:29,733 [INFO] CodeEngine:279 - Generated code: E:\STM32CubeIDE\workspace_1.13.2\TEST\MXTmpFiles\system.tmp
2023-10-23 23:57:29,758 [INFO] CodeEngine:311 - oldGeneratedFile, E:\STM32CubeIDE\workspace_1.13.2\TEST\Core\Inc\stm32f4xx_hal_conf.h_save
2023-10-23 23:57:29,873 [INFO] CodeEngine:335 - Generated code: E:\STM32CubeIDE\workspace_1.13.2\TEST\Core\Inc\stm32f4xx_hal_conf.h
2023-10-23 23:57:29,941 [INFO] CodeEngine:255 - oldGeneratedFile, E:\STM32CubeIDE\workspace_1.13.2\TEST\Core\Inc\main.h_save
2023-10-23 23:57:30,024 [INFO] CodeEngine:279 - Generated code: E:\STM32CubeIDE\workspace_1.13.2\TEST\Core\Inc\main.h
2023-10-23 23:57:30,041 [INFO] CodeEngine:255 - oldGeneratedFile, E:\STM32CubeIDE\workspace_1.13.2\TEST\Core\Src\main.c_save
2023-10-23 23:57:30,162 [INFO] CodeEngine:279 - Generated code: E:\STM32CubeIDE\workspace_1.13.2\TEST\Core\Src\main.c
2023-10-23 23:57:30,597 [INFO] ProjectBuilder:3064 - Time for Copy HAL[1] : 151mS.
2023-10-23 23:57:30,604 [INFO] ProjectBuilder:4404 - Project Generator version: 4.1.0
2023-10-23 23:57:30,780 [INFO] ConfigFileManager:1457 - The Die is : DIE413
2023-10-23 23:57:30,798 [INFO] ApiDbMcu:507 - Load IP Config File for FATFS
2023-10-23 23:57:30,834 [INFO] ApiDbMcu:507 - Load IP Config File for FREERTOS
2023-10-23 23:57:30,844 [INFO] ApiDbMcu:507 - Load IP Config File for LIBJPEG
2023-10-23 23:57:30,915 [INFO] ApiDbMcu:507 - Load IP Config File for LWIP
2023-10-23 23:57:30,961 [INFO] ApiDbMcu:507 - Load IP Config File for MBEDTLS
2023-10-23 23:57:30,977 [INFO] ApiDbMcu:507 - Load IP Config File for USB_HOST
2023-10-23 23:57:31,938 [INFO] LogOutputStream:77 - [STDOUT_REDIRECT] 
2023-10-23 23:57:34,625 [INFO] ProjectBuilder:4626 - Time for Generating toolchain IDE Files: 4020mS.
2023-10-23 23:57:34,625 [INFO] ProjectBuilder:2935 - Time for Copy CMSIS : 0mS.
2023-10-23 23:57:34,628 [INFO] ProjectBuilder:2935 - Time for Copy CMSIS : 0mS.
