2023-10-18 00:08:03,863 [INFO] UtilMem:75 - End SaveConfig() Used Memory: 667168744 Bytes (1073741824)
2023-10-18 00:08:04,020 [INFO] BlockDiagram:2759 - set Specific Code input for plugin: SYS
2023-10-18 00:08:04,020 [INFO] BlockDiagram:2759 - set Specific Code input for plugin: RCC
2023-10-18 00:08:04,020 [INFO] BlockDiagram:2759 - set Specific Code input for plugin: NVIC
2023-10-18 00:08:04,020 [INFO] BlockDiagram:2759 - set Specific Code input for plugin: USART
2023-10-18 00:08:04,020 [INFO] BlockDiagram:2759 - set Specific Code input for plugin: GPIO
2023-10-18 00:08:04,021 [INFO] CodeGenerator:799 - code generatio: config db path: C:\ST\STM32CubeIDE_1.13.2\STM32CubeIDE\plugins\com.st.stm32cube.common.mx_6.9.2.202309101412\\db\
2023-10-18 00:08:04,112 [INFO] CodeEngine:255 - oldGeneratedFile, E:\CUBE_WORK\F407BOOT\MXTmpFiles\license.tmp_save
2023-10-18 00:08:04,185 [INFO] CodeEngine:279 - Generated code: E:\CUBE_WORK\F407BOOT\MXTmpFiles\license.tmp
2023-10-18 00:08:04,236 [INFO] CodeEngine:255 - oldGeneratedFile, E:\CUBE_WORK\F407BOOT\Core\Src\gpio.c_save
2023-10-18 00:08:04,302 [INFO] CodeEngine:279 - Generated code: E:\CUBE_WORK\F407BOOT\Core\Src\gpio.c
2023-10-18 00:08:04,313 [INFO] CodeEngine:255 - oldGeneratedFile, E:\CUBE_WORK\F407BOOT\Core\Inc\gpio.h_save
2023-10-18 00:08:04,369 [INFO] CodeEngine:279 - Generated code: E:\CUBE_WORK\F407BOOT\Core\Inc\gpio.h
2023-10-18 00:08:04,397 [INFO] CodeEngine:255 - oldGeneratedFile, E:\CUBE_WORK\F407BOOT\Core\Src\usart.c_save
2023-10-18 00:08:04,473 [INFO] CodeEngine:279 - Generated code: E:\CUBE_WORK\F407BOOT\Core\Src\usart.c
2023-10-18 00:08:04,476 [INFO] CodeEngine:255 - oldGeneratedFile, E:\CUBE_WORK\F407BOOT\Core\Inc\usart.h_save
2023-10-18 00:08:04,526 [INFO] CodeEngine:279 - Generated code: E:\CUBE_WORK\F407BOOT\Core\Inc\usart.h
2023-10-18 00:08:04,542 [INFO] CodeEngine:255 - oldGeneratedFile, E:\CUBE_WORK\F407BOOT\Core\Src\stm32f4xx_it.c_save
2023-10-18 00:08:04,693 [INFO] CodeEngine:279 - Generated code: E:\CUBE_WORK\F407BOOT\Core\Src\stm32f4xx_it.c
2023-10-18 00:08:04,697 [INFO] CodeEngine:255 - oldGeneratedFile, E:\CUBE_WORK\F407BOOT\Core\Inc\stm32f4xx_it.h_save
2023-10-18 00:08:04,743 [INFO] CodeEngine:279 - Generated code: E:\CUBE_WORK\F407BOOT\Core\Inc\stm32f4xx_it.h
2023-10-18 00:08:04,761 [INFO] CodeEngine:255 - oldGeneratedFile, E:\CUBE_WORK\F407BOOT\Core\Src\stm32f4xx_hal_msp.c_save
2023-10-18 00:08:04,831 [INFO] CodeEngine:279 - Generated code: E:\CUBE_WORK\F407BOOT\Core\Src\stm32f4xx_hal_msp.c
2023-10-18 00:08:04,833 [INFO] CodeEngine:255 - oldGeneratedFile, E:\CUBE_WORK\F407BOOT\MXTmpFiles\system.tmp_save
2023-10-18 00:08:04,887 [INFO] CodeEngine:279 - Generated code: E:\CUBE_WORK\F407BOOT\MXTmpFiles\system.tmp
2023-10-18 00:08:04,904 [INFO] CodeEngine:311 - oldGeneratedFile, E:\CUBE_WORK\F407BOOT\Core\Inc\stm32f4xx_hal_conf.h_save
2023-10-18 00:08:04,988 [INFO] CodeEngine:335 - Generated code: E:\CUBE_WORK\F407BOOT\Core\Inc\stm32f4xx_hal_conf.h
2023-10-18 00:08:05,021 [INFO] CodeEngine:255 - oldGeneratedFile, E:\CUBE_WORK\F407BOOT\Core\Inc\main.h_save
2023-10-18 00:08:05,088 [INFO] CodeEngine:279 - Generated code: E:\CUBE_WORK\F407BOOT\Core\Inc\main.h
2023-10-18 00:08:05,099 [INFO] CodeEngine:255 - oldGeneratedFile, E:\CUBE_WORK\F407BOOT\Core\Src\main.c_save
2023-10-18 00:08:05,164 [INFO] CodeEngine:279 - Generated code: E:\CUBE_WORK\F407BOOT\Core\Src\main.c
2023-10-18 00:08:05,611 [INFO] ProjectBuilder:3064 - Time for Copy HAL[1] : 103mS.
2023-10-18 00:08:05,613 [INFO] ProjectBuilder:4404 - Project Generator version: 4.1.0
2023-10-18 00:08:05,754 [INFO] ConfigFileManager:1457 - The Die is : DIE413
2023-10-18 00:08:06,704 [INFO] ProjectBuilder:4626 - Time for Generating toolchain IDE Files: 1091mS.
2023-10-18 00:08:06,705 [INFO] ProjectBuilder:2935 - Time for Copy CMSIS : 1mS.
2023-10-18 00:08:06,706 [INFO] ProjectBuilder:2935 - Time for Copy CMSIS : 0mS.
2023-10-18 00:08:49,735 [ERROR] LogOutputStream:75 - [STDERR_REDIRECT] 
2023-10-18 00:15:15,074 [INFO] Activator:176 - 


2023-10-18 00:15:15,076 [INFO] Activator:177 - !SESSION log4j initialized
2023-10-18 00:15:19,331 [INFO] LogOutputStream:77 - [STDOUT_REDIRECT] 
2023-10-18 00:15:25,341 [INFO] ApplicationProperties:184 - Using Application install path: C:\ST\STM32CubeIDE_1.13.2\STM32CubeIDE\plugins\com.st.stm32cube.common.mx_6.9.2.202309101412
2023-10-18 00:15:25,357 [INFO] DbMcusXml:78 - Set database path to: C:\ST\STM32CubeIDE_1.13.2\STM32CubeIDE\plugins\com.st.stm32cube.common.mx_6.9.2.202309101412\\db\/mcu/
2023-10-18 00:15:25,358 [INFO] ApiDb:274 - Set plugin database path to: C:\ST\STM32CubeIDE_1.13.2\STM32CubeIDE\plugins\com.st.stm32cube.common.mx_6.9.2.202309101412\\db\/plugins/boardmanager/
2023-10-18 00:15:25,358 [WARN] ApiDb:259 - Overriding images path with different value:  => C:\ST\STM32CubeIDE_1.13.2\STM32CubeIDE\plugins\com.st.stm32cube.common.mx_6.9.2.202309101412\\db\/plugins/mcufinder/images/
2023-10-18 00:15:25,371 [INFO] ApiDb:250 - Set database path to: C:\Users\wjunh\.stmcufinder\plugins\mcufinder//mcu/
2023-10-18 00:15:25,373 [INFO] DbMcusAds:125 - Set database path to: C:\Users\wjunh\.stmcufinder\plugins\mcufinder//mcu/
2023-10-18 00:15:25,375 [INFO] CrossReferenceDbSqlite:203 - Set database path to: C:\Users\wjunh\.stmcufinder\plugins\mcufinder//mcu/cs/
2023-10-18 00:15:25,487 [INFO] RulesReader:64 - Compatibility file has been processed (293 Rules)
2023-10-18 00:15:25,576 [INFO] DbMcusXml:78 - Set database path to: C:\ST\STM32CubeIDE_1.13.2\STM32CubeIDE\plugins\com.st.stm32cube.common.mx_6.9.2.202309101412\\db\/mcu/
2023-10-18 00:15:25,576 [INFO] ApiDb:274 - Set plugin database path to: C:\ST\STM32CubeIDE_1.13.2\STM32CubeIDE\plugins\com.st.stm32cube.common.mx_6.9.2.202309101412\\db\/plugins/boardmanager/
2023-10-18 00:15:25,576 [INFO] ApiDb:261 - Set plugin images path to: C:\ST\STM32CubeIDE_1.13.2\STM32CubeIDE\plugins\com.st.stm32cube.common.mx_6.9.2.202309101412\\db\/plugins/mcufinder/images/
2023-10-18 00:15:25,577 [WARN] DbFile:41 - Overriding database path with different value: C:\Users\wjunh\.stmcufinder\plugins\mcufinder/ => C:\Users\wjunh\.stmcufinder\plugins\mcufinder
2023-10-18 00:15:25,577 [INFO] ApiDb:250 - Set database path to: C:\Users\wjunh\.stmcufinder\plugins\mcufinder//mcu/
2023-10-18 00:15:25,577 [WARN] DbFile:41 - Overriding database path with different value: C:\Users\wjunh\.stmcufinder\plugins\mcufinder/ => C:\Users\wjunh\.stmcufinder\plugins\mcufinder
2023-10-18 00:15:25,577 [INFO] DbMcusAds:125 - Set database path to: C:\Users\wjunh\.stmcufinder\plugins\mcufinder//mcu/
2023-10-18 00:15:25,577 [WARN] DbFile:41 - Overriding database path with different value: C:\Users\wjunh\.stmcufinder\plugins\mcufinder/ => C:\Users\wjunh\.stmcufinder\plugins\mcufinder
2023-10-18 00:15:25,577 [WARN] DbFile:41 - Overriding database path with different value: C:\Users\wjunh\.stmcufinder\plugins\mcufinder/ => C:\Users\wjunh\.stmcufinder\plugins\mcufinder
2023-10-18 00:15:25,577 [INFO] CrossReferenceDbSqlite:203 - Set database path to: C:\Users\wjunh\.stmcufinder\plugins\mcufinder//mcu/cs/
2023-10-18 00:15:25,636 [INFO] MainPanel:262 - HeapMemory: 268435456
2023-10-18 00:15:25,699 [INFO] DbMcusXml:78 - Set database path to: C:\ST\STM32CubeIDE_1.13.2\STM32CubeIDE\plugins\com.st.stm32cube.common.mx_6.9.2.202309101412\\db\/mcu/
2023-10-18 00:15:25,700 [INFO] ApiDb:274 - Set plugin database path to: C:\ST\STM32CubeIDE_1.13.2\STM32CubeIDE\plugins\com.st.stm32cube.common.mx_6.9.2.202309101412\\db\/plugins/boardmanager/
2023-10-18 00:15:25,700 [INFO] ApiDb:261 - Set plugin images path to: C:\ST\STM32CubeIDE_1.13.2\STM32CubeIDE\plugins\com.st.stm32cube.common.mx_6.9.2.202309101412\\db\/plugins/mcufinder/images/
2023-10-18 00:15:25,700 [WARN] DbFile:41 - Overriding database path with different value: C:\Users\wjunh\.stmcufinder\plugins\mcufinder/ => C:\Users\wjunh\.stmcufinder\plugins\mcufinder
2023-10-18 00:15:25,700 [INFO] ApiDb:250 - Set database path to: C:\Users\wjunh\.stmcufinder\plugins\mcufinder//mcu/
2023-10-18 00:15:25,700 [WARN] DbFile:41 - Overriding database path with different value: C:\Users\wjunh\.stmcufinder\plugins\mcufinder/ => C:\Users\wjunh\.stmcufinder\plugins\mcufinder
2023-10-18 00:15:25,700 [INFO] DbMcusAds:125 - Set database path to: C:\Users\wjunh\.stmcufinder\plugins\mcufinder//mcu/
2023-10-18 00:15:25,700 [WARN] DbFile:41 - Overriding database path with different value: C:\Users\wjunh\.stmcufinder\plugins\mcufinder/ => C:\Users\wjunh\.stmcufinder\plugins\mcufinder
2023-10-18 00:15:25,700 [WARN] DbFile:41 - Overriding database path with different value: C:\Users\wjunh\.stmcufinder\plugins\mcufinder/ => C:\Users\wjunh\.stmcufinder\plugins\mcufinder
2023-10-18 00:15:25,700 [INFO] CrossReferenceDbSqlite:203 - Set database path to: C:\Users\wjunh\.stmcufinder\plugins\mcufinder//mcu/cs/
2023-10-18 00:15:25,714 [INFO] ApplicationProperties:184 - Using Application install path: C:\ST\STM32CubeIDE_1.13.2\STM32CubeIDE\plugins\com.st.stm32cube.common.mx_6.9.2.202309101412
2023-10-18 00:15:25,715 [INFO] PluginManage:196 - Search for loadable plugins [exclusion list=, ]
2023-10-18 00:15:25,716 [INFO] PluginManage:310 - Check plugin analytics
2023-10-18 00:15:30,398 [INFO] AnalyticsPlugin:253 - Accepted Software Licenses: STM32CubeMX.6.8.1,STM32CubeMX.6.9.1,STM32CubeMX.6.9.2,STM32CubeMX.6.9.0
2023-10-18 00:15:30,398 [INFO] AnalyticsPlugin:255 - Accepted CMSIS Pack Licenses: 
2023-10-18 00:15:30,398 [INFO] AnalyticsPlugin:257 - Accepted Firmware Licenses: FW.F4.1.27.0
2023-10-18 00:15:30,401 [INFO] PluginManage:359 - Loaded plugin analytics (category:tool,tabindex:-1)
2023-10-18 00:15:30,401 [INFO] PluginManage:310 - Check plugin cadmodel
2023-10-18 00:15:30,404 [INFO] CADModel:105 - Init CAD model plugin
2023-10-18 00:15:30,405 [INFO] PluginManage:359 - Loaded plugin cadmodel (category:power,tabindex:5)
2023-10-18 00:15:30,405 [INFO] PluginManage:310 - Check plugin clock
2023-10-18 00:15:30,414 [INFO] PluginManage:359 - Loaded plugin clock (category:base,tabindex:2)
2023-10-18 00:15:30,414 [INFO] PluginManage:310 - Check plugin ddr
2023-10-18 00:15:30,416 [INFO] PluginManage:359 - Loaded plugin ddr (category:tool,tabindex:6)
2023-10-18 00:15:30,416 [INFO] PluginManage:310 - Check plugin filemanager
2023-10-18 00:15:30,527 [INFO] PluginManage:359 - Loaded plugin filemanager (category:base,tabindex:10)
2023-10-18 00:15:30,527 [INFO] PluginManage:310 - Check plugin ipmanager
2023-10-18 00:15:30,533 [INFO] PluginManage:359 - Loaded plugin ipmanager (category:base,tabindex:5)
2023-10-18 00:15:30,533 [INFO] PluginManage:310 - Check plugin lpbam
2023-10-18 00:15:30,541 [INFO] PluginManage:359 - Loaded plugin lpbam (category:base,tabindex:0)
2023-10-18 00:15:30,541 [INFO] PluginManage:310 - Check plugin memorymap
2023-10-18 00:15:30,553 [INFO] PluginManage:359 - Loaded plugin memorymap (category:base,tabindex:4)
2023-10-18 00:15:30,553 [INFO] PluginManage:310 - Check plugin pinoutandconfiguration
2023-10-18 00:15:30,559 [INFO] PluginManage:359 - Loaded plugin pinoutandconfiguration (category:base,tabindex:1)
2023-10-18 00:15:30,559 [INFO] PluginManage:310 - Check plugin pinoutconfig
2023-10-18 00:15:30,632 [WARN] SupportedApi:132 - Cannot load RTOS API schema: s4s-elt-must-match.1: The content of 'definitions' must match (annotation?, (simpleType | complexType)?, (unique | key | keyref)*)). A problem was found starting at: attribute.
2023-10-18 00:15:30,744 [INFO] PluginManage:359 - Loaded plugin pinoutconfig (category:base,tabindex:0)
2023-10-18 00:15:30,745 [INFO] PluginManage:310 - Check plugin power
2023-10-18 00:15:30,753 [INFO] PluginManage:359 - Loaded plugin power (category:power,tabindex:4)
2023-10-18 00:15:30,753 [INFO] PluginManage:310 - Check plugin projectmanager
2023-10-18 00:15:30,767 [INFO] PluginManage:359 - Loaded plugin projectmanager (category:projectmanager,tabindex:3)
2023-10-18 00:15:30,767 [INFO] PluginManage:310 - Check plugin thirdparty
2023-10-18 00:15:30,878 [INFO] PluginManage:359 - Loaded plugin thirdparty (category:base,tabindex:-1)
2023-10-18 00:15:30,878 [INFO] PluginManage:310 - Check plugin tools
2023-10-18 00:15:30,878 [WARN] IntegrityCheckThread:84 - waiting for thirdparty lock release [integrity check]
2023-10-18 00:15:30,878 [INFO] IntegrityCheckThread:86 - entering critical section [integrity check]
2023-10-18 00:15:30,879 [INFO] ThirdPartyUpdaterWithRetryManager:70 - Updater plugin not ready yet. [1/15]
2023-10-18 00:15:30,881 [INFO] PluginManage:359 - Loaded plugin tools (category:base,tabindex:7)
2023-10-18 00:15:30,881 [INFO] PluginManage:310 - Check plugin tutovideos
2023-10-18 00:15:31,044 [INFO] PluginManage:359 - Loaded plugin tutovideos (category:base,tabindex:-1)
2023-10-18 00:15:31,044 [INFO] PluginManage:310 - Check plugin updater
2023-10-18 00:15:31,053 [INFO] PluginManage:359 - Loaded plugin updater (category:base,tabindex:12)
2023-10-18 00:15:31,053 [INFO] PluginManage:310 - Check plugin userauth
2023-10-18 00:15:31,057 [INFO] UserAuth:113 - Init User Auth plugin
2023-10-18 00:15:31,057 [INFO] PluginManage:359 - Loaded plugin userauth (category:base,tabindex:14)
2023-10-18 00:15:31,058 [INFO] PluginManage:283 - PluginManage : Loaded plugins [17]
2023-10-18 00:15:31,240 [INFO] PinOutPanel:1499 - setPackage(No Configuration,No Configuration)
2023-10-18 00:15:31,331 [INFO] CADModel:165 - CPN selected for project level
2023-10-18 00:15:31,331 [INFO] CADModel:114 - Register for checkConnection events
2023-10-18 00:15:31,344 [INFO] IPUIPlugin:80 - create IPUIPlugin
2023-10-18 00:15:31,344 [INFO] PluginManager:220 - loadIPPluginJar : add adc
2023-10-18 00:15:31,346 [INFO] IPUIPlugin:80 - create IPUIPlugin
2023-10-18 00:15:31,346 [INFO] PluginManager:220 - loadIPPluginJar : add aes
2023-10-18 00:15:31,347 [INFO] IPUIPlugin:80 - create IPUIPlugin
2023-10-18 00:15:31,348 [INFO] PluginManager:220 - loadIPPluginJar : add can
2023-10-18 00:15:31,348 [INFO] IPUIPlugin:80 - create IPUIPlugin
2023-10-18 00:15:31,348 [INFO] PluginManager:220 - loadIPPluginJar : add comp
2023-10-18 00:15:31,351 [INFO] IPUIPlugin:80 - create IPUIPlugin
2023-10-18 00:15:31,351 [INFO] PluginManager:220 - loadIPPluginJar : add cryp
2023-10-18 00:15:31,352 [INFO] IPUIPlugin:80 - create IPUIPlugin
2023-10-18 00:15:31,352 [INFO] PluginManager:220 - loadIPPluginJar : add dfsdm
2023-10-18 00:15:31,357 [INFO] IPUIPlugin:80 - create IPUIPlugin
2023-10-18 00:15:31,357 [INFO] PluginManager:220 - loadIPPluginJar : add dma
2023-10-18 00:15:31,359 [INFO] IPUIPlugin:80 - create IPUIPlugin
2023-10-18 00:15:31,359 [INFO] PluginManager:220 - loadIPPluginJar : add dma3
2023-10-18 00:15:31,359 [INFO] IPUIPlugin:80 - create IPUIPlugin
2023-10-18 00:15:31,359 [INFO] PluginManager:220 - loadIPPluginJar : add fatfs
2023-10-18 00:15:31,363 [INFO] IPUIPlugin:80 - create IPUIPlugin
2023-10-18 00:15:31,363 [INFO] PluginManager:220 - loadIPPluginJar : add fmc
2023-10-18 00:15:31,367 [INFO] IPUIPlugin:80 - create IPUIPlugin
2023-10-18 00:15:31,368 [INFO] PluginManager:220 - loadIPPluginJar : add freertos
2023-10-18 00:15:31,369 [INFO] IPUIPlugin:80 - create IPUIPlugin
2023-10-18 00:15:31,369 [INFO] PluginManager:220 - loadIPPluginJar : add genericplugin
2023-10-18 00:15:31,370 [INFO] IPUIPlugin:80 - create IPUIPlugin
2023-10-18 00:15:31,371 [INFO] PluginManager:220 - loadIPPluginJar : add gfxmmu
2023-10-18 00:15:31,374 [INFO] IPUIPlugin:80 - create IPUIPlugin
2023-10-18 00:15:31,374 [INFO] PluginManager:220 - loadIPPluginJar : add gic
2023-10-18 00:15:31,378 [INFO] IPUIPlugin:80 - create IPUIPlugin
2023-10-18 00:15:31,378 [INFO] PluginManager:220 - loadIPPluginJar : add gpio
2023-10-18 00:15:31,380 [INFO] IPUIPlugin:80 - create IPUIPlugin
2023-10-18 00:15:31,380 [INFO] PluginManager:220 - loadIPPluginJar : add gtzc
2023-10-18 00:15:31,382 [INFO] IPUIPlugin:80 - create IPUIPlugin
2023-10-18 00:15:31,382 [INFO] PluginManager:220 - loadIPPluginJar : add hash
2023-10-18 00:15:31,384 [INFO] IPUIPlugin:80 - create IPUIPlugin
2023-10-18 00:15:31,384 [INFO] PluginManager:220 - loadIPPluginJar : add i2c
2023-10-18 00:15:31,385 [INFO] IPUIPlugin:80 - create IPUIPlugin
2023-10-18 00:15:31,385 [INFO] PluginManager:220 - loadIPPluginJar : add i2s
2023-10-18 00:15:31,389 [INFO] IPUIPlugin:80 - create IPUIPlugin
2023-10-18 00:15:31,389 [INFO] PluginManager:220 - loadIPPluginJar : add i3c
2023-10-18 00:15:31,391 [INFO] IPUIPlugin:80 - create IPUIPlugin
2023-10-18 00:15:31,391 [INFO] PluginManager:220 - loadIPPluginJar : add ipddr
2023-10-18 00:15:31,397 [INFO] IPUIPlugin:80 - create IPUIPlugin
2023-10-18 00:15:31,397 [INFO] PluginManager:220 - loadIPPluginJar : add linkedlist
2023-10-18 00:15:31,399 [INFO] IPUIPlugin:80 - create IPUIPlugin
2023-10-18 00:15:31,399 [INFO] PluginManager:220 - loadIPPluginJar : add lorawan
2023-10-18 00:15:31,400 [INFO] IPUIPlugin:80 - create IPUIPlugin
2023-10-18 00:15:31,400 [INFO] PluginManager:220 - loadIPPluginJar : add ltdc
2023-10-18 00:15:31,405 [INFO] IPUIPlugin:80 - create IPUIPlugin
2023-10-18 00:15:31,405 [INFO] PluginManager:220 - loadIPPluginJar : add mdma
2023-10-18 00:15:31,408 [INFO] IPUIPlugin:80 - create IPUIPlugin
2023-10-18 00:15:31,408 [INFO] PluginManager:220 - loadIPPluginJar : add nvic
2023-10-18 00:15:31,412 [INFO] IPUIPlugin:80 - create IPUIPlugin
2023-10-18 00:15:31,412 [INFO] PluginManager:220 - loadIPPluginJar : add opamp
2023-10-18 00:15:31,414 [INFO] IPUIPlugin:80 - create IPUIPlugin
2023-10-18 00:15:31,414 [INFO] PluginManager:220 - loadIPPluginJar : add openamp
2023-10-18 00:15:31,416 [INFO] IPUIPlugin:80 - create IPUIPlugin
2023-10-18 00:15:31,416 [INFO] PluginManager:220 - loadIPPluginJar : add pdm2pcm
2023-10-18 00:15:31,420 [INFO] IPUIPlugin:80 - create IPUIPlugin
2023-10-18 00:15:31,423 [INFO] PluginManager:220 - loadIPPluginJar : add plateformsettings
2023-10-18 00:15:31,426 [INFO] IPUIPlugin:80 - create IPUIPlugin
2023-10-18 00:15:31,426 [INFO] PluginManager:220 - loadIPPluginJar : add quadspi
2023-10-18 00:15:31,430 [INFO] IPUIPlugin:80 - create IPUIPlugin
2023-10-18 00:15:31,430 [INFO] PluginManager:220 - loadIPPluginJar : add resmgrutility
2023-10-18 00:15:31,432 [INFO] IPUIPlugin:80 - create IPUIPlugin
2023-10-18 00:15:31,432 [INFO] PluginManager:220 - loadIPPluginJar : add sai
2023-10-18 00:15:31,434 [INFO] IPUIPlugin:80 - create IPUIPlugin
2023-10-18 00:15:31,434 [INFO] PluginManager:220 - loadIPPluginJar : add spi
2023-10-18 00:15:31,438 [INFO] IPUIPlugin:80 - create IPUIPlugin
2023-10-18 00:15:31,438 [INFO] PluginManager:220 - loadIPPluginJar : add stm32_wpan
2023-10-18 00:15:31,440 [INFO] IPUIPlugin:80 - create IPUIPlugin
2023-10-18 00:15:31,440 [INFO] PluginManager:220 - loadIPPluginJar : add tim
2023-10-18 00:15:31,442 [INFO] IPUIPlugin:80 - create IPUIPlugin
2023-10-18 00:15:31,442 [INFO] PluginManager:220 - loadIPPluginJar : add touchsensing
2023-10-18 00:15:31,443 [INFO] IPUIPlugin:80 - create IPUIPlugin
2023-10-18 00:15:31,443 [INFO] PluginManager:220 - loadIPPluginJar : add tracer_emb
2023-10-18 00:15:31,444 [INFO] IPUIPlugin:80 - create IPUIPlugin
2023-10-18 00:15:31,444 [INFO] PluginManager:220 - loadIPPluginJar : add ts
2023-10-18 00:15:31,446 [INFO] IPUIPlugin:80 - create IPUIPlugin
2023-10-18 00:15:31,446 [INFO] PluginManager:220 - loadIPPluginJar : add tsc
2023-10-18 00:15:31,448 [INFO] IPUIPlugin:80 - create IPUIPlugin
2023-10-18 00:15:31,448 [INFO] PluginManager:220 - loadIPPluginJar : add ucpd
2023-10-18 00:15:31,450 [INFO] IPUIPlugin:80 - create IPUIPlugin
2023-10-18 00:15:31,450 [INFO] PluginManager:220 - loadIPPluginJar : add usart
2023-10-18 00:15:31,452 [INFO] IPUIPlugin:80 - create IPUIPlugin
2023-10-18 00:15:31,452 [INFO] PluginManager:220 - loadIPPluginJar : add usbx
2023-10-18 00:15:31,579 [INFO] CADModel:165 - CPN selected for project level
2023-10-18 00:15:31,579 [INFO] CADModel:114 - Register for checkConnection events
2023-10-18 00:15:31,579 [FATAL] Updater:308 - Updater called before beeing initialized
2023-10-18 00:15:31,579 [ERROR] CADModel:125 - Updater not yet initialized, retry later 
2023-10-18 00:15:31,699 [INFO] CADModel:165 - CPN selected for project level
2023-10-18 00:15:31,699 [INFO] CADModel:114 - Register for checkConnection events
2023-10-18 00:15:31,699 [FATAL] Updater:308 - Updater called before beeing initialized
2023-10-18 00:15:31,699 [ERROR] CADModel:125 - Updater not yet initialized, retry later 
2023-10-18 00:15:31,702 [FATAL] Updater:308 - Updater called before beeing initialized
2023-10-18 00:15:31,806 [FATAL] Updater:308 - Updater called before beeing initialized
2023-10-18 00:15:31,814 [INFO] DbMcusAds:53 - JSON generation date=Tue Mar 07 16:50:55 CST 2023 (1678179055114)
2023-10-18 00:15:31,814 [FATAL] Updater:308 - Updater called before beeing initialized
2023-10-18 00:15:31,848 [WARN] DetailPanel:346 - Failed to get advertising image, set to default
2023-10-18 00:15:31,935 [FATAL] Updater:308 - Updater called before beeing initialized
2023-10-18 00:15:31,936 [FATAL] Updater:308 - Updater called before beeing initialized
2023-10-18 00:15:31,936 [FATAL] Updater:308 - Updater called before beeing initialized
2023-10-18 00:15:31,936 [WARN] DetailPanel:346 - Failed to get advertising image, set to default
2023-10-18 00:15:31,937 [FATAL] Updater:308 - Updater called before beeing initialized
2023-10-18 00:15:31,984 [ERROR] Updater:1120 - MainUpdater not yet initialized. External WinMGr cannot be set.
2023-10-18 00:15:31,986 [INFO] Updater:1056 - Updater Version found : 6.9.2
2023-10-18 00:15:32,001 [INFO] ApplicationProperties:184 - Using Application install path: C:\ST\STM32CubeIDE_1.13.2\STM32CubeIDE\plugins\com.st.stm32cube.common.mx_6.9.2.202309101412
2023-10-18 00:15:32,162 [INFO] MainUpdater:2868 - connection check result : 10
2023-10-18 00:15:32,163 [INFO] MainUpdater:285 - Updater Check For Update Now.
2023-10-18 00:15:32,163 [INFO] MicroXplorer:498 - Change Database Version : DB.6.0.92
2023-10-18 00:15:32,170 [INFO] McuFinderGlobals:63 - Set McuFinder mode to 2 (CubeIDE integrated)
2023-10-18 00:15:32,170 [INFO] UserAuth:179 - activating auth plugin
2023-10-18 00:15:32,173 [INFO] UserAuth:393 - Internet connection configuration mode: 1
2023-10-18 00:15:32,193 [INFO] JxBrowserEngine:151 - Initiate JxBrowser Engine with user profile folder
2023-10-18 00:15:32,337 [INFO] CheckServerUpdateThread:120 - End of CheckServer Thread
2023-10-18 00:15:32,750 [INFO] WebApp:157 - Instantiating new browser for Auth
2023-10-18 00:15:33,441 [INFO] WebApp:753 - Register for checkConnection events
2023-10-18 00:15:33,441 [INFO] WebApp:390 - Apply proxy settings
2023-10-18 00:15:33,441 [INFO] WebApp:475 - Chromium requires no authentication
2023-10-18 00:15:33,448 [INFO] WebApp:418 - Direct internet connection detected
2023-10-18 00:15:33,676 [INFO] WebApp:188 - Starting web application
2023-10-18 00:15:33,676 [INFO] WebApp:520 - Web application path used C:\ST\STM32CubeIDE_1.13.2\STM32CubeIDE\plugins\com.st.stm32cube.common.mx_6.9.2.202309101412\db\plugins\mcufinder\reactClient1\index.html
2023-10-18 00:15:34,096 [WARN] PackLoader:240 - Cannot read IP mode file for STMicroelectronics.X-CUBE-SMBUS.2.1.0
2023-10-18 00:15:34,142 [WARN] PackLoader:240 - Cannot read IP mode file for STMicroelectronics.X-CUBE-AZRTOS-F7.1.1.0
2023-10-18 00:15:34,154 [WARN] PackLoader:240 - Cannot read IP mode file for STMicroelectronics.FP-SNS-MOTENV1.4.3.2
2023-10-18 00:15:34,162 [WARN] PackLoader:240 - Cannot read IP mode file for STMicroelectronics.FP-SNS-FLIGHT1.5.0.2
2023-10-18 00:15:34,173 [WARN] PackLoader:240 - Cannot read IP mode file for STMicroelectronics.X-CUBE-DISPLAY.3.0.0
2023-10-18 00:15:34,189 [WARN] PackLoader:240 - Cannot read IP mode file for STMicroelectronics.X-CUBE-BLE1.7.0.0
2023-10-18 00:15:34,201 [WARN] PackLoader:240 - Cannot read IP mode file for emotas.I-CUBE-CANOPEN.1.3.0
2023-10-18 00:15:34,207 [WARN] PackLoader:240 - Cannot read IP mode file for STMicroelectronics.X-CUBE-TOUCHGFX.4.22.1
2023-10-18 00:15:34,212 [WARN] PackLoader:240 - Cannot read IP mode file for STMicroelectronics.FP-SNS-SMARTAG2.1.2.0
2023-10-18 00:15:34,228 [INFO] LogOutputStream:77 - [STDOUT_REDIRECT] 1 : Invalid condition id : UX_CORESTACK_Condition cause : null
2023-10-18 00:15:34,229 [INFO] LogOutputStream:77 - [STDOUT_REDIRECT] 1 : Invalid condition id : UX_CORESTACK_Condition cause : null
2023-10-18 00:15:34,231 [INFO] LogOutputStream:77 - [STDOUT_REDIRECT] 1 : Invalid condition id : UX_CORESTACK_Condition cause : null
2023-10-18 00:15:34,233 [INFO] LogOutputStream:77 - [STDOUT_REDIRECT] 1 : Invalid condition id : UX_CORESTACK_Condition cause : null
2023-10-18 00:15:34,235 [INFO] LogOutputStream:77 - [STDOUT_REDIRECT] 1 : Invalid condition id : UX_CORESTACK_Condition cause : null
2023-10-18 00:15:34,240 [WARN] PackLoader:240 - Cannot read IP mode file for STMicroelectronics.X-CUBE-AZRTOS-WL.2.0.0
2023-10-18 00:15:34,250 [WARN] PackLoader:240 - Cannot read IP mode file for WES.I-CUBE-Cesium.1.3.0
2023-10-18 00:15:34,255 [WARN] PackLoader:240 - Cannot read IP mode file for STMicroelectronics.X-CUBE-BLE2.3.3.0
2023-10-18 00:15:34,264 [WARN] PackLoader:240 - Cannot read IP mode file for STMicroelectronics.X-CUBE-ALGOBUILD.1.3.0
2023-10-18 00:15:34,292 [WARN] PackLoader:240 - Cannot read IP mode file for STMicroelectronics.X-CUBE-AZRTOS-G0.1.1.0
2023-10-18 00:15:34,301 [WARN] PackLoader:240 - Cannot read IP mode file for STMicroelectronics.X-CUBE-NFC4.3.0.0
2023-10-18 00:15:34,306 [WARN] PackLoader:240 - Cannot read IP mode file for STMicroelectronics.FP-ATR-SIGFOX1.3.2.0
2023-10-18 00:15:34,344 [WARN] PackLoader:240 - Cannot read IP mode file for SEGGER.I-CUBE-embOS.1.3.1
2023-10-18 00:15:34,372 [WARN] PackLoader:240 - Cannot read IP mode file for STMicroelectronics.X-CUBE-GNSS1.6.0.0
2023-10-18 00:15:34,386 [WARN] PackLoader:240 - Cannot read IP mode file for STMicroelectronics.X-CUBE-AZRTOS-F4.1.1.0
2023-10-18 00:15:34,392 [WARN] PackLoader:240 - Cannot read IP mode file for wolfSSL.I-CUBE-wolfSSL.5.6.3
2023-10-18 00:15:34,405 [WARN] PackLoader:240 - Cannot read IP mode file for STMicroelectronics.X-CUBE-AZRTOS-L5.2.0.0
2023-10-18 00:15:34,411 [WARN] PackLoader:240 - Cannot read IP mode file for ITTIA_DB.I-CUBE-ITTIADB.8.8.0
2023-10-18 00:15:34,417 [WARN] PackLoader:240 - Cannot read IP mode file for STMicroelectronics.X-CUBE-BLEMGR.2.0.0
2023-10-18 00:15:34,430 [WARN] ConditionMgr:438 - getConditionDescription Invalid condition id : UX DEVICE CLASS RTOS Condition cause : null
2023-10-18 00:15:34,431 [WARN] ConditionMgr:438 - getConditionDescription Invalid condition id : UX DEVICE CLASS RTOS Condition cause : null
2023-10-18 00:15:34,437 [WARN] PackLoader:240 - Cannot read IP mode file for STMicroelectronics.X-CUBE-AZRTOS-H7.3.1.0
2023-10-18 00:15:34,439 [WARN] ConditionMgr:1039 - genDependencies : Invalid condition id : UX DEVICE CLASS RTOS Condition cause : null
2023-10-18 00:15:34,439 [WARN] ConditionMgr:1039 - genDependencies : Invalid condition id : UX DEVICE CLASS RTOS Condition cause : null
2023-10-18 00:15:34,440 [WARN] ConditionMgr:1039 - genDependencies : Invalid condition id : UX DEVICE CLASS RTOS Condition cause : null
2023-10-18 00:15:34,440 [WARN] ConditionMgr:1039 - genDependencies : Invalid condition id : UX DEVICE CLASS RTOS Condition cause : null
2023-10-18 00:15:34,440 [WARN] ConditionMgr:1039 - genDependencies : Invalid condition id : UX DEVICE CLASS RTOS Condition cause : null
2023-10-18 00:15:34,446 [WARN] PackLoader:240 - Cannot read IP mode file for STMicroelectronics.X-CUBE-NFC7.1.0.1
2023-10-18 00:15:34,452 [WARN] PackLoader:240 - Cannot read IP mode file for STMicroelectronics.X-CUBE-NFC6.3.0.0
2023-10-18 00:15:34,458 [WARN] PackLoader:240 - Cannot read IP mode file for STMicroelectronics.X-CUBE-EEPRMA1.4.1.0
2023-10-18 00:15:34,463 [WARN] PackLoader:240 - Cannot read IP mode file for STMicroelectronics.X-CUBE-AI.8.1.0
2023-10-18 00:15:34,479 [WARN] ConditionMgr:438 - getConditionDescription Invalid condition id : LAN8742 Phy interface Condition cause : null
2023-10-18 00:15:34,480 [WARN] PackLoader:240 - Cannot read IP mode file for STMicroelectronics.X-CUBE-AZRTOS-L4.2.0.0
2023-10-18 00:15:34,481 [WARN] ConditionMgr:1039 - genDependencies : Invalid condition id : LAN8742 Phy interface Condition cause : null
2023-10-18 00:15:34,481 [WARN] ConditionMgr:1039 - genDependencies : Invalid condition id : LAN8742 Phy interface Condition cause : null
2023-10-18 00:15:34,481 [WARN] ConditionMgr:1039 - genDependencies : Invalid condition id : LAN8742 Phy interface Condition cause : null
2023-10-18 00:15:34,488 [WARN] PackLoader:240 - Cannot read IP mode file for STMicroelectronics.X-CUBE-SFXS2LP1.4.0.0
2023-10-18 00:15:34,492 [WARN] PackLoader:240 - Cannot read IP mode file for STMicroelectronics.X-CUBE-ISPU.1.1.0
2023-10-18 00:15:34,502 [WARN] ConditionMgr:438 - getConditionDescription Invalid condition id : UX DEVICE CLASS RTOS Condition cause : null
2023-10-18 00:15:34,503 [WARN] ConditionMgr:438 - getConditionDescription Invalid condition id : UX DEVICE CLASS RTOS Condition cause : null
2023-10-18 00:15:34,504 [WARN] PackLoader:240 - Cannot read IP mode file for STMicroelectronics.X-CUBE-AZRTOS-WB.2.0.0
2023-10-18 00:15:34,505 [WARN] ConditionMgr:1039 - genDependencies : Invalid condition id : UX DEVICE CLASS RTOS Condition cause : null
2023-10-18 00:15:34,505 [WARN] ConditionMgr:1039 - genDependencies : Invalid condition id : UX DEVICE CLASS RTOS Condition cause : null
2023-10-18 00:15:34,505 [WARN] ConditionMgr:1039 - genDependencies : Invalid condition id : UX DEVICE CLASS RTOS Condition cause : null
2023-10-18 00:15:34,505 [WARN] ConditionMgr:1039 - genDependencies : Invalid condition id : UX DEVICE CLASS RTOS Condition cause : null
2023-10-18 00:15:34,505 [WARN] ConditionMgr:1039 - genDependencies : Invalid condition id : UX DEVICE CLASS RTOS Condition cause : null
2023-10-18 00:15:34,513 [WARN] PackLoader:240 - Cannot read IP mode file for STMicroelectronics.X-CUBE-SUBG2.5.0.0
2023-10-18 00:15:34,524 [WARN] PackLoader:240 - Cannot read IP mode file for STMicroelectronics.X-CUBE-TOF1.3.3.1
2023-10-18 00:15:34,541 [WARN] PackLoader:240 - Cannot read IP mode file for STMicroelectronics.X-CUBE-AZRTOS-G4.2.0.0
2023-10-18 00:15:34,551 [WARN] PackLoader:240 - Cannot read IP mode file for Infineon.AIROC-Wi-Fi-Bluetooth-STM32.1.5.1
2023-10-18 00:15:34,557 [WARN] PackLoader:240 - Cannot read IP mode file for STMicroelectronics.X-CUBE-FREERTOS.1.1.0
2023-10-18 00:15:34,562 [WARN] PackLoader:240 - Cannot read IP mode file for portGmbH.I-Cube-SoM-uGOAL.1.1.0
2023-10-18 00:15:34,565 [WARN] PackLoader:240 - Cannot read IP mode file for STMicroelectronics.X-CUBE-ALS.1.0.1
2023-10-18 00:15:34,568 [WARN] PackLoader:240 - Cannot read IP mode file for STMicroelectronics.FP-ATR-ASTRA1.2.0.0
2023-10-18 00:15:34,569 [INFO] ThirdParty:978 - Integrity check success = true
2023-10-18 00:15:34,569 [INFO] IntegrityCheckThread:100 - exiting critical section [integrity check]
2023-10-18 00:15:34,569 [INFO] IntegrityCheckThread:103 - End integrity checks thread
2023-10-18 00:15:54,332 [ERROR] LogOutputStream:75 - [STDERR_REDIRECT] SLF4J: Failed to load class "org.slf4j.impl.StaticLoggerBinder".
2023-10-18 00:15:54,333 [ERROR] LogOutputStream:75 - [STDERR_REDIRECT] SLF4J: Defaulting to no-operation (NOP) logger implementation
2023-10-18 00:15:54,334 [ERROR] LogOutputStream:75 - [STDERR_REDIRECT] SLF4J: See http://www.slf4j.org/codes.html#StaticLoggerBinder for further details.
2023-10-18 00:23:46,195 [ERROR] LogOutputStream:75 - [STDERR_REDIRECT] 
