2023-11-16 00:59:17,723 [INFO] MainUpdater:2868 - connection check result : 10
2023-11-16 00:59:17,736 [INFO] MainUpdater:2868 - connection check result : 10
2023-11-16 00:59:17,750 [INFO] MicroXplorer:468 - Change Database Path : 
2023-11-16 00:59:17,750 [INFO] MicroXplorer:498 - Change Database Version : DB.6.0.92
2023-11-16 00:59:17,780 [WARN] ThirdParty:871 - waiting for thirdparty lock release [close project]
2023-11-16 00:59:17,780 [INFO] ThirdParty:873 - entering critical section [close project]
2023-11-16 00:59:17,780 [INFO] ThirdParty:883 - exiting critical section [close project]
2023-11-16 00:59:17,781 [INFO] PinOutPanel:1499 - setPackage(No Configuration,No Configuration)
2023-11-16 00:59:17,785 [INFO] UtilMem:75 - Begin LoadConfig() Used Memory: 554054704 Bytes (968884224)
2023-11-16 00:59:17,785 [INFO] MicroXplorer:468 - Change Database Path : 
2023-11-16 00:59:17,785 [INFO] MicroXplorer:498 - Change Database Version : DB.6.0.92
2023-11-16 00:59:17,785 [INFO] OpenFileManager:308 - Change cursor
2023-11-16 00:59:17,796 [INFO] RulesReader:64 - Compatibility file has been processed (293 Rules)
2023-11-16 00:59:17,798 [INFO] Mcu:1946 - Initializing MCU STM32F103V(C-D-E)Tx STM32F103VCTx STM32F103VCT6
2023-11-16 00:59:18,461 [INFO] Context:659 - Trying to add GPIOservice into a context  which must be forbidden
2023-11-16 00:59:18,574 [INFO] RtosManager:555 - Registered RTOS mode: class=CMSIS, group=RTOS, mode=CMSIS_V1, owner=FREERTOS
2023-11-16 00:59:18,574 [INFO] RtosManager:555 - Registered RTOS mode: class=CMSIS, group=RTOS2, mode=CMSIS_V2, owner=FREERTOS
2023-11-16 00:59:18,574 [INFO] RtosManager:555 - Registered RTOS mode: class=RTOS, group=Core, mode=CMSIS_V1, owner=FREERTOS
2023-11-16 00:59:18,574 [INFO] RtosManager:555 - Registered RTOS mode: class=RTOS, group=Core, mode=CMSIS_V2, owner=FREERTOS
2023-11-16 00:59:18,574 [WARN] ModelIntegratedComponent:184 - Missing modes for component STMicroelectronics:FreeRTOS:0.0.1:STMicroelectronics:RTOS:FreeRTOS:Core:::10.2.0:
2023-11-16 00:59:18,581 [WARN] ModelIntegratedComponent:63 - No mode defined for component null
2023-11-16 00:59:18,581 [WARN] ModelIntegratedComponent:63 - No mode defined for component null
2023-11-16 00:59:18,581 [WARN] ModelIntegratedComponent:63 - No mode defined for component null
2023-11-16 00:59:18,581 [WARN] ModelIntegratedComponent:63 - No mode defined for component null
2023-11-16 00:59:18,581 [WARN] ModelIntegratedComponent:63 - No mode defined for component null
2023-11-16 00:59:18,581 [WARN] ModelIntegratedComponent:63 - No mode defined for component null
2023-11-16 00:59:18,581 [WARN] ModelIntegratedComponent:63 - No mode defined for component null
2023-11-16 00:59:18,581 [WARN] ModelIntegratedComponent:63 - No mode defined for component null
2023-11-16 00:59:18,581 [WARN] ModelIntegratedComponent:63 - No mode defined for component null
2023-11-16 00:59:18,581 [WARN] ModelIntegratedComponent:63 - No mode defined for component null
2023-11-16 00:59:18,581 [WARN] ModelIntegratedComponent:63 - No mode defined for component null
2023-11-16 00:59:18,581 [WARN] ModelIntegratedComponent:63 - No mode defined for component null
2023-11-16 00:59:18,581 [WARN] ModelIntegratedComponent:63 - No mode defined for component null
2023-11-16 00:59:18,581 [WARN] ModelIntegratedComponent:63 - No mode defined for component null
2023-11-16 00:59:18,581 [WARN] ModelIntegratedComponent:63 - No mode defined for component null
2023-11-16 00:59:18,581 [WARN] ModelIntegratedComponent:63 - No mode defined for component null
2023-11-16 00:59:18,582 [WARN] ModelIntegratedComponent:63 - No mode defined for component null
2023-11-16 00:59:18,582 [WARN] ModelIntegratedComponent:63 - No mode defined for component null
2023-11-16 00:59:18,582 [WARN] ModelIntegratedComponent:63 - No mode defined for component null
2023-11-16 00:59:18,582 [WARN] ModelIntegratedComponent:63 - No mode defined for component null
2023-11-16 00:59:18,582 [WARN] ModelIntegratedComponent:63 - No mode defined for component null
2023-11-16 00:59:18,582 [WARN] ModelIntegratedComponent:63 - No mode defined for component null
2023-11-16 00:59:18,582 [WARN] ModelIntegratedComponent:63 - No mode defined for component null
2023-11-16 00:59:18,582 [WARN] ModelIntegratedComponent:63 - No mode defined for component null
2023-11-16 00:59:18,582 [WARN] ModelIntegratedComponent:63 - No mode defined for component null
2023-11-16 00:59:18,582 [WARN] ModelIntegratedComponent:63 - No mode defined for component null
2023-11-16 00:59:18,582 [WARN] ModelIntegratedComponent:63 - No mode defined for component null
2023-11-16 00:59:18,582 [WARN] ModelIntegratedComponent:63 - No mode defined for component null
2023-11-16 00:59:18,582 [WARN] ModelIntegratedComponent:63 - No mode defined for component null
2023-11-16 00:59:18,582 [WARN] ModelIntegratedComponent:63 - No mode defined for component null
2023-11-16 00:59:18,582 [WARN] ModelIntegratedComponent:63 - No mode defined for component null
2023-11-16 00:59:18,582 [WARN] ModelIntegratedComponent:63 - No mode defined for component null
2023-11-16 00:59:18,582 [WARN] ModelIntegratedComponent:63 - No mode defined for component null
2023-11-16 00:59:18,655 [INFO] ThirdPartyModel:298 - Start build external matchings
2023-11-16 00:59:19,050 [INFO] ThirdPartyModel:316 - End build external matchings
2023-11-16 00:59:19,054 [INFO] ImportTextPane:194 - (OptionalMessage_ERROR) IP (RCC) : Parameter (ADCFreqValue) has invalid value (36000000)
2023-11-16 00:59:19,054 [INFO] ImportTextPane:194 - (OptionalMessage_ERROR) IP (RCC) : Invalid parameter (FamilyName)
2023-11-16 00:59:19,054 [INFO] ImportTextPane:194 - (OptionalMessage_ERROR) IP (RCC) : Parameter (MCOFreq_Value) has invalid value (72000000)
2023-11-16 00:59:19,277 [INFO] UtilMem:75 - End LoadConfig() Used Memory: 268129568 Bytes (968884224)
2023-11-16 00:59:19,316 [WARN] ThirdParty:833 - waiting for thirdparty lock release [change project]
2023-11-16 00:59:19,316 [INFO] ThirdParty:835 - entering critical section [change project]
2023-11-16 00:59:19,316 [INFO] ThirdParty:1030 - CMSIS Pack Vendor :STMicroelectronics X-CUBE-ISPU 1.1.0
2023-11-16 00:59:19,316 [INFO] ThirdParty:1030 - CMSIS Pack Vendor :STMicroelectronics USBPD 4.1
2023-11-16 00:59:19,316 [INFO] ThirdParty:1030 - CMSIS Pack Vendor :STMicroelectronics X-CUBE-GNSS1 6.0.0
2023-11-16 00:59:19,316 [INFO] ThirdParty:1030 - CMSIS Pack Vendor :STMicroelectronics USB_HOST 2.0.0
2023-11-16 00:59:19,316 [INFO] ThirdParty:1030 - CMSIS Pack Vendor :STMicroelectronics X-CUBE-AZRTOS-F4 1.1.0
2023-11-16 00:59:19,316 [INFO] ThirdParty:1030 - CMSIS Pack Vendor :STMicroelectronics LIBJPEG 8.0.0
2023-11-16 00:59:19,316 [INFO] ThirdParty:1030 - CMSIS Pack Vendor :wolfSSL I-CUBE-wolfSSL 5.6.3
2023-11-16 00:59:19,316 [INFO] ThirdParty:1030 - CMSIS Pack Vendor :STMicroelectronics X-CUBE-SMBUS 2.1.0
2023-11-16 00:59:19,317 [INFO] ThirdParty:1030 - CMSIS Pack Vendor :STMicroelectronics USB_DEVICE 3.0.0
2023-11-16 00:59:19,317 [INFO] ThirdParty:1030 - CMSIS Pack Vendor :STMicroelectronics X-CUBE-AZRTOS-WB 2.0.0
2023-11-16 00:59:19,317 [INFO] ThirdParty:1030 - CMSIS Pack Vendor :STMicroelectronics X-CUBE-AZRTOS-F7 1.1.0
2023-11-16 00:59:19,317 [INFO] ThirdParty:1030 - CMSIS Pack Vendor :STMicroelectronics X-CUBE-AZRTOS-L5 2.0.0
2023-11-16 00:59:19,317 [INFO] ThirdParty:1030 - CMSIS Pack Vendor :STMicroelectronics USB_DEVICE 2.0.0
2023-11-16 00:59:19,317 [INFO] ThirdParty:1030 - CMSIS Pack Vendor :STMicroelectronics X-CUBE-EEPRMA1 4.2.0
2023-11-16 00:59:19,317 [INFO] ThirdParty:1030 - CMSIS Pack Vendor :ITTIA_DB I-CUBE-ITTIADB 8.8.0
2023-11-16 00:59:19,317 [INFO] ThirdParty:1030 - CMSIS Pack Vendor :STMicroelectronics FP-SNS-MOTENV1 4.3.2
2023-11-16 00:59:19,317 [INFO] ThirdParty:1030 - CMSIS Pack Vendor :STMicroelectronics X-CUBE-ALGOBUILD 1.3.0
2023-11-16 00:59:19,317 [INFO] ThirdParty:1030 - CMSIS Pack Vendor :STMicroelectronics FreeRTOS 0.0.1
2023-11-16 00:59:19,317 [INFO] ThirdParty:1030 - CMSIS Pack Vendor :STMicroelectronics X-CUBE-AZRTOS-G0 1.1.0
2023-11-16 00:59:19,317 [INFO] ThirdParty:1030 - CMSIS Pack Vendor :STMicroelectronics X-CUBE-BLEMGR 2.0.0
2023-11-16 00:59:19,317 [INFO] ThirdParty:1030 - CMSIS Pack Vendor :STMicroelectronics X-CUBE-NFC4 3.0.0
2023-11-16 00:59:19,317 [INFO] ThirdParty:1030 - CMSIS Pack Vendor :STMicroelectronics X-CUBE-SUBG2 5.0.0
2023-11-16 00:59:19,317 [INFO] ThirdParty:1030 - CMSIS Pack Vendor :STMicroelectronics STM32_WPAN 1.0.0
2023-11-16 00:59:19,317 [INFO] ThirdParty:1030 - CMSIS Pack Vendor :STMicroelectronics lwIP 2.0.3
2023-11-16 00:59:19,317 [INFO] ThirdParty:1030 - CMSIS Pack Vendor :STMicroelectronics FP-SNS-FLIGHT1 5.0.2
2023-11-16 00:59:19,317 [INFO] ThirdParty:1030 - CMSIS Pack Vendor :STMicroelectronics USB_HOST 1.0.0
2023-11-16 00:59:19,317 [INFO] ThirdParty:1030 - CMSIS Pack Vendor :STMicroelectronics X-CUBE-TOF1 3.3.1
2023-11-16 00:59:19,317 [INFO] ThirdParty:1030 - CMSIS Pack Vendor :STMicroelectronics X-CUBE-AZRTOS-G4 2.0.0
2023-11-16 00:59:19,317 [INFO] ThirdParty:1030 - CMSIS Pack Vendor :STMicroelectronics PDM2PCM 3.1.0
2023-11-16 00:59:19,317 [INFO] ThirdParty:1030 - CMSIS Pack Vendor :STMicroelectronics X-CUBE-AZRTOS-H7 3.1.0
2023-11-16 00:59:19,317 [INFO] ThirdParty:1030 - CMSIS Pack Vendor :Infineon AIROC-Wi-Fi-Bluetooth-STM32 1.5.1
2023-11-16 00:59:19,317 [INFO] ThirdParty:1030 - CMSIS Pack Vendor :STMicroelectronics X-CUBE-BLEMGR 3.0.0
2023-11-16 00:59:19,317 [INFO] ThirdParty:1030 - CMSIS Pack Vendor :STMicroelectronics PDM2PCM 3.3.0
2023-11-16 00:59:19,317 [INFO] ThirdParty:1030 - CMSIS Pack Vendor :STMicroelectronics X-CUBE-DISPLAY 3.0.0
2023-11-16 00:59:19,317 [INFO] ThirdParty:1030 - CMSIS Pack Vendor :STMicroelectronics FP-SNS-MOTENVWB1 1.3.0
2023-11-16 00:59:19,318 [INFO] ThirdParty:1030 - CMSIS Pack Vendor :STMicroelectronics X-CUBE-BLE1 7.0.0
2023-11-16 00:59:19,318 [INFO] ThirdParty:1030 - CMSIS Pack Vendor :STMicroelectronics FP-ATR-SIGFOX1 3.2.0
2023-11-16 00:59:19,318 [INFO] ThirdParty:1030 - CMSIS Pack Vendor :STMicroelectronics HAL Drivers 0.0.0
2023-11-16 00:59:19,318 [INFO] ThirdParty:1030 - CMSIS Pack Vendor :STMicroelectronics MBEDTLS 2.16.2
2023-11-16 00:59:19,318 [INFO] ThirdParty:1030 - CMSIS Pack Vendor :emotas I-CUBE-CANOPEN 1.3.0
2023-11-16 00:59:19,318 [INFO] ThirdParty:1030 - CMSIS Pack Vendor :STMicroelectronics X-CUBE-MEMS1 10.0.0
2023-11-16 00:59:19,318 [INFO] ThirdParty:1030 - CMSIS Pack Vendor :STMicroelectronics X-CUBE-FREERTOS 1.1.0
2023-11-16 00:59:19,318 [INFO] ThirdParty:1030 - CMSIS Pack Vendor :STMicroelectronics X-CUBE-NFC7 1.0.1
2023-11-16 00:59:19,318 [INFO] ThirdParty:1030 - CMSIS Pack Vendor :STMicroelectronics MBEDTLS 2.14.1
2023-11-16 00:59:19,318 [INFO] ThirdParty:1030 - CMSIS Pack Vendor :STMicroelectronics X-CUBE-TOUCHGFX 4.22.1
2023-11-16 00:59:19,318 [INFO] ThirdParty:1030 - CMSIS Pack Vendor :STMicroelectronics X-CUBE-NFC6 3.0.0
2023-11-16 00:59:19,318 [INFO] ThirdParty:1030 - CMSIS Pack Vendor :STMicroelectronics X-CUBE-EEPRMA1 4.1.0
2023-11-16 00:59:19,318 [INFO] ThirdParty:1030 - CMSIS Pack Vendor :portGmbH I-Cube-SoM-uGOAL 1.1.0
2023-11-16 00:59:19,318 [INFO] ThirdParty:1030 - CMSIS Pack Vendor :STMicroelectronics X-CUBE-ALS 1.0.1
2023-11-16 00:59:19,318 [INFO] ThirdParty:1030 - CMSIS Pack Vendor :STMicroelectronics ThreadX 1.0.0
2023-11-16 00:59:19,318 [INFO] ThirdParty:1030 - CMSIS Pack Vendor :STMicroelectronics FP-SNS-SMARTAG2 1.2.0
2023-11-16 00:59:19,318 [INFO] ThirdParty:1030 - CMSIS Pack Vendor :STMicroelectronics X-CUBE-AZRTOS-WL 2.0.0
2023-11-16 00:59:19,318 [INFO] ThirdParty:1030 - CMSIS Pack Vendor :SEGGER I-CUBE-embOS 1.3.1
2023-11-16 00:59:19,318 [INFO] ThirdParty:1030 - CMSIS Pack Vendor :STMicroelectronics USB_DEVICE 1.0.0
2023-11-16 00:59:19,318 [INFO] ThirdParty:1030 - CMSIS Pack Vendor :STMicroelectronics X-CUBE-AI 8.1.0
2023-11-16 00:59:19,318 [INFO] ThirdParty:1030 - CMSIS Pack Vendor :STMicroelectronics X-CUBE-AZRTOS-L4 2.0.0
2023-11-16 00:59:19,318 [INFO] ThirdParty:1030 - CMSIS Pack Vendor :STMicroelectronics ThreadX 0.0.2
2023-11-16 00:59:19,318 [INFO] ThirdParty:1030 - CMSIS Pack Vendor :WES I-CUBE-Cesium 1.3.0
2023-11-16 00:59:19,318 [INFO] ThirdParty:1030 - CMSIS Pack Vendor :STMicroelectronics FP-ATR-ASTRA1 2.0.0
2023-11-16 00:59:19,319 [INFO] ThirdParty:1030 - CMSIS Pack Vendor :STMicroelectronics lwIP 2.1.2
2023-11-16 00:59:19,319 [INFO] ThirdParty:1030 - CMSIS Pack Vendor :STMicroelectronics X-CUBE-SFXS2LP1 4.0.0
2023-11-16 00:59:19,319 [INFO] ThirdParty:1030 - CMSIS Pack Vendor :STMicroelectronics X-CUBE-BLE2 3.3.0
2023-11-16 00:59:19,319 [INFO] ThirdParty:1030 - CMSIS Pack Vendor :STMicroelectronics PDM2PCM 3.2.0
2023-11-16 00:59:19,319 [INFO] ThirdParty:841 - exiting critical section [change project]
2023-11-16 00:59:19,466 [INFO] PinOutPanel:1499 - setPackage(No Configuration,No Configuration)
2023-11-16 00:59:19,466 [INFO] PinOutPanel:1499 - setPackage(STM32F103VCTx,LQFP100)
2023-11-16 00:59:19,718 [INFO] UtilMem:75 - Before build in PCC Used Memory: 333942336 Bytes (968884224)
2023-11-16 00:59:19,861 [INFO] UtilMem:75 - After build in PCC Used Memory: 377982528 Bytes (968884224)
2023-11-16 00:59:19,864 [INFO] ApiDbMcu:507 - Load IP Config File for USB_DEVICE
2023-11-16 00:59:19,882 [INFO] IPUIPlugin:80 - create IPUIPlugin
2023-11-16 00:59:19,882 [INFO] IPUIPlugin:80 - create IPUIPlugin
2023-11-16 00:59:19,882 [INFO] IPUIPlugin:80 - create IPUIPlugin
2023-11-16 00:59:19,882 [INFO] IPUIPlugin:80 - create IPUIPlugin
2023-11-16 00:59:19,882 [INFO] IPUIPlugin:80 - create IPUIPlugin
2023-11-16 00:59:19,883 [INFO] IPUIPlugin:80 - create IPUIPlugin
2023-11-16 00:59:19,883 [INFO] IPUIPlugin:80 - create IPUIPlugin
2023-11-16 00:59:19,883 [INFO] IPUIPlugin:80 - create IPUIPlugin
2023-11-16 00:59:19,883 [INFO] IPUIPlugin:80 - create IPUIPlugin
2023-11-16 00:59:19,883 [INFO] IPUIPlugin:80 - create IPUIPlugin
2023-11-16 00:59:19,883 [INFO] IPUIPlugin:80 - create IPUIPlugin
2023-11-16 00:59:19,883 [INFO] IPUIPlugin:80 - create IPUIPlugin
2023-11-16 00:59:19,883 [INFO] IPUIPlugin:80 - create IPUIPlugin
2023-11-16 00:59:19,883 [INFO] IPUIPlugin:80 - create IPUIPlugin
2023-11-16 00:59:19,883 [INFO] IPUIPlugin:80 - create IPUIPlugin
2023-11-16 00:59:19,883 [INFO] IPUIPlugin:80 - create IPUIPlugin
2023-11-16 00:59:19,883 [INFO] IPUIPlugin:80 - create IPUIPlugin
2023-11-16 00:59:19,883 [INFO] IPUIPlugin:80 - create IPUIPlugin
2023-11-16 00:59:19,884 [INFO] IPUIPlugin:80 - create IPUIPlugin
2023-11-16 00:59:19,884 [INFO] IPUIPlugin:80 - create IPUIPlugin
2023-11-16 00:59:19,884 [INFO] IPUIPlugin:80 - create IPUIPlugin
2023-11-16 00:59:19,884 [INFO] IPUIPlugin:80 - create IPUIPlugin
2023-11-16 00:59:19,884 [INFO] IPUIPlugin:80 - create IPUIPlugin
2023-11-16 00:59:19,884 [INFO] IPUIPlugin:80 - create IPUIPlugin
2023-11-16 00:59:19,884 [INFO] IPUIPlugin:80 - create IPUIPlugin
2023-11-16 00:59:19,885 [INFO] IPUIPlugin:80 - create IPUIPlugin
2023-11-16 00:59:19,885 [INFO] IPUIPlugin:80 - create IPUIPlugin
2023-11-16 00:59:19,885 [INFO] IPUIPlugin:80 - create IPUIPlugin
2023-11-16 00:59:19,885 [INFO] IPUIPlugin:80 - create IPUIPlugin
2023-11-16 00:59:19,885 [INFO] IPUIPlugin:80 - create IPUIPlugin
2023-11-16 00:59:19,885 [INFO] IPUIPlugin:80 - create IPUIPlugin
2023-11-16 00:59:19,885 [INFO] IPUIPlugin:80 - create IPUIPlugin
2023-11-16 00:59:19,886 [INFO] IPUIPlugin:80 - create IPUIPlugin
2023-11-16 00:59:19,886 [INFO] IPUIPlugin:80 - create IPUIPlugin
2023-11-16 00:59:19,886 [INFO] IPUIPlugin:80 - create IPUIPlugin
2023-11-16 00:59:19,887 [INFO] IPUIPlugin:80 - create IPUIPlugin
2023-11-16 00:59:19,887 [INFO] IPUIPlugin:80 - create IPUIPlugin
2023-11-16 00:59:19,887 [INFO] IPUIPlugin:80 - create IPUIPlugin
2023-11-16 00:59:19,888 [INFO] IPUIPlugin:80 - create IPUIPlugin
2023-11-16 00:59:19,888 [INFO] IPUIPlugin:80 - create IPUIPlugin
2023-11-16 00:59:19,936 [INFO] CADModel:165 - CPN selected for project levelSTM32F103VCT6
2023-11-16 00:59:19,937 [INFO] CADModel:114 - Register for checkConnection events
2023-11-16 00:59:19,989 [INFO] OpenFileManager:328 - Restore cursor
2023-11-16 00:59:54,944 [INFO] NvicIntPanel:101 - NVIC parent = com.st.microxplorer.plugins.ip.nvic.MultiNvicIntPanel[,0,0,524x195,layout=javax.swing.BoxLayout,alignmentX=0.0,alignmentY=0.0,border=,flags=9,maximumSize=,minimumSize=,preferredSize=]
2023-11-16 00:59:56,153 [INFO] NvicIntPanel:101 - NVIC parent = com.st.microxplorer.plugins.ip.nvic.MultiNvicIntPanel[,0,0,0x0,invalid,layout=javax.swing.BoxLayout,alignmentX=0.0,alignmentY=0.0,border=,flags=9,maximumSize=,minimumSize=,preferredSize=]
2023-11-16 01:00:06,371 [INFO] UtilMem:75 - End SaveConfig() Used Memory: 301606936 Bytes (968884224)
2023-11-16 01:00:06,562 [INFO] UtilMem:75 - End SaveConfig() Used Memory: 262940544 Bytes (968884224)
2023-11-16 01:00:06,738 [INFO] BlockDiagram:2759 - set Specific Code input for plugin: RTC
2023-11-16 01:00:06,738 [INFO] BlockDiagram:2759 - set Specific Code input for plugin: FSMC
2023-11-16 01:00:06,738 [INFO] BlockDiagram:2759 - set Specific Code input for plugin: SPI
2023-11-16 01:00:06,738 [INFO] BlockDiagram:2759 - set Specific Code input for plugin: NVIC
2023-11-16 01:00:06,738 [INFO] BlockDiagram:2759 - set Specific Code input for plugin: WWDG
2023-11-16 01:00:06,738 [INFO] BlockDiagram:2759 - set Specific Code input for plugin: USART
2023-11-16 01:00:06,738 [INFO] BlockDiagram:2759 - set Specific Code input for plugin: IWDG
2023-11-16 01:00:06,738 [INFO] BlockDiagram:2759 - set Specific Code input for plugin: USB_DEVICE
2023-11-16 01:00:06,738 [INFO] BlockDiagram:2759 - set Specific Code input for plugin: USB
2023-11-16 01:00:06,738 [INFO] BlockDiagram:2759 - set Specific Code input for plugin: SYS
2023-11-16 01:00:06,738 [INFO] BlockDiagram:2759 - set Specific Code input for plugin: GPIO
2023-11-16 01:00:06,738 [INFO] BlockDiagram:2759 - set Specific Code input for plugin: RCC
2023-11-16 01:00:06,739 [INFO] CodeGenerator:799 - code generatio: config db path: C:\ST\STM32CubeIDE_1.13.2\STM32CubeIDE\plugins\com.st.stm32cube.common.mx_6.9.2.202309101412\\db\
2023-11-16 01:00:06,889 [INFO] CodeEngine:255 - oldGeneratedFile, D:\CUBE_NANDO_HAL\CUBE_NANDO_HAL\F103Programmer1\MXTmpFiles\license.tmp_save
2023-11-16 01:00:07,001 [INFO] CodeEngine:279 - Generated code: D:\CUBE_NANDO_HAL\CUBE_NANDO_HAL\F103Programmer1\MXTmpFiles\license.tmp
2023-11-16 01:00:07,087 [INFO] CodeEngine:255 - oldGeneratedFile, D:\CUBE_NANDO_HAL\CUBE_NANDO_HAL\F103Programmer1\Core\Src\gpio.c_save
2023-11-16 01:00:07,177 [INFO] CodeEngine:279 - Generated code: D:\CUBE_NANDO_HAL\CUBE_NANDO_HAL\F103Programmer1\Core\Src\gpio.c
2023-11-16 01:00:07,181 [INFO] CodeEngine:255 - oldGeneratedFile, D:\CUBE_NANDO_HAL\CUBE_NANDO_HAL\F103Programmer1\Core\Inc\gpio.h_save
2023-11-16 01:00:07,246 [INFO] CodeEngine:279 - Generated code: D:\CUBE_NANDO_HAL\CUBE_NANDO_HAL\F103Programmer1\Core\Inc\gpio.h
2023-11-16 01:00:07,301 [INFO] CodeEngine:255 - oldGeneratedFile, D:\CUBE_NANDO_HAL\CUBE_NANDO_HAL\F103Programmer1\MXTmpFiles\usb_vars.tmp_save
2023-11-16 01:00:07,412 [INFO] CodeEngine:279 - Generated code: D:\CUBE_NANDO_HAL\CUBE_NANDO_HAL\F103Programmer1\MXTmpFiles\usb_vars.tmp
2023-11-16 01:00:07,415 [INFO] CodeEngine:255 - oldGeneratedFile, D:\CUBE_NANDO_HAL\CUBE_NANDO_HAL\F103Programmer1\MXTmpFiles\usb_inc.tmp_save
2023-11-16 01:00:07,469 [INFO] CodeEngine:279 - Generated code: D:\CUBE_NANDO_HAL\CUBE_NANDO_HAL\F103Programmer1\MXTmpFiles\usb_inc.tmp
2023-11-16 01:00:07,473 [INFO] CodeEngine:255 - oldGeneratedFile, D:\CUBE_NANDO_HAL\CUBE_NANDO_HAL\F103Programmer1\MXTmpFiles\usb_HalInit.tmp_save
2023-11-16 01:00:07,574 [INFO] CodeEngine:279 - Generated code: D:\CUBE_NANDO_HAL\CUBE_NANDO_HAL\F103Programmer1\MXTmpFiles\usb_HalInit.tmp
2023-11-16 01:00:07,577 [INFO] CodeEngine:255 - oldGeneratedFile, D:\CUBE_NANDO_HAL\CUBE_NANDO_HAL\F103Programmer1\MXTmpFiles\usb_Msp.tmp_save
2023-11-16 01:00:07,659 [INFO] CodeEngine:279 - Generated code: D:\CUBE_NANDO_HAL\CUBE_NANDO_HAL\F103Programmer1\MXTmpFiles\usb_Msp.tmp
2023-11-16 01:00:07,854 [INFO] Middleware:1439 - No code input for Bsp Dependency
2023-11-16 01:00:07,867 [INFO] CodeEngine:255 - oldGeneratedFile, D:\CUBE_NANDO_HAL\CUBE_NANDO_HAL\F103Programmer1\Core\Src\fsmc.c_save
2023-11-16 01:00:07,930 [INFO] CodeEngine:279 - Generated code: D:\CUBE_NANDO_HAL\CUBE_NANDO_HAL\F103Programmer1\Core\Src\fsmc.c
2023-11-16 01:00:07,940 [INFO] CodeEngine:255 - oldGeneratedFile, D:\CUBE_NANDO_HAL\CUBE_NANDO_HAL\F103Programmer1\Core\Inc\fsmc.h_save
2023-11-16 01:00:07,987 [INFO] CodeEngine:279 - Generated code: D:\CUBE_NANDO_HAL\CUBE_NANDO_HAL\F103Programmer1\Core\Inc\fsmc.h
2023-11-16 01:00:07,992 [INFO] CodeEngine:255 - oldGeneratedFile, D:\CUBE_NANDO_HAL\CUBE_NANDO_HAL\F103Programmer1\Core\Src\iwdg.c_save
2023-11-16 01:00:08,081 [INFO] CodeEngine:279 - Generated code: D:\CUBE_NANDO_HAL\CUBE_NANDO_HAL\F103Programmer1\Core\Src\iwdg.c
2023-11-16 01:00:08,084 [INFO] CodeEngine:255 - oldGeneratedFile, D:\CUBE_NANDO_HAL\CUBE_NANDO_HAL\F103Programmer1\Core\Inc\iwdg.h_save
2023-11-16 01:00:08,145 [INFO] CodeEngine:279 - Generated code: D:\CUBE_NANDO_HAL\CUBE_NANDO_HAL\F103Programmer1\Core\Inc\iwdg.h
2023-11-16 01:00:08,158 [INFO] CodeEngine:255 - oldGeneratedFile, D:\CUBE_NANDO_HAL\CUBE_NANDO_HAL\F103Programmer1\Core\Src\rtc.c_save
2023-11-16 01:00:08,222 [INFO] CodeEngine:279 - Generated code: D:\CUBE_NANDO_HAL\CUBE_NANDO_HAL\F103Programmer1\Core\Src\rtc.c
2023-11-16 01:00:08,226 [INFO] CodeEngine:255 - oldGeneratedFile, D:\CUBE_NANDO_HAL\CUBE_NANDO_HAL\F103Programmer1\Core\Inc\rtc.h_save
2023-11-16 01:00:08,268 [INFO] CodeEngine:279 - Generated code: D:\CUBE_NANDO_HAL\CUBE_NANDO_HAL\F103Programmer1\Core\Inc\rtc.h
2023-11-16 01:00:08,281 [INFO] CodeEngine:255 - oldGeneratedFile, D:\CUBE_NANDO_HAL\CUBE_NANDO_HAL\F103Programmer1\Core\Src\spi.c_save
2023-11-16 01:00:08,354 [INFO] CodeEngine:279 - Generated code: D:\CUBE_NANDO_HAL\CUBE_NANDO_HAL\F103Programmer1\Core\Src\spi.c
2023-11-16 01:00:08,357 [INFO] CodeEngine:255 - oldGeneratedFile, D:\CUBE_NANDO_HAL\CUBE_NANDO_HAL\F103Programmer1\Core\Inc\spi.h_save
2023-11-16 01:00:08,410 [INFO] CodeEngine:279 - Generated code: D:\CUBE_NANDO_HAL\CUBE_NANDO_HAL\F103Programmer1\Core\Inc\spi.h
2023-11-16 01:00:08,452 [INFO] CodeEngine:255 - oldGeneratedFile, D:\CUBE_NANDO_HAL\CUBE_NANDO_HAL\F103Programmer1\Core\Src\usart.c_save
2023-11-16 01:00:08,565 [INFO] CodeEngine:279 - Generated code: D:\CUBE_NANDO_HAL\CUBE_NANDO_HAL\F103Programmer1\Core\Src\usart.c
2023-11-16 01:00:08,569 [INFO] CodeEngine:255 - oldGeneratedFile, D:\CUBE_NANDO_HAL\CUBE_NANDO_HAL\F103Programmer1\Core\Inc\usart.h_save
2023-11-16 01:00:08,621 [INFO] CodeEngine:279 - Generated code: D:\CUBE_NANDO_HAL\CUBE_NANDO_HAL\F103Programmer1\Core\Inc\usart.h
2023-11-16 01:00:08,624 [INFO] Middleware:1439 - No code input for Bsp Dependency
2023-11-16 01:00:08,638 [INFO] CodeEngine:255 - oldGeneratedFile, D:\CUBE_NANDO_HAL\CUBE_NANDO_HAL\F103Programmer1\USB_DEVICE\App\usb_device.c_save
2023-11-16 01:00:08,707 [INFO] CodeEngine:279 - Generated code: D:\CUBE_NANDO_HAL\CUBE_NANDO_HAL\F103Programmer1\USB_DEVICE\App\usb_device.c
2023-11-16 01:00:08,711 [INFO] CodeEngine:255 - oldGeneratedFile, D:\CUBE_NANDO_HAL\CUBE_NANDO_HAL\F103Programmer1\USB_DEVICE\App\usb_device.h_save
2023-11-16 01:00:08,760 [INFO] CodeEngine:279 - Generated code: D:\CUBE_NANDO_HAL\CUBE_NANDO_HAL\F103Programmer1\USB_DEVICE\App\usb_device.h
2023-11-16 01:00:08,763 [INFO] CodeEngine:255 - oldGeneratedFile, D:\CUBE_NANDO_HAL\CUBE_NANDO_HAL\F103Programmer1\USB_DEVICE\Target\usbd_conf.h_save
2023-11-16 01:00:08,808 [INFO] CodeEngine:279 - Generated code: D:\CUBE_NANDO_HAL\CUBE_NANDO_HAL\F103Programmer1\USB_DEVICE\Target\usbd_conf.h
2023-11-16 01:00:08,819 [INFO] CodeEngine:255 - oldGeneratedFile, D:\CUBE_NANDO_HAL\CUBE_NANDO_HAL\F103Programmer1\USB_DEVICE\Target\usbd_conf.c_save
2023-11-16 01:00:08,888 [INFO] CodeEngine:279 - Generated code: D:\CUBE_NANDO_HAL\CUBE_NANDO_HAL\F103Programmer1\USB_DEVICE\Target\usbd_conf.c
2023-11-16 01:00:08,899 [INFO] CodeEngine:255 - oldGeneratedFile, D:\CUBE_NANDO_HAL\CUBE_NANDO_HAL\F103Programmer1\USB_DEVICE\App\usbd_desc.h_save
2023-11-16 01:00:08,941 [INFO] CodeEngine:279 - Generated code: D:\CUBE_NANDO_HAL\CUBE_NANDO_HAL\F103Programmer1\USB_DEVICE\App\usbd_desc.h
2023-11-16 01:00:08,951 [INFO] CodeEngine:255 - oldGeneratedFile, D:\CUBE_NANDO_HAL\CUBE_NANDO_HAL\F103Programmer1\USB_DEVICE\App\usbd_desc.c_save
2023-11-16 01:00:09,018 [INFO] CodeEngine:279 - Generated code: D:\CUBE_NANDO_HAL\CUBE_NANDO_HAL\F103Programmer1\USB_DEVICE\App\usbd_desc.c
2023-11-16 01:00:09,021 [INFO] CodeEngine:255 - oldGeneratedFile, D:\CUBE_NANDO_HAL\CUBE_NANDO_HAL\F103Programmer1\USB_DEVICE\App\usbd_cdc_if.h_save
2023-11-16 01:00:09,073 [INFO] CodeEngine:279 - Generated code: D:\CUBE_NANDO_HAL\CUBE_NANDO_HAL\F103Programmer1\USB_DEVICE\App\usbd_cdc_if.h
2023-11-16 01:00:09,083 [INFO] CodeEngine:255 - oldGeneratedFile, D:\CUBE_NANDO_HAL\CUBE_NANDO_HAL\F103Programmer1\USB_DEVICE\App\usbd_cdc_if.c_save
2023-11-16 01:00:09,155 [INFO] CodeEngine:279 - Generated code: D:\CUBE_NANDO_HAL\CUBE_NANDO_HAL\F103Programmer1\USB_DEVICE\App\usbd_cdc_if.c
2023-11-16 01:00:09,167 [INFO] CodeEngine:255 - oldGeneratedFile, D:\CUBE_NANDO_HAL\CUBE_NANDO_HAL\F103Programmer1\Core\Src\wwdg.c_save
2023-11-16 01:00:09,252 [INFO] CodeEngine:279 - Generated code: D:\CUBE_NANDO_HAL\CUBE_NANDO_HAL\F103Programmer1\Core\Src\wwdg.c
2023-11-16 01:00:09,254 [INFO] CodeEngine:255 - oldGeneratedFile, D:\CUBE_NANDO_HAL\CUBE_NANDO_HAL\F103Programmer1\Core\Inc\wwdg.h_save
2023-11-16 01:00:09,311 [INFO] CodeEngine:279 - Generated code: D:\CUBE_NANDO_HAL\CUBE_NANDO_HAL\F103Programmer1\Core\Inc\wwdg.h
2023-11-16 01:00:09,326 [INFO] CodeEngine:255 - oldGeneratedFile, D:\CUBE_NANDO_HAL\CUBE_NANDO_HAL\F103Programmer1\Core\Src\stm32f1xx_it.c_save
2023-11-16 01:00:09,491 [INFO] CodeEngine:279 - Generated code: D:\CUBE_NANDO_HAL\CUBE_NANDO_HAL\F103Programmer1\Core\Src\stm32f1xx_it.c
2023-11-16 01:00:09,506 [INFO] CodeEngine:255 - oldGeneratedFile, D:\CUBE_NANDO_HAL\CUBE_NANDO_HAL\F103Programmer1\Core\Inc\stm32f1xx_it.h_save
2023-11-16 01:00:09,561 [INFO] CodeEngine:279 - Generated code: D:\CUBE_NANDO_HAL\CUBE_NANDO_HAL\F103Programmer1\Core\Inc\stm32f1xx_it.h
2023-11-16 01:00:09,576 [INFO] CodeEngine:255 - oldGeneratedFile, D:\CUBE_NANDO_HAL\CUBE_NANDO_HAL\F103Programmer1\Core\Src\stm32f1xx_hal_msp.c_save
2023-11-16 01:00:09,672 [INFO] CodeEngine:279 - Generated code: D:\CUBE_NANDO_HAL\CUBE_NANDO_HAL\F103Programmer1\Core\Src\stm32f1xx_hal_msp.c
2023-11-16 01:00:09,675 [INFO] CodeEngine:255 - oldGeneratedFile, D:\CUBE_NANDO_HAL\CUBE_NANDO_HAL\F103Programmer1\MXTmpFiles\system.tmp_save
2023-11-16 01:00:09,725 [INFO] CodeEngine:279 - Generated code: D:\CUBE_NANDO_HAL\CUBE_NANDO_HAL\F103Programmer1\MXTmpFiles\system.tmp
2023-11-16 01:00:09,737 [INFO] CodeEngine:311 - oldGeneratedFile, D:\CUBE_NANDO_HAL\CUBE_NANDO_HAL\F103Programmer1\Core\Inc\stm32f1xx_hal_conf.h_save
2023-11-16 01:00:09,814 [INFO] CodeEngine:335 - Generated code: D:\CUBE_NANDO_HAL\CUBE_NANDO_HAL\F103Programmer1\Core\Inc\stm32f1xx_hal_conf.h
2023-11-16 01:00:09,848 [INFO] CodeEngine:255 - oldGeneratedFile, D:\CUBE_NANDO_HAL\CUBE_NANDO_HAL\F103Programmer1\Core\Inc\main.h_save
2023-11-16 01:00:09,924 [INFO] CodeEngine:279 - Generated code: D:\CUBE_NANDO_HAL\CUBE_NANDO_HAL\F103Programmer1\Core\Inc\main.h
2023-11-16 01:00:09,934 [INFO] CodeEngine:255 - oldGeneratedFile, D:\CUBE_NANDO_HAL\CUBE_NANDO_HAL\F103Programmer1\Core\Src\main.c_save
2023-11-16 01:00:10,013 [INFO] CodeEngine:279 - Generated code: D:\CUBE_NANDO_HAL\CUBE_NANDO_HAL\F103Programmer1\Core\Src\main.c
2023-11-16 01:00:10,466 [INFO] ProjectBuilder:3064 - Time for Copy HAL[1] : 122mS.
2023-11-16 01:00:10,470 [INFO] ProjectBuilder:4404 - Project Generator version: 4.1.0
2023-11-16 01:00:10,614 [INFO] ConfigFileManager:1457 - The Die is : DIE414
2023-11-16 01:00:10,615 [INFO] ApiDbMcu:507 - Load IP Config File for FATFS
2023-11-16 01:00:10,618 [INFO] ApiDbMcu:507 - Load IP Config File for FREERTOS
2023-11-16 01:00:11,804 [INFO] ProjectBuilder:4626 - Time for Generating toolchain IDE Files: 1335mS.
2023-11-16 01:00:11,805 [INFO] ProjectBuilder:2935 - Time for Copy CMSIS : 1mS.
2023-11-16 01:00:11,808 [INFO] ProjectBuilder:2935 - Time for Copy CMSIS : 0mS.
2023-11-16 01:03:11,037 [INFO] MainUpdater:2868 - connection check result : 10
2023-11-16 01:03:11,037 [INFO] MainUpdater:2868 - connection check result : 10
2023-11-16 01:03:11,049 [INFO] MicroXplorer:468 - Change Database Path : 
2023-11-16 01:03:11,049 [INFO] MicroXplorer:498 - Change Database Version : DB.6.0.92
2023-11-16 01:03:11,073 [WARN] ThirdParty:871 - waiting for thirdparty lock release [close project]
2023-11-16 01:03:11,073 [INFO] ThirdParty:873 - entering critical section [close project]
2023-11-16 01:03:11,073 [INFO] ThirdParty:883 - exiting critical section [close project]
2023-11-16 01:03:11,074 [INFO] PinOutPanel:1499 - setPackage(No Configuration,No Configuration)
2023-11-16 01:03:11,079 [INFO] UtilMem:75 - Begin LoadConfig() Used Memory: 503495136 Bytes (1021313024)
2023-11-16 01:03:11,079 [INFO] MicroXplorer:468 - Change Database Path : 
2023-11-16 01:03:11,079 [INFO] MicroXplorer:498 - Change Database Version : DB.6.0.92
2023-11-16 01:03:11,079 [INFO] OpenFileManager:308 - Change cursor
2023-11-16 01:03:11,089 [INFO] RulesReader:64 - Compatibility file has been processed (293 Rules)
2023-11-16 01:03:11,091 [INFO] Mcu:1946 - Initializing MCU STM32F103V(C-D-E)Tx STM32F103VCTx STM32F103VCT6
2023-11-16 01:03:11,750 [INFO] Context:659 - Trying to add GPIOservice into a context  which must be forbidden
2023-11-16 01:03:11,861 [INFO] RtosManager:555 - Registered RTOS mode: class=CMSIS, group=RTOS, mode=CMSIS_V1, owner=FREERTOS
2023-11-16 01:03:11,861 [INFO] RtosManager:555 - Registered RTOS mode: class=CMSIS, group=RTOS2, mode=CMSIS_V2, owner=FREERTOS
2023-11-16 01:03:11,861 [INFO] RtosManager:555 - Registered RTOS mode: class=RTOS, group=Core, mode=CMSIS_V1, owner=FREERTOS
2023-11-16 01:03:11,861 [INFO] RtosManager:555 - Registered RTOS mode: class=RTOS, group=Core, mode=CMSIS_V2, owner=FREERTOS
2023-11-16 01:03:11,861 [WARN] ModelIntegratedComponent:184 - Missing modes for component STMicroelectronics:FreeRTOS:0.0.1:STMicroelectronics:RTOS:FreeRTOS:Core:::10.2.0:
2023-11-16 01:03:11,868 [WARN] ModelIntegratedComponent:63 - No mode defined for component null
2023-11-16 01:03:11,868 [WARN] ModelIntegratedComponent:63 - No mode defined for component null
2023-11-16 01:03:11,868 [WARN] ModelIntegratedComponent:63 - No mode defined for component null
2023-11-16 01:03:11,868 [WARN] ModelIntegratedComponent:63 - No mode defined for component null
2023-11-16 01:03:11,868 [WARN] ModelIntegratedComponent:63 - No mode defined for component null
2023-11-16 01:03:11,868 [WARN] ModelIntegratedComponent:63 - No mode defined for component null
2023-11-16 01:03:11,868 [WARN] ModelIntegratedComponent:63 - No mode defined for component null
2023-11-16 01:03:11,868 [WARN] ModelIntegratedComponent:63 - No mode defined for component null
2023-11-16 01:03:11,868 [WARN] ModelIntegratedComponent:63 - No mode defined for component null
2023-11-16 01:03:11,868 [WARN] ModelIntegratedComponent:63 - No mode defined for component null
2023-11-16 01:03:11,868 [WARN] ModelIntegratedComponent:63 - No mode defined for component null
2023-11-16 01:03:11,868 [WARN] ModelIntegratedComponent:63 - No mode defined for component null
2023-11-16 01:03:11,868 [WARN] ModelIntegratedComponent:63 - No mode defined for component null
2023-11-16 01:03:11,868 [WARN] ModelIntegratedComponent:63 - No mode defined for component null
2023-11-16 01:03:11,868 [WARN] ModelIntegratedComponent:63 - No mode defined for component null
2023-11-16 01:03:11,868 [WARN] ModelIntegratedComponent:63 - No mode defined for component null
2023-11-16 01:03:11,868 [WARN] ModelIntegratedComponent:63 - No mode defined for component null
2023-11-16 01:03:11,868 [WARN] ModelIntegratedComponent:63 - No mode defined for component null
2023-11-16 01:03:11,868 [WARN] ModelIntegratedComponent:63 - No mode defined for component null
2023-11-16 01:03:11,868 [WARN] ModelIntegratedComponent:63 - No mode defined for component null
2023-11-16 01:03:11,868 [WARN] ModelIntegratedComponent:63 - No mode defined for component null
2023-11-16 01:03:11,868 [WARN] ModelIntegratedComponent:63 - No mode defined for component null
2023-11-16 01:03:11,868 [WARN] ModelIntegratedComponent:63 - No mode defined for component null
2023-11-16 01:03:11,868 [WARN] ModelIntegratedComponent:63 - No mode defined for component null
2023-11-16 01:03:11,868 [WARN] ModelIntegratedComponent:63 - No mode defined for component null
2023-11-16 01:03:11,868 [WARN] ModelIntegratedComponent:63 - No mode defined for component null
2023-11-16 01:03:11,868 [WARN] ModelIntegratedComponent:63 - No mode defined for component null
2023-11-16 01:03:11,868 [WARN] ModelIntegratedComponent:63 - No mode defined for component null
2023-11-16 01:03:11,868 [WARN] ModelIntegratedComponent:63 - No mode defined for component null
2023-11-16 01:03:11,868 [WARN] ModelIntegratedComponent:63 - No mode defined for component null
2023-11-16 01:03:11,868 [WARN] ModelIntegratedComponent:63 - No mode defined for component null
2023-11-16 01:03:11,868 [WARN] ModelIntegratedComponent:63 - No mode defined for component null
2023-11-16 01:03:11,868 [WARN] ModelIntegratedComponent:63 - No mode defined for component null
2023-11-16 01:03:11,956 [INFO] ThirdPartyModel:298 - Start build external matchings
2023-11-16 01:03:12,286 [INFO] ThirdPartyModel:316 - End build external matchings
2023-11-16 01:03:12,290 [INFO] ImportTextPane:194 - (OptionalMessage_ERROR) IP (RCC) : Parameter (ADCFreqValue) has invalid value (36000000)
2023-11-16 01:03:12,290 [INFO] ImportTextPane:194 - (OptionalMessage_ERROR) IP (RCC) : Invalid parameter (FamilyName)
2023-11-16 01:03:12,290 [INFO] ImportTextPane:194 - (OptionalMessage_ERROR) IP (RCC) : Parameter (MCOFreq_Value) has invalid value (72000000)
2023-11-16 01:03:12,508 [INFO] UtilMem:75 - End LoadConfig() Used Memory: 320826584 Bytes (1021313024)
2023-11-16 01:03:12,546 [WARN] ThirdParty:833 - waiting for thirdparty lock release [change project]
2023-11-16 01:03:12,546 [INFO] ThirdParty:835 - entering critical section [change project]
2023-11-16 01:03:12,547 [INFO] ThirdParty:1030 - CMSIS Pack Vendor :STMicroelectronics X-CUBE-ISPU 1.1.0
2023-11-16 01:03:12,547 [INFO] ThirdParty:1030 - CMSIS Pack Vendor :STMicroelectronics USBPD 4.1
2023-11-16 01:03:12,547 [INFO] ThirdParty:1030 - CMSIS Pack Vendor :STMicroelectronics X-CUBE-GNSS1 6.0.0
2023-11-16 01:03:12,547 [INFO] ThirdParty:1030 - CMSIS Pack Vendor :STMicroelectronics USB_HOST 2.0.0
2023-11-16 01:03:12,547 [INFO] ThirdParty:1030 - CMSIS Pack Vendor :STMicroelectronics X-CUBE-AZRTOS-F4 1.1.0
2023-11-16 01:03:12,547 [INFO] ThirdParty:1030 - CMSIS Pack Vendor :STMicroelectronics LIBJPEG 8.0.0
2023-11-16 01:03:12,547 [INFO] ThirdParty:1030 - CMSIS Pack Vendor :wolfSSL I-CUBE-wolfSSL 5.6.3
2023-11-16 01:03:12,547 [INFO] ThirdParty:1030 - CMSIS Pack Vendor :STMicroelectronics X-CUBE-SMBUS 2.1.0
2023-11-16 01:03:12,547 [INFO] ThirdParty:1030 - CMSIS Pack Vendor :STMicroelectronics USB_DEVICE 3.0.0
2023-11-16 01:03:12,547 [INFO] ThirdParty:1030 - CMSIS Pack Vendor :STMicroelectronics X-CUBE-AZRTOS-WB 2.0.0
2023-11-16 01:03:12,547 [INFO] ThirdParty:1030 - CMSIS Pack Vendor :STMicroelectronics X-CUBE-AZRTOS-F7 1.1.0
2023-11-16 01:03:12,547 [INFO] ThirdParty:1030 - CMSIS Pack Vendor :STMicroelectronics X-CUBE-AZRTOS-L5 2.0.0
2023-11-16 01:03:12,547 [INFO] ThirdParty:1030 - CMSIS Pack Vendor :STMicroelectronics USB_DEVICE 2.0.0
2023-11-16 01:03:12,547 [INFO] ThirdParty:1030 - CMSIS Pack Vendor :STMicroelectronics X-CUBE-EEPRMA1 4.2.0
2023-11-16 01:03:12,547 [INFO] ThirdParty:1030 - CMSIS Pack Vendor :ITTIA_DB I-CUBE-ITTIADB 8.8.0
2023-11-16 01:03:12,547 [INFO] ThirdParty:1030 - CMSIS Pack Vendor :STMicroelectronics FP-SNS-MOTENV1 4.3.2
2023-11-16 01:03:12,547 [INFO] ThirdParty:1030 - CMSIS Pack Vendor :STMicroelectronics X-CUBE-ALGOBUILD 1.3.0
2023-11-16 01:03:12,547 [INFO] ThirdParty:1030 - CMSIS Pack Vendor :STMicroelectronics FreeRTOS 0.0.1
2023-11-16 01:03:12,547 [INFO] ThirdParty:1030 - CMSIS Pack Vendor :STMicroelectronics X-CUBE-AZRTOS-G0 1.1.0
2023-11-16 01:03:12,547 [INFO] ThirdParty:1030 - CMSIS Pack Vendor :STMicroelectronics X-CUBE-BLEMGR 2.0.0
2023-11-16 01:03:12,547 [INFO] ThirdParty:1030 - CMSIS Pack Vendor :STMicroelectronics X-CUBE-NFC4 3.0.0
2023-11-16 01:03:12,547 [INFO] ThirdParty:1030 - CMSIS Pack Vendor :STMicroelectronics X-CUBE-SUBG2 5.0.0
2023-11-16 01:03:12,547 [INFO] ThirdParty:1030 - CMSIS Pack Vendor :STMicroelectronics STM32_WPAN 1.0.0
2023-11-16 01:03:12,547 [INFO] ThirdParty:1030 - CMSIS Pack Vendor :STMicroelectronics lwIP 2.0.3
2023-11-16 01:03:12,547 [INFO] ThirdParty:1030 - CMSIS Pack Vendor :STMicroelectronics FP-SNS-FLIGHT1 5.0.2
2023-11-16 01:03:12,547 [INFO] ThirdParty:1030 - CMSIS Pack Vendor :STMicroelectronics USB_HOST 1.0.0
2023-11-16 01:03:12,547 [INFO] ThirdParty:1030 - CMSIS Pack Vendor :STMicroelectronics X-CUBE-TOF1 3.3.1
2023-11-16 01:03:12,547 [INFO] ThirdParty:1030 - CMSIS Pack Vendor :STMicroelectronics X-CUBE-AZRTOS-G4 2.0.0
2023-11-16 01:03:12,547 [INFO] ThirdParty:1030 - CMSIS Pack Vendor :STMicroelectronics PDM2PCM 3.1.0
2023-11-16 01:03:12,547 [INFO] ThirdParty:1030 - CMSIS Pack Vendor :STMicroelectronics X-CUBE-AZRTOS-H7 3.1.0
2023-11-16 01:03:12,547 [INFO] ThirdParty:1030 - CMSIS Pack Vendor :Infineon AIROC-Wi-Fi-Bluetooth-STM32 1.5.1
2023-11-16 01:03:12,547 [INFO] ThirdParty:1030 - CMSIS Pack Vendor :STMicroelectronics X-CUBE-BLEMGR 3.0.0
2023-11-16 01:03:12,547 [INFO] ThirdParty:1030 - CMSIS Pack Vendor :STMicroelectronics PDM2PCM 3.3.0
2023-11-16 01:03:12,547 [INFO] ThirdParty:1030 - CMSIS Pack Vendor :STMicroelectronics X-CUBE-DISPLAY 3.0.0
2023-11-16 01:03:12,547 [INFO] ThirdParty:1030 - CMSIS Pack Vendor :STMicroelectronics FP-SNS-MOTENVWB1 1.3.0
2023-11-16 01:03:12,547 [INFO] ThirdParty:1030 - CMSIS Pack Vendor :STMicroelectronics X-CUBE-BLE1 7.0.0
2023-11-16 01:03:12,547 [INFO] ThirdParty:1030 - CMSIS Pack Vendor :STMicroelectronics FP-ATR-SIGFOX1 3.2.0
2023-11-16 01:03:12,547 [INFO] ThirdParty:1030 - CMSIS Pack Vendor :STMicroelectronics HAL Drivers 0.0.0
2023-11-16 01:03:12,547 [INFO] ThirdParty:1030 - CMSIS Pack Vendor :STMicroelectronics MBEDTLS 2.16.2
2023-11-16 01:03:12,548 [INFO] ThirdParty:1030 - CMSIS Pack Vendor :emotas I-CUBE-CANOPEN 1.3.0
2023-11-16 01:03:12,548 [INFO] ThirdParty:1030 - CMSIS Pack Vendor :STMicroelectronics X-CUBE-MEMS1 10.0.0
2023-11-16 01:03:12,548 [INFO] ThirdParty:1030 - CMSIS Pack Vendor :STMicroelectronics X-CUBE-FREERTOS 1.1.0
2023-11-16 01:03:12,548 [INFO] ThirdParty:1030 - CMSIS Pack Vendor :STMicroelectronics X-CUBE-NFC7 1.0.1
2023-11-16 01:03:12,548 [INFO] ThirdParty:1030 - CMSIS Pack Vendor :STMicroelectronics MBEDTLS 2.14.1
2023-11-16 01:03:12,548 [INFO] ThirdParty:1030 - CMSIS Pack Vendor :STMicroelectronics X-CUBE-TOUCHGFX 4.22.1
2023-11-16 01:03:12,548 [INFO] ThirdParty:1030 - CMSIS Pack Vendor :STMicroelectronics X-CUBE-NFC6 3.0.0
2023-11-16 01:03:12,548 [INFO] ThirdParty:1030 - CMSIS Pack Vendor :STMicroelectronics X-CUBE-EEPRMA1 4.1.0
2023-11-16 01:03:12,548 [INFO] ThirdParty:1030 - CMSIS Pack Vendor :portGmbH I-Cube-SoM-uGOAL 1.1.0
2023-11-16 01:03:12,548 [INFO] ThirdParty:1030 - CMSIS Pack Vendor :STMicroelectronics X-CUBE-ALS 1.0.1
2023-11-16 01:03:12,548 [INFO] ThirdParty:1030 - CMSIS Pack Vendor :STMicroelectronics ThreadX 1.0.0
2023-11-16 01:03:12,548 [INFO] ThirdParty:1030 - CMSIS Pack Vendor :STMicroelectronics FP-SNS-SMARTAG2 1.2.0
2023-11-16 01:03:12,548 [INFO] ThirdParty:1030 - CMSIS Pack Vendor :STMicroelectronics X-CUBE-AZRTOS-WL 2.0.0
2023-11-16 01:03:12,548 [INFO] ThirdParty:1030 - CMSIS Pack Vendor :SEGGER I-CUBE-embOS 1.3.1
2023-11-16 01:03:12,548 [INFO] ThirdParty:1030 - CMSIS Pack Vendor :STMicroelectronics USB_DEVICE 1.0.0
2023-11-16 01:03:12,548 [INFO] ThirdParty:1030 - CMSIS Pack Vendor :STMicroelectronics X-CUBE-AI 8.1.0
2023-11-16 01:03:12,548 [INFO] ThirdParty:1030 - CMSIS Pack Vendor :STMicroelectronics X-CUBE-AZRTOS-L4 2.0.0
2023-11-16 01:03:12,548 [INFO] ThirdParty:1030 - CMSIS Pack Vendor :STMicroelectronics ThreadX 0.0.2
2023-11-16 01:03:12,548 [INFO] ThirdParty:1030 - CMSIS Pack Vendor :WES I-CUBE-Cesium 1.3.0
2023-11-16 01:03:12,548 [INFO] ThirdParty:1030 - CMSIS Pack Vendor :STMicroelectronics FP-ATR-ASTRA1 2.0.0
2023-11-16 01:03:12,548 [INFO] ThirdParty:1030 - CMSIS Pack Vendor :STMicroelectronics lwIP 2.1.2
2023-11-16 01:03:12,548 [INFO] ThirdParty:1030 - CMSIS Pack Vendor :STMicroelectronics X-CUBE-SFXS2LP1 4.0.0
2023-11-16 01:03:12,548 [INFO] ThirdParty:1030 - CMSIS Pack Vendor :STMicroelectronics X-CUBE-BLE2 3.3.0
2023-11-16 01:03:12,548 [INFO] ThirdParty:1030 - CMSIS Pack Vendor :STMicroelectronics PDM2PCM 3.2.0
2023-11-16 01:03:12,548 [INFO] ThirdParty:841 - exiting critical section [change project]
2023-11-16 01:03:12,668 [INFO] PinOutPanel:1499 - setPackage(No Configuration,No Configuration)
2023-11-16 01:03:12,669 [INFO] PinOutPanel:1499 - setPackage(STM32F103VCTx,LQFP100)
2023-11-16 01:03:12,850 [INFO] UtilMem:75 - Before build in PCC Used Memory: 355039232 Bytes (1021313024)
2023-11-16 01:03:13,004 [INFO] UtilMem:75 - After build in PCC Used Memory: 396982272 Bytes (1021313024)
2023-11-16 01:03:13,007 [INFO] ApiDbMcu:507 - Load IP Config File for USB_DEVICE
2023-11-16 01:03:13,022 [INFO] IPUIPlugin:80 - create IPUIPlugin
2023-11-16 01:03:13,022 [INFO] IPUIPlugin:80 - create IPUIPlugin
2023-11-16 01:03:13,022 [INFO] IPUIPlugin:80 - create IPUIPlugin
2023-11-16 01:03:13,022 [INFO] IPUIPlugin:80 - create IPUIPlugin
2023-11-16 01:03:13,022 [INFO] IPUIPlugin:80 - create IPUIPlugin
2023-11-16 01:03:13,022 [INFO] IPUIPlugin:80 - create IPUIPlugin
2023-11-16 01:03:13,022 [INFO] IPUIPlugin:80 - create IPUIPlugin
2023-11-16 01:03:13,022 [INFO] IPUIPlugin:80 - create IPUIPlugin
2023-11-16 01:03:13,022 [INFO] IPUIPlugin:80 - create IPUIPlugin
2023-11-16 01:03:13,022 [INFO] IPUIPlugin:80 - create IPUIPlugin
2023-11-16 01:03:13,022 [INFO] IPUIPlugin:80 - create IPUIPlugin
2023-11-16 01:03:13,022 [INFO] IPUIPlugin:80 - create IPUIPlugin
2023-11-16 01:03:13,022 [INFO] IPUIPlugin:80 - create IPUIPlugin
2023-11-16 01:03:13,022 [INFO] IPUIPlugin:80 - create IPUIPlugin
2023-11-16 01:03:13,022 [INFO] IPUIPlugin:80 - create IPUIPlugin
2023-11-16 01:03:13,023 [INFO] IPUIPlugin:80 - create IPUIPlugin
2023-11-16 01:03:13,023 [INFO] IPUIPlugin:80 - create IPUIPlugin
2023-11-16 01:03:13,023 [INFO] IPUIPlugin:80 - create IPUIPlugin
2023-11-16 01:03:13,023 [INFO] IPUIPlugin:80 - create IPUIPlugin
2023-11-16 01:03:13,023 [INFO] IPUIPlugin:80 - create IPUIPlugin
2023-11-16 01:03:13,024 [INFO] IPUIPlugin:80 - create IPUIPlugin
2023-11-16 01:03:13,024 [INFO] IPUIPlugin:80 - create IPUIPlugin
2023-11-16 01:03:13,024 [INFO] IPUIPlugin:80 - create IPUIPlugin
2023-11-16 01:03:13,024 [INFO] IPUIPlugin:80 - create IPUIPlugin
2023-11-16 01:03:13,024 [INFO] IPUIPlugin:80 - create IPUIPlugin
2023-11-16 01:03:13,024 [INFO] IPUIPlugin:80 - create IPUIPlugin
2023-11-16 01:03:13,024 [INFO] IPUIPlugin:80 - create IPUIPlugin
2023-11-16 01:03:13,024 [INFO] IPUIPlugin:80 - create IPUIPlugin
2023-11-16 01:03:13,025 [INFO] IPUIPlugin:80 - create IPUIPlugin
2023-11-16 01:03:13,025 [INFO] IPUIPlugin:80 - create IPUIPlugin
2023-11-16 01:03:13,025 [INFO] IPUIPlugin:80 - create IPUIPlugin
2023-11-16 01:03:13,025 [INFO] IPUIPlugin:80 - create IPUIPlugin
2023-11-16 01:03:13,026 [INFO] IPUIPlugin:80 - create IPUIPlugin
2023-11-16 01:03:13,026 [INFO] IPUIPlugin:80 - create IPUIPlugin
2023-11-16 01:03:13,026 [INFO] IPUIPlugin:80 - create IPUIPlugin
2023-11-16 01:03:13,026 [INFO] IPUIPlugin:80 - create IPUIPlugin
2023-11-16 01:03:13,026 [INFO] IPUIPlugin:80 - create IPUIPlugin
2023-11-16 01:03:13,027 [INFO] IPUIPlugin:80 - create IPUIPlugin
2023-11-16 01:03:13,027 [INFO] IPUIPlugin:80 - create IPUIPlugin
2023-11-16 01:03:13,027 [INFO] IPUIPlugin:80 - create IPUIPlugin
2023-11-16 01:03:13,070 [INFO] CADModel:165 - CPN selected for project levelSTM32F103VCT6
2023-11-16 01:03:13,070 [INFO] CADModel:114 - Register for checkConnection events
2023-11-16 01:03:13,123 [INFO] OpenFileManager:328 - Restore cursor
