2023-10-25 01:11:13,332 [ERROR] LogOutputStream:75 - [STDERR_REDIRECT] 
2023-10-25 01:14:30,861 [INFO] Activator:176 - 


2023-10-25 01:14:30,864 [INFO] Activator:177 - !SESSION log4j initialized
2023-10-25 01:14:36,703 [INFO] LogOutputStream:77 - [STDOUT_REDIRECT] 
2023-10-25 01:14:41,792 [INFO] ApplicationProperties:184 - Using Application install path: C:\ST\STM32CubeIDE_1.13.2\STM32CubeIDE\plugins\com.st.stm32cube.common.mx_6.9.2.202309101412
2023-10-25 01:14:41,811 [INFO] DbMcusXml:78 - Set database path to: C:\ST\STM32CubeIDE_1.13.2\STM32CubeIDE\plugins\com.st.stm32cube.common.mx_6.9.2.202309101412\\db\/mcu/
2023-10-25 01:14:41,812 [INFO] ApiDb:274 - Set plugin database path to: C:\ST\STM32CubeIDE_1.13.2\STM32CubeIDE\plugins\com.st.stm32cube.common.mx_6.9.2.202309101412\\db\/plugins/boardmanager/
2023-10-25 01:14:41,812 [WARN] ApiDb:259 - Overriding images path with different value:  => C:\ST\STM32CubeIDE_1.13.2\STM32CubeIDE\plugins\com.st.stm32cube.common.mx_6.9.2.202309101412\\db\/plugins/mcufinder/images/
2023-10-25 01:14:41,826 [INFO] ApiDb:250 - Set database path to: C:\Users\wjunh\.stmcufinder\plugins\mcufinder//mcu/
2023-10-25 01:14:41,827 [INFO] DbMcusAds:125 - Set database path to: C:\Users\wjunh\.stmcufinder\plugins\mcufinder//mcu/
2023-10-25 01:14:41,828 [INFO] CrossReferenceDbSqlite:203 - Set database path to: C:\Users\wjunh\.stmcufinder\plugins\mcufinder//mcu/cs/
2023-10-25 01:14:41,932 [INFO] RulesReader:64 - Compatibility file has been processed (293 Rules)
2023-10-25 01:14:42,012 [INFO] DbMcusXml:78 - Set database path to: C:\ST\STM32CubeIDE_1.13.2\STM32CubeIDE\plugins\com.st.stm32cube.common.mx_6.9.2.202309101412\\db\/mcu/
2023-10-25 01:14:42,012 [INFO] ApiDb:274 - Set plugin database path to: C:\ST\STM32CubeIDE_1.13.2\STM32CubeIDE\plugins\com.st.stm32cube.common.mx_6.9.2.202309101412\\db\/plugins/boardmanager/
2023-10-25 01:14:42,012 [INFO] ApiDb:261 - Set plugin images path to: C:\ST\STM32CubeIDE_1.13.2\STM32CubeIDE\plugins\com.st.stm32cube.common.mx_6.9.2.202309101412\\db\/plugins/mcufinder/images/
2023-10-25 01:14:42,012 [WARN] DbFile:41 - Overriding database path with different value: C:\Users\wjunh\.stmcufinder\plugins\mcufinder/ => C:\Users\wjunh\.stmcufinder\plugins\mcufinder
2023-10-25 01:14:42,012 [INFO] ApiDb:250 - Set database path to: C:\Users\wjunh\.stmcufinder\plugins\mcufinder//mcu/
2023-10-25 01:14:42,013 [WARN] DbFile:41 - Overriding database path with different value: C:\Users\wjunh\.stmcufinder\plugins\mcufinder/ => C:\Users\wjunh\.stmcufinder\plugins\mcufinder
2023-10-25 01:14:42,013 [INFO] DbMcusAds:125 - Set database path to: C:\Users\wjunh\.stmcufinder\plugins\mcufinder//mcu/
2023-10-25 01:14:42,013 [WARN] DbFile:41 - Overriding database path with different value: C:\Users\wjunh\.stmcufinder\plugins\mcufinder/ => C:\Users\wjunh\.stmcufinder\plugins\mcufinder
2023-10-25 01:14:42,013 [WARN] DbFile:41 - Overriding database path with different value: C:\Users\wjunh\.stmcufinder\plugins\mcufinder/ => C:\Users\wjunh\.stmcufinder\plugins\mcufinder
2023-10-25 01:14:42,013 [INFO] CrossReferenceDbSqlite:203 - Set database path to: C:\Users\wjunh\.stmcufinder\plugins\mcufinder//mcu/cs/
2023-10-25 01:14:42,072 [INFO] MainPanel:262 - HeapMemory: 268435456
2023-10-25 01:14:42,143 [INFO] DbMcusXml:78 - Set database path to: C:\ST\STM32CubeIDE_1.13.2\STM32CubeIDE\plugins\com.st.stm32cube.common.mx_6.9.2.202309101412\\db\/mcu/
2023-10-25 01:14:42,143 [INFO] ApiDb:274 - Set plugin database path to: C:\ST\STM32CubeIDE_1.13.2\STM32CubeIDE\plugins\com.st.stm32cube.common.mx_6.9.2.202309101412\\db\/plugins/boardmanager/
2023-10-25 01:14:42,143 [INFO] ApiDb:261 - Set plugin images path to: C:\ST\STM32CubeIDE_1.13.2\STM32CubeIDE\plugins\com.st.stm32cube.common.mx_6.9.2.202309101412\\db\/plugins/mcufinder/images/
2023-10-25 01:14:42,144 [WARN] DbFile:41 - Overriding database path with different value: C:\Users\wjunh\.stmcufinder\plugins\mcufinder/ => C:\Users\wjunh\.stmcufinder\plugins\mcufinder
2023-10-25 01:14:42,144 [INFO] ApiDb:250 - Set database path to: C:\Users\wjunh\.stmcufinder\plugins\mcufinder//mcu/
2023-10-25 01:14:42,145 [WARN] DbFile:41 - Overriding database path with different value: C:\Users\wjunh\.stmcufinder\plugins\mcufinder/ => C:\Users\wjunh\.stmcufinder\plugins\mcufinder
2023-10-25 01:14:42,145 [INFO] DbMcusAds:125 - Set database path to: C:\Users\wjunh\.stmcufinder\plugins\mcufinder//mcu/
2023-10-25 01:14:42,145 [WARN] DbFile:41 - Overriding database path with different value: C:\Users\wjunh\.stmcufinder\plugins\mcufinder/ => C:\Users\wjunh\.stmcufinder\plugins\mcufinder
2023-10-25 01:14:42,145 [WARN] DbFile:41 - Overriding database path with different value: C:\Users\wjunh\.stmcufinder\plugins\mcufinder/ => C:\Users\wjunh\.stmcufinder\plugins\mcufinder
2023-10-25 01:14:42,145 [INFO] CrossReferenceDbSqlite:203 - Set database path to: C:\Users\wjunh\.stmcufinder\plugins\mcufinder//mcu/cs/
2023-10-25 01:14:42,161 [INFO] ApplicationProperties:184 - Using Application install path: C:\ST\STM32CubeIDE_1.13.2\STM32CubeIDE\plugins\com.st.stm32cube.common.mx_6.9.2.202309101412
2023-10-25 01:14:42,162 [INFO] PluginManage:196 - Search for loadable plugins [exclusion list=, ]
2023-10-25 01:14:42,163 [INFO] PluginManage:310 - Check plugin analytics
2023-10-25 01:14:42,328 [INFO] AnalyticsPlugin:253 - Accepted Software Licenses: 
2023-10-25 01:14:42,328 [INFO] AnalyticsPlugin:255 - Accepted CMSIS Pack Licenses: 
2023-10-25 01:14:42,328 [INFO] AnalyticsPlugin:257 - Accepted Firmware Licenses: 
2023-10-25 01:14:42,331 [INFO] PluginManage:359 - Loaded plugin analytics (category:tool,tabindex:-1)
2023-10-25 01:14:42,332 [INFO] PluginManage:310 - Check plugin cadmodel
2023-10-25 01:14:42,343 [INFO] CADModel:105 - Init CAD model plugin
2023-10-25 01:14:42,343 [INFO] PluginManage:359 - Loaded plugin cadmodel (category:power,tabindex:5)
2023-10-25 01:14:42,344 [INFO] PluginManage:310 - Check plugin clock
2023-10-25 01:14:42,358 [INFO] PluginManage:359 - Loaded plugin clock (category:base,tabindex:2)
2023-10-25 01:14:42,358 [INFO] PluginManage:310 - Check plugin ddr
2023-10-25 01:14:42,360 [INFO] PluginManage:359 - Loaded plugin ddr (category:tool,tabindex:6)
2023-10-25 01:14:42,360 [INFO] PluginManage:310 - Check plugin filemanager
2023-10-25 01:14:42,468 [INFO] PluginManage:359 - Loaded plugin filemanager (category:base,tabindex:10)
2023-10-25 01:14:42,468 [INFO] PluginManage:310 - Check plugin ipmanager
2023-10-25 01:14:42,475 [INFO] PluginManage:359 - Loaded plugin ipmanager (category:base,tabindex:5)
2023-10-25 01:14:42,475 [INFO] PluginManage:310 - Check plugin lpbam
2023-10-25 01:14:42,489 [INFO] PluginManage:359 - Loaded plugin lpbam (category:base,tabindex:0)
2023-10-25 01:14:42,490 [INFO] PluginManage:310 - Check plugin memorymap
2023-10-25 01:14:42,506 [INFO] PluginManage:359 - Loaded plugin memorymap (category:base,tabindex:4)
2023-10-25 01:14:42,506 [INFO] PluginManage:310 - Check plugin pinoutandconfiguration
2023-10-25 01:14:42,522 [INFO] PluginManage:359 - Loaded plugin pinoutandconfiguration (category:base,tabindex:1)
2023-10-25 01:14:42,522 [INFO] PluginManage:310 - Check plugin pinoutconfig
2023-10-25 01:14:42,611 [WARN] SupportedApi:132 - Cannot load RTOS API schema: s4s-elt-must-match.1: The content of 'definitions' must match (annotation?, (simpleType | complexType)?, (unique | key | keyref)*)). A problem was found starting at: attribute.
2023-10-25 01:14:42,726 [INFO] PluginManage:359 - Loaded plugin pinoutconfig (category:base,tabindex:0)
2023-10-25 01:14:42,727 [INFO] PluginManage:310 - Check plugin power
2023-10-25 01:14:42,740 [INFO] PluginManage:359 - Loaded plugin power (category:power,tabindex:4)
2023-10-25 01:14:42,740 [INFO] PluginManage:310 - Check plugin projectmanager
2023-10-25 01:14:42,755 [INFO] PluginManage:359 - Loaded plugin projectmanager (category:projectmanager,tabindex:3)
2023-10-25 01:14:42,755 [INFO] PluginManage:310 - Check plugin thirdparty
2023-10-25 01:14:43,002 [INFO] PluginManage:359 - Loaded plugin thirdparty (category:base,tabindex:-1)
2023-10-25 01:14:43,002 [INFO] PluginManage:310 - Check plugin tools
2023-10-25 01:14:43,002 [WARN] IntegrityCheckThread:84 - waiting for thirdparty lock release [integrity check]
2023-10-25 01:14:43,002 [INFO] IntegrityCheckThread:86 - entering critical section [integrity check]
2023-10-25 01:14:43,003 [INFO] ThirdPartyUpdaterWithRetryManager:70 - Updater plugin not ready yet. [1/15]
2023-10-25 01:14:43,034 [INFO] PluginManage:359 - Loaded plugin tools (category:base,tabindex:7)
2023-10-25 01:14:43,034 [INFO] PluginManage:310 - Check plugin tutovideos
2023-10-25 01:14:43,204 [INFO] PluginManage:359 - Loaded plugin tutovideos (category:base,tabindex:-1)
2023-10-25 01:14:43,204 [INFO] PluginManage:310 - Check plugin updater
2023-10-25 01:14:43,214 [INFO] PluginManage:359 - Loaded plugin updater (category:base,tabindex:12)
2023-10-25 01:14:43,214 [INFO] PluginManage:310 - Check plugin userauth
2023-10-25 01:14:43,218 [INFO] UserAuth:113 - Init User Auth plugin
2023-10-25 01:14:43,218 [INFO] PluginManage:359 - Loaded plugin userauth (category:base,tabindex:14)
2023-10-25 01:14:43,219 [INFO] PluginManage:283 - PluginManage : Loaded plugins [17]
2023-10-25 01:14:43,400 [INFO] PinOutPanel:1499 - setPackage(No Configuration,No Configuration)
2023-10-25 01:14:43,491 [INFO] CADModel:165 - CPN selected for project level
2023-10-25 01:14:43,491 [INFO] CADModel:114 - Register for checkConnection events
2023-10-25 01:14:43,509 [INFO] IPUIPlugin:80 - create IPUIPlugin
2023-10-25 01:14:43,510 [INFO] PluginManager:220 - loadIPPluginJar : add adc
2023-10-25 01:14:43,537 [INFO] IPUIPlugin:80 - create IPUIPlugin
2023-10-25 01:14:43,537 [INFO] PluginManager:220 - loadIPPluginJar : add aes
2023-10-25 01:14:43,569 [INFO] IPUIPlugin:80 - create IPUIPlugin
2023-10-25 01:14:43,570 [INFO] PluginManager:220 - loadIPPluginJar : add can
2023-10-25 01:14:43,587 [INFO] IPUIPlugin:80 - create IPUIPlugin
2023-10-25 01:14:43,587 [INFO] PluginManager:220 - loadIPPluginJar : add comp
2023-10-25 01:14:43,613 [INFO] IPUIPlugin:80 - create IPUIPlugin
2023-10-25 01:14:43,613 [INFO] PluginManager:220 - loadIPPluginJar : add cryp
2023-10-25 01:14:43,636 [INFO] IPUIPlugin:80 - create IPUIPlugin
2023-10-25 01:14:43,636 [INFO] PluginManager:220 - loadIPPluginJar : add dfsdm
2023-10-25 01:14:43,647 [INFO] IPUIPlugin:80 - create IPUIPlugin
2023-10-25 01:14:43,647 [INFO] PluginManager:220 - loadIPPluginJar : add dma
2023-10-25 01:14:43,680 [INFO] IPUIPlugin:80 - create IPUIPlugin
2023-10-25 01:14:43,680 [INFO] PluginManager:220 - loadIPPluginJar : add dma3
2023-10-25 01:14:43,696 [INFO] IPUIPlugin:80 - create IPUIPlugin
2023-10-25 01:14:43,696 [INFO] PluginManager:220 - loadIPPluginJar : add fatfs
2023-10-25 01:14:43,736 [INFO] IPUIPlugin:80 - create IPUIPlugin
2023-10-25 01:14:43,736 [INFO] PluginManager:220 - loadIPPluginJar : add fmc
2023-10-25 01:14:43,747 [INFO] IPUIPlugin:80 - create IPUIPlugin
2023-10-25 01:14:43,747 [INFO] PluginManager:220 - loadIPPluginJar : add freertos
2023-10-25 01:14:43,763 [INFO] IPUIPlugin:80 - create IPUIPlugin
2023-10-25 01:14:43,763 [INFO] PluginManager:220 - loadIPPluginJar : add genericplugin
2023-10-25 01:14:43,830 [INFO] IPUIPlugin:80 - create IPUIPlugin
2023-10-25 01:14:43,830 [INFO] PluginManager:220 - loadIPPluginJar : add gfxmmu
2023-10-25 01:14:43,927 [INFO] IPUIPlugin:80 - create IPUIPlugin
2023-10-25 01:14:43,927 [INFO] PluginManager:220 - loadIPPluginJar : add gic
2023-10-25 01:14:43,937 [INFO] IPUIPlugin:80 - create IPUIPlugin
2023-10-25 01:14:43,937 [INFO] PluginManager:220 - loadIPPluginJar : add gpio
2023-10-25 01:14:44,010 [INFO] IPUIPlugin:80 - create IPUIPlugin
2023-10-25 01:14:44,010 [INFO] PluginManager:220 - loadIPPluginJar : add gtzc
2023-10-25 01:14:44,034 [INFO] IPUIPlugin:80 - create IPUIPlugin
2023-10-25 01:14:44,034 [INFO] PluginManager:220 - loadIPPluginJar : add hash
2023-10-25 01:14:44,073 [INFO] IPUIPlugin:80 - create IPUIPlugin
2023-10-25 01:14:44,073 [INFO] PluginManager:220 - loadIPPluginJar : add i2c
2023-10-25 01:14:44,102 [INFO] IPUIPlugin:80 - create IPUIPlugin
2023-10-25 01:14:44,103 [INFO] PluginManager:220 - loadIPPluginJar : add i2s
2023-10-25 01:14:44,134 [INFO] IPUIPlugin:80 - create IPUIPlugin
2023-10-25 01:14:44,134 [INFO] PluginManager:220 - loadIPPluginJar : add i3c
2023-10-25 01:14:44,220 [INFO] IPUIPlugin:80 - create IPUIPlugin
2023-10-25 01:14:44,220 [INFO] PluginManager:220 - loadIPPluginJar : add ipddr
2023-10-25 01:14:44,289 [INFO] IPUIPlugin:80 - create IPUIPlugin
2023-10-25 01:14:44,289 [INFO] PluginManager:220 - loadIPPluginJar : add linkedlist
2023-10-25 01:14:44,315 [INFO] IPUIPlugin:80 - create IPUIPlugin
2023-10-25 01:14:44,315 [INFO] PluginManager:220 - loadIPPluginJar : add lorawan
2023-10-25 01:14:44,343 [INFO] IPUIPlugin:80 - create IPUIPlugin
2023-10-25 01:14:44,343 [INFO] PluginManager:220 - loadIPPluginJar : add ltdc
2023-10-25 01:14:44,355 [INFO] IPUIPlugin:80 - create IPUIPlugin
2023-10-25 01:14:44,355 [INFO] PluginManager:220 - loadIPPluginJar : add mdma
2023-10-25 01:14:44,364 [INFO] IPUIPlugin:80 - create IPUIPlugin
2023-10-25 01:14:44,364 [INFO] PluginManager:220 - loadIPPluginJar : add nvic
2023-10-25 01:14:44,392 [INFO] IPUIPlugin:80 - create IPUIPlugin
2023-10-25 01:14:44,392 [INFO] PluginManager:220 - loadIPPluginJar : add opamp
2023-10-25 01:14:44,436 [INFO] IPUIPlugin:80 - create IPUIPlugin
2023-10-25 01:14:44,436 [INFO] PluginManager:220 - loadIPPluginJar : add openamp
2023-10-25 01:14:44,473 [INFO] IPUIPlugin:80 - create IPUIPlugin
2023-10-25 01:14:44,473 [INFO] PluginManager:220 - loadIPPluginJar : add pdm2pcm
2023-10-25 01:14:44,483 [INFO] IPUIPlugin:80 - create IPUIPlugin
2023-10-25 01:14:44,485 [INFO] PluginManager:220 - loadIPPluginJar : add plateformsettings
2023-10-25 01:14:44,503 [INFO] IPUIPlugin:80 - create IPUIPlugin
2023-10-25 01:14:44,503 [INFO] PluginManager:220 - loadIPPluginJar : add quadspi
2023-10-25 01:14:44,514 [INFO] IPUIPlugin:80 - create IPUIPlugin
2023-10-25 01:14:44,514 [INFO] PluginManager:220 - loadIPPluginJar : add resmgrutility
2023-10-25 01:14:44,555 [INFO] IPUIPlugin:80 - create IPUIPlugin
2023-10-25 01:14:44,555 [INFO] PluginManager:220 - loadIPPluginJar : add sai
2023-10-25 01:14:44,586 [INFO] IPUIPlugin:80 - create IPUIPlugin
2023-10-25 01:14:44,586 [INFO] PluginManager:220 - loadIPPluginJar : add spi
2023-10-25 01:14:44,632 [INFO] IPUIPlugin:80 - create IPUIPlugin
2023-10-25 01:14:44,632 [INFO] PluginManager:220 - loadIPPluginJar : add stm32_wpan
2023-10-25 01:14:44,650 [INFO] IPUIPlugin:80 - create IPUIPlugin
2023-10-25 01:14:44,650 [INFO] PluginManager:220 - loadIPPluginJar : add tim
2023-10-25 01:14:44,692 [INFO] IPUIPlugin:80 - create IPUIPlugin
2023-10-25 01:14:44,692 [INFO] PluginManager:220 - loadIPPluginJar : add touchsensing
2023-10-25 01:14:44,709 [INFO] IPUIPlugin:80 - create IPUIPlugin
2023-10-25 01:14:44,709 [INFO] PluginManager:220 - loadIPPluginJar : add tracer_emb
2023-10-25 01:14:44,726 [INFO] IPUIPlugin:80 - create IPUIPlugin
2023-10-25 01:14:44,726 [INFO] PluginManager:220 - loadIPPluginJar : add ts
2023-10-25 01:14:44,742 [INFO] IPUIPlugin:80 - create IPUIPlugin
2023-10-25 01:14:44,742 [INFO] PluginManager:220 - loadIPPluginJar : add tsc
2023-10-25 01:14:44,759 [INFO] IPUIPlugin:80 - create IPUIPlugin
2023-10-25 01:14:44,759 [INFO] PluginManager:220 - loadIPPluginJar : add ucpd
2023-10-25 01:14:44,794 [INFO] IPUIPlugin:80 - create IPUIPlugin
2023-10-25 01:14:44,794 [INFO] PluginManager:220 - loadIPPluginJar : add usart
2023-10-25 01:14:44,827 [INFO] IPUIPlugin:80 - create IPUIPlugin
2023-10-25 01:14:44,827 [INFO] PluginManager:220 - loadIPPluginJar : add usbx
2023-10-25 01:14:44,945 [INFO] CADModel:165 - CPN selected for project level
2023-10-25 01:14:44,945 [INFO] CADModel:114 - Register for checkConnection events
2023-10-25 01:14:44,945 [FATAL] Updater:308 - Updater called before beeing initialized
2023-10-25 01:14:44,945 [ERROR] CADModel:125 - Updater not yet initialized, retry later 
2023-10-25 01:14:45,056 [INFO] CADModel:165 - CPN selected for project level
2023-10-25 01:14:45,057 [INFO] CADModel:114 - Register for checkConnection events
2023-10-25 01:14:45,057 [FATAL] Updater:308 - Updater called before beeing initialized
2023-10-25 01:14:45,057 [ERROR] CADModel:125 - Updater not yet initialized, retry later 
2023-10-25 01:14:45,059 [FATAL] Updater:308 - Updater called before beeing initialized
2023-10-25 01:14:45,160 [FATAL] Updater:308 - Updater called before beeing initialized
2023-10-25 01:14:45,170 [INFO] DbMcusAds:53 - JSON generation date=Tue Mar 07 16:50:55 CST 2023 (1678179055114)
2023-10-25 01:14:45,170 [FATAL] Updater:308 - Updater called before beeing initialized
2023-10-25 01:14:45,203 [WARN] DetailPanel:346 - Failed to get advertising image, set to default
2023-10-25 01:14:45,287 [FATAL] Updater:308 - Updater called before beeing initialized
2023-10-25 01:14:45,288 [FATAL] Updater:308 - Updater called before beeing initialized
2023-10-25 01:14:45,288 [FATAL] Updater:308 - Updater called before beeing initialized
2023-10-25 01:14:45,289 [WARN] DetailPanel:346 - Failed to get advertising image, set to default
2023-10-25 01:14:45,289 [FATAL] Updater:308 - Updater called before beeing initialized
2023-10-25 01:14:45,343 [ERROR] Updater:1120 - MainUpdater not yet initialized. External WinMGr cannot be set.
2023-10-25 01:14:45,352 [INFO] Updater:1056 - Updater Version found : 6.9.2
2023-10-25 01:14:45,365 [INFO] ApplicationProperties:184 - Using Application install path: C:\ST\STM32CubeIDE_1.13.2\STM32CubeIDE\plugins\com.st.stm32cube.common.mx_6.9.2.202309101412
2023-10-25 01:14:45,720 [INFO] MainUpdater:2868 - connection check result : 10
2023-10-25 01:14:45,721 [INFO] MainUpdater:285 - Updater Check For Update Now.
2023-10-25 01:14:45,721 [INFO] MicroXplorer:498 - Change Database Version : DB.6.0.92
2023-10-25 01:14:45,736 [INFO] McuFinderGlobals:63 - Set McuFinder mode to 2 (CubeIDE integrated)
2023-10-25 01:14:45,736 [INFO] UserAuth:179 - activating auth plugin
2023-10-25 01:14:45,739 [INFO] UserAuth:393 - Internet connection configuration mode: 1
2023-10-25 01:14:45,759 [INFO] JxBrowserEngine:151 - Initiate JxBrowser Engine with user profile folder
2023-10-25 01:14:45,919 [INFO] CheckServerUpdateThread:120 - End of CheckServer Thread
2023-10-25 01:14:46,144 [WARN] PackLoader:240 - Cannot read IP mode file for STMicroelectronics.X-CUBE-SMBUS.2.1.0
2023-10-25 01:14:46,191 [WARN] PackLoader:240 - Cannot read IP mode file for STMicroelectronics.X-CUBE-AZRTOS-F7.1.1.0
2023-10-25 01:14:46,207 [WARN] PackLoader:240 - Cannot read IP mode file for STMicroelectronics.FP-SNS-MOTENV1.4.3.2
2023-10-25 01:14:46,221 [WARN] PackLoader:240 - Cannot read IP mode file for STMicroelectronics.FP-SNS-FLIGHT1.5.0.2
2023-10-25 01:14:46,239 [WARN] PackLoader:240 - Cannot read IP mode file for STMicroelectronics.X-CUBE-DISPLAY.3.0.0
2023-10-25 01:14:46,259 [WARN] PackLoader:240 - Cannot read IP mode file for STMicroelectronics.X-CUBE-BLE1.7.0.0
2023-10-25 01:14:46,274 [WARN] PackLoader:240 - Cannot read IP mode file for emotas.I-CUBE-CANOPEN.1.3.0
2023-10-25 01:14:46,287 [WARN] PackLoader:240 - Cannot read IP mode file for STMicroelectronics.X-CUBE-TOUCHGFX.4.22.1
2023-10-25 01:14:46,300 [WARN] PackLoader:240 - Cannot read IP mode file for STMicroelectronics.FP-SNS-SMARTAG2.1.2.0
2023-10-25 01:14:46,318 [INFO] LogOutputStream:77 - [STDOUT_REDIRECT] 1 : Invalid condition id : UX_CORESTACK_Condition cause : null
2023-10-25 01:14:46,318 [INFO] LogOutputStream:77 - [STDOUT_REDIRECT] 1 : Invalid condition id : UX_CORESTACK_Condition cause : null
2023-10-25 01:14:46,319 [INFO] LogOutputStream:77 - [STDOUT_REDIRECT] 1 : Invalid condition id : UX_CORESTACK_Condition cause : null
2023-10-25 01:14:46,321 [INFO] LogOutputStream:77 - [STDOUT_REDIRECT] 1 : Invalid condition id : UX_CORESTACK_Condition cause : null
2023-10-25 01:14:46,322 [INFO] LogOutputStream:77 - [STDOUT_REDIRECT] 1 : Invalid condition id : UX_CORESTACK_Condition cause : null
2023-10-25 01:14:46,326 [WARN] PackLoader:240 - Cannot read IP mode file for STMicroelectronics.X-CUBE-AZRTOS-WL.2.0.0
2023-10-25 01:14:46,343 [WARN] PackLoader:240 - Cannot read IP mode file for WES.I-CUBE-Cesium.1.3.0
2023-10-25 01:14:46,353 [WARN] PackLoader:240 - Cannot read IP mode file for STMicroelectronics.X-CUBE-BLE2.3.3.0
2023-10-25 01:14:46,368 [WARN] PackLoader:240 - Cannot read IP mode file for STMicroelectronics.X-CUBE-ALGOBUILD.1.3.0
2023-10-25 01:14:46,402 [WARN] PackLoader:240 - Cannot read IP mode file for STMicroelectronics.X-CUBE-AZRTOS-G0.1.1.0
2023-10-25 01:14:46,416 [WARN] PackLoader:240 - Cannot read IP mode file for STMicroelectronics.X-CUBE-NFC4.3.0.0
2023-10-25 01:14:46,428 [WARN] PackLoader:240 - Cannot read IP mode file for STMicroelectronics.FP-ATR-SIGFOX1.3.2.0
2023-10-25 01:14:46,469 [WARN] PackLoader:240 - Cannot read IP mode file for SEGGER.I-CUBE-embOS.1.3.1
2023-10-25 01:14:46,535 [WARN] PackLoader:240 - Cannot read IP mode file for STMicroelectronics.X-CUBE-GNSS1.6.0.0
2023-10-25 01:14:46,566 [WARN] PackLoader:240 - Cannot read IP mode file for STMicroelectronics.X-CUBE-AZRTOS-F4.1.1.0
2023-10-25 01:14:46,578 [WARN] PackLoader:240 - Cannot read IP mode file for wolfSSL.I-CUBE-wolfSSL.5.6.3
2023-10-25 01:14:46,607 [WARN] PackLoader:240 - Cannot read IP mode file for STMicroelectronics.X-CUBE-AZRTOS-L5.2.0.0
2023-10-25 01:14:46,622 [WARN] PackLoader:240 - Cannot read IP mode file for ITTIA_DB.I-CUBE-ITTIADB.8.8.0
2023-10-25 01:14:46,637 [WARN] PackLoader:240 - Cannot read IP mode file for STMicroelectronics.X-CUBE-BLEMGR.2.0.0
2023-10-25 01:14:46,665 [WARN] ConditionMgr:438 - getConditionDescription Invalid condition id : UX DEVICE CLASS RTOS Condition cause : null
2023-10-25 01:14:46,665 [WARN] ConditionMgr:438 - getConditionDescription Invalid condition id : UX DEVICE CLASS RTOS Condition cause : null
2023-10-25 01:14:46,668 [WARN] PackLoader:240 - Cannot read IP mode file for STMicroelectronics.X-CUBE-AZRTOS-H7.3.1.0
2023-10-25 01:14:46,668 [WARN] ConditionMgr:1039 - genDependencies : Invalid condition id : UX DEVICE CLASS RTOS Condition cause : null
2023-10-25 01:14:46,669 [WARN] ConditionMgr:1039 - genDependencies : Invalid condition id : UX DEVICE CLASS RTOS Condition cause : null
2023-10-25 01:14:46,669 [WARN] ConditionMgr:1039 - genDependencies : Invalid condition id : UX DEVICE CLASS RTOS Condition cause : null
2023-10-25 01:14:46,669 [WARN] ConditionMgr:1039 - genDependencies : Invalid condition id : UX DEVICE CLASS RTOS Condition cause : null
2023-10-25 01:14:46,669 [WARN] ConditionMgr:1039 - genDependencies : Invalid condition id : UX DEVICE CLASS RTOS Condition cause : null
2023-10-25 01:14:46,682 [WARN] PackLoader:240 - Cannot read IP mode file for STMicroelectronics.X-CUBE-NFC7.1.0.1
2023-10-25 01:14:46,695 [WARN] PackLoader:240 - Cannot read IP mode file for STMicroelectronics.X-CUBE-NFC6.3.0.0
2023-10-25 01:14:46,709 [WARN] PackLoader:240 - Cannot read IP mode file for STMicroelectronics.X-CUBE-EEPRMA1.4.1.0
2023-10-25 01:14:46,719 [WARN] PackLoader:240 - Cannot read IP mode file for STMicroelectronics.X-CUBE-AI.8.1.0
2023-10-25 01:14:46,742 [WARN] ConditionMgr:438 - getConditionDescription Invalid condition id : LAN8742 Phy interface Condition cause : null
2023-10-25 01:14:46,742 [WARN] PackLoader:240 - Cannot read IP mode file for STMicroelectronics.X-CUBE-AZRTOS-L4.2.0.0
2023-10-25 01:14:46,743 [WARN] ConditionMgr:1039 - genDependencies : Invalid condition id : LAN8742 Phy interface Condition cause : null
2023-10-25 01:14:46,744 [WARN] ConditionMgr:1039 - genDependencies : Invalid condition id : LAN8742 Phy interface Condition cause : null
2023-10-25 01:14:46,744 [WARN] ConditionMgr:1039 - genDependencies : Invalid condition id : LAN8742 Phy interface Condition cause : null
2023-10-25 01:14:46,759 [WARN] PackLoader:240 - Cannot read IP mode file for STMicroelectronics.X-CUBE-SFXS2LP1.4.0.0
2023-10-25 01:14:46,769 [WARN] PackLoader:240 - Cannot read IP mode file for STMicroelectronics.X-CUBE-ISPU.1.1.0
2023-10-25 01:14:46,793 [WARN] ConditionMgr:438 - getConditionDescription Invalid condition id : UX DEVICE CLASS RTOS Condition cause : null
2023-10-25 01:14:46,793 [WARN] ConditionMgr:438 - getConditionDescription Invalid condition id : UX DEVICE CLASS RTOS Condition cause : null
2023-10-25 01:14:46,796 [WARN] PackLoader:240 - Cannot read IP mode file for STMicroelectronics.X-CUBE-AZRTOS-WB.2.0.0
2023-10-25 01:14:46,797 [WARN] ConditionMgr:1039 - genDependencies : Invalid condition id : UX DEVICE CLASS RTOS Condition cause : null
2023-10-25 01:14:46,797 [WARN] ConditionMgr:1039 - genDependencies : Invalid condition id : UX DEVICE CLASS RTOS Condition cause : null
2023-10-25 01:14:46,798 [WARN] ConditionMgr:1039 - genDependencies : Invalid condition id : UX DEVICE CLASS RTOS Condition cause : null
2023-10-25 01:14:46,798 [WARN] ConditionMgr:1039 - genDependencies : Invalid condition id : UX DEVICE CLASS RTOS Condition cause : null
2023-10-25 01:14:46,798 [WARN] ConditionMgr:1039 - genDependencies : Invalid condition id : UX DEVICE CLASS RTOS Condition cause : null
2023-10-25 01:14:46,814 [WARN] PackLoader:240 - Cannot read IP mode file for STMicroelectronics.X-CUBE-SUBG2.5.0.0
2023-10-25 01:14:46,838 [WARN] PackLoader:240 - Cannot read IP mode file for STMicroelectronics.X-CUBE-TOF1.3.3.1
2023-10-25 01:14:46,878 [WARN] PackLoader:240 - Cannot read IP mode file for STMicroelectronics.X-CUBE-AZRTOS-G4.2.0.0
2023-10-25 01:14:46,900 [WARN] PackLoader:240 - Cannot read IP mode file for Infineon.AIROC-Wi-Fi-Bluetooth-STM32.1.5.1
2023-10-25 01:14:46,915 [WARN] PackLoader:240 - Cannot read IP mode file for STMicroelectronics.X-CUBE-FREERTOS.1.1.0
2023-10-25 01:14:46,928 [WARN] PackLoader:240 - Cannot read IP mode file for portGmbH.I-Cube-SoM-uGOAL.1.1.0
2023-10-25 01:14:46,952 [WARN] PackLoader:240 - Cannot read IP mode file for STMicroelectronics.X-CUBE-ALS.1.0.1
2023-10-25 01:14:46,966 [WARN] PackLoader:240 - Cannot read IP mode file for STMicroelectronics.FP-ATR-ASTRA1.2.0.0
2023-10-25 01:14:46,967 [INFO] ThirdParty:978 - Integrity check success = true
2023-10-25 01:14:46,967 [INFO] IntegrityCheckThread:100 - exiting critical section [integrity check]
2023-10-25 01:14:46,968 [INFO] IntegrityCheckThread:103 - End integrity checks thread
2023-10-25 01:14:47,411 [INFO] WebApp:157 - Instantiating new browser for Auth
2023-10-25 01:14:47,957 [INFO] WebApp:753 - Register for checkConnection events
2023-10-25 01:14:47,957 [INFO] WebApp:390 - Apply proxy settings
2023-10-25 01:14:47,957 [INFO] WebApp:475 - Chromium requires no authentication
2023-10-25 01:14:47,965 [INFO] WebApp:418 - Direct internet connection detected
2023-10-25 01:14:48,095 [INFO] WebApp:188 - Starting web application
2023-10-25 01:14:48,095 [INFO] WebApp:520 - Web application path used C:\ST\STM32CubeIDE_1.13.2\STM32CubeIDE\plugins\com.st.stm32cube.common.mx_6.9.2.202309101412\db\plugins\mcufinder\reactClient1\index.html
2023-10-25 01:15:08,818 [ERROR] LogOutputStream:75 - [STDERR_REDIRECT] SLF4J: Failed to load class "org.slf4j.impl.StaticLoggerBinder".
2023-10-25 01:15:08,818 [ERROR] LogOutputStream:75 - [STDERR_REDIRECT] SLF4J: Defaulting to no-operation (NOP) logger implementation
2023-10-25 01:15:08,820 [ERROR] LogOutputStream:75 - [STDERR_REDIRECT] SLF4J: See http://www.slf4j.org/codes.html#StaticLoggerBinder for further details.
2023-10-25 01:24:23,181 [INFO] McuFinderGlobals:63 - Set McuFinder mode to 2 (CubeIDE integrated)
2023-10-25 01:24:23,202 [INFO] MainUpdater:2868 - connection check result : 10
2023-10-25 01:24:23,207 [INFO] MainUpdater:2868 - connection check result : 10
2023-10-25 01:24:23,318 [INFO] MicroXplorer:468 - Change Database Path : 
2023-10-25 01:24:23,318 [INFO] MicroXplorer:498 - Change Database Version : DB.6.0.92
2023-10-25 01:24:23,322 [WARN] ThirdParty:871 - waiting for thirdparty lock release [close project]
2023-10-25 01:24:23,322 [INFO] ThirdParty:873 - entering critical section [close project]
2023-10-25 01:24:23,323 [INFO] ThirdParty:883 - exiting critical section [close project]
2023-10-25 01:24:23,325 [INFO] PinOutPanel:1499 - setPackage(No Configuration,No Configuration)
2023-10-25 01:24:23,336 [INFO] UtilMem:75 - Begin LoadConfig() Used Memory: 729527752 Bytes (1073741824)
2023-10-25 01:24:23,336 [INFO] MicroXplorer:468 - Change Database Path : 
2023-10-25 01:24:23,336 [INFO] MicroXplorer:498 - Change Database Version : DB.6.0.92
2023-10-25 01:24:23,336 [INFO] OpenFileManager:308 - Change cursor
2023-10-25 01:24:23,379 [INFO] Mcu:1946 - Initializing MCU STM32F407V(E-G)Tx STM32F407VETx STM32F407VET6
2023-10-25 01:24:25,182 [INFO] Context:659 - Trying to add GPIOservice into a context  which must be forbidden
2023-10-25 01:24:25,722 [INFO] RtosManager:555 - Registered RTOS mode: class=CMSIS, group=RTOS, mode=CMSIS_V1, owner=FREERTOS
2023-10-25 01:24:25,722 [INFO] RtosManager:555 - Registered RTOS mode: class=CMSIS, group=RTOS2, mode=CMSIS_V2, owner=FREERTOS
2023-10-25 01:24:25,722 [INFO] RtosManager:555 - Registered RTOS mode: class=RTOS, group=Core, mode=CMSIS_V1, owner=FREERTOS
2023-10-25 01:24:25,723 [INFO] RtosManager:555 - Registered RTOS mode: class=RTOS, group=Core, mode=CMSIS_V2, owner=FREERTOS
2023-10-25 01:24:25,723 [WARN] ModelIntegratedComponent:184 - Missing modes for component STMicroelectronics:FreeRTOS:0.0.1:STMicroelectronics:RTOS:FreeRTOS:Core:::10.2.0:
2023-10-25 01:24:25,740 [WARN] ModelIntegratedComponent:63 - No mode defined for component null
2023-10-25 01:24:25,740 [WARN] ModelIntegratedComponent:63 - No mode defined for component null
2023-10-25 01:24:25,740 [WARN] ModelIntegratedComponent:63 - No mode defined for component null
2023-10-25 01:24:25,740 [WARN] ModelIntegratedComponent:63 - No mode defined for component null
2023-10-25 01:24:25,740 [WARN] ModelIntegratedComponent:63 - No mode defined for component null
2023-10-25 01:24:25,740 [WARN] ModelIntegratedComponent:63 - No mode defined for component null
2023-10-25 01:24:25,740 [WARN] ModelIntegratedComponent:63 - No mode defined for component null
2023-10-25 01:24:25,740 [WARN] ModelIntegratedComponent:63 - No mode defined for component null
2023-10-25 01:24:25,740 [WARN] ModelIntegratedComponent:63 - No mode defined for component null
2023-10-25 01:24:25,740 [WARN] ModelIntegratedComponent:63 - No mode defined for component null
2023-10-25 01:24:25,740 [WARN] ModelIntegratedComponent:63 - No mode defined for component null
2023-10-25 01:24:25,741 [WARN] ModelIntegratedComponent:63 - No mode defined for component null
2023-10-25 01:24:25,741 [WARN] ModelIntegratedComponent:63 - No mode defined for component null
2023-10-25 01:24:25,741 [WARN] ModelIntegratedComponent:63 - No mode defined for component null
2023-10-25 01:24:25,741 [WARN] ModelIntegratedComponent:63 - No mode defined for component null
2023-10-25 01:24:25,741 [WARN] ModelIntegratedComponent:63 - No mode defined for component null
2023-10-25 01:24:25,741 [WARN] ModelIntegratedComponent:63 - No mode defined for component null
2023-10-25 01:24:25,741 [WARN] ModelIntegratedComponent:63 - No mode defined for component null
2023-10-25 01:24:25,741 [WARN] ModelIntegratedComponent:63 - No mode defined for component null
2023-10-25 01:24:25,741 [WARN] ModelIntegratedComponent:63 - No mode defined for component null
2023-10-25 01:24:25,741 [WARN] ModelIntegratedComponent:63 - No mode defined for component null
2023-10-25 01:24:25,741 [WARN] ModelIntegratedComponent:63 - No mode defined for component null
2023-10-25 01:24:25,741 [WARN] ModelIntegratedComponent:63 - No mode defined for component null
2023-10-25 01:24:25,741 [WARN] ModelIntegratedComponent:63 - No mode defined for component null
2023-10-25 01:24:25,741 [WARN] ModelIntegratedComponent:63 - No mode defined for component null
2023-10-25 01:24:25,741 [WARN] ModelIntegratedComponent:63 - No mode defined for component null
2023-10-25 01:24:25,741 [WARN] ModelIntegratedComponent:63 - No mode defined for component null
2023-10-25 01:24:25,741 [WARN] ModelIntegratedComponent:63 - No mode defined for component null
2023-10-25 01:24:25,741 [WARN] ModelIntegratedComponent:63 - No mode defined for component null
2023-10-25 01:24:25,741 [WARN] ModelIntegratedComponent:63 - No mode defined for component null
2023-10-25 01:24:25,741 [WARN] ModelIntegratedComponent:63 - No mode defined for component null
2023-10-25 01:24:25,741 [WARN] ModelIntegratedComponent:63 - No mode defined for component null
2023-10-25 01:24:25,742 [WARN] ModelIntegratedComponent:63 - No mode defined for component null
2023-10-25 01:24:25,763 [INFO] ThirdPartyModel:298 - Start build external matchings
2023-10-25 01:24:25,880 [INFO] ThirdPartyModel:316 - End build external matchings
2023-10-25 01:24:25,888 [INFO] ImportTextPane:194 - (OptionalMessage_ERROR) IP (RCC) : Parameter (RTCHSEDivFreq_Value) has invalid value (5000000)
2023-10-25 01:24:25,889 [WARN] IP:2114 - DEVICE_SERIAL0_CDC_HS not found: check if there is a RefParameter without a condition.
2023-10-25 01:24:25,889 [WARN] IP:2114 - DEVICE_SERIAL1_CDC_HS not found: check if there is a RefParameter without a condition.
2023-10-25 01:24:25,890 [WARN] IP:2114 - DEVICE_SERIAL2_CDC_HS not found: check if there is a RefParameter without a condition.
2023-10-25 01:24:25,890 [WARN] IP:2114 - DEVICE_SERIAL0_CDC_FS not found: check if there is a RefParameter without a condition.
2023-10-25 01:24:25,890 [WARN] IP:2114 - DEVICE_SERIAL1_CDC_FS not found: check if there is a RefParameter without a condition.
2023-10-25 01:24:25,890 [WARN] IP:2114 - DEVICE_SERIAL2_CDC_FS not found: check if there is a RefParameter without a condition.
2023-10-25 01:24:25,891 [WARN] IP:2114 - DEVICE_SERIAL0_CDC_HS not found: check if there is a RefParameter without a condition.
2023-10-25 01:24:25,891 [WARN] IP:2114 - DEVICE_SERIAL1_CDC_HS not found: check if there is a RefParameter without a condition.
2023-10-25 01:24:25,891 [WARN] IP:2114 - DEVICE_SERIAL2_CDC_HS not found: check if there is a RefParameter without a condition.
2023-10-25 01:24:26,213 [INFO] UtilMem:75 - End LoadConfig() Used Memory: 537937864 Bytes (1073741824)
2023-10-25 01:24:26,339 [INFO] ApiDb:581 - Connected to CubeFinder SQLite database (C:\Users\wjunh\.stmcufinder\plugins\mcufinder\mcu\cube-finder-db.db)
2023-10-25 01:24:26,402 [INFO] ApiDb:668 - CubeFinder database Data Model version=2.1
2023-10-25 01:24:26,402 [INFO] ApiDb:669 - CubeFinder database Configuration version=3.0.37
2023-10-25 01:24:26,403 [INFO] ApiDb:670 - CubeFinder database generation date=2023-08-09 (1691586011)
2023-10-25 01:24:26,403 [INFO] ApiDb:671 - CubeFinder database FW Pack versions=[FP-ATR-ASTRA1_V2.0.0, FP-SNS-FLIGHT1_V5.0.1, FP-SNS-FLIGHT1_V5.0.2, FP-SNS-MOTENV1_V4.3.1, FP-SNS-MOTENV1_V4.3.2, STM32Cube_FW_C0_V1.1.0, STM32Cube_FW_F4_V1.27.1, STM32Cube_FW_F7_V1.17.0, STM32Cube_FW_G0_V1.6.1, STM32Cube_FW_G4_V1.5.1, STM32Cube_FW_H5_V0.5.1, STM32Cube_FW_H5_V1.1.0, STM32Cube_FW_H7_V1.11.0, STM32Cube_FW_L0_V1.12.2, STM32Cube_FW_L5_V1.5.0, STM32Cube_FW_U5_V1.3.0, STM32Cube_FW_U5_V1.3.0RC4, STM32Cube_FW_WBA_V1.0.0RC1, STM32Cube_FW_WBA_V1.1.0, STM32Cube_FW_WBA_V1.1.0RC1, STM32Cube_FW_WB_V1.15.0RC1, STM32Cube_FW_WB_V1.16.0, STM32Cube_FW_WB_V1.16.0RC2, STM32Cube_FW_WB_V1.17.0, STM32Cube_FW_WL_V1.3.0, X-CUBE-ALGOBUILD_V1.3.0, X-CUBE-ALS_V1.0.1, X-CUBE-AZRTOS-F4_V1.1.0, X-CUBE-AZRTOS-F7_V1.1.0, X-CUBE-AZRTOS-G0_V1.1.0, X-CUBE-AZRTOS-G4_V2.0.0, X-CUBE-AZRTOS-H7_V3.1.0, X-CUBE-AZRTOS-L4_V1.0.0, X-CUBE-AZRTOS-L4_V2.0.0, X-CUBE-AZRTOS-L5_V1.1.0, X-CUBE-AZRTOS-WB_V1.1.0, X-CUBE-AZRTOS-WL_V2.0.0, X-CUBE-BLE1_V7.0.0, X-CUBE-BLE2_V3.3.0, X-CUBE-BLEMGR_V2.0.0, X-CUBE-EEPRMA1_V4.1.0, X-CUBE-FREERTOS_V1.1.0, X-CUBE-GNSS1_V6.0.0, X-CUBE-MEMS1_V9.1.0, X-CUBE-MEMS1_V9.4.0, X-CUBE-MEMS1_V9.6.0, X-CUBE-NFC4_V3.0.0, X-CUBE-NFC7_V1.0.0, X-CUBE-SFXS2LP1_V4.0.0, X-CUBE-SUBG2_V5.0.0, X-CUBE-TOF1_V3.3.1]
2023-10-25 01:24:28,058 [INFO] ApiDb:240 - Found 323 in-development CPN: [B-G473E-ZEST1S, B-WB1M-WPAN1, B-WL5M-SUBG1, NUCLEO-C031C6, NUCLEO-H503RB, NUCLEO-H563ZI, NUCLEO-U545RE-Q, NUCLEO-U5A5ZJ-Q, NUCLEO-WBA52CG, STEVAL-PROTEUS1, STEVAL-SMARTAG2, STEVAL-STWINBX1, STM320518-EVAL, STM32C0116-DK, STM32C011D6Y3TR, STM32C011D6Y6TR, STM32C011F4P3, STM32C011F4P6, STM32C011F4U3, STM32C011F4U6TR, STM32C011F6P3, STM32C011F6P6, STM32C011F6U3, STM32C011F6U6TR, STM32C011J4M3, STM32C011J4M6, STM32C011J6M3, STM32C011J6M6, STM32C0316-DK, STM32C031C4T3, STM32C031C4T6, STM32C031C4U3, STM32C031C4U6, STM32C031C6T3, STM32C031C6T6, STM32C031C6U3, STM32C031C6U6, STM32C031F4P3, STM32C031F4P6, STM32C031F6P3, STM32C031F6P6, STM32C031G4U3, STM32C031G4U6, STM32C031G6U3, STM32C031G6U6, STM32C031K4T3, STM32C031K4T6, STM32C031K4U3, STM32C031K4U6, STM32C031K6T3, STM32C031K6T6, STM32C031K6U3, STM32C031K6U6, STM32G071K8TXN, STM32G071K8UXN, STM32G081GBU6N, STM32G081KBT6N, STM32G081KBUXN, STM32G0B1CCT6N, STM32G0B1KCT6, STM32G0B1NEY6TR, STM32G0B1RCT6N, STM32G0C1CCT6, STM32G0C1CCT6N, STM32G0C1CCU6N, STM32G0C1CET6N, STM32G0C1CEU6N, STM32G0C1KCT6, STM32G0C1NEY6TR, STM32G0C1RCI6N, STM32G0C1RCT6N, STM32G0C1REI6N, STM32G0C1RET6N, STM32G0C1VCI6, STM32G0C1VEI6, STM32G471CCT6, STM32G471CCU6, STM32G471CET3, STM32G471CET6, STM32G471CEU3, STM32G471CEU6, STM32G471MCT6, STM32G471MET3, STM32G471MET6, STM32G471MEY6TR, STM32G471QCT6, STM32G471QET3, STM32G471RCT6, STM32G471RET3, STM32G471RET6, STM32G471VCH6, STM32G471VCI6, STM32G471VCT6, STM32G471VEH3, STM32G471VEH6, STM32G471VEI3, STM32G471VEI6, STM32G471VET3, STM32G471VET6, STM32G474CCT6, STM32H503CBT6, STM32H503CBU6, STM32H503EBY6TR, STM32H503KBU6, STM32H503RBT6, STM32H562AGI6, STM32H562AII6, STM32H562IGK6, STM32H562IGT6, STM32H562IIK6, STM32H562IIT6, STM32H562RGT6, STM32H562RGV6, STM32H562RIT6, STM32H562RIV6, STM32H562VGT6, STM32H562VIT6, STM32H562ZGT6, STM32H562ZIT6, STM32H563AGI6, STM32H563AII3Q, STM32H563AII6, STM32H563IGK6, STM32H563IGT6, STM32H563IIK3Q, STM32H563IIK6, STM32H563IIT3Q, STM32H563IIT6, STM32H563MIY3QTR, STM32H563RGT6, STM32H563RGV6, STM32H563RIT6, STM32H563RIV6, STM32H563VGT6, STM32H563VIT3Q, STM32H563VIT6, STM32H563ZGT6, STM32H563ZIT3Q, STM32H563ZIT6, STM32H573AII3Q, STM32H573AII6, STM32H573I-DK, STM32H573IIK3Q, STM32H573IIK6, STM32H573IIT3Q, STM32H573IIT6, STM32H573MIY3QTR, STM32H573RIT6, STM32H573RIV6, STM32H573VIT3Q, STM32H573VIT6, STM32H573ZIT3Q, STM32H573ZIT6, STM32L4R5QGI6STR, STM32MP131AAE3, STM32MP131AAF3, STM32MP131AAG3, STM32MP131CAE3, STM32MP131CAF3, STM32MP131CAG3, STM32MP131DAE7, STM32MP131DAF7, STM32MP131DAG7, STM32MP131FAE7, STM32MP131FAF7, STM32MP131FAG7, STM32MP133AAE3, STM32MP133AAF3, STM32MP133AAG3, STM32MP133CAE3, STM32MP133CAF3, STM32MP133CAG3, STM32MP133DAE7, STM32MP133DAF7, STM32MP133DAG7, STM32MP133FAE7, STM32MP133FAF7, STM32MP133FAG7, STM32MP135AAE3, STM32MP135AAF3, STM32MP135AAG3, STM32MP135CAE3, STM32MP135CAF3, STM32MP135CAG3, STM32MP135DAE7, STM32MP135DAF7, STM32MP135DAG7, STM32MP135F-DK, STM32MP135FAE7, STM32MP135FAF7, STM32MP135FAF7T, STM32MP135FAF7U, STM32MP135FAG7, STM32U535CBT6, STM32U535CBT6Q, STM32U535CBU6, STM32U535CBU6Q, STM32U535CCT6, STM32U535CCT6Q, STM32U535CCU6, STM32U535CCU6Q, STM32U535CET6, STM32U535CET6Q, STM32U535CEU6, STM32U535CEU6Q, STM32U535JEY6QTR, STM32U535NCY6QTR, STM32U535NEY6QTR, STM32U535RBI6, STM32U535RBI6Q, STM32U535RBT6, STM32U535RBT6Q, STM32U535RCI6, STM32U535RCI6Q, STM32U535RCT6, STM32U535RCT6Q, STM32U535REI6, STM32U535REI6Q, STM32U535RET6, STM32U535RET6Q, STM32U535VCI6, STM32U535VCI6Q, STM32U535VCT6, STM32U535VCT6Q, STM32U535VEI6, STM32U535VEI6Q, STM32U535VET6, STM32U535VET6Q, STM32U545CET6, STM32U545CET6Q, STM32U545CEU6, STM32U545CEU6Q, STM32U545JEY6QTR, STM32U545NEY6QTR, STM32U545REI6, STM32U545REI6Q, STM32U545RET6, STM32U545RET6Q, STM32U545VEI6, STM32U545VEI6Q, STM32U545VET6, STM32U545VET6Q, STM32U595AIH6, STM32U595AIH6Q, STM32U595AJH6, STM32U595AJH6Q, STM32U595QII6, STM32U595QII6Q, STM32U595QJI6, STM32U595QJI6Q, STM32U595RIT6, STM32U595RIT6Q, STM32U595RJT6, STM32U595RJT6Q, STM32U595VIT6, STM32U595VIT6Q, STM32U595VJT6, STM32U595VJT6Q, STM32U595ZIT6, STM32U595ZIT6Q, STM32U595ZIY6QTR, STM32U595ZJT6, STM32U595ZJT6Q, STM32U595ZJY6QTR, STM32U599BJY6QTR, STM32U599NIH6Q, STM32U599NJH6Q, STM32U599VIT6Q, STM32U599VJT6, STM32U599VJT6Q, STM32U599ZIT6Q, STM32U599ZIY6QTR, STM32U599ZJT6Q, STM32U599ZJY6QTR, STM32U5A5AJH6, STM32U5A5AJH6Q, STM32U5A5QJI6, STM32U5A5QJI6Q, STM32U5A5RJT6, STM32U5A5RJT6Q, STM32U5A5VJT6, STM32U5A5VJT6Q, STM32U5A5ZJT6, STM32U5A5ZJT6Q, STM32U5A5ZJY6QTR, STM32U5A9BJY6QTR, STM32U5A9J-DK, STM32U5A9NJH6Q, STM32U5A9VJT6Q, STM32U5A9ZJT6Q, STM32U5A9ZJY6QTR, STM32U5F7VIT6, STM32U5F7VIT6Q, STM32U5F7VJT6, STM32U5F7VJT6Q, STM32U5F9BJY6QTR, STM32U5F9NJH6Q, STM32U5F9VIT6Q, STM32U5F9VJT6Q, STM32U5F9ZIJ6QTR, STM32U5F9ZIT6Q, STM32U5F9ZJJ6QTR, STM32U5F9ZJT6Q, STM32U5G7VJT6, STM32U5G7VJT6Q, STM32U5G9BJY6QTR, STM32U5G9J-DK1, STM32U5G9J-DK2, STM32U5G9NJH6Q, STM32U5G9VJT6Q, STM32U5G9ZJJ6QTR, STM32U5G9ZJT6Q, STM32WB1MMCH6, STM32WBA52CEU6, STM32WBA52CEU6T, STM32WBA52CGU6, STM32WBA52CGU6T, STM32WBA52KEU6, STM32WBA52KEU6T, STM32WBA52KGU6, STM32WBA52KGU6T, STM32WL5MOCH6, STM32WL5MOCH6TR]
2023-10-25 01:24:28,062 [INFO] DbMcus:217 - Found 3848 MCUs, 3848 are supported
2023-10-25 01:24:28,066 [INFO] ApiDb:423 - Load user favorites file C:\Users\wjunh/.stm32cubeide/favorites.mcus.txt: 1 item(s)
2023-10-25 01:24:28,066 [INFO] ApiDb:427 - User favorites MCUs=[STM32F407VET6]
2023-10-25 01:24:28,066 [INFO] DbMcus:223 - Set 1 / 1 favorites MCUs
2023-10-25 01:24:28,329 [WARN] ThirdParty:833 - waiting for thirdparty lock release [change project]
2023-10-25 01:24:28,329 [INFO] ThirdParty:835 - entering critical section [change project]
2023-10-25 01:24:28,329 [INFO] ThirdParty:1030 - CMSIS Pack Vendor :STMicroelectronics X-CUBE-ISPU 1.1.0
2023-10-25 01:24:28,329 [INFO] ThirdParty:1030 - CMSIS Pack Vendor :STMicroelectronics USBPD 4.1
2023-10-25 01:24:28,329 [INFO] ThirdParty:1030 - CMSIS Pack Vendor :STMicroelectronics X-CUBE-GNSS1 6.0.0
2023-10-25 01:24:28,330 [INFO] ThirdParty:1030 - CMSIS Pack Vendor :STMicroelectronics USB_HOST 2.0.0
2023-10-25 01:24:28,330 [INFO] ThirdParty:1030 - CMSIS Pack Vendor :STMicroelectronics X-CUBE-AZRTOS-F4 1.1.0
2023-10-25 01:24:28,330 [INFO] ThirdParty:1030 - CMSIS Pack Vendor :STMicroelectronics LIBJPEG 8.0.0
2023-10-25 01:24:28,330 [INFO] ThirdParty:1030 - CMSIS Pack Vendor :wolfSSL I-CUBE-wolfSSL 5.6.3
2023-10-25 01:24:28,330 [INFO] ThirdParty:1030 - CMSIS Pack Vendor :STMicroelectronics X-CUBE-SMBUS 2.1.0
2023-10-25 01:24:28,330 [INFO] ThirdParty:1030 - CMSIS Pack Vendor :STMicroelectronics USB_DEVICE 3.0.0
2023-10-25 01:24:28,330 [INFO] ThirdParty:1030 - CMSIS Pack Vendor :STMicroelectronics X-CUBE-AZRTOS-WB 2.0.0
2023-10-25 01:24:28,330 [INFO] ThirdParty:1030 - CMSIS Pack Vendor :STMicroelectronics X-CUBE-AZRTOS-F7 1.1.0
2023-10-25 01:24:28,330 [INFO] ThirdParty:1030 - CMSIS Pack Vendor :STMicroelectronics X-CUBE-AZRTOS-L5 2.0.0
2023-10-25 01:24:28,330 [INFO] ThirdParty:1030 - CMSIS Pack Vendor :STMicroelectronics USB_DEVICE 2.0.0
2023-10-25 01:24:28,330 [INFO] ThirdParty:1030 - CMSIS Pack Vendor :ITTIA_DB I-CUBE-ITTIADB 8.8.0
2023-10-25 01:24:28,330 [INFO] ThirdParty:1030 - CMSIS Pack Vendor :STMicroelectronics FP-SNS-MOTENV1 4.3.2
2023-10-25 01:24:28,330 [INFO] ThirdParty:1030 - CMSIS Pack Vendor :STMicroelectronics X-CUBE-ALGOBUILD 1.3.0
2023-10-25 01:24:28,330 [INFO] ThirdParty:1030 - CMSIS Pack Vendor :STMicroelectronics FreeRTOS 0.0.1
2023-10-25 01:24:28,330 [INFO] ThirdParty:1030 - CMSIS Pack Vendor :STMicroelectronics X-CUBE-AZRTOS-G0 1.1.0
2023-10-25 01:24:28,330 [INFO] ThirdParty:1030 - CMSIS Pack Vendor :STMicroelectronics X-CUBE-BLEMGR 2.0.0
2023-10-25 01:24:28,330 [INFO] ThirdParty:1030 - CMSIS Pack Vendor :STMicroelectronics X-CUBE-NFC4 3.0.0
2023-10-25 01:24:28,330 [INFO] ThirdParty:1030 - CMSIS Pack Vendor :STMicroelectronics X-CUBE-SUBG2 5.0.0
2023-10-25 01:24:28,330 [INFO] ThirdParty:1030 - CMSIS Pack Vendor :STMicroelectronics STM32_WPAN 1.0.0
2023-10-25 01:24:28,330 [INFO] ThirdParty:1030 - CMSIS Pack Vendor :STMicroelectronics lwIP 2.0.3
2023-10-25 01:24:28,330 [INFO] ThirdParty:1030 - CMSIS Pack Vendor :STMicroelectronics FP-SNS-FLIGHT1 5.0.2
2023-10-25 01:24:28,331 [INFO] ThirdParty:1030 - CMSIS Pack Vendor :STMicroelectronics USB_HOST 1.0.0
2023-10-25 01:24:28,331 [INFO] ThirdParty:1030 - CMSIS Pack Vendor :STMicroelectronics X-CUBE-TOF1 3.3.1
2023-10-25 01:24:28,331 [INFO] ThirdParty:1030 - CMSIS Pack Vendor :STMicroelectronics X-CUBE-AZRTOS-G4 2.0.0
2023-10-25 01:24:28,331 [INFO] ThirdParty:1030 - CMSIS Pack Vendor :STMicroelectronics PDM2PCM 3.1.0
2023-10-25 01:24:28,331 [INFO] ThirdParty:1030 - CMSIS Pack Vendor :STMicroelectronics X-CUBE-AZRTOS-H7 3.1.0
2023-10-25 01:24:28,331 [INFO] ThirdParty:1030 - CMSIS Pack Vendor :Infineon AIROC-Wi-Fi-Bluetooth-STM32 1.5.1
2023-10-25 01:24:28,331 [INFO] ThirdParty:1030 - CMSIS Pack Vendor :STMicroelectronics PDM2PCM 3.3.0
2023-10-25 01:24:28,331 [INFO] ThirdParty:1030 - CMSIS Pack Vendor :STMicroelectronics X-CUBE-DISPLAY 3.0.0
2023-10-25 01:24:28,331 [INFO] ThirdParty:1030 - CMSIS Pack Vendor :STMicroelectronics X-CUBE-BLE1 7.0.0
2023-10-25 01:24:28,331 [INFO] ThirdParty:1030 - CMSIS Pack Vendor :STMicroelectronics FP-ATR-SIGFOX1 3.2.0
2023-10-25 01:24:28,331 [INFO] ThirdParty:1030 - CMSIS Pack Vendor :STMicroelectronics HAL Drivers 0.0.0
2023-10-25 01:24:28,331 [INFO] ThirdParty:1030 - CMSIS Pack Vendor :STMicroelectronics MBEDTLS 2.16.2
2023-10-25 01:24:28,331 [INFO] ThirdParty:1030 - CMSIS Pack Vendor :emotas I-CUBE-CANOPEN 1.3.0
2023-10-25 01:24:28,331 [INFO] ThirdParty:1030 - CMSIS Pack Vendor :STMicroelectronics X-CUBE-FREERTOS 1.1.0
2023-10-25 01:24:28,331 [INFO] ThirdParty:1030 - CMSIS Pack Vendor :STMicroelectronics X-CUBE-NFC7 1.0.1
2023-10-25 01:24:28,331 [INFO] ThirdParty:1030 - CMSIS Pack Vendor :STMicroelectronics MBEDTLS 2.14.1
2023-10-25 01:24:28,331 [INFO] ThirdParty:1030 - CMSIS Pack Vendor :STMicroelectronics X-CUBE-TOUCHGFX 4.22.1
2023-10-25 01:24:28,331 [INFO] ThirdParty:1030 - CMSIS Pack Vendor :STMicroelectronics X-CUBE-NFC6 3.0.0
2023-10-25 01:24:28,331 [INFO] ThirdParty:1030 - CMSIS Pack Vendor :STMicroelectronics X-CUBE-EEPRMA1 4.1.0
2023-10-25 01:24:28,331 [INFO] ThirdParty:1030 - CMSIS Pack Vendor :portGmbH I-Cube-SoM-uGOAL 1.1.0
2023-10-25 01:24:28,331 [INFO] ThirdParty:1030 - CMSIS Pack Vendor :STMicroelectronics X-CUBE-ALS 1.0.1
2023-10-25 01:24:28,332 [INFO] ThirdParty:1030 - CMSIS Pack Vendor :STMicroelectronics ThreadX 1.0.0
2023-10-25 01:24:28,332 [INFO] ThirdParty:1030 - CMSIS Pack Vendor :STMicroelectronics FP-SNS-SMARTAG2 1.2.0
2023-10-25 01:24:28,332 [INFO] ThirdParty:1030 - CMSIS Pack Vendor :STMicroelectronics X-CUBE-AZRTOS-WL 2.0.0
2023-10-25 01:24:28,332 [INFO] ThirdParty:1030 - CMSIS Pack Vendor :SEGGER I-CUBE-embOS 1.3.1
2023-10-25 01:24:28,332 [INFO] ThirdParty:1030 - CMSIS Pack Vendor :STMicroelectronics USB_DEVICE 1.0.0
2023-10-25 01:24:28,332 [INFO] ThirdParty:1030 - CMSIS Pack Vendor :STMicroelectronics X-CUBE-AI 8.1.0
2023-10-25 01:24:28,332 [INFO] ThirdParty:1030 - CMSIS Pack Vendor :STMicroelectronics X-CUBE-AZRTOS-L4 2.0.0
2023-10-25 01:24:28,332 [INFO] ThirdParty:1030 - CMSIS Pack Vendor :STMicroelectronics ThreadX 0.0.2
2023-10-25 01:24:28,332 [INFO] ThirdParty:1030 - CMSIS Pack Vendor :WES I-CUBE-Cesium 1.3.0
2023-10-25 01:24:28,332 [INFO] ThirdParty:1030 - CMSIS Pack Vendor :STMicroelectronics FP-ATR-ASTRA1 2.0.0
2023-10-25 01:24:28,332 [INFO] ThirdParty:1030 - CMSIS Pack Vendor :STMicroelectronics lwIP 2.1.2
2023-10-25 01:24:28,332 [INFO] ThirdParty:1030 - CMSIS Pack Vendor :STMicroelectronics X-CUBE-SFXS2LP1 4.0.0
2023-10-25 01:24:28,332 [INFO] ThirdParty:1030 - CMSIS Pack Vendor :STMicroelectronics X-CUBE-BLE2 3.3.0
2023-10-25 01:24:28,332 [INFO] ThirdParty:1030 - CMSIS Pack Vendor :STMicroelectronics PDM2PCM 3.2.0
2023-10-25 01:24:28,332 [INFO] ThirdParty:841 - exiting critical section [change project]
2023-10-25 01:24:28,733 [INFO] PinOutPanel:1499 - setPackage(No Configuration,No Configuration)
2023-10-25 01:24:28,735 [INFO] PinOutPanel:1499 - setPackage(STM32F407VETx,LQFP100)
2023-10-25 01:24:29,104 [INFO] UtilMem:75 - Before build in PCC Used Memory: 818139368 Bytes (1073741824)
2023-10-25 01:24:29,930 [INFO] UtilMem:75 - After build in PCC Used Memory: 897857200 Bytes (1073741824)
2023-10-25 01:24:30,110 [INFO] ApiDbMcu:507 - Load IP Config File for USB_DEVICE
2023-10-25 01:24:30,144 [INFO] IPUIPlugin:80 - create IPUIPlugin
2023-10-25 01:24:30,144 [INFO] IPUIPlugin:80 - create IPUIPlugin
2023-10-25 01:24:30,144 [INFO] IPUIPlugin:80 - create IPUIPlugin
2023-10-25 01:24:30,144 [INFO] IPUIPlugin:80 - create IPUIPlugin
2023-10-25 01:24:30,144 [INFO] IPUIPlugin:80 - create IPUIPlugin
2023-10-25 01:24:30,144 [INFO] IPUIPlugin:80 - create IPUIPlugin
2023-10-25 01:24:30,144 [INFO] IPUIPlugin:80 - create IPUIPlugin
2023-10-25 01:24:30,145 [INFO] IPUIPlugin:80 - create IPUIPlugin
2023-10-25 01:24:30,145 [INFO] IPUIPlugin:80 - create IPUIPlugin
2023-10-25 01:24:30,145 [INFO] IPUIPlugin:80 - create IPUIPlugin
2023-10-25 01:24:30,145 [INFO] IPUIPlugin:80 - create IPUIPlugin
2023-10-25 01:24:30,145 [INFO] IPUIPlugin:80 - create IPUIPlugin
2023-10-25 01:24:30,145 [INFO] IPUIPlugin:80 - create IPUIPlugin
2023-10-25 01:24:30,145 [INFO] IPUIPlugin:80 - create IPUIPlugin
2023-10-25 01:24:30,146 [INFO] IPUIPlugin:80 - create IPUIPlugin
2023-10-25 01:24:30,146 [INFO] IPUIPlugin:80 - create IPUIPlugin
2023-10-25 01:24:30,146 [INFO] IPUIPlugin:80 - create IPUIPlugin
2023-10-25 01:24:30,146 [INFO] IPUIPlugin:80 - create IPUIPlugin
2023-10-25 01:24:30,146 [INFO] IPUIPlugin:80 - create IPUIPlugin
2023-10-25 01:24:30,146 [INFO] IPUIPlugin:80 - create IPUIPlugin
2023-10-25 01:24:30,146 [INFO] IPUIPlugin:80 - create IPUIPlugin
2023-10-25 01:24:30,147 [INFO] IPUIPlugin:80 - create IPUIPlugin
2023-10-25 01:24:30,147 [INFO] IPUIPlugin:80 - create IPUIPlugin
2023-10-25 01:24:30,147 [INFO] IPUIPlugin:80 - create IPUIPlugin
2023-10-25 01:24:30,147 [INFO] IPUIPlugin:80 - create IPUIPlugin
2023-10-25 01:24:30,147 [INFO] IPUIPlugin:80 - create IPUIPlugin
2023-10-25 01:24:30,147 [INFO] IPUIPlugin:80 - create IPUIPlugin
2023-10-25 01:24:30,148 [INFO] IPUIPlugin:80 - create IPUIPlugin
2023-10-25 01:24:30,148 [INFO] IPUIPlugin:80 - create IPUIPlugin
2023-10-25 01:24:30,148 [INFO] IPUIPlugin:80 - create IPUIPlugin
2023-10-25 01:24:30,148 [INFO] IPUIPlugin:80 - create IPUIPlugin
2023-10-25 01:24:30,148 [INFO] IPUIPlugin:80 - create IPUIPlugin
2023-10-25 01:24:30,149 [INFO] IPUIPlugin:80 - create IPUIPlugin
2023-10-25 01:24:30,149 [INFO] IPUIPlugin:80 - create IPUIPlugin
2023-10-25 01:24:30,149 [INFO] IPUIPlugin:80 - create IPUIPlugin
2023-10-25 01:24:30,150 [INFO] IPUIPlugin:80 - create IPUIPlugin
2023-10-25 01:24:30,150 [INFO] IPUIPlugin:80 - create IPUIPlugin
2023-10-25 01:24:30,150 [INFO] IPUIPlugin:80 - create IPUIPlugin
2023-10-25 01:24:30,150 [INFO] IPUIPlugin:80 - create IPUIPlugin
2023-10-25 01:24:30,150 [INFO] IPUIPlugin:80 - create IPUIPlugin
2023-10-25 01:24:30,151 [INFO] IPUIPlugin:80 - create IPUIPlugin
2023-10-25 01:24:30,151 [INFO] IPUIPlugin:80 - create IPUIPlugin
2023-10-25 01:24:30,151 [INFO] IPUIPlugin:80 - create IPUIPlugin
2023-10-25 01:24:30,151 [INFO] IPUIPlugin:80 - create IPUIPlugin
2023-10-25 01:24:30,152 [INFO] IPUIPlugin:80 - create IPUIPlugin
2023-10-25 01:24:30,152 [INFO] IPUIPlugin:80 - create IPUIPlugin
2023-10-25 01:24:30,152 [INFO] IPUIPlugin:80 - create IPUIPlugin
2023-10-25 01:24:30,152 [INFO] IPUIPlugin:80 - create IPUIPlugin
2023-10-25 01:24:30,153 [INFO] IPUIPlugin:80 - create IPUIPlugin
2023-10-25 01:24:30,153 [INFO] IPUIPlugin:80 - create IPUIPlugin
2023-10-25 01:24:30,153 [INFO] IPUIPlugin:80 - create IPUIPlugin
2023-10-25 01:24:30,153 [INFO] IPUIPlugin:80 - create IPUIPlugin
2023-10-25 01:24:30,154 [INFO] IPUIPlugin:80 - create IPUIPlugin
2023-10-25 01:24:30,155 [INFO] IPUIPlugin:80 - create IPUIPlugin
2023-10-25 01:24:30,155 [INFO] IPUIPlugin:80 - create IPUIPlugin
2023-10-25 01:24:30,156 [INFO] IPUIPlugin:80 - create IPUIPlugin
2023-10-25 01:24:30,156 [INFO] IPUIPlugin:80 - create IPUIPlugin
2023-10-25 01:24:30,156 [INFO] IPUIPlugin:80 - create IPUIPlugin
2023-10-25 01:24:30,166 [INFO] ApiDbMcu:507 - Load IP Config File for PDM2PCM
2023-10-25 01:24:30,460 [INFO] CADModel:165 - CPN selected for project levelSTM32F407VET6
2023-10-25 01:24:30,461 [INFO] CADModel:114 - Register for checkConnection events
2023-10-25 01:24:30,513 [INFO] OpenFileManager:328 - Restore cursor
2023-10-25 01:24:30,679 [WARN] IP:2114 - DEVICE_SERIAL0_CDC_HS not found: check if there is a RefParameter without a condition.
2023-10-25 01:24:30,679 [WARN] IP:2114 - DEVICE_SERIAL1_CDC_HS not found: check if there is a RefParameter without a condition.
2023-10-25 01:24:30,679 [WARN] IP:2114 - DEVICE_SERIAL2_CDC_HS not found: check if there is a RefParameter without a condition.
2023-10-25 01:24:30,680 [WARN] IP:2114 - DEVICE_SERIAL0_CDC_FS not found: check if there is a RefParameter without a condition.
2023-10-25 01:24:30,680 [WARN] IP:2114 - DEVICE_SERIAL1_CDC_FS not found: check if there is a RefParameter without a condition.
2023-10-25 01:24:30,680 [WARN] IP:2114 - DEVICE_SERIAL2_CDC_FS not found: check if there is a RefParameter without a condition.
2023-10-25 01:24:30,681 [WARN] IP:2114 - DEVICE_SERIAL0_CDC_HS not found: check if there is a RefParameter without a condition.
2023-10-25 01:24:30,681 [WARN] IP:2114 - DEVICE_SERIAL1_CDC_HS not found: check if there is a RefParameter without a condition.
2023-10-25 01:24:30,681 [WARN] IP:2114 - DEVICE_SERIAL2_CDC_HS not found: check if there is a RefParameter without a condition.
2023-10-25 01:24:30,681 [WARN] IP:2114 - DEVICE_SERIAL0_CDC_FS not found: check if there is a RefParameter without a condition.
2023-10-25 01:24:30,681 [WARN] IP:2114 - DEVICE_SERIAL1_CDC_FS not found: check if there is a RefParameter without a condition.
2023-10-25 01:24:30,682 [WARN] IP:2114 - DEVICE_SERIAL2_CDC_FS not found: check if there is a RefParameter without a condition.
2023-10-25 01:24:49,236 [WARN] IpParametersView:151 - Warning: This peripheral hasn't parameters
2023-10-25 01:24:56,732 [INFO] UtilMem:75 - End SaveConfig() Used Memory: 565370720 Bytes (1073741824)
2023-10-25 01:25:05,284 [INFO] UtilMem:75 - End SaveConfig() Used Memory: 620083200 Bytes (1073741824)
2023-10-25 01:25:05,766 [INFO] BlockDiagram:2759 - set Specific Code input for plugin: FSMC
2023-10-25 01:25:05,766 [INFO] BlockDiagram:2759 - set Specific Code input for plugin: SPI
2023-10-25 01:25:05,766 [INFO] BlockDiagram:2759 - set Specific Code input for plugin: USB_OTG_HS
2023-10-25 01:25:05,766 [INFO] BlockDiagram:2759 - set Specific Code input for plugin: USB_DEVICE
2023-10-25 01:25:05,766 [INFO] BlockDiagram:2759 - set Specific Code input for plugin: SYS
2023-10-25 01:25:05,766 [INFO] BlockDiagram:2759 - set Specific Code input for plugin: RCC
2023-10-25 01:25:05,766 [INFO] BlockDiagram:2759 - set Specific Code input for plugin: RTC
2023-10-25 01:25:05,766 [INFO] BlockDiagram:2759 - set Specific Code input for plugin: USB_OTG_FS
2023-10-25 01:25:05,766 [INFO] BlockDiagram:2759 - set Specific Code input for plugin: NVIC
2023-10-25 01:25:05,766 [INFO] BlockDiagram:2759 - set Specific Code input for plugin: USART
2023-10-25 01:25:05,767 [INFO] BlockDiagram:2759 - set Specific Code input for plugin: GPIO
2023-10-25 01:25:05,768 [INFO] CodeGenerator:799 - code generatio: config db path: C:\ST\STM32CubeIDE_1.13.2\STM32CubeIDE\plugins\com.st.stm32cube.common.mx_6.9.2.202309101412\\db\
2023-10-25 01:25:05,796 [WARN] IP:2114 - DEVICE_SERIAL0_CDC_HS not found: check if there is a RefParameter without a condition.
2023-10-25 01:25:05,796 [WARN] IP:2114 - DEVICE_SERIAL1_CDC_HS not found: check if there is a RefParameter without a condition.
2023-10-25 01:25:05,796 [WARN] IP:2114 - DEVICE_SERIAL2_CDC_HS not found: check if there is a RefParameter without a condition.
2023-10-25 01:25:05,797 [WARN] IP:2114 - DEVICE_SERIAL0_CDC_FS not found: check if there is a RefParameter without a condition.
2023-10-25 01:25:05,797 [WARN] IP:2114 - DEVICE_SERIAL1_CDC_FS not found: check if there is a RefParameter without a condition.
2023-10-25 01:25:05,797 [WARN] IP:2114 - DEVICE_SERIAL2_CDC_FS not found: check if there is a RefParameter without a condition.
2023-10-25 01:25:06,140 [INFO] CodeEngine:255 - oldGeneratedFile, D:\CUBE_NANDO_HAL\CUBE_NANDO_HAL\programmer0\MXTmpFiles\license.tmp_save
2023-10-25 01:25:06,515 [INFO] CodeEngine:279 - Generated code: D:\CUBE_NANDO_HAL\CUBE_NANDO_HAL\programmer0\MXTmpFiles\license.tmp
2023-10-25 01:25:06,644 [INFO] CodeEngine:255 - oldGeneratedFile, D:\CUBE_NANDO_HAL\CUBE_NANDO_HAL\programmer0\Core\Src\gpio.c_save
2023-10-25 01:25:06,789 [INFO] CodeEngine:279 - Generated code: D:\CUBE_NANDO_HAL\CUBE_NANDO_HAL\programmer0\Core\Src\gpio.c
2023-10-25 01:25:06,799 [INFO] CodeEngine:255 - oldGeneratedFile, D:\CUBE_NANDO_HAL\CUBE_NANDO_HAL\programmer0\Core\Inc\gpio.h_save
2023-10-25 01:25:06,883 [INFO] CodeEngine:279 - Generated code: D:\CUBE_NANDO_HAL\CUBE_NANDO_HAL\programmer0\Core\Inc\gpio.h
2023-10-25 01:25:06,992 [WARN] IPConfigManager:2937 - Warning: the RefConfig PWREx_EnableUSBVoltageDetector is not available in your config.xml file
2023-10-25 01:25:07,034 [WARN] IPConfigManager:2937 - Warning: the RefConfig PWREx_EnableUSBVoltageDetector is not available in your config.xml file
2023-10-25 01:25:07,044 [INFO] CodeEngine:255 - oldGeneratedFile, D:\CUBE_NANDO_HAL\CUBE_NANDO_HAL\programmer0\MXTmpFiles\usb_otg_hs_vars.tmp_save
2023-10-25 01:25:07,144 [INFO] CodeEngine:279 - Generated code: D:\CUBE_NANDO_HAL\CUBE_NANDO_HAL\programmer0\MXTmpFiles\usb_otg_hs_vars.tmp
2023-10-25 01:25:07,152 [INFO] CodeEngine:255 - oldGeneratedFile, D:\CUBE_NANDO_HAL\CUBE_NANDO_HAL\programmer0\MXTmpFiles\usb_otg_hs_inc.tmp_save
2023-10-25 01:25:07,216 [INFO] CodeEngine:279 - Generated code: D:\CUBE_NANDO_HAL\CUBE_NANDO_HAL\programmer0\MXTmpFiles\usb_otg_hs_inc.tmp
2023-10-25 01:25:07,232 [INFO] CodeEngine:255 - oldGeneratedFile, D:\CUBE_NANDO_HAL\CUBE_NANDO_HAL\programmer0\MXTmpFiles\usb_otg_hs_HalInit.tmp_save
2023-10-25 01:25:07,331 [INFO] CodeEngine:279 - Generated code: D:\CUBE_NANDO_HAL\CUBE_NANDO_HAL\programmer0\MXTmpFiles\usb_otg_hs_HalInit.tmp
2023-10-25 01:25:07,340 [INFO] CodeEngine:255 - oldGeneratedFile, D:\CUBE_NANDO_HAL\CUBE_NANDO_HAL\programmer0\MXTmpFiles\usb_otg_hs_Msp.tmp_save
2023-10-25 01:25:07,444 [INFO] CodeEngine:279 - Generated code: D:\CUBE_NANDO_HAL\CUBE_NANDO_HAL\programmer0\MXTmpFiles\usb_otg_hs_Msp.tmp
2023-10-25 01:25:07,577 [WARN] IPConfigManager:2937 - Warning: the RefConfig PWREx_EnableUSBVoltageDetector is not available in your config.xml file
2023-10-25 01:25:07,628 [WARN] IPConfigManager:2937 - Warning: the RefConfig PWREx_EnableUSBVoltageDetector is not available in your config.xml file
2023-10-25 01:25:07,635 [INFO] CodeEngine:255 - oldGeneratedFile, D:\CUBE_NANDO_HAL\CUBE_NANDO_HAL\programmer0\MXTmpFiles\usb_otg_fs_vars.tmp_save
2023-10-25 01:25:07,720 [INFO] CodeEngine:279 - Generated code: D:\CUBE_NANDO_HAL\CUBE_NANDO_HAL\programmer0\MXTmpFiles\usb_otg_fs_vars.tmp
2023-10-25 01:25:07,722 [INFO] CodeEngine:255 - oldGeneratedFile, D:\CUBE_NANDO_HAL\CUBE_NANDO_HAL\programmer0\MXTmpFiles\usb_otg_fs_inc.tmp_save
2023-10-25 01:25:07,791 [INFO] CodeEngine:279 - Generated code: D:\CUBE_NANDO_HAL\CUBE_NANDO_HAL\programmer0\MXTmpFiles\usb_otg_fs_inc.tmp
2023-10-25 01:25:07,793 [INFO] CodeEngine:255 - oldGeneratedFile, D:\CUBE_NANDO_HAL\CUBE_NANDO_HAL\programmer0\MXTmpFiles\usb_otg_fs_HalInit.tmp_save
2023-10-25 01:25:07,871 [INFO] CodeEngine:279 - Generated code: D:\CUBE_NANDO_HAL\CUBE_NANDO_HAL\programmer0\MXTmpFiles\usb_otg_fs_HalInit.tmp
2023-10-25 01:25:07,874 [INFO] CodeEngine:255 - oldGeneratedFile, D:\CUBE_NANDO_HAL\CUBE_NANDO_HAL\programmer0\MXTmpFiles\usb_otg_fs_Msp.tmp_save
2023-10-25 01:25:07,947 [INFO] CodeEngine:279 - Generated code: D:\CUBE_NANDO_HAL\CUBE_NANDO_HAL\programmer0\MXTmpFiles\usb_otg_fs_Msp.tmp
2023-10-25 01:25:08,198 [WARN] IP:2114 - DEVICE_SERIAL0_CDC_HS not found: check if there is a RefParameter without a condition.
2023-10-25 01:25:08,199 [WARN] IP:2114 - DEVICE_SERIAL1_CDC_HS not found: check if there is a RefParameter without a condition.
2023-10-25 01:25:08,199 [WARN] IP:2114 - DEVICE_SERIAL2_CDC_HS not found: check if there is a RefParameter without a condition.
2023-10-25 01:25:08,270 [WARN] IPConfigManager:2937 - Warning: the RefConfig PWREx_EnableUSBVoltageDetector is not available in your config.xml file
2023-10-25 01:25:08,327 [WARN] IPConfigManager:2937 - Warning: the RefConfig PWREx_EnableUSBVoltageDetector is not available in your config.xml file
2023-10-25 01:25:08,360 [INFO] Middleware:1439 - No code input for Bsp Dependency
2023-10-25 01:25:08,372 [INFO] Middleware:1439 - No code input for Bsp Dependency
2023-10-25 01:25:08,401 [INFO] CodeEngine:255 - oldGeneratedFile, D:\CUBE_NANDO_HAL\CUBE_NANDO_HAL\programmer0\Core\Src\fsmc.c_save
2023-10-25 01:25:08,542 [INFO] CodeEngine:279 - Generated code: D:\CUBE_NANDO_HAL\CUBE_NANDO_HAL\programmer0\Core\Src\fsmc.c
2023-10-25 01:25:08,548 [INFO] CodeEngine:255 - oldGeneratedFile, D:\CUBE_NANDO_HAL\CUBE_NANDO_HAL\programmer0\Core\Inc\fsmc.h_save
2023-10-25 01:25:08,641 [INFO] CodeEngine:279 - Generated code: D:\CUBE_NANDO_HAL\CUBE_NANDO_HAL\programmer0\Core\Inc\fsmc.h
2023-10-25 01:25:08,665 [INFO] CodeEngine:255 - oldGeneratedFile, D:\CUBE_NANDO_HAL\CUBE_NANDO_HAL\programmer0\Core\Src\rtc.c_save
2023-10-25 01:25:08,811 [INFO] CodeEngine:279 - Generated code: D:\CUBE_NANDO_HAL\CUBE_NANDO_HAL\programmer0\Core\Src\rtc.c
2023-10-25 01:25:08,850 [INFO] CodeEngine:255 - oldGeneratedFile, D:\CUBE_NANDO_HAL\CUBE_NANDO_HAL\programmer0\Core\Inc\rtc.h_save
2023-10-25 01:25:08,933 [INFO] CodeEngine:279 - Generated code: D:\CUBE_NANDO_HAL\CUBE_NANDO_HAL\programmer0\Core\Inc\rtc.h
2023-10-25 01:25:08,948 [INFO] CodeEngine:255 - oldGeneratedFile, D:\CUBE_NANDO_HAL\CUBE_NANDO_HAL\programmer0\Core\Src\spi.c_save
2023-10-25 01:25:09,071 [INFO] CodeEngine:279 - Generated code: D:\CUBE_NANDO_HAL\CUBE_NANDO_HAL\programmer0\Core\Src\spi.c
2023-10-25 01:25:09,076 [INFO] CodeEngine:255 - oldGeneratedFile, D:\CUBE_NANDO_HAL\CUBE_NANDO_HAL\programmer0\Core\Inc\spi.h_save
2023-10-25 01:25:09,154 [INFO] CodeEngine:279 - Generated code: D:\CUBE_NANDO_HAL\CUBE_NANDO_HAL\programmer0\Core\Inc\spi.h
2023-10-25 01:25:09,168 [INFO] CodeEngine:255 - oldGeneratedFile, D:\CUBE_NANDO_HAL\CUBE_NANDO_HAL\programmer0\Core\Src\usart.c_save
2023-10-25 01:25:09,246 [INFO] CodeEngine:279 - Generated code: D:\CUBE_NANDO_HAL\CUBE_NANDO_HAL\programmer0\Core\Src\usart.c
2023-10-25 01:25:09,249 [INFO] CodeEngine:255 - oldGeneratedFile, D:\CUBE_NANDO_HAL\CUBE_NANDO_HAL\programmer0\Core\Inc\usart.h_save
2023-10-25 01:25:09,325 [INFO] CodeEngine:279 - Generated code: D:\CUBE_NANDO_HAL\CUBE_NANDO_HAL\programmer0\Core\Inc\usart.h
2023-10-25 01:25:09,335 [INFO] Middleware:1439 - No code input for Bsp Dependency
2023-10-25 01:25:09,344 [INFO] Middleware:1439 - No code input for Bsp Dependency
2023-10-25 01:25:09,364 [INFO] CodeEngine:255 - oldGeneratedFile, D:\CUBE_NANDO_HAL\CUBE_NANDO_HAL\programmer0\USB_DEVICE\App\usb_device.c_save
2023-10-25 01:25:09,439 [INFO] CodeEngine:279 - Generated code: D:\CUBE_NANDO_HAL\CUBE_NANDO_HAL\programmer0\USB_DEVICE\App\usb_device.c
2023-10-25 01:25:09,449 [INFO] CodeEngine:255 - oldGeneratedFile, D:\CUBE_NANDO_HAL\CUBE_NANDO_HAL\programmer0\USB_DEVICE\App\usb_device.h_save
2023-10-25 01:25:09,498 [INFO] CodeEngine:279 - Generated code: D:\CUBE_NANDO_HAL\CUBE_NANDO_HAL\programmer0\USB_DEVICE\App\usb_device.h
2023-10-25 01:25:09,508 [INFO] CodeEngine:255 - oldGeneratedFile, D:\CUBE_NANDO_HAL\CUBE_NANDO_HAL\programmer0\USB_DEVICE\Target\usbd_conf.h_save
2023-10-25 01:25:09,580 [INFO] CodeEngine:279 - Generated code: D:\CUBE_NANDO_HAL\CUBE_NANDO_HAL\programmer0\USB_DEVICE\Target\usbd_conf.h
2023-10-25 01:25:09,598 [INFO] CodeEngine:255 - oldGeneratedFile, D:\CUBE_NANDO_HAL\CUBE_NANDO_HAL\programmer0\USB_DEVICE\Target\usbd_conf.c_save
2023-10-25 01:25:09,673 [INFO] CodeEngine:279 - Generated code: D:\CUBE_NANDO_HAL\CUBE_NANDO_HAL\programmer0\USB_DEVICE\Target\usbd_conf.c
2023-10-25 01:25:09,678 [INFO] CodeEngine:255 - oldGeneratedFile, D:\CUBE_NANDO_HAL\CUBE_NANDO_HAL\programmer0\USB_DEVICE\App\usbd_desc.h_save
2023-10-25 01:25:09,732 [INFO] CodeEngine:279 - Generated code: D:\CUBE_NANDO_HAL\CUBE_NANDO_HAL\programmer0\USB_DEVICE\App\usbd_desc.h
2023-10-25 01:25:09,747 [INFO] CodeEngine:255 - oldGeneratedFile, D:\CUBE_NANDO_HAL\CUBE_NANDO_HAL\programmer0\USB_DEVICE\App\usbd_desc.c_save
2023-10-25 01:25:09,816 [INFO] CodeEngine:279 - Generated code: D:\CUBE_NANDO_HAL\CUBE_NANDO_HAL\programmer0\USB_DEVICE\App\usbd_desc.c
2023-10-25 01:25:09,825 [INFO] CodeEngine:255 - oldGeneratedFile, D:\CUBE_NANDO_HAL\CUBE_NANDO_HAL\programmer0\USB_DEVICE\App\usbd_cdc_if.h_save
2023-10-25 01:25:09,878 [INFO] CodeEngine:279 - Generated code: D:\CUBE_NANDO_HAL\CUBE_NANDO_HAL\programmer0\USB_DEVICE\App\usbd_cdc_if.h
2023-10-25 01:25:09,893 [INFO] CodeEngine:255 - oldGeneratedFile, D:\CUBE_NANDO_HAL\CUBE_NANDO_HAL\programmer0\USB_DEVICE\App\usbd_cdc_if.c_save
2023-10-25 01:25:09,973 [INFO] CodeEngine:279 - Generated code: D:\CUBE_NANDO_HAL\CUBE_NANDO_HAL\programmer0\USB_DEVICE\App\usbd_cdc_if.c
2023-10-25 01:25:10,003 [INFO] CodeEngine:255 - oldGeneratedFile, D:\CUBE_NANDO_HAL\CUBE_NANDO_HAL\programmer0\Core\Src\stm32f4xx_it.c_save
2023-10-25 01:25:10,094 [INFO] CodeEngine:279 - Generated code: D:\CUBE_NANDO_HAL\CUBE_NANDO_HAL\programmer0\Core\Src\stm32f4xx_it.c
2023-10-25 01:25:10,102 [INFO] CodeEngine:255 - oldGeneratedFile, D:\CUBE_NANDO_HAL\CUBE_NANDO_HAL\programmer0\Core\Inc\stm32f4xx_it.h_save
2023-10-25 01:25:10,173 [INFO] CodeEngine:279 - Generated code: D:\CUBE_NANDO_HAL\CUBE_NANDO_HAL\programmer0\Core\Inc\stm32f4xx_it.h
2023-10-25 01:25:10,198 [INFO] CodeEngine:255 - oldGeneratedFile, D:\CUBE_NANDO_HAL\CUBE_NANDO_HAL\programmer0\Core\Src\stm32f4xx_hal_msp.c_save
2023-10-25 01:25:10,269 [INFO] CodeEngine:279 - Generated code: D:\CUBE_NANDO_HAL\CUBE_NANDO_HAL\programmer0\Core\Src\stm32f4xx_hal_msp.c
2023-10-25 01:25:10,277 [INFO] CodeEngine:255 - oldGeneratedFile, D:\CUBE_NANDO_HAL\CUBE_NANDO_HAL\programmer0\MXTmpFiles\system.tmp_save
2023-10-25 01:25:10,323 [INFO] CodeEngine:279 - Generated code: D:\CUBE_NANDO_HAL\CUBE_NANDO_HAL\programmer0\MXTmpFiles\system.tmp
2023-10-25 01:25:10,345 [INFO] CodeEngine:311 - oldGeneratedFile, D:\CUBE_NANDO_HAL\CUBE_NANDO_HAL\programmer0\Core\Inc\stm32f4xx_hal_conf.h_save
2023-10-25 01:25:10,429 [INFO] CodeEngine:335 - Generated code: D:\CUBE_NANDO_HAL\CUBE_NANDO_HAL\programmer0\Core\Inc\stm32f4xx_hal_conf.h
2023-10-25 01:25:10,493 [INFO] CodeEngine:255 - oldGeneratedFile, D:\CUBE_NANDO_HAL\CUBE_NANDO_HAL\programmer0\Core\Inc\main.h_save
2023-10-25 01:25:10,583 [INFO] CodeEngine:279 - Generated code: D:\CUBE_NANDO_HAL\CUBE_NANDO_HAL\programmer0\Core\Inc\main.h
2023-10-25 01:25:10,602 [INFO] CodeEngine:255 - oldGeneratedFile, D:\CUBE_NANDO_HAL\CUBE_NANDO_HAL\programmer0\Core\Src\main.c_save
2023-10-25 01:25:10,714 [INFO] CodeEngine:279 - Generated code: D:\CUBE_NANDO_HAL\CUBE_NANDO_HAL\programmer0\Core\Src\main.c
2023-10-25 01:25:11,274 [INFO] ProjectBuilder:3064 - Time for Copy HAL[1] : 134mS.
2023-10-25 01:25:11,281 [INFO] ProjectBuilder:4404 - Project Generator version: 4.1.0
2023-10-25 01:25:11,528 [INFO] ConfigFileManager:1457 - The Die is : DIE413
2023-10-25 01:25:11,537 [INFO] ApiDbMcu:507 - Load IP Config File for FATFS
2023-10-25 01:25:11,547 [INFO] ApiDbMcu:507 - Load IP Config File for FREERTOS
2023-10-25 01:25:11,555 [INFO] ApiDbMcu:507 - Load IP Config File for LIBJPEG
2023-10-25 01:25:11,566 [INFO] ApiDbMcu:507 - Load IP Config File for LWIP
2023-10-25 01:25:11,577 [INFO] ApiDbMcu:507 - Load IP Config File for MBEDTLS
2023-10-25 01:25:11,587 [INFO] ApiDbMcu:507 - Load IP Config File for USB_HOST
2023-10-25 01:25:12,383 [INFO] LogOutputStream:77 - [STDOUT_REDIRECT] 
2023-10-25 01:25:13,792 [INFO] ProjectBuilder:4626 - Time for Generating toolchain IDE Files: 2510mS.
2023-10-25 01:25:13,793 [INFO] ProjectBuilder:2935 - Time for Copy CMSIS : 1mS.
2023-10-25 01:25:13,796 [INFO] ProjectBuilder:2935 - Time for Copy CMSIS : 0mS.
2023-10-25 01:29:23,123 [ERROR] LogOutputStream:75 - [STDERR_REDIRECT] 
2023-10-25 07:36:39,722 [INFO] Activator:176 - 


2023-10-25 07:36:39,725 [INFO] Activator:177 - !SESSION log4j initialized
2023-10-25 07:36:45,485 [INFO] LogOutputStream:77 - [STDOUT_REDIRECT] 
2023-10-25 07:36:55,917 [INFO] ApplicationProperties:184 - Using Application install path: C:\ST\STM32CubeIDE_1.13.2\STM32CubeIDE\plugins\com.st.stm32cube.common.mx_6.9.2.202309101412
2023-10-25 07:36:55,936 [INFO] DbMcusXml:78 - Set database path to: C:\ST\STM32CubeIDE_1.13.2\STM32CubeIDE\plugins\com.st.stm32cube.common.mx_6.9.2.202309101412\\db\/mcu/
2023-10-25 07:36:55,936 [INFO] ApiDb:274 - Set plugin database path to: C:\ST\STM32CubeIDE_1.13.2\STM32CubeIDE\plugins\com.st.stm32cube.common.mx_6.9.2.202309101412\\db\/plugins/boardmanager/
2023-10-25 07:36:55,936 [WARN] ApiDb:259 - Overriding images path with different value:  => C:\ST\STM32CubeIDE_1.13.2\STM32CubeIDE\plugins\com.st.stm32cube.common.mx_6.9.2.202309101412\\db\/plugins/mcufinder/images/
2023-10-25 07:36:55,952 [INFO] ApiDb:250 - Set database path to: C:\Users\wjunh\.stmcufinder\plugins\mcufinder//mcu/
2023-10-25 07:36:55,954 [INFO] DbMcusAds:125 - Set database path to: C:\Users\wjunh\.stmcufinder\plugins\mcufinder//mcu/
2023-10-25 07:36:55,960 [INFO] CrossReferenceDbSqlite:203 - Set database path to: C:\Users\wjunh\.stmcufinder\plugins\mcufinder//mcu/cs/
2023-10-25 07:36:56,082 [INFO] RulesReader:64 - Compatibility file has been processed (293 Rules)
2023-10-25 07:36:56,179 [INFO] DbMcusXml:78 - Set database path to: C:\ST\STM32CubeIDE_1.13.2\STM32CubeIDE\plugins\com.st.stm32cube.common.mx_6.9.2.202309101412\\db\/mcu/
2023-10-25 07:36:56,180 [INFO] ApiDb:274 - Set plugin database path to: C:\ST\STM32CubeIDE_1.13.2\STM32CubeIDE\plugins\com.st.stm32cube.common.mx_6.9.2.202309101412\\db\/plugins/boardmanager/
2023-10-25 07:36:56,180 [INFO] ApiDb:261 - Set plugin images path to: C:\ST\STM32CubeIDE_1.13.2\STM32CubeIDE\plugins\com.st.stm32cube.common.mx_6.9.2.202309101412\\db\/plugins/mcufinder/images/
2023-10-25 07:36:56,180 [WARN] DbFile:41 - Overriding database path with different value: C:\Users\wjunh\.stmcufinder\plugins\mcufinder/ => C:\Users\wjunh\.stmcufinder\plugins\mcufinder
2023-10-25 07:36:56,180 [INFO] ApiDb:250 - Set database path to: C:\Users\wjunh\.stmcufinder\plugins\mcufinder//mcu/
2023-10-25 07:36:56,180 [WARN] DbFile:41 - Overriding database path with different value: C:\Users\wjunh\.stmcufinder\plugins\mcufinder/ => C:\Users\wjunh\.stmcufinder\plugins\mcufinder
2023-10-25 07:36:56,180 [INFO] DbMcusAds:125 - Set database path to: C:\Users\wjunh\.stmcufinder\plugins\mcufinder//mcu/
2023-10-25 07:36:56,181 [WARN] DbFile:41 - Overriding database path with different value: C:\Users\wjunh\.stmcufinder\plugins\mcufinder/ => C:\Users\wjunh\.stmcufinder\plugins\mcufinder
2023-10-25 07:36:56,181 [WARN] DbFile:41 - Overriding database path with different value: C:\Users\wjunh\.stmcufinder\plugins\mcufinder/ => C:\Users\wjunh\.stmcufinder\plugins\mcufinder
2023-10-25 07:36:56,181 [INFO] CrossReferenceDbSqlite:203 - Set database path to: C:\Users\wjunh\.stmcufinder\plugins\mcufinder//mcu/cs/
2023-10-25 07:36:56,260 [INFO] MainPanel:262 - HeapMemory: 268435456
2023-10-25 07:36:56,354 [INFO] DbMcusXml:78 - Set database path to: C:\ST\STM32CubeIDE_1.13.2\STM32CubeIDE\plugins\com.st.stm32cube.common.mx_6.9.2.202309101412\\db\/mcu/
2023-10-25 07:36:56,354 [INFO] ApiDb:274 - Set plugin database path to: C:\ST\STM32CubeIDE_1.13.2\STM32CubeIDE\plugins\com.st.stm32cube.common.mx_6.9.2.202309101412\\db\/plugins/boardmanager/
2023-10-25 07:36:56,354 [INFO] ApiDb:261 - Set plugin images path to: C:\ST\STM32CubeIDE_1.13.2\STM32CubeIDE\plugins\com.st.stm32cube.common.mx_6.9.2.202309101412\\db\/plugins/mcufinder/images/
2023-10-25 07:36:56,355 [WARN] DbFile:41 - Overriding database path with different value: C:\Users\wjunh\.stmcufinder\plugins\mcufinder/ => C:\Users\wjunh\.stmcufinder\plugins\mcufinder
2023-10-25 07:36:56,355 [INFO] ApiDb:250 - Set database path to: C:\Users\wjunh\.stmcufinder\plugins\mcufinder//mcu/
2023-10-25 07:36:56,355 [WARN] DbFile:41 - Overriding database path with different value: C:\Users\wjunh\.stmcufinder\plugins\mcufinder/ => C:\Users\wjunh\.stmcufinder\plugins\mcufinder
2023-10-25 07:36:56,356 [INFO] DbMcusAds:125 - Set database path to: C:\Users\wjunh\.stmcufinder\plugins\mcufinder//mcu/
2023-10-25 07:36:56,356 [WARN] DbFile:41 - Overriding database path with different value: C:\Users\wjunh\.stmcufinder\plugins\mcufinder/ => C:\Users\wjunh\.stmcufinder\plugins\mcufinder
2023-10-25 07:36:56,356 [WARN] DbFile:41 - Overriding database path with different value: C:\Users\wjunh\.stmcufinder\plugins\mcufinder/ => C:\Users\wjunh\.stmcufinder\plugins\mcufinder
2023-10-25 07:36:56,356 [INFO] CrossReferenceDbSqlite:203 - Set database path to: C:\Users\wjunh\.stmcufinder\plugins\mcufinder//mcu/cs/
2023-10-25 07:36:56,376 [INFO] ApplicationProperties:184 - Using Application install path: C:\ST\STM32CubeIDE_1.13.2\STM32CubeIDE\plugins\com.st.stm32cube.common.mx_6.9.2.202309101412
2023-10-25 07:36:56,378 [INFO] PluginManage:196 - Search for loadable plugins [exclusion list=, ]
2023-10-25 07:36:56,379 [INFO] PluginManage:310 - Check plugin analytics
2023-10-25 07:37:01,093 [INFO] AnalyticsPlugin:253 - Accepted Software Licenses: 
2023-10-25 07:37:01,093 [INFO] AnalyticsPlugin:255 - Accepted CMSIS Pack Licenses: 
2023-10-25 07:37:01,093 [INFO] AnalyticsPlugin:257 - Accepted Firmware Licenses: 
2023-10-25 07:37:01,096 [INFO] PluginManage:359 - Loaded plugin analytics (category:tool,tabindex:-1)
2023-10-25 07:37:01,096 [INFO] PluginManage:310 - Check plugin cadmodel
2023-10-25 07:37:01,108 [INFO] CADModel:105 - Init CAD model plugin
2023-10-25 07:37:01,108 [INFO] PluginManage:359 - Loaded plugin cadmodel (category:power,tabindex:5)
2023-10-25 07:37:01,108 [INFO] PluginManage:310 - Check plugin clock
2023-10-25 07:37:01,125 [INFO] PluginManage:359 - Loaded plugin clock (category:base,tabindex:2)
2023-10-25 07:37:01,125 [INFO] PluginManage:310 - Check plugin ddr
2023-10-25 07:37:01,127 [INFO] PluginManage:359 - Loaded plugin ddr (category:tool,tabindex:6)
2023-10-25 07:37:01,127 [INFO] PluginManage:310 - Check plugin filemanager
2023-10-25 07:37:01,291 [INFO] PluginManage:359 - Loaded plugin filemanager (category:base,tabindex:10)
2023-10-25 07:37:01,291 [INFO] PluginManage:310 - Check plugin ipmanager
2023-10-25 07:37:01,298 [INFO] PluginManage:359 - Loaded plugin ipmanager (category:base,tabindex:5)
2023-10-25 07:37:01,298 [INFO] PluginManage:310 - Check plugin lpbam
2023-10-25 07:37:01,312 [INFO] PluginManage:359 - Loaded plugin lpbam (category:base,tabindex:0)
2023-10-25 07:37:01,312 [INFO] PluginManage:310 - Check plugin memorymap
2023-10-25 07:37:01,331 [INFO] PluginManage:359 - Loaded plugin memorymap (category:base,tabindex:4)
2023-10-25 07:37:01,332 [INFO] PluginManage:310 - Check plugin pinoutandconfiguration
2023-10-25 07:37:01,355 [INFO] PluginManage:359 - Loaded plugin pinoutandconfiguration (category:base,tabindex:1)
2023-10-25 07:37:01,355 [INFO] PluginManage:310 - Check plugin pinoutconfig
2023-10-25 07:37:01,448 [WARN] SupportedApi:132 - Cannot load RTOS API schema: s4s-elt-must-match.1: The content of 'definitions' must match (annotation?, (simpleType | complexType)?, (unique | key | keyref)*)). A problem was found starting at: attribute.
2023-10-25 07:37:01,598 [INFO] PluginManage:359 - Loaded plugin pinoutconfig (category:base,tabindex:0)
2023-10-25 07:37:01,598 [INFO] PluginManage:310 - Check plugin power
2023-10-25 07:37:01,616 [INFO] PluginManage:359 - Loaded plugin power (category:power,tabindex:4)
2023-10-25 07:37:01,617 [INFO] PluginManage:310 - Check plugin projectmanager
2023-10-25 07:37:01,629 [INFO] PluginManage:359 - Loaded plugin projectmanager (category:projectmanager,tabindex:3)
2023-10-25 07:37:01,629 [INFO] PluginManage:310 - Check plugin thirdparty
2023-10-25 07:37:01,872 [INFO] PluginManage:359 - Loaded plugin thirdparty (category:base,tabindex:-1)
2023-10-25 07:37:01,872 [WARN] IntegrityCheckThread:84 - waiting for thirdparty lock release [integrity check]
2023-10-25 07:37:01,872 [INFO] PluginManage:310 - Check plugin tools
2023-10-25 07:37:01,872 [INFO] IntegrityCheckThread:86 - entering critical section [integrity check]
2023-10-25 07:37:01,872 [INFO] ThirdPartyUpdaterWithRetryManager:70 - Updater plugin not ready yet. [1/15]
2023-10-25 07:37:01,901 [INFO] PluginManage:359 - Loaded plugin tools (category:base,tabindex:7)
2023-10-25 07:37:01,901 [INFO] PluginManage:310 - Check plugin tutovideos
2023-10-25 07:37:02,109 [INFO] PluginManage:359 - Loaded plugin tutovideos (category:base,tabindex:-1)
2023-10-25 07:37:02,109 [INFO] PluginManage:310 - Check plugin updater
2023-10-25 07:37:02,119 [INFO] PluginManage:359 - Loaded plugin updater (category:base,tabindex:12)
2023-10-25 07:37:02,119 [INFO] PluginManage:310 - Check plugin userauth
2023-10-25 07:37:02,124 [INFO] UserAuth:113 - Init User Auth plugin
2023-10-25 07:37:02,124 [INFO] PluginManage:359 - Loaded plugin userauth (category:base,tabindex:14)
2023-10-25 07:37:02,124 [INFO] PluginManage:283 - PluginManage : Loaded plugins [17]
2023-10-25 07:37:02,326 [INFO] PinOutPanel:1499 - setPackage(No Configuration,No Configuration)
2023-10-25 07:37:02,422 [INFO] CADModel:165 - CPN selected for project level
2023-10-25 07:37:02,422 [INFO] CADModel:114 - Register for checkConnection events
2023-10-25 07:37:02,443 [INFO] IPUIPlugin:80 - create IPUIPlugin
2023-10-25 07:37:02,443 [INFO] PluginManager:220 - loadIPPluginJar : add adc
2023-10-25 07:37:02,469 [INFO] IPUIPlugin:80 - create IPUIPlugin
2023-10-25 07:37:02,469 [INFO] PluginManager:220 - loadIPPluginJar : add aes
2023-10-25 07:37:02,500 [INFO] IPUIPlugin:80 - create IPUIPlugin
2023-10-25 07:37:02,500 [INFO] PluginManager:220 - loadIPPluginJar : add can
2023-10-25 07:37:02,516 [INFO] IPUIPlugin:80 - create IPUIPlugin
2023-10-25 07:37:02,517 [INFO] PluginManager:220 - loadIPPluginJar : add comp
2023-10-25 07:37:02,540 [INFO] IPUIPlugin:80 - create IPUIPlugin
2023-10-25 07:37:02,541 [INFO] PluginManager:220 - loadIPPluginJar : add cryp
2023-10-25 07:37:02,562 [INFO] IPUIPlugin:80 - create IPUIPlugin
2023-10-25 07:37:02,562 [INFO] PluginManager:220 - loadIPPluginJar : add dfsdm
2023-10-25 07:37:02,574 [INFO] IPUIPlugin:80 - create IPUIPlugin
2023-10-25 07:37:02,574 [INFO] PluginManager:220 - loadIPPluginJar : add dma
2023-10-25 07:37:02,605 [INFO] IPUIPlugin:80 - create IPUIPlugin
2023-10-25 07:37:02,605 [INFO] PluginManager:220 - loadIPPluginJar : add dma3
2023-10-25 07:37:02,620 [INFO] IPUIPlugin:80 - create IPUIPlugin
2023-10-25 07:37:02,620 [INFO] PluginManager:220 - loadIPPluginJar : add fatfs
2023-10-25 07:37:02,656 [INFO] IPUIPlugin:80 - create IPUIPlugin
2023-10-25 07:37:02,656 [INFO] PluginManager:220 - loadIPPluginJar : add fmc
2023-10-25 07:37:02,667 [INFO] IPUIPlugin:80 - create IPUIPlugin
2023-10-25 07:37:02,668 [INFO] PluginManager:220 - loadIPPluginJar : add freertos
2023-10-25 07:37:02,683 [INFO] IPUIPlugin:80 - create IPUIPlugin
2023-10-25 07:37:02,683 [INFO] PluginManager:220 - loadIPPluginJar : add genericplugin
2023-10-25 07:37:02,750 [INFO] IPUIPlugin:80 - create IPUIPlugin
2023-10-25 07:37:02,750 [INFO] PluginManager:220 - loadIPPluginJar : add gfxmmu
2023-10-25 07:37:02,848 [INFO] IPUIPlugin:80 - create IPUIPlugin
2023-10-25 07:37:02,848 [INFO] PluginManager:220 - loadIPPluginJar : add gic
2023-10-25 07:37:02,858 [INFO] IPUIPlugin:80 - create IPUIPlugin
2023-10-25 07:37:02,859 [INFO] PluginManager:220 - loadIPPluginJar : add gpio
2023-10-25 07:37:02,927 [INFO] IPUIPlugin:80 - create IPUIPlugin
2023-10-25 07:37:02,927 [INFO] PluginManager:220 - loadIPPluginJar : add gtzc
2023-10-25 07:37:02,951 [INFO] IPUIPlugin:80 - create IPUIPlugin
2023-10-25 07:37:02,951 [INFO] PluginManager:220 - loadIPPluginJar : add hash
2023-10-25 07:37:02,990 [INFO] IPUIPlugin:80 - create IPUIPlugin
2023-10-25 07:37:02,991 [INFO] PluginManager:220 - loadIPPluginJar : add i2c
2023-10-25 07:37:03,019 [INFO] IPUIPlugin:80 - create IPUIPlugin
2023-10-25 07:37:03,019 [INFO] PluginManager:220 - loadIPPluginJar : add i2s
2023-10-25 07:37:03,048 [INFO] IPUIPlugin:80 - create IPUIPlugin
2023-10-25 07:37:03,048 [INFO] PluginManager:220 - loadIPPluginJar : add i3c
2023-10-25 07:37:03,127 [INFO] IPUIPlugin:80 - create IPUIPlugin
2023-10-25 07:37:03,127 [INFO] PluginManager:220 - loadIPPluginJar : add ipddr
2023-10-25 07:37:03,200 [INFO] IPUIPlugin:80 - create IPUIPlugin
2023-10-25 07:37:03,200 [INFO] PluginManager:220 - loadIPPluginJar : add linkedlist
2023-10-25 07:37:03,226 [INFO] IPUIPlugin:80 - create IPUIPlugin
2023-10-25 07:37:03,226 [INFO] PluginManager:220 - loadIPPluginJar : add lorawan
2023-10-25 07:37:03,253 [INFO] IPUIPlugin:80 - create IPUIPlugin
2023-10-25 07:37:03,253 [INFO] PluginManager:220 - loadIPPluginJar : add ltdc
2023-10-25 07:37:03,265 [INFO] IPUIPlugin:80 - create IPUIPlugin
2023-10-25 07:37:03,265 [INFO] PluginManager:220 - loadIPPluginJar : add mdma
2023-10-25 07:37:03,276 [INFO] IPUIPlugin:80 - create IPUIPlugin
2023-10-25 07:37:03,276 [INFO] PluginManager:220 - loadIPPluginJar : add nvic
2023-10-25 07:37:03,303 [INFO] IPUIPlugin:80 - create IPUIPlugin
2023-10-25 07:37:03,303 [INFO] PluginManager:220 - loadIPPluginJar : add opamp
2023-10-25 07:37:03,347 [INFO] IPUIPlugin:80 - create IPUIPlugin
2023-10-25 07:37:03,347 [INFO] PluginManager:220 - loadIPPluginJar : add openamp
2023-10-25 07:37:03,379 [INFO] IPUIPlugin:80 - create IPUIPlugin
2023-10-25 07:37:03,379 [INFO] PluginManager:220 - loadIPPluginJar : add pdm2pcm
2023-10-25 07:37:03,392 [INFO] IPUIPlugin:80 - create IPUIPlugin
2023-10-25 07:37:03,394 [INFO] PluginManager:220 - loadIPPluginJar : add plateformsettings
2023-10-25 07:37:03,410 [INFO] IPUIPlugin:80 - create IPUIPlugin
2023-10-25 07:37:03,410 [INFO] PluginManager:220 - loadIPPluginJar : add quadspi
2023-10-25 07:37:03,420 [INFO] IPUIPlugin:80 - create IPUIPlugin
2023-10-25 07:37:03,420 [INFO] PluginManager:220 - loadIPPluginJar : add resmgrutility
2023-10-25 07:37:03,459 [INFO] IPUIPlugin:80 - create IPUIPlugin
2023-10-25 07:37:03,460 [INFO] PluginManager:220 - loadIPPluginJar : add sai
2023-10-25 07:37:03,490 [INFO] IPUIPlugin:80 - create IPUIPlugin
2023-10-25 07:37:03,490 [INFO] PluginManager:220 - loadIPPluginJar : add spi
2023-10-25 07:37:03,535 [INFO] IPUIPlugin:80 - create IPUIPlugin
2023-10-25 07:37:03,535 [INFO] PluginManager:220 - loadIPPluginJar : add stm32_wpan
2023-10-25 07:37:03,552 [INFO] IPUIPlugin:80 - create IPUIPlugin
2023-10-25 07:37:03,552 [INFO] PluginManager:220 - loadIPPluginJar : add tim
2023-10-25 07:37:03,594 [INFO] IPUIPlugin:80 - create IPUIPlugin
2023-10-25 07:37:03,594 [INFO] PluginManager:220 - loadIPPluginJar : add touchsensing
2023-10-25 07:37:03,611 [INFO] IPUIPlugin:80 - create IPUIPlugin
2023-10-25 07:37:03,611 [INFO] PluginManager:220 - loadIPPluginJar : add tracer_emb
2023-10-25 07:37:03,628 [INFO] IPUIPlugin:80 - create IPUIPlugin
2023-10-25 07:37:03,628 [INFO] PluginManager:220 - loadIPPluginJar : add ts
2023-10-25 07:37:03,644 [INFO] IPUIPlugin:80 - create IPUIPlugin
2023-10-25 07:37:03,644 [INFO] PluginManager:220 - loadIPPluginJar : add tsc
2023-10-25 07:37:03,660 [INFO] IPUIPlugin:80 - create IPUIPlugin
2023-10-25 07:37:03,660 [INFO] PluginManager:220 - loadIPPluginJar : add ucpd
2023-10-25 07:37:03,692 [INFO] IPUIPlugin:80 - create IPUIPlugin
2023-10-25 07:37:03,692 [INFO] PluginManager:220 - loadIPPluginJar : add usart
2023-10-25 07:37:03,724 [INFO] IPUIPlugin:80 - create IPUIPlugin
2023-10-25 07:37:03,724 [INFO] PluginManager:220 - loadIPPluginJar : add usbx
2023-10-25 07:37:03,843 [INFO] CADModel:165 - CPN selected for project level
2023-10-25 07:37:03,843 [INFO] CADModel:114 - Register for checkConnection events
2023-10-25 07:37:03,843 [FATAL] Updater:308 - Updater called before beeing initialized
2023-10-25 07:37:03,843 [ERROR] CADModel:125 - Updater not yet initialized, retry later 
2023-10-25 07:37:03,978 [INFO] CADModel:165 - CPN selected for project level
2023-10-25 07:37:03,978 [INFO] CADModel:114 - Register for checkConnection events
2023-10-25 07:37:03,978 [FATAL] Updater:308 - Updater called before beeing initialized
2023-10-25 07:37:03,978 [ERROR] CADModel:125 - Updater not yet initialized, retry later 
2023-10-25 07:37:03,982 [FATAL] Updater:308 - Updater called before beeing initialized
2023-10-25 07:37:04,079 [FATAL] Updater:308 - Updater called before beeing initialized
2023-10-25 07:37:04,088 [INFO] DbMcusAds:53 - JSON generation date=Tue Mar 07 16:50:55 CST 2023 (1678179055114)
2023-10-25 07:37:04,088 [FATAL] Updater:308 - Updater called before beeing initialized
2023-10-25 07:37:04,126 [WARN] DetailPanel:346 - Failed to get advertising image, set to default
2023-10-25 07:37:04,217 [FATAL] Updater:308 - Updater called before beeing initialized
2023-10-25 07:37:04,219 [FATAL] Updater:308 - Updater called before beeing initialized
2023-10-25 07:37:04,219 [FATAL] Updater:308 - Updater called before beeing initialized
2023-10-25 07:37:04,219 [WARN] DetailPanel:346 - Failed to get advertising image, set to default
2023-10-25 07:37:04,220 [FATAL] Updater:308 - Updater called before beeing initialized
2023-10-25 07:37:04,280 [ERROR] Updater:1120 - MainUpdater not yet initialized. External WinMGr cannot be set.
2023-10-25 07:37:04,288 [INFO] Updater:1056 - Updater Version found : 6.9.2
2023-10-25 07:37:04,320 [INFO] ApplicationProperties:184 - Using Application install path: C:\ST\STM32CubeIDE_1.13.2\STM32CubeIDE\plugins\com.st.stm32cube.common.mx_6.9.2.202309101412
2023-10-25 07:37:04,873 [INFO] ThirdPartyUpdaterWithRetryManager:70 - Updater plugin not ready yet. [2/15]
2023-10-25 07:37:05,016 [INFO] MainUpdater:2868 - connection check result : 10
2023-10-25 07:37:05,017 [INFO] MainUpdater:285 - Updater Check For Update Now.
2023-10-25 07:37:05,017 [INFO] MicroXplorer:498 - Change Database Version : DB.6.0.92
2023-10-25 07:37:05,037 [INFO] McuFinderGlobals:63 - Set McuFinder mode to 2 (CubeIDE integrated)
2023-10-25 07:37:05,037 [INFO] UserAuth:179 - activating auth plugin
2023-10-25 07:37:05,040 [INFO] UserAuth:393 - Internet connection configuration mode: 1
2023-10-25 07:37:05,076 [INFO] JxBrowserEngine:151 - Initiate JxBrowser Engine with user profile folder
2023-10-25 07:37:05,215 [INFO] CheckServerUpdateThread:120 - End of CheckServer Thread
2023-10-25 07:37:06,713 [INFO] WebApp:157 - Instantiating new browser for Auth
2023-10-25 07:37:07,393 [INFO] WebApp:753 - Register for checkConnection events
2023-10-25 07:37:07,393 [INFO] WebApp:390 - Apply proxy settings
2023-10-25 07:37:07,393 [INFO] WebApp:475 - Chromium requires no authentication
2023-10-25 07:37:07,400 [INFO] WebApp:418 - Direct internet connection detected
2023-10-25 07:37:07,561 [INFO] WebApp:188 - Starting web application
2023-10-25 07:37:07,561 [INFO] WebApp:520 - Web application path used C:\ST\STM32CubeIDE_1.13.2\STM32CubeIDE\plugins\com.st.stm32cube.common.mx_6.9.2.202309101412\db\plugins\mcufinder\reactClient1\index.html
2023-10-25 07:37:08,042 [WARN] PackLoader:240 - Cannot read IP mode file for STMicroelectronics.X-CUBE-SMBUS.2.1.0
2023-10-25 07:37:08,081 [WARN] PackLoader:240 - Cannot read IP mode file for STMicroelectronics.X-CUBE-AZRTOS-F7.1.1.0
2023-10-25 07:37:08,096 [WARN] PackLoader:240 - Cannot read IP mode file for STMicroelectronics.FP-SNS-MOTENV1.4.3.2
2023-10-25 07:37:08,107 [WARN] PackLoader:240 - Cannot read IP mode file for STMicroelectronics.FP-SNS-FLIGHT1.5.0.2
2023-10-25 07:37:08,122 [WARN] PackLoader:240 - Cannot read IP mode file for STMicroelectronics.X-CUBE-DISPLAY.3.0.0
2023-10-25 07:37:08,141 [WARN] PackLoader:240 - Cannot read IP mode file for STMicroelectronics.X-CUBE-BLE1.7.0.0
2023-10-25 07:37:08,153 [WARN] PackLoader:240 - Cannot read IP mode file for emotas.I-CUBE-CANOPEN.1.3.0
2023-10-25 07:37:08,164 [WARN] PackLoader:240 - Cannot read IP mode file for STMicroelectronics.X-CUBE-TOUCHGFX.4.22.1
2023-10-25 07:37:08,173 [WARN] PackLoader:240 - Cannot read IP mode file for STMicroelectronics.FP-SNS-SMARTAG2.1.2.0
2023-10-25 07:37:08,192 [INFO] LogOutputStream:77 - [STDOUT_REDIRECT] 1 : Invalid condition id : UX_CORESTACK_Condition cause : null
2023-10-25 07:37:08,193 [INFO] LogOutputStream:77 - [STDOUT_REDIRECT] 1 : Invalid condition id : UX_CORESTACK_Condition cause : null
2023-10-25 07:37:08,194 [INFO] LogOutputStream:77 - [STDOUT_REDIRECT] 1 : Invalid condition id : UX_CORESTACK_Condition cause : null
2023-10-25 07:37:08,195 [INFO] LogOutputStream:77 - [STDOUT_REDIRECT] 1 : Invalid condition id : UX_CORESTACK_Condition cause : null
2023-10-25 07:37:08,196 [INFO] LogOutputStream:77 - [STDOUT_REDIRECT] 1 : Invalid condition id : UX_CORESTACK_Condition cause : null
2023-10-25 07:37:08,199 [WARN] PackLoader:240 - Cannot read IP mode file for STMicroelectronics.X-CUBE-AZRTOS-WL.2.0.0
2023-10-25 07:37:08,212 [WARN] PackLoader:240 - Cannot read IP mode file for WES.I-CUBE-Cesium.1.3.0
2023-10-25 07:37:08,223 [WARN] PackLoader:240 - Cannot read IP mode file for STMicroelectronics.X-CUBE-BLE2.3.3.0
2023-10-25 07:37:08,234 [WARN] PackLoader:240 - Cannot read IP mode file for STMicroelectronics.X-CUBE-ALGOBUILD.1.3.0
2023-10-25 07:37:08,257 [WARN] PackLoader:240 - Cannot read IP mode file for STMicroelectronics.X-CUBE-AZRTOS-G0.1.1.0
2023-10-25 07:37:08,269 [WARN] PackLoader:240 - Cannot read IP mode file for STMicroelectronics.X-CUBE-NFC4.3.0.0
2023-10-25 07:37:08,279 [WARN] PackLoader:240 - Cannot read IP mode file for STMicroelectronics.FP-ATR-SIGFOX1.3.2.0
2023-10-25 07:37:08,335 [WARN] PackLoader:240 - Cannot read IP mode file for SEGGER.I-CUBE-embOS.1.3.1
2023-10-25 07:37:08,401 [WARN] PackLoader:240 - Cannot read IP mode file for STMicroelectronics.X-CUBE-GNSS1.6.0.0
2023-10-25 07:37:08,447 [WARN] PackLoader:240 - Cannot read IP mode file for STMicroelectronics.X-CUBE-AZRTOS-F4.1.1.0
2023-10-25 07:37:08,462 [WARN] PackLoader:240 - Cannot read IP mode file for wolfSSL.I-CUBE-wolfSSL.5.6.3
2023-10-25 07:37:08,491 [WARN] PackLoader:240 - Cannot read IP mode file for STMicroelectronics.X-CUBE-AZRTOS-L5.2.0.0
2023-10-25 07:37:08,504 [WARN] PackLoader:240 - Cannot read IP mode file for ITTIA_DB.I-CUBE-ITTIADB.8.8.0
2023-10-25 07:37:08,517 [WARN] PackLoader:240 - Cannot read IP mode file for STMicroelectronics.X-CUBE-BLEMGR.2.0.0
2023-10-25 07:37:08,544 [WARN] ConditionMgr:438 - getConditionDescription Invalid condition id : UX DEVICE CLASS RTOS Condition cause : null
2023-10-25 07:37:08,544 [WARN] ConditionMgr:438 - getConditionDescription Invalid condition id : UX DEVICE CLASS RTOS Condition cause : null
2023-10-25 07:37:08,547 [WARN] PackLoader:240 - Cannot read IP mode file for STMicroelectronics.X-CUBE-AZRTOS-H7.3.1.0
2023-10-25 07:37:08,548 [WARN] ConditionMgr:1039 - genDependencies : Invalid condition id : UX DEVICE CLASS RTOS Condition cause : null
2023-10-25 07:37:08,549 [WARN] ConditionMgr:1039 - genDependencies : Invalid condition id : UX DEVICE CLASS RTOS Condition cause : null
2023-10-25 07:37:08,549 [WARN] ConditionMgr:1039 - genDependencies : Invalid condition id : UX DEVICE CLASS RTOS Condition cause : null
2023-10-25 07:37:08,550 [WARN] ConditionMgr:1039 - genDependencies : Invalid condition id : UX DEVICE CLASS RTOS Condition cause : null
2023-10-25 07:37:08,550 [WARN] ConditionMgr:1039 - genDependencies : Invalid condition id : UX DEVICE CLASS RTOS Condition cause : null
2023-10-25 07:37:08,562 [WARN] PackLoader:240 - Cannot read IP mode file for STMicroelectronics.X-CUBE-NFC7.1.0.1
2023-10-25 07:37:08,580 [WARN] PackLoader:240 - Cannot read IP mode file for STMicroelectronics.X-CUBE-NFC6.3.0.0
2023-10-25 07:37:08,591 [WARN] PackLoader:240 - Cannot read IP mode file for STMicroelectronics.X-CUBE-EEPRMA1.4.1.0
2023-10-25 07:37:08,601 [WARN] PackLoader:240 - Cannot read IP mode file for STMicroelectronics.X-CUBE-AI.8.1.0
2023-10-25 07:37:08,626 [WARN] ConditionMgr:438 - getConditionDescription Invalid condition id : LAN8742 Phy interface Condition cause : null
2023-10-25 07:37:08,626 [WARN] PackLoader:240 - Cannot read IP mode file for STMicroelectronics.X-CUBE-AZRTOS-L4.2.0.0
2023-10-25 07:37:08,627 [WARN] ConditionMgr:1039 - genDependencies : Invalid condition id : LAN8742 Phy interface Condition cause : null
2023-10-25 07:37:08,631 [WARN] ConditionMgr:1039 - genDependencies : Invalid condition id : LAN8742 Phy interface Condition cause : null
2023-10-25 07:37:08,632 [WARN] ConditionMgr:1039 - genDependencies : Invalid condition id : LAN8742 Phy interface Condition cause : null
2023-10-25 07:37:08,644 [WARN] PackLoader:240 - Cannot read IP mode file for STMicroelectronics.X-CUBE-SFXS2LP1.4.0.0
2023-10-25 07:37:08,654 [WARN] PackLoader:240 - Cannot read IP mode file for STMicroelectronics.X-CUBE-ISPU.1.1.0
2023-10-25 07:37:08,673 [WARN] ConditionMgr:438 - getConditionDescription Invalid condition id : UX DEVICE CLASS RTOS Condition cause : null
2023-10-25 07:37:08,673 [WARN] ConditionMgr:438 - getConditionDescription Invalid condition id : UX DEVICE CLASS RTOS Condition cause : null
2023-10-25 07:37:08,675 [WARN] PackLoader:240 - Cannot read IP mode file for STMicroelectronics.X-CUBE-AZRTOS-WB.2.0.0
2023-10-25 07:37:08,675 [WARN] ConditionMgr:1039 - genDependencies : Invalid condition id : UX DEVICE CLASS RTOS Condition cause : null
2023-10-25 07:37:08,675 [WARN] ConditionMgr:1039 - genDependencies : Invalid condition id : UX DEVICE CLASS RTOS Condition cause : null
2023-10-25 07:37:08,676 [WARN] ConditionMgr:1039 - genDependencies : Invalid condition id : UX DEVICE CLASS RTOS Condition cause : null
2023-10-25 07:37:08,676 [WARN] ConditionMgr:1039 - genDependencies : Invalid condition id : UX DEVICE CLASS RTOS Condition cause : null
2023-10-25 07:37:08,676 [WARN] ConditionMgr:1039 - genDependencies : Invalid condition id : UX DEVICE CLASS RTOS Condition cause : null
2023-10-25 07:37:08,695 [WARN] PackLoader:240 - Cannot read IP mode file for STMicroelectronics.X-CUBE-SUBG2.5.0.0
2023-10-25 07:37:08,716 [WARN] PackLoader:240 - Cannot read IP mode file for STMicroelectronics.X-CUBE-TOF1.3.3.1
2023-10-25 07:37:08,744 [WARN] PackLoader:240 - Cannot read IP mode file for STMicroelectronics.X-CUBE-AZRTOS-G4.2.0.0
2023-10-25 07:37:08,764 [WARN] PackLoader:240 - Cannot read IP mode file for Infineon.AIROC-Wi-Fi-Bluetooth-STM32.1.5.1
2023-10-25 07:37:08,779 [WARN] PackLoader:240 - Cannot read IP mode file for STMicroelectronics.X-CUBE-FREERTOS.1.1.0
2023-10-25 07:37:08,789 [WARN] PackLoader:240 - Cannot read IP mode file for portGmbH.I-Cube-SoM-uGOAL.1.1.0
2023-10-25 07:37:08,798 [WARN] PackLoader:240 - Cannot read IP mode file for STMicroelectronics.X-CUBE-ALS.1.0.1
2023-10-25 07:37:08,807 [WARN] PackLoader:240 - Cannot read IP mode file for STMicroelectronics.FP-ATR-ASTRA1.2.0.0
2023-10-25 07:37:08,808 [INFO] ThirdParty:978 - Integrity check success = true
2023-10-25 07:37:08,808 [INFO] IntegrityCheckThread:100 - exiting critical section [integrity check]
2023-10-25 07:37:08,808 [INFO] IntegrityCheckThread:103 - End integrity checks thread
2023-10-25 07:37:28,381 [ERROR] LogOutputStream:75 - [STDERR_REDIRECT] SLF4J: Failed to load class "org.slf4j.impl.StaticLoggerBinder".
2023-10-25 07:37:28,382 [ERROR] LogOutputStream:75 - [STDERR_REDIRECT] SLF4J: Defaulting to no-operation (NOP) logger implementation
2023-10-25 07:37:28,383 [ERROR] LogOutputStream:75 - [STDERR_REDIRECT] SLF4J: See http://www.slf4j.org/codes.html#StaticLoggerBinder for further details.
2023-10-25 08:03:08,626 [ERROR] LogOutputStream:75 - [STDERR_REDIRECT] 
