2023-11-13 00:00:02,209 [ERROR] LogOutputStream:75 - [STDERR_REDIRECT] 
2023-11-13 22:21:40,722 [INFO] Activator:176 - 


2023-11-13 22:21:40,724 [INFO] Activator:177 - !SESSION log4j initialized
2023-11-13 22:21:47,022 [INFO] LogOutputStream:77 - [STDOUT_REDIRECT] 
2023-11-13 22:22:01,872 [INFO] ApplicationProperties:184 - Using Application install path: C:\ST\STM32CubeIDE_1.13.2\STM32CubeIDE\plugins\com.st.stm32cube.common.mx_6.9.2.202309101412
2023-11-13 22:22:01,891 [INFO] DbMcusXml:78 - Set database path to: C:\ST\STM32CubeIDE_1.13.2\STM32CubeIDE\plugins\com.st.stm32cube.common.mx_6.9.2.202309101412\\db\/mcu/
2023-11-13 22:22:01,892 [INFO] ApiDb:274 - Set plugin database path to: C:\ST\STM32CubeIDE_1.13.2\STM32CubeIDE\plugins\com.st.stm32cube.common.mx_6.9.2.202309101412\\db\/plugins/boardmanager/
2023-11-13 22:22:01,892 [WARN] ApiDb:259 - Overriding images path with different value:  => C:\ST\STM32CubeIDE_1.13.2\STM32CubeIDE\plugins\com.st.stm32cube.common.mx_6.9.2.202309101412\\db\/plugins/mcufinder/images/
2023-11-13 22:22:01,912 [INFO] ApiDb:250 - Set database path to: C:\Users\wjunh\.stmcufinder\plugins\mcufinder//mcu/
2023-11-13 22:22:01,913 [INFO] DbMcusAds:125 - Set database path to: C:\Users\wjunh\.stmcufinder\plugins\mcufinder//mcu/
2023-11-13 22:22:01,919 [INFO] CrossReferenceDbSqlite:203 - Set database path to: C:\Users\wjunh\.stmcufinder\plugins\mcufinder//mcu/cs/
2023-11-13 22:22:02,036 [INFO] RulesReader:64 - Compatibility file has been processed (293 Rules)
2023-11-13 22:22:02,115 [INFO] DbMcusXml:78 - Set database path to: C:\ST\STM32CubeIDE_1.13.2\STM32CubeIDE\plugins\com.st.stm32cube.common.mx_6.9.2.202309101412\\db\/mcu/
2023-11-13 22:22:02,115 [INFO] ApiDb:274 - Set plugin database path to: C:\ST\STM32CubeIDE_1.13.2\STM32CubeIDE\plugins\com.st.stm32cube.common.mx_6.9.2.202309101412\\db\/plugins/boardmanager/
2023-11-13 22:22:02,115 [INFO] ApiDb:261 - Set plugin images path to: C:\ST\STM32CubeIDE_1.13.2\STM32CubeIDE\plugins\com.st.stm32cube.common.mx_6.9.2.202309101412\\db\/plugins/mcufinder/images/
2023-11-13 22:22:02,115 [WARN] DbFile:41 - Overriding database path with different value: C:\Users\wjunh\.stmcufinder\plugins\mcufinder/ => C:\Users\wjunh\.stmcufinder\plugins\mcufinder
2023-11-13 22:22:02,116 [INFO] ApiDb:250 - Set database path to: C:\Users\wjunh\.stmcufinder\plugins\mcufinder//mcu/
2023-11-13 22:22:02,116 [WARN] DbFile:41 - Overriding database path with different value: C:\Users\wjunh\.stmcufinder\plugins\mcufinder/ => C:\Users\wjunh\.stmcufinder\plugins\mcufinder
2023-11-13 22:22:02,116 [INFO] DbMcusAds:125 - Set database path to: C:\Users\wjunh\.stmcufinder\plugins\mcufinder//mcu/
2023-11-13 22:22:02,116 [WARN] DbFile:41 - Overriding database path with different value: C:\Users\wjunh\.stmcufinder\plugins\mcufinder/ => C:\Users\wjunh\.stmcufinder\plugins\mcufinder
2023-11-13 22:22:02,116 [WARN] DbFile:41 - Overriding database path with different value: C:\Users\wjunh\.stmcufinder\plugins\mcufinder/ => C:\Users\wjunh\.stmcufinder\plugins\mcufinder
2023-11-13 22:22:02,116 [INFO] CrossReferenceDbSqlite:203 - Set database path to: C:\Users\wjunh\.stmcufinder\plugins\mcufinder//mcu/cs/
2023-11-13 22:22:02,201 [INFO] MainPanel:262 - HeapMemory: 268435456
2023-11-13 22:22:02,292 [INFO] DbMcusXml:78 - Set database path to: C:\ST\STM32CubeIDE_1.13.2\STM32CubeIDE\plugins\com.st.stm32cube.common.mx_6.9.2.202309101412\\db\/mcu/
2023-11-13 22:22:02,292 [INFO] ApiDb:274 - Set plugin database path to: C:\ST\STM32CubeIDE_1.13.2\STM32CubeIDE\plugins\com.st.stm32cube.common.mx_6.9.2.202309101412\\db\/plugins/boardmanager/
2023-11-13 22:22:02,292 [INFO] ApiDb:261 - Set plugin images path to: C:\ST\STM32CubeIDE_1.13.2\STM32CubeIDE\plugins\com.st.stm32cube.common.mx_6.9.2.202309101412\\db\/plugins/mcufinder/images/
2023-11-13 22:22:02,292 [WARN] DbFile:41 - Overriding database path with different value: C:\Users\wjunh\.stmcufinder\plugins\mcufinder/ => C:\Users\wjunh\.stmcufinder\plugins\mcufinder
2023-11-13 22:22:02,293 [INFO] ApiDb:250 - Set database path to: C:\Users\wjunh\.stmcufinder\plugins\mcufinder//mcu/
2023-11-13 22:22:02,293 [WARN] DbFile:41 - Overriding database path with different value: C:\Users\wjunh\.stmcufinder\plugins\mcufinder/ => C:\Users\wjunh\.stmcufinder\plugins\mcufinder
2023-11-13 22:22:02,293 [INFO] DbMcusAds:125 - Set database path to: C:\Users\wjunh\.stmcufinder\plugins\mcufinder//mcu/
2023-11-13 22:22:02,293 [WARN] DbFile:41 - Overriding database path with different value: C:\Users\wjunh\.stmcufinder\plugins\mcufinder/ => C:\Users\wjunh\.stmcufinder\plugins\mcufinder
2023-11-13 22:22:02,293 [WARN] DbFile:41 - Overriding database path with different value: C:\Users\wjunh\.stmcufinder\plugins\mcufinder/ => C:\Users\wjunh\.stmcufinder\plugins\mcufinder
2023-11-13 22:22:02,293 [INFO] CrossReferenceDbSqlite:203 - Set database path to: C:\Users\wjunh\.stmcufinder\plugins\mcufinder//mcu/cs/
2023-11-13 22:22:02,311 [INFO] ApplicationProperties:184 - Using Application install path: C:\ST\STM32CubeIDE_1.13.2\STM32CubeIDE\plugins\com.st.stm32cube.common.mx_6.9.2.202309101412
2023-11-13 22:22:02,312 [INFO] PluginManage:196 - Search for loadable plugins [exclusion list=, ]
2023-11-13 22:22:02,314 [INFO] PluginManage:310 - Check plugin analytics
2023-11-13 22:22:07,023 [INFO] AnalyticsPlugin:253 - Accepted Software Licenses: 
2023-11-13 22:22:07,023 [INFO] AnalyticsPlugin:255 - Accepted CMSIS Pack Licenses: 
2023-11-13 22:22:07,023 [INFO] AnalyticsPlugin:257 - Accepted Firmware Licenses: 
2023-11-13 22:22:07,026 [INFO] PluginManage:359 - Loaded plugin analytics (category:tool,tabindex:-1)
2023-11-13 22:22:07,027 [INFO] PluginManage:310 - Check plugin cadmodel
2023-11-13 22:22:07,041 [INFO] CADModel:105 - Init CAD model plugin
2023-11-13 22:22:07,041 [INFO] PluginManage:359 - Loaded plugin cadmodel (category:power,tabindex:5)
2023-11-13 22:22:07,041 [INFO] PluginManage:310 - Check plugin clock
2023-11-13 22:22:07,062 [INFO] PluginManage:359 - Loaded plugin clock (category:base,tabindex:2)
2023-11-13 22:22:07,062 [INFO] PluginManage:310 - Check plugin ddr
2023-11-13 22:22:07,065 [INFO] PluginManage:359 - Loaded plugin ddr (category:tool,tabindex:6)
2023-11-13 22:22:07,065 [INFO] PluginManage:310 - Check plugin filemanager
2023-11-13 22:22:07,202 [INFO] PluginManage:359 - Loaded plugin filemanager (category:base,tabindex:10)
2023-11-13 22:22:07,202 [INFO] PluginManage:310 - Check plugin ipmanager
2023-11-13 22:22:07,209 [INFO] PluginManage:359 - Loaded plugin ipmanager (category:base,tabindex:5)
2023-11-13 22:22:07,209 [INFO] PluginManage:310 - Check plugin lpbam
2023-11-13 22:22:07,223 [INFO] PluginManage:359 - Loaded plugin lpbam (category:base,tabindex:0)
2023-11-13 22:22:07,223 [INFO] PluginManage:310 - Check plugin memorymap
2023-11-13 22:22:07,242 [INFO] PluginManage:359 - Loaded plugin memorymap (category:base,tabindex:4)
2023-11-13 22:22:07,242 [INFO] PluginManage:310 - Check plugin pinoutandconfiguration
2023-11-13 22:22:07,256 [INFO] PluginManage:359 - Loaded plugin pinoutandconfiguration (category:base,tabindex:1)
2023-11-13 22:22:07,256 [INFO] PluginManage:310 - Check plugin pinoutconfig
2023-11-13 22:22:07,348 [WARN] SupportedApi:132 - Cannot load RTOS API schema: s4s-elt-must-match.1: The content of 'definitions' must match (annotation?, (simpleType | complexType)?, (unique | key | keyref)*)). A problem was found starting at: attribute.
2023-11-13 22:22:07,515 [INFO] PluginManage:359 - Loaded plugin pinoutconfig (category:base,tabindex:0)
2023-11-13 22:22:07,516 [INFO] PluginManage:310 - Check plugin power
2023-11-13 22:22:07,534 [INFO] PluginManage:359 - Loaded plugin power (category:power,tabindex:4)
2023-11-13 22:22:07,534 [INFO] PluginManage:310 - Check plugin projectmanager
2023-11-13 22:22:07,555 [INFO] PluginManage:359 - Loaded plugin projectmanager (category:projectmanager,tabindex:3)
2023-11-13 22:22:07,555 [INFO] PluginManage:310 - Check plugin thirdparty
2023-11-13 22:22:07,826 [INFO] PluginManage:359 - Loaded plugin thirdparty (category:base,tabindex:-1)
2023-11-13 22:22:07,826 [INFO] PluginManage:310 - Check plugin tools
2023-11-13 22:22:07,826 [WARN] IntegrityCheckThread:84 - waiting for thirdparty lock release [integrity check]
2023-11-13 22:22:07,826 [INFO] IntegrityCheckThread:86 - entering critical section [integrity check]
2023-11-13 22:22:07,827 [INFO] ThirdPartyUpdaterWithRetryManager:70 - Updater plugin not ready yet. [1/15]
2023-11-13 22:22:07,859 [INFO] PluginManage:359 - Loaded plugin tools (category:base,tabindex:7)
2023-11-13 22:22:07,859 [INFO] PluginManage:310 - Check plugin tutovideos
2023-11-13 22:22:08,067 [INFO] PluginManage:359 - Loaded plugin tutovideos (category:base,tabindex:-1)
2023-11-13 22:22:08,067 [INFO] PluginManage:310 - Check plugin updater
2023-11-13 22:22:08,079 [INFO] PluginManage:359 - Loaded plugin updater (category:base,tabindex:12)
2023-11-13 22:22:08,079 [INFO] PluginManage:310 - Check plugin userauth
2023-11-13 22:22:08,084 [INFO] UserAuth:113 - Init User Auth plugin
2023-11-13 22:22:08,084 [INFO] PluginManage:359 - Loaded plugin userauth (category:base,tabindex:14)
2023-11-13 22:22:08,084 [INFO] PluginManage:283 - PluginManage : Loaded plugins [17]
2023-11-13 22:22:08,290 [INFO] PinOutPanel:1499 - setPackage(No Configuration,No Configuration)
2023-11-13 22:22:08,398 [INFO] CADModel:165 - CPN selected for project level
2023-11-13 22:22:08,398 [INFO] CADModel:114 - Register for checkConnection events
2023-11-13 22:22:08,420 [INFO] IPUIPlugin:80 - create IPUIPlugin
2023-11-13 22:22:08,420 [INFO] PluginManager:220 - loadIPPluginJar : add adc
2023-11-13 22:22:08,450 [INFO] IPUIPlugin:80 - create IPUIPlugin
2023-11-13 22:22:08,450 [INFO] PluginManager:220 - loadIPPluginJar : add aes
2023-11-13 22:22:08,485 [INFO] IPUIPlugin:80 - create IPUIPlugin
2023-11-13 22:22:08,485 [INFO] PluginManager:220 - loadIPPluginJar : add can
2023-11-13 22:22:08,504 [INFO] IPUIPlugin:80 - create IPUIPlugin
2023-11-13 22:22:08,504 [INFO] PluginManager:220 - loadIPPluginJar : add comp
2023-11-13 22:22:08,531 [INFO] IPUIPlugin:80 - create IPUIPlugin
2023-11-13 22:22:08,531 [INFO] PluginManager:220 - loadIPPluginJar : add cryp
2023-11-13 22:22:08,556 [INFO] IPUIPlugin:80 - create IPUIPlugin
2023-11-13 22:22:08,556 [INFO] PluginManager:220 - loadIPPluginJar : add dfsdm
2023-11-13 22:22:08,568 [INFO] IPUIPlugin:80 - create IPUIPlugin
2023-11-13 22:22:08,569 [INFO] PluginManager:220 - loadIPPluginJar : add dma
2023-11-13 22:22:08,604 [INFO] IPUIPlugin:80 - create IPUIPlugin
2023-11-13 22:22:08,605 [INFO] PluginManager:220 - loadIPPluginJar : add dma3
2023-11-13 22:22:08,621 [INFO] IPUIPlugin:80 - create IPUIPlugin
2023-11-13 22:22:08,621 [INFO] PluginManager:220 - loadIPPluginJar : add fatfs
2023-11-13 22:22:08,659 [INFO] IPUIPlugin:80 - create IPUIPlugin
2023-11-13 22:22:08,660 [INFO] PluginManager:220 - loadIPPluginJar : add fmc
2023-11-13 22:22:08,672 [INFO] IPUIPlugin:80 - create IPUIPlugin
2023-11-13 22:22:08,672 [INFO] PluginManager:220 - loadIPPluginJar : add freertos
2023-11-13 22:22:08,688 [INFO] IPUIPlugin:80 - create IPUIPlugin
2023-11-13 22:22:08,688 [INFO] PluginManager:220 - loadIPPluginJar : add genericplugin
2023-11-13 22:22:08,763 [INFO] IPUIPlugin:80 - create IPUIPlugin
2023-11-13 22:22:08,763 [INFO] PluginManager:220 - loadIPPluginJar : add gfxmmu
2023-11-13 22:22:08,870 [INFO] IPUIPlugin:80 - create IPUIPlugin
2023-11-13 22:22:08,870 [INFO] PluginManager:220 - loadIPPluginJar : add gic
2023-11-13 22:22:08,880 [INFO] IPUIPlugin:80 - create IPUIPlugin
2023-11-13 22:22:08,881 [INFO] PluginManager:220 - loadIPPluginJar : add gpio
2023-11-13 22:22:08,956 [INFO] IPUIPlugin:80 - create IPUIPlugin
2023-11-13 22:22:08,956 [INFO] PluginManager:220 - loadIPPluginJar : add gtzc
2023-11-13 22:22:08,982 [INFO] IPUIPlugin:80 - create IPUIPlugin
2023-11-13 22:22:08,982 [INFO] PluginManager:220 - loadIPPluginJar : add hash
2023-11-13 22:22:09,024 [INFO] IPUIPlugin:80 - create IPUIPlugin
2023-11-13 22:22:09,024 [INFO] PluginManager:220 - loadIPPluginJar : add i2c
2023-11-13 22:22:09,056 [INFO] IPUIPlugin:80 - create IPUIPlugin
2023-11-13 22:22:09,056 [INFO] PluginManager:220 - loadIPPluginJar : add i2s
2023-11-13 22:22:09,089 [INFO] IPUIPlugin:80 - create IPUIPlugin
2023-11-13 22:22:09,089 [INFO] PluginManager:220 - loadIPPluginJar : add i3c
2023-11-13 22:22:09,176 [INFO] IPUIPlugin:80 - create IPUIPlugin
2023-11-13 22:22:09,176 [INFO] PluginManager:220 - loadIPPluginJar : add ipddr
2023-11-13 22:22:09,253 [INFO] IPUIPlugin:80 - create IPUIPlugin
2023-11-13 22:22:09,253 [INFO] PluginManager:220 - loadIPPluginJar : add linkedlist
2023-11-13 22:22:09,283 [INFO] IPUIPlugin:80 - create IPUIPlugin
2023-11-13 22:22:09,283 [INFO] PluginManager:220 - loadIPPluginJar : add lorawan
2023-11-13 22:22:09,314 [INFO] IPUIPlugin:80 - create IPUIPlugin
2023-11-13 22:22:09,314 [INFO] PluginManager:220 - loadIPPluginJar : add ltdc
2023-11-13 22:22:09,326 [INFO] IPUIPlugin:80 - create IPUIPlugin
2023-11-13 22:22:09,326 [INFO] PluginManager:220 - loadIPPluginJar : add mdma
2023-11-13 22:22:09,337 [INFO] IPUIPlugin:80 - create IPUIPlugin
2023-11-13 22:22:09,337 [INFO] PluginManager:220 - loadIPPluginJar : add nvic
2023-11-13 22:22:09,367 [INFO] IPUIPlugin:80 - create IPUIPlugin
2023-11-13 22:22:09,367 [INFO] PluginManager:220 - loadIPPluginJar : add opamp
2023-11-13 22:22:09,416 [INFO] IPUIPlugin:80 - create IPUIPlugin
2023-11-13 22:22:09,416 [INFO] PluginManager:220 - loadIPPluginJar : add openamp
2023-11-13 22:22:09,454 [INFO] IPUIPlugin:80 - create IPUIPlugin
2023-11-13 22:22:09,454 [INFO] PluginManager:220 - loadIPPluginJar : add pdm2pcm
2023-11-13 22:22:09,466 [INFO] IPUIPlugin:80 - create IPUIPlugin
2023-11-13 22:22:09,468 [INFO] PluginManager:220 - loadIPPluginJar : add plateformsettings
2023-11-13 22:22:09,487 [INFO] IPUIPlugin:80 - create IPUIPlugin
2023-11-13 22:22:09,487 [INFO] PluginManager:220 - loadIPPluginJar : add quadspi
2023-11-13 22:22:09,498 [INFO] IPUIPlugin:80 - create IPUIPlugin
2023-11-13 22:22:09,498 [INFO] PluginManager:220 - loadIPPluginJar : add resmgrutility
2023-11-13 22:22:09,542 [INFO] IPUIPlugin:80 - create IPUIPlugin
2023-11-13 22:22:09,542 [INFO] PluginManager:220 - loadIPPluginJar : add sai
2023-11-13 22:22:09,572 [INFO] IPUIPlugin:80 - create IPUIPlugin
2023-11-13 22:22:09,572 [INFO] PluginManager:220 - loadIPPluginJar : add spi
2023-11-13 22:22:09,620 [INFO] IPUIPlugin:80 - create IPUIPlugin
2023-11-13 22:22:09,620 [INFO] PluginManager:220 - loadIPPluginJar : add stm32_wpan
2023-11-13 22:22:09,640 [INFO] IPUIPlugin:80 - create IPUIPlugin
2023-11-13 22:22:09,640 [INFO] PluginManager:220 - loadIPPluginJar : add tim
2023-11-13 22:22:09,693 [INFO] IPUIPlugin:80 - create IPUIPlugin
2023-11-13 22:22:09,693 [INFO] PluginManager:220 - loadIPPluginJar : add touchsensing
2023-11-13 22:22:09,715 [INFO] IPUIPlugin:80 - create IPUIPlugin
2023-11-13 22:22:09,715 [INFO] PluginManager:220 - loadIPPluginJar : add tracer_emb
2023-11-13 22:22:09,734 [INFO] IPUIPlugin:80 - create IPUIPlugin
2023-11-13 22:22:09,735 [INFO] PluginManager:220 - loadIPPluginJar : add ts
2023-11-13 22:22:09,753 [INFO] IPUIPlugin:80 - create IPUIPlugin
2023-11-13 22:22:09,753 [INFO] PluginManager:220 - loadIPPluginJar : add tsc
2023-11-13 22:22:09,771 [INFO] IPUIPlugin:80 - create IPUIPlugin
2023-11-13 22:22:09,771 [INFO] PluginManager:220 - loadIPPluginJar : add ucpd
2023-11-13 22:22:09,807 [INFO] IPUIPlugin:80 - create IPUIPlugin
2023-11-13 22:22:09,807 [INFO] PluginManager:220 - loadIPPluginJar : add usart
2023-11-13 22:22:09,843 [INFO] IPUIPlugin:80 - create IPUIPlugin
2023-11-13 22:22:09,843 [INFO] PluginManager:220 - loadIPPluginJar : add usbx
2023-11-13 22:22:09,965 [INFO] CADModel:165 - CPN selected for project level
2023-11-13 22:22:09,965 [INFO] CADModel:114 - Register for checkConnection events
2023-11-13 22:22:09,965 [FATAL] Updater:308 - Updater called before beeing initialized
2023-11-13 22:22:09,965 [ERROR] CADModel:125 - Updater not yet initialized, retry later 
2023-11-13 22:22:10,105 [INFO] CADModel:165 - CPN selected for project level
2023-11-13 22:22:10,105 [INFO] CADModel:114 - Register for checkConnection events
2023-11-13 22:22:10,105 [FATAL] Updater:308 - Updater called before beeing initialized
2023-11-13 22:22:10,105 [ERROR] CADModel:125 - Updater not yet initialized, retry later 
2023-11-13 22:22:10,108 [FATAL] Updater:308 - Updater called before beeing initialized
2023-11-13 22:22:10,212 [FATAL] Updater:308 - Updater called before beeing initialized
2023-11-13 22:22:10,223 [INFO] DbMcusAds:53 - JSON generation date=Tue Mar 07 16:50:55 CST 2023 (1678179055335)
2023-11-13 22:22:10,223 [FATAL] Updater:308 - Updater called before beeing initialized
2023-11-13 22:22:10,261 [WARN] DetailPanel:346 - Failed to get advertising image, set to default
2023-11-13 22:22:10,350 [FATAL] Updater:308 - Updater called before beeing initialized
2023-11-13 22:22:10,352 [FATAL] Updater:308 - Updater called before beeing initialized
2023-11-13 22:22:10,352 [FATAL] Updater:308 - Updater called before beeing initialized
2023-11-13 22:22:10,353 [WARN] DetailPanel:346 - Failed to get advertising image, set to default
2023-11-13 22:22:10,353 [FATAL] Updater:308 - Updater called before beeing initialized
2023-11-13 22:22:10,410 [ERROR] Updater:1120 - MainUpdater not yet initialized. External WinMGr cannot be set.
2023-11-13 22:22:10,419 [INFO] Updater:1056 - Updater Version found : 6.9.2
2023-11-13 22:22:10,436 [INFO] ApplicationProperties:184 - Using Application install path: C:\ST\STM32CubeIDE_1.13.2\STM32CubeIDE\plugins\com.st.stm32cube.common.mx_6.9.2.202309101412
2023-11-13 22:22:10,803 [INFO] MainUpdater:2868 - connection check result : 10
2023-11-13 22:22:10,803 [INFO] MainUpdater:285 - Updater Check For Update Now.
2023-11-13 22:22:10,804 [INFO] MicroXplorer:498 - Change Database Version : DB.6.0.92
2023-11-13 22:22:10,823 [INFO] McuFinderGlobals:63 - Set McuFinder mode to 2 (CubeIDE integrated)
2023-11-13 22:22:10,823 [INFO] UserAuth:179 - activating auth plugin
2023-11-13 22:22:10,826 [INFO] UserAuth:393 - Internet connection configuration mode: 1
2023-11-13 22:22:10,830 [WARN] MainUpdater:1189 - Updater busy. Cannot search thirdparties
2023-11-13 22:22:10,830 [INFO] ThirdPartyUpdaterWithRetryManager:96 - Updater plugin is busy. [1/15]
2023-11-13 22:22:10,857 [INFO] JxBrowserEngine:151 - Initiate JxBrowser Engine with user profile folder
2023-11-13 22:22:11,028 [INFO] CheckServerUpdateThread:120 - End of CheckServer Thread
2023-11-13 22:22:12,626 [INFO] WebApp:157 - Instantiating new browser for Auth
2023-11-13 22:22:13,349 [INFO] WebApp:753 - Register for checkConnection events
2023-11-13 22:22:13,349 [INFO] WebApp:390 - Apply proxy settings
2023-11-13 22:22:13,349 [INFO] WebApp:475 - Chromium requires no authentication
2023-11-13 22:22:13,357 [INFO] WebApp:418 - Direct internet connection detected
2023-11-13 22:22:13,520 [INFO] WebApp:188 - Starting web application
2023-11-13 22:22:13,520 [INFO] WebApp:520 - Web application path used C:\ST\STM32CubeIDE_1.13.2\STM32CubeIDE\plugins\com.st.stm32cube.common.mx_6.9.2.202309101412\db\plugins\mcufinder\reactClient1\index.html
2023-11-13 22:22:13,992 [WARN] PackLoader:240 - Cannot read IP mode file for STMicroelectronics.X-CUBE-SMBUS.2.1.0
2023-11-13 22:22:14,037 [WARN] PackLoader:240 - Cannot read IP mode file for STMicroelectronics.X-CUBE-AZRTOS-F7.1.1.0
2023-11-13 22:22:14,055 [WARN] PackLoader:240 - Cannot read IP mode file for STMicroelectronics.FP-SNS-MOTENV1.4.3.2
2023-11-13 22:22:14,071 [WARN] PackLoader:240 - Cannot read IP mode file for STMicroelectronics.FP-SNS-FLIGHT1.5.0.2
2023-11-13 22:22:14,091 [WARN] PackLoader:240 - Cannot read IP mode file for STMicroelectronics.X-CUBE-DISPLAY.3.0.0
2023-11-13 22:22:14,113 [WARN] PackLoader:240 - Cannot read IP mode file for STMicroelectronics.X-CUBE-BLE1.7.0.0
2023-11-13 22:22:14,128 [WARN] PackLoader:240 - Cannot read IP mode file for emotas.I-CUBE-CANOPEN.1.3.0
2023-11-13 22:22:14,140 [WARN] PackLoader:240 - Cannot read IP mode file for STMicroelectronics.X-CUBE-TOUCHGFX.4.22.1
2023-11-13 22:22:14,154 [WARN] PackLoader:240 - Cannot read IP mode file for STMicroelectronics.FP-SNS-SMARTAG2.1.2.0
2023-11-13 22:22:14,177 [INFO] LogOutputStream:77 - [STDOUT_REDIRECT] 1 : Invalid condition id : UX_CORESTACK_Condition cause : null
2023-11-13 22:22:14,178 [INFO] LogOutputStream:77 - [STDOUT_REDIRECT] 1 : Invalid condition id : UX_CORESTACK_Condition cause : null
2023-11-13 22:22:14,179 [INFO] LogOutputStream:77 - [STDOUT_REDIRECT] 1 : Invalid condition id : UX_CORESTACK_Condition cause : null
2023-11-13 22:22:14,182 [INFO] LogOutputStream:77 - [STDOUT_REDIRECT] 1 : Invalid condition id : UX_CORESTACK_Condition cause : null
2023-11-13 22:22:14,184 [INFO] LogOutputStream:77 - [STDOUT_REDIRECT] 1 : Invalid condition id : UX_CORESTACK_Condition cause : null
2023-11-13 22:22:14,188 [WARN] PackLoader:240 - Cannot read IP mode file for STMicroelectronics.X-CUBE-AZRTOS-WL.2.0.0
2023-11-13 22:22:14,205 [WARN] PackLoader:240 - Cannot read IP mode file for WES.I-CUBE-Cesium.1.3.0
2023-11-13 22:22:14,218 [WARN] PackLoader:240 - Cannot read IP mode file for STMicroelectronics.X-CUBE-BLE2.3.3.0
2023-11-13 22:22:14,232 [WARN] PackLoader:240 - Cannot read IP mode file for STMicroelectronics.X-CUBE-ALGOBUILD.1.3.0
2023-11-13 22:22:14,265 [WARN] PackLoader:240 - Cannot read IP mode file for STMicroelectronics.X-CUBE-AZRTOS-G0.1.1.0
2023-11-13 22:22:14,282 [WARN] PackLoader:240 - Cannot read IP mode file for STMicroelectronics.X-CUBE-NFC4.3.0.0
2023-11-13 22:22:14,300 [WARN] PackLoader:240 - Cannot read IP mode file for STMicroelectronics.X-CUBE-BLEMGR.3.0.0
2023-11-13 22:22:14,317 [WARN] PackLoader:240 - Cannot read IP mode file for STMicroelectronics.FP-ATR-SIGFOX1.3.2.0
2023-11-13 22:22:14,361 [WARN] PackLoader:240 - Cannot read IP mode file for SEGGER.I-CUBE-embOS.1.3.1
2023-11-13 22:22:14,426 [WARN] PackLoader:240 - Cannot read IP mode file for STMicroelectronics.X-CUBE-GNSS1.6.0.0
2023-11-13 22:22:14,453 [WARN] PackLoader:240 - Cannot read IP mode file for STMicroelectronics.X-CUBE-AZRTOS-F4.1.1.0
2023-11-13 22:22:14,467 [WARN] PackLoader:240 - Cannot read IP mode file for wolfSSL.I-CUBE-wolfSSL.5.6.3
2023-11-13 22:22:14,491 [WARN] PackLoader:240 - Cannot read IP mode file for STMicroelectronics.X-CUBE-AZRTOS-L5.2.0.0
2023-11-13 22:22:14,503 [WARN] PackLoader:240 - Cannot read IP mode file for STMicroelectronics.X-CUBE-EEPRMA1.4.2.0
2023-11-13 22:22:14,513 [WARN] PackLoader:240 - Cannot read IP mode file for ITTIA_DB.I-CUBE-ITTIADB.8.8.0
2023-11-13 22:22:14,525 [WARN] PackLoader:240 - Cannot read IP mode file for STMicroelectronics.X-CUBE-BLEMGR.2.0.0
2023-11-13 22:22:14,552 [WARN] ConditionMgr:438 - getConditionDescription Invalid condition id : UX DEVICE CLASS RTOS Condition cause : null
2023-11-13 22:22:14,553 [WARN] ConditionMgr:438 - getConditionDescription Invalid condition id : UX DEVICE CLASS RTOS Condition cause : null
2023-11-13 22:22:14,555 [WARN] PackLoader:240 - Cannot read IP mode file for STMicroelectronics.X-CUBE-AZRTOS-H7.3.1.0
2023-11-13 22:22:14,556 [WARN] ConditionMgr:1039 - genDependencies : Invalid condition id : UX DEVICE CLASS RTOS Condition cause : null
2023-11-13 22:22:14,556 [WARN] ConditionMgr:1039 - genDependencies : Invalid condition id : UX DEVICE CLASS RTOS Condition cause : null
2023-11-13 22:22:14,556 [WARN] ConditionMgr:1039 - genDependencies : Invalid condition id : UX DEVICE CLASS RTOS Condition cause : null
2023-11-13 22:22:14,557 [WARN] ConditionMgr:1039 - genDependencies : Invalid condition id : UX DEVICE CLASS RTOS Condition cause : null
2023-11-13 22:22:14,557 [WARN] ConditionMgr:1039 - genDependencies : Invalid condition id : UX DEVICE CLASS RTOS Condition cause : null
2023-11-13 22:22:14,569 [WARN] PackLoader:240 - Cannot read IP mode file for STMicroelectronics.X-CUBE-NFC7.1.0.1
2023-11-13 22:22:14,582 [WARN] PackLoader:240 - Cannot read IP mode file for STMicroelectronics.X-CUBE-NFC6.3.0.0
2023-11-13 22:22:14,594 [WARN] PackLoader:240 - Cannot read IP mode file for STMicroelectronics.X-CUBE-EEPRMA1.4.1.0
2023-11-13 22:22:14,607 [WARN] PackLoader:240 - Cannot read IP mode file for STMicroelectronics.X-CUBE-AI.8.1.0
2023-11-13 22:22:14,632 [WARN] ConditionMgr:438 - getConditionDescription Invalid condition id : LAN8742 Phy interface Condition cause : null
2023-11-13 22:22:14,633 [WARN] PackLoader:240 - Cannot read IP mode file for STMicroelectronics.X-CUBE-AZRTOS-L4.2.0.0
2023-11-13 22:22:14,634 [WARN] ConditionMgr:1039 - genDependencies : Invalid condition id : LAN8742 Phy interface Condition cause : null
2023-11-13 22:22:14,634 [WARN] ConditionMgr:1039 - genDependencies : Invalid condition id : LAN8742 Phy interface Condition cause : null
2023-11-13 22:22:14,634 [WARN] ConditionMgr:1039 - genDependencies : Invalid condition id : LAN8742 Phy interface Condition cause : null
2023-11-13 22:22:14,647 [WARN] PackLoader:240 - Cannot read IP mode file for STMicroelectronics.X-CUBE-SFXS2LP1.4.0.0
2023-11-13 22:22:14,658 [WARN] PackLoader:240 - Cannot read IP mode file for STMicroelectronics.X-CUBE-ISPU.1.1.0
2023-11-13 22:22:14,680 [WARN] ConditionMgr:438 - getConditionDescription Invalid condition id : UX DEVICE CLASS RTOS Condition cause : null
2023-11-13 22:22:14,680 [WARN] ConditionMgr:438 - getConditionDescription Invalid condition id : UX DEVICE CLASS RTOS Condition cause : null
2023-11-13 22:22:14,682 [WARN] PackLoader:240 - Cannot read IP mode file for STMicroelectronics.X-CUBE-AZRTOS-WB.2.0.0
2023-11-13 22:22:14,682 [WARN] ConditionMgr:1039 - genDependencies : Invalid condition id : UX DEVICE CLASS RTOS Condition cause : null
2023-11-13 22:22:14,682 [WARN] ConditionMgr:1039 - genDependencies : Invalid condition id : UX DEVICE CLASS RTOS Condition cause : null
2023-11-13 22:22:14,682 [WARN] ConditionMgr:1039 - genDependencies : Invalid condition id : UX DEVICE CLASS RTOS Condition cause : null
2023-11-13 22:22:14,683 [WARN] ConditionMgr:1039 - genDependencies : Invalid condition id : UX DEVICE CLASS RTOS Condition cause : null
2023-11-13 22:22:14,683 [WARN] ConditionMgr:1039 - genDependencies : Invalid condition id : UX DEVICE CLASS RTOS Condition cause : null
2023-11-13 22:22:14,701 [WARN] PackLoader:240 - Cannot read IP mode file for STMicroelectronics.X-CUBE-SUBG2.5.0.0
2023-11-13 22:22:14,720 [WARN] PackLoader:240 - Cannot read IP mode file for STMicroelectronics.X-CUBE-TOF1.3.3.1
2023-11-13 22:22:14,751 [WARN] PackLoader:240 - Cannot read IP mode file for STMicroelectronics.X-CUBE-AZRTOS-G4.2.0.0
2023-11-13 22:22:14,776 [WARN] PackLoader:240 - Cannot read IP mode file for Infineon.AIROC-Wi-Fi-Bluetooth-STM32.1.5.1
2023-11-13 22:22:14,791 [WARN] PackLoader:240 - Cannot read IP mode file for STMicroelectronics.FP-SNS-MOTENVWB1.1.3.0
2023-11-13 22:22:14,862 [WARN] PackLoader:240 - Cannot read IP mode file for STMicroelectronics.X-CUBE-MEMS1.10.0.0
2023-11-13 22:22:14,958 [WARN] PackLoader:240 - Cannot read IP mode file for STMicroelectronics.X-CUBE-FREERTOS.1.1.0
2023-11-13 22:22:14,969 [WARN] PackLoader:240 - Cannot read IP mode file for portGmbH.I-Cube-SoM-uGOAL.1.1.0
2023-11-13 22:22:14,979 [WARN] PackLoader:240 - Cannot read IP mode file for STMicroelectronics.X-CUBE-ALS.1.0.1
2023-11-13 22:22:14,989 [WARN] PackLoader:240 - Cannot read IP mode file for STMicroelectronics.FP-ATR-ASTRA1.2.0.0
2023-11-13 22:22:14,990 [INFO] ThirdParty:978 - Integrity check success = true
2023-11-13 22:22:14,990 [INFO] IntegrityCheckThread:100 - exiting critical section [integrity check]
2023-11-13 22:22:14,990 [INFO] IntegrityCheckThread:103 - End integrity checks thread
2023-11-13 22:22:34,365 [ERROR] LogOutputStream:75 - [STDERR_REDIRECT] SLF4J: Failed to load class "org.slf4j.impl.StaticLoggerBinder".
2023-11-13 22:22:34,365 [ERROR] LogOutputStream:75 - [STDERR_REDIRECT] SLF4J: Defaulting to no-operation (NOP) logger implementation
2023-11-13 22:22:34,366 [ERROR] LogOutputStream:75 - [STDERR_REDIRECT] SLF4J: See http://www.slf4j.org/codes.html#StaticLoggerBinder for further details.
