2023-11-10 17:36:03,550 [INFO] Activator:176 - 


2023-11-10 17:36:03,556 [INFO] Activator:177 - !SESSION log4j initialized
2023-11-10 17:36:09,724 [INFO] LogOutputStream:77 - [STDOUT_REDIRECT] 
2023-11-10 17:36:22,954 [INFO] ApplicationProperties:184 - Using Application install path: C:\ST\STM32CubeIDE_1.13.2\STM32CubeIDE\plugins\com.st.stm32cube.common.mx_6.9.2.202309101412
2023-11-10 17:36:22,976 [INFO] DbMcusXml:78 - Set database path to: C:\ST\STM32CubeIDE_1.13.2\STM32CubeIDE\plugins\com.st.stm32cube.common.mx_6.9.2.202309101412\\db\/mcu/
2023-11-10 17:36:22,976 [INFO] ApiDb:274 - Set plugin database path to: C:\ST\STM32CubeIDE_1.13.2\STM32CubeIDE\plugins\com.st.stm32cube.common.mx_6.9.2.202309101412\\db\/plugins/boardmanager/
2023-11-10 17:36:22,977 [WARN] ApiDb:259 - Overriding images path with different value:  => C:\ST\STM32CubeIDE_1.13.2\STM32CubeIDE\plugins\com.st.stm32cube.common.mx_6.9.2.202309101412\\db\/plugins/mcufinder/images/
2023-11-10 17:36:22,994 [INFO] ApiDb:250 - Set database path to: C:\Users\wjunh\.stmcufinder\plugins\mcufinder//mcu/
2023-11-10 17:36:22,995 [INFO] DbMcusAds:125 - Set database path to: C:\Users\wjunh\.stmcufinder\plugins\mcufinder//mcu/
2023-11-10 17:36:22,999 [INFO] CrossReferenceDbSqlite:203 - Set database path to: C:\Users\wjunh\.stmcufinder\plugins\mcufinder//mcu/cs/
2023-11-10 17:36:23,135 [INFO] RulesReader:64 - Compatibility file has been processed (293 Rules)
2023-11-10 17:36:23,222 [INFO] DbMcusXml:78 - Set database path to: C:\ST\STM32CubeIDE_1.13.2\STM32CubeIDE\plugins\com.st.stm32cube.common.mx_6.9.2.202309101412\\db\/mcu/
2023-11-10 17:36:23,223 [INFO] ApiDb:274 - Set plugin database path to: C:\ST\STM32CubeIDE_1.13.2\STM32CubeIDE\plugins\com.st.stm32cube.common.mx_6.9.2.202309101412\\db\/plugins/boardmanager/
2023-11-10 17:36:23,223 [INFO] ApiDb:261 - Set plugin images path to: C:\ST\STM32CubeIDE_1.13.2\STM32CubeIDE\plugins\com.st.stm32cube.common.mx_6.9.2.202309101412\\db\/plugins/mcufinder/images/
2023-11-10 17:36:23,223 [WARN] DbFile:41 - Overriding database path with different value: C:\Users\wjunh\.stmcufinder\plugins\mcufinder/ => C:\Users\wjunh\.stmcufinder\plugins\mcufinder
2023-11-10 17:36:23,223 [INFO] ApiDb:250 - Set database path to: C:\Users\wjunh\.stmcufinder\plugins\mcufinder//mcu/
2023-11-10 17:36:23,223 [WARN] DbFile:41 - Overriding database path with different value: C:\Users\wjunh\.stmcufinder\plugins\mcufinder/ => C:\Users\wjunh\.stmcufinder\plugins\mcufinder
2023-11-10 17:36:23,223 [INFO] DbMcusAds:125 - Set database path to: C:\Users\wjunh\.stmcufinder\plugins\mcufinder//mcu/
2023-11-10 17:36:23,223 [WARN] DbFile:41 - Overriding database path with different value: C:\Users\wjunh\.stmcufinder\plugins\mcufinder/ => C:\Users\wjunh\.stmcufinder\plugins\mcufinder
2023-11-10 17:36:23,223 [WARN] DbFile:41 - Overriding database path with different value: C:\Users\wjunh\.stmcufinder\plugins\mcufinder/ => C:\Users\wjunh\.stmcufinder\plugins\mcufinder
2023-11-10 17:36:23,223 [INFO] CrossReferenceDbSqlite:203 - Set database path to: C:\Users\wjunh\.stmcufinder\plugins\mcufinder//mcu/cs/
2023-11-10 17:36:23,304 [INFO] MainPanel:262 - HeapMemory: 268435456
2023-11-10 17:36:23,399 [INFO] DbMcusXml:78 - Set database path to: C:\ST\STM32CubeIDE_1.13.2\STM32CubeIDE\plugins\com.st.stm32cube.common.mx_6.9.2.202309101412\\db\/mcu/
2023-11-10 17:36:23,399 [INFO] ApiDb:274 - Set plugin database path to: C:\ST\STM32CubeIDE_1.13.2\STM32CubeIDE\plugins\com.st.stm32cube.common.mx_6.9.2.202309101412\\db\/plugins/boardmanager/
2023-11-10 17:36:23,399 [INFO] ApiDb:261 - Set plugin images path to: C:\ST\STM32CubeIDE_1.13.2\STM32CubeIDE\plugins\com.st.stm32cube.common.mx_6.9.2.202309101412\\db\/plugins/mcufinder/images/
2023-11-10 17:36:23,400 [WARN] DbFile:41 - Overriding database path with different value: C:\Users\wjunh\.stmcufinder\plugins\mcufinder/ => C:\Users\wjunh\.stmcufinder\plugins\mcufinder
2023-11-10 17:36:23,400 [INFO] ApiDb:250 - Set database path to: C:\Users\wjunh\.stmcufinder\plugins\mcufinder//mcu/
2023-11-10 17:36:23,400 [WARN] DbFile:41 - Overriding database path with different value: C:\Users\wjunh\.stmcufinder\plugins\mcufinder/ => C:\Users\wjunh\.stmcufinder\plugins\mcufinder
2023-11-10 17:36:23,400 [INFO] DbMcusAds:125 - Set database path to: C:\Users\wjunh\.stmcufinder\plugins\mcufinder//mcu/
2023-11-10 17:36:23,400 [WARN] DbFile:41 - Overriding database path with different value: C:\Users\wjunh\.stmcufinder\plugins\mcufinder/ => C:\Users\wjunh\.stmcufinder\plugins\mcufinder
2023-11-10 17:36:23,400 [WARN] DbFile:41 - Overriding database path with different value: C:\Users\wjunh\.stmcufinder\plugins\mcufinder/ => C:\Users\wjunh\.stmcufinder\plugins\mcufinder
2023-11-10 17:36:23,400 [INFO] CrossReferenceDbSqlite:203 - Set database path to: C:\Users\wjunh\.stmcufinder\plugins\mcufinder//mcu/cs/
2023-11-10 17:36:23,418 [INFO] ApplicationProperties:184 - Using Application install path: C:\ST\STM32CubeIDE_1.13.2\STM32CubeIDE\plugins\com.st.stm32cube.common.mx_6.9.2.202309101412
2023-11-10 17:36:23,419 [INFO] PluginManage:196 - Search for loadable plugins [exclusion list=, ]
2023-11-10 17:36:23,420 [INFO] PluginManage:310 - Check plugin analytics
2023-11-10 17:36:28,122 [INFO] AnalyticsPlugin:253 - Accepted Software Licenses: 
2023-11-10 17:36:28,123 [INFO] AnalyticsPlugin:255 - Accepted CMSIS Pack Licenses: 
2023-11-10 17:36:28,123 [INFO] AnalyticsPlugin:257 - Accepted Firmware Licenses: 
2023-11-10 17:36:28,127 [INFO] PluginManage:359 - Loaded plugin analytics (category:tool,tabindex:-1)
2023-11-10 17:36:28,127 [INFO] PluginManage:310 - Check plugin cadmodel
2023-11-10 17:36:28,138 [INFO] CADModel:105 - Init CAD model plugin
2023-11-10 17:36:28,138 [INFO] PluginManage:359 - Loaded plugin cadmodel (category:power,tabindex:5)
2023-11-10 17:36:28,139 [INFO] PluginManage:310 - Check plugin clock
2023-11-10 17:36:28,155 [INFO] PluginManage:359 - Loaded plugin clock (category:base,tabindex:2)
2023-11-10 17:36:28,155 [INFO] PluginManage:310 - Check plugin ddr
2023-11-10 17:36:28,159 [INFO] PluginManage:359 - Loaded plugin ddr (category:tool,tabindex:6)
2023-11-10 17:36:28,160 [INFO] PluginManage:310 - Check plugin filemanager
2023-11-10 17:36:28,278 [INFO] PluginManage:359 - Loaded plugin filemanager (category:base,tabindex:10)
2023-11-10 17:36:28,279 [INFO] PluginManage:310 - Check plugin ipmanager
2023-11-10 17:36:28,285 [INFO] PluginManage:359 - Loaded plugin ipmanager (category:base,tabindex:5)
2023-11-10 17:36:28,285 [INFO] PluginManage:310 - Check plugin lpbam
2023-11-10 17:36:28,299 [INFO] PluginManage:359 - Loaded plugin lpbam (category:base,tabindex:0)
2023-11-10 17:36:28,299 [INFO] PluginManage:310 - Check plugin memorymap
2023-11-10 17:36:28,317 [INFO] PluginManage:359 - Loaded plugin memorymap (category:base,tabindex:4)
2023-11-10 17:36:28,317 [INFO] PluginManage:310 - Check plugin pinoutandconfiguration
2023-11-10 17:36:28,331 [INFO] PluginManage:359 - Loaded plugin pinoutandconfiguration (category:base,tabindex:1)
2023-11-10 17:36:28,331 [INFO] PluginManage:310 - Check plugin pinoutconfig
2023-11-10 17:36:28,418 [WARN] SupportedApi:132 - Cannot load RTOS API schema: s4s-elt-must-match.1: The content of 'definitions' must match (annotation?, (simpleType | complexType)?, (unique | key | keyref)*)). A problem was found starting at: attribute.
2023-11-10 17:36:28,557 [INFO] PluginManage:359 - Loaded plugin pinoutconfig (category:base,tabindex:0)
2023-11-10 17:36:28,557 [INFO] PluginManage:310 - Check plugin power
2023-11-10 17:36:28,577 [INFO] PluginManage:359 - Loaded plugin power (category:power,tabindex:4)
2023-11-10 17:36:28,577 [INFO] PluginManage:310 - Check plugin projectmanager
2023-11-10 17:36:28,593 [INFO] PluginManage:359 - Loaded plugin projectmanager (category:projectmanager,tabindex:3)
2023-11-10 17:36:28,593 [INFO] PluginManage:310 - Check plugin thirdparty
2023-11-10 17:36:28,822 [INFO] PluginManage:359 - Loaded plugin thirdparty (category:base,tabindex:-1)
2023-11-10 17:36:28,822 [WARN] IntegrityCheckThread:84 - waiting for thirdparty lock release [integrity check]
2023-11-10 17:36:28,822 [INFO] PluginManage:310 - Check plugin tools
2023-11-10 17:36:28,823 [INFO] IntegrityCheckThread:86 - entering critical section [integrity check]
2023-11-10 17:36:28,823 [INFO] ThirdPartyUpdaterWithRetryManager:70 - Updater plugin not ready yet. [1/15]
2023-11-10 17:36:28,846 [INFO] PluginManage:359 - Loaded plugin tools (category:base,tabindex:7)
2023-11-10 17:36:28,846 [INFO] PluginManage:310 - Check plugin tutovideos
2023-11-10 17:36:29,028 [INFO] PluginManage:359 - Loaded plugin tutovideos (category:base,tabindex:-1)
2023-11-10 17:36:29,029 [INFO] PluginManage:310 - Check plugin updater
2023-11-10 17:36:29,038 [INFO] PluginManage:359 - Loaded plugin updater (category:base,tabindex:12)
2023-11-10 17:36:29,038 [INFO] PluginManage:310 - Check plugin userauth
2023-11-10 17:36:29,043 [INFO] UserAuth:113 - Init User Auth plugin
2023-11-10 17:36:29,043 [INFO] PluginManage:359 - Loaded plugin userauth (category:base,tabindex:14)
2023-11-10 17:36:29,044 [INFO] PluginManage:283 - PluginManage : Loaded plugins [17]
2023-11-10 17:36:29,257 [INFO] PinOutPanel:1499 - setPackage(No Configuration,No Configuration)
2023-11-10 17:36:29,354 [INFO] CADModel:165 - CPN selected for project level
2023-11-10 17:36:29,354 [INFO] CADModel:114 - Register for checkConnection events
2023-11-10 17:36:29,374 [INFO] IPUIPlugin:80 - create IPUIPlugin
2023-11-10 17:36:29,374 [INFO] PluginManager:220 - loadIPPluginJar : add adc
2023-11-10 17:36:29,398 [INFO] IPUIPlugin:80 - create IPUIPlugin
2023-11-10 17:36:29,399 [INFO] PluginManager:220 - loadIPPluginJar : add aes
2023-11-10 17:36:29,427 [INFO] IPUIPlugin:80 - create IPUIPlugin
2023-11-10 17:36:29,427 [INFO] PluginManager:220 - loadIPPluginJar : add can
2023-11-10 17:36:29,443 [INFO] IPUIPlugin:80 - create IPUIPlugin
2023-11-10 17:36:29,443 [INFO] PluginManager:220 - loadIPPluginJar : add comp
2023-11-10 17:36:29,466 [INFO] IPUIPlugin:80 - create IPUIPlugin
2023-11-10 17:36:29,466 [INFO] PluginManager:220 - loadIPPluginJar : add cryp
2023-11-10 17:36:29,487 [INFO] IPUIPlugin:80 - create IPUIPlugin
2023-11-10 17:36:29,487 [INFO] PluginManager:220 - loadIPPluginJar : add dfsdm
2023-11-10 17:36:29,498 [INFO] IPUIPlugin:80 - create IPUIPlugin
2023-11-10 17:36:29,499 [INFO] PluginManager:220 - loadIPPluginJar : add dma
2023-11-10 17:36:29,527 [INFO] IPUIPlugin:80 - create IPUIPlugin
2023-11-10 17:36:29,527 [INFO] PluginManager:220 - loadIPPluginJar : add dma3
2023-11-10 17:36:29,542 [INFO] IPUIPlugin:80 - create IPUIPlugin
2023-11-10 17:36:29,542 [INFO] PluginManager:220 - loadIPPluginJar : add fatfs
2023-11-10 17:36:29,575 [INFO] IPUIPlugin:80 - create IPUIPlugin
2023-11-10 17:36:29,575 [INFO] PluginManager:220 - loadIPPluginJar : add fmc
2023-11-10 17:36:29,586 [INFO] IPUIPlugin:80 - create IPUIPlugin
2023-11-10 17:36:29,587 [INFO] PluginManager:220 - loadIPPluginJar : add freertos
2023-11-10 17:36:29,600 [INFO] IPUIPlugin:80 - create IPUIPlugin
2023-11-10 17:36:29,601 [INFO] PluginManager:220 - loadIPPluginJar : add genericplugin
2023-11-10 17:36:29,661 [INFO] IPUIPlugin:80 - create IPUIPlugin
2023-11-10 17:36:29,661 [INFO] PluginManager:220 - loadIPPluginJar : add gfxmmu
2023-11-10 17:36:29,748 [INFO] IPUIPlugin:80 - create IPUIPlugin
2023-11-10 17:36:29,748 [INFO] PluginManager:220 - loadIPPluginJar : add gic
2023-11-10 17:36:29,758 [INFO] IPUIPlugin:80 - create IPUIPlugin
2023-11-10 17:36:29,758 [INFO] PluginManager:220 - loadIPPluginJar : add gpio
2023-11-10 17:36:29,821 [INFO] IPUIPlugin:80 - create IPUIPlugin
2023-11-10 17:36:29,821 [INFO] PluginManager:220 - loadIPPluginJar : add gtzc
2023-11-10 17:36:29,843 [INFO] IPUIPlugin:80 - create IPUIPlugin
2023-11-10 17:36:29,843 [INFO] PluginManager:220 - loadIPPluginJar : add hash
2023-11-10 17:36:29,879 [INFO] IPUIPlugin:80 - create IPUIPlugin
2023-11-10 17:36:29,879 [INFO] PluginManager:220 - loadIPPluginJar : add i2c
2023-11-10 17:36:29,906 [INFO] IPUIPlugin:80 - create IPUIPlugin
2023-11-10 17:36:29,906 [INFO] PluginManager:220 - loadIPPluginJar : add i2s
2023-11-10 17:36:29,934 [INFO] IPUIPlugin:80 - create IPUIPlugin
2023-11-10 17:36:29,934 [INFO] PluginManager:220 - loadIPPluginJar : add i3c
2023-11-10 17:36:30,010 [INFO] IPUIPlugin:80 - create IPUIPlugin
2023-11-10 17:36:30,010 [INFO] PluginManager:220 - loadIPPluginJar : add ipddr
2023-11-10 17:36:30,073 [INFO] IPUIPlugin:80 - create IPUIPlugin
2023-11-10 17:36:30,073 [INFO] PluginManager:220 - loadIPPluginJar : add linkedlist
2023-11-10 17:36:30,097 [INFO] IPUIPlugin:80 - create IPUIPlugin
2023-11-10 17:36:30,097 [INFO] PluginManager:220 - loadIPPluginJar : add lorawan
2023-11-10 17:36:30,121 [INFO] IPUIPlugin:80 - create IPUIPlugin
2023-11-10 17:36:30,121 [INFO] PluginManager:220 - loadIPPluginJar : add ltdc
2023-11-10 17:36:30,132 [INFO] IPUIPlugin:80 - create IPUIPlugin
2023-11-10 17:36:30,132 [INFO] PluginManager:220 - loadIPPluginJar : add mdma
2023-11-10 17:36:30,141 [INFO] IPUIPlugin:80 - create IPUIPlugin
2023-11-10 17:36:30,141 [INFO] PluginManager:220 - loadIPPluginJar : add nvic
2023-11-10 17:36:30,165 [INFO] IPUIPlugin:80 - create IPUIPlugin
2023-11-10 17:36:30,165 [INFO] PluginManager:220 - loadIPPluginJar : add opamp
2023-11-10 17:36:30,206 [INFO] IPUIPlugin:80 - create IPUIPlugin
2023-11-10 17:36:30,206 [INFO] PluginManager:220 - loadIPPluginJar : add openamp
2023-11-10 17:36:30,235 [INFO] IPUIPlugin:80 - create IPUIPlugin
2023-11-10 17:36:30,235 [INFO] PluginManager:220 - loadIPPluginJar : add pdm2pcm
2023-11-10 17:36:30,245 [INFO] IPUIPlugin:80 - create IPUIPlugin
2023-11-10 17:36:30,247 [INFO] PluginManager:220 - loadIPPluginJar : add plateformsettings
2023-11-10 17:36:30,262 [INFO] IPUIPlugin:80 - create IPUIPlugin
2023-11-10 17:36:30,262 [INFO] PluginManager:220 - loadIPPluginJar : add quadspi
2023-11-10 17:36:30,271 [INFO] IPUIPlugin:80 - create IPUIPlugin
2023-11-10 17:36:30,271 [INFO] PluginManager:220 - loadIPPluginJar : add resmgrutility
2023-11-10 17:36:30,307 [INFO] IPUIPlugin:80 - create IPUIPlugin
2023-11-10 17:36:30,307 [INFO] PluginManager:220 - loadIPPluginJar : add sai
2023-11-10 17:36:30,335 [INFO] IPUIPlugin:80 - create IPUIPlugin
2023-11-10 17:36:30,335 [INFO] PluginManager:220 - loadIPPluginJar : add spi
2023-11-10 17:36:30,377 [INFO] IPUIPlugin:80 - create IPUIPlugin
2023-11-10 17:36:30,377 [INFO] PluginManager:220 - loadIPPluginJar : add stm32_wpan
2023-11-10 17:36:30,393 [INFO] IPUIPlugin:80 - create IPUIPlugin
2023-11-10 17:36:30,393 [INFO] PluginManager:220 - loadIPPluginJar : add tim
2023-11-10 17:36:30,431 [INFO] IPUIPlugin:80 - create IPUIPlugin
2023-11-10 17:36:30,432 [INFO] PluginManager:220 - loadIPPluginJar : add touchsensing
2023-11-10 17:36:30,447 [INFO] IPUIPlugin:80 - create IPUIPlugin
2023-11-10 17:36:30,447 [INFO] PluginManager:220 - loadIPPluginJar : add tracer_emb
2023-11-10 17:36:30,463 [INFO] IPUIPlugin:80 - create IPUIPlugin
2023-11-10 17:36:30,463 [INFO] PluginManager:220 - loadIPPluginJar : add ts
2023-11-10 17:36:30,478 [INFO] IPUIPlugin:80 - create IPUIPlugin
2023-11-10 17:36:30,478 [INFO] PluginManager:220 - loadIPPluginJar : add tsc
2023-11-10 17:36:30,493 [INFO] IPUIPlugin:80 - create IPUIPlugin
2023-11-10 17:36:30,493 [INFO] PluginManager:220 - loadIPPluginJar : add ucpd
2023-11-10 17:36:30,523 [INFO] IPUIPlugin:80 - create IPUIPlugin
2023-11-10 17:36:30,523 [INFO] PluginManager:220 - loadIPPluginJar : add usart
2023-11-10 17:36:30,553 [INFO] IPUIPlugin:80 - create IPUIPlugin
2023-11-10 17:36:30,553 [INFO] PluginManager:220 - loadIPPluginJar : add usbx
2023-11-10 17:36:30,672 [INFO] CADModel:165 - CPN selected for project level
2023-11-10 17:36:30,672 [INFO] CADModel:114 - Register for checkConnection events
2023-11-10 17:36:30,672 [FATAL] Updater:308 - Updater called before beeing initialized
2023-11-10 17:36:30,672 [ERROR] CADModel:125 - Updater not yet initialized, retry later 
2023-11-10 17:36:30,810 [INFO] CADModel:165 - CPN selected for project level
2023-11-10 17:36:30,810 [INFO] CADModel:114 - Register for checkConnection events
2023-11-10 17:36:30,810 [FATAL] Updater:308 - Updater called before beeing initialized
2023-11-10 17:36:30,810 [ERROR] CADModel:125 - Updater not yet initialized, retry later 
2023-11-10 17:36:30,813 [FATAL] Updater:308 - Updater called before beeing initialized
2023-11-10 17:36:30,917 [FATAL] Updater:308 - Updater called before beeing initialized
2023-11-10 17:36:30,926 [INFO] DbMcusAds:53 - JSON generation date=Tue Mar 07 16:50:55 CST 2023 (1678179055335)
2023-11-10 17:36:30,926 [FATAL] Updater:308 - Updater called before beeing initialized
2023-11-10 17:36:30,961 [WARN] DetailPanel:346 - Failed to get advertising image, set to default
2023-11-10 17:36:31,042 [FATAL] Updater:308 - Updater called before beeing initialized
2023-11-10 17:36:31,043 [FATAL] Updater:308 - Updater called before beeing initialized
2023-11-10 17:36:31,044 [FATAL] Updater:308 - Updater called before beeing initialized
2023-11-10 17:36:31,044 [WARN] DetailPanel:346 - Failed to get advertising image, set to default
2023-11-10 17:36:31,044 [FATAL] Updater:308 - Updater called before beeing initialized
2023-11-10 17:36:31,098 [ERROR] Updater:1120 - MainUpdater not yet initialized. External WinMGr cannot be set.
2023-11-10 17:36:31,105 [INFO] Updater:1056 - Updater Version found : 6.9.2
2023-11-10 17:36:31,121 [INFO] ApplicationProperties:184 - Using Application install path: C:\ST\STM32CubeIDE_1.13.2\STM32CubeIDE\plugins\com.st.stm32cube.common.mx_6.9.2.202309101412
2023-11-10 17:36:31,479 [INFO] MainUpdater:2868 - connection check result : 10
2023-11-10 17:36:31,479 [INFO] MainUpdater:3562 - Updater definition file requires update
2023-11-10 17:36:31,480 [INFO] MainUpdater:285 - Updater Check For Update Now.
2023-11-10 17:36:31,480 [INFO] MicroXplorer:498 - Change Database Version : DB.6.0.92
2023-11-10 17:36:31,493 [INFO] McuFinderGlobals:63 - Set McuFinder mode to 2 (CubeIDE integrated)
2023-11-10 17:36:31,493 [INFO] UserAuth:179 - activating auth plugin
2023-11-10 17:36:31,494 [INFO] UserAuth:393 - Internet connection configuration mode: 1
2023-11-10 17:36:31,526 [INFO] JxBrowserEngine:151 - Initiate JxBrowser Engine with user profile folder
2023-11-10 17:36:31,527 [INFO] ServerAccessManage:473 - Download File updaters.zip
2023-11-10 17:36:31,613 [INFO] FileExtend:240 - Unzip File : updaters.zip
2023-11-10 17:36:31,613 [INFO] FileExtend:255 - Standard Zip Deflate
2023-11-10 17:36:31,824 [WARN] MainUpdater:1189 - Updater busy. Cannot search thirdparties
2023-11-10 17:36:31,824 [INFO] ThirdPartyUpdaterWithRetryManager:96 - Updater plugin is busy. [1/15]
2023-11-10 17:36:31,971 [INFO] ServerAccessManage:473 - Download File PacksControlFlags.xml
2023-11-10 17:36:32,061 [INFO] ServerAccessManage:473 - Download File cubemx.pidx
2023-11-10 17:36:32,471 [INFO] ServerAccessManage:473 - Download File STMicroelectronics.FP-SNS-MOTENVWB1.pdsc
2023-11-10 17:36:33,734 [INFO] WebApp:157 - Instantiating new browser for Auth
2023-11-10 17:36:34,392 [INFO] WebApp:753 - Register for checkConnection events
2023-11-10 17:36:34,392 [INFO] WebApp:390 - Apply proxy settings
2023-11-10 17:36:34,393 [INFO] WebApp:475 - Chromium requires no authentication
2023-11-10 17:36:34,404 [INFO] WebApp:418 - Direct internet connection detected
2023-11-10 17:36:34,599 [INFO] WebApp:188 - Starting web application
2023-11-10 17:36:34,599 [INFO] WebApp:520 - Web application path used C:\ST\STM32CubeIDE_1.13.2\STM32CubeIDE\plugins\com.st.stm32cube.common.mx_6.9.2.202309101412\db\plugins\mcufinder\reactClient1\index.html
2023-11-10 17:36:34,826 [WARN] MainUpdater:1189 - Updater busy. Cannot search thirdparties
2023-11-10 17:36:34,826 [INFO] ThirdPartyUpdaterWithRetryManager:96 - Updater plugin is busy. [2/15]
2023-11-10 17:36:37,557 [ERROR] ServerAccessManage:1096 - Problem, Http access forbiden
2023-11-10 17:36:37,558 [ERROR] ServerAccessManage:651 - Problem, Http access forbiden : RoweBots.I-CUBE-UNISONRTOS.pdsc.
2023-11-10 17:36:37,732 [WARN] PackLoader:240 - Cannot read IP mode file for STMicroelectronics.FP-SNS-MOTENVWB1.1.3.0
2023-11-10 17:36:37,734 [INFO] PopulateThirdPartyThread:66 - Ending populate Thread
2023-11-10 17:36:37,736 [INFO] ThirdParty:1030 - CMSIS Pack Vendor :STMicroelectronics FP-SNS-MOTENVWB1 1.3.0
2023-11-10 17:36:37,736 [INFO] LoadServerUpdatesThread:373 - End of LoadServerUpdate Thread
2023-11-10 17:36:37,827 [WARN] MainUpdater:1189 - Updater busy. Cannot search thirdparties
2023-11-10 17:36:37,827 [INFO] ThirdPartyUpdaterWithRetryManager:96 - Updater plugin is busy. [3/15]
2023-11-10 17:36:37,839 [INFO] CheckServerUpdateThread:120 - End of CheckServer Thread
2023-11-10 17:36:40,955 [WARN] PackLoader:240 - Cannot read IP mode file for STMicroelectronics.X-CUBE-SMBUS.2.1.0
2023-11-10 17:36:40,988 [WARN] PackLoader:240 - Cannot read IP mode file for STMicroelectronics.X-CUBE-AZRTOS-F7.1.1.0
2023-11-10 17:36:41,002 [WARN] PackLoader:240 - Cannot read IP mode file for STMicroelectronics.FP-SNS-MOTENV1.4.3.2
2023-11-10 17:36:41,008 [WARN] PackLoader:240 - Cannot read IP mode file for STMicroelectronics.FP-SNS-FLIGHT1.5.0.2
2023-11-10 17:36:41,022 [WARN] PackLoader:240 - Cannot read IP mode file for STMicroelectronics.X-CUBE-DISPLAY.3.0.0
2023-11-10 17:36:41,038 [WARN] PackLoader:240 - Cannot read IP mode file for STMicroelectronics.X-CUBE-BLE1.7.0.0
2023-11-10 17:36:41,049 [WARN] PackLoader:240 - Cannot read IP mode file for emotas.I-CUBE-CANOPEN.1.3.0
2023-11-10 17:36:41,059 [WARN] PackLoader:240 - Cannot read IP mode file for STMicroelectronics.X-CUBE-TOUCHGFX.4.22.1
2023-11-10 17:36:41,068 [WARN] PackLoader:240 - Cannot read IP mode file for STMicroelectronics.FP-SNS-SMARTAG2.1.2.0
2023-11-10 17:36:41,084 [INFO] LogOutputStream:77 - [STDOUT_REDIRECT] 1 : Invalid condition id : UX_CORESTACK_Condition cause : null
2023-11-10 17:36:41,085 [INFO] LogOutputStream:77 - [STDOUT_REDIRECT] 1 : Invalid condition id : UX_CORESTACK_Condition cause : null
2023-11-10 17:36:41,086 [INFO] LogOutputStream:77 - [STDOUT_REDIRECT] 1 : Invalid condition id : UX_CORESTACK_Condition cause : null
2023-11-10 17:36:41,087 [INFO] LogOutputStream:77 - [STDOUT_REDIRECT] 1 : Invalid condition id : UX_CORESTACK_Condition cause : null
2023-11-10 17:36:41,088 [INFO] LogOutputStream:77 - [STDOUT_REDIRECT] 1 : Invalid condition id : UX_CORESTACK_Condition cause : null
2023-11-10 17:36:41,091 [WARN] PackLoader:240 - Cannot read IP mode file for STMicroelectronics.X-CUBE-AZRTOS-WL.2.0.0
2023-11-10 17:36:41,104 [WARN] PackLoader:240 - Cannot read IP mode file for WES.I-CUBE-Cesium.1.3.0
2023-11-10 17:36:41,113 [WARN] PackLoader:240 - Cannot read IP mode file for STMicroelectronics.X-CUBE-BLE2.3.3.0
2023-11-10 17:36:41,123 [WARN] PackLoader:240 - Cannot read IP mode file for STMicroelectronics.X-CUBE-ALGOBUILD.1.3.0
2023-11-10 17:36:41,143 [WARN] PackLoader:240 - Cannot read IP mode file for STMicroelectronics.X-CUBE-AZRTOS-G0.1.1.0
2023-11-10 17:36:41,155 [WARN] PackLoader:240 - Cannot read IP mode file for STMicroelectronics.X-CUBE-NFC4.3.0.0
2023-11-10 17:36:41,170 [WARN] PackLoader:240 - Cannot read IP mode file for STMicroelectronics.X-CUBE-BLEMGR.3.0.0
2023-11-10 17:36:41,175 [WARN] PackLoader:240 - Cannot read IP mode file for STMicroelectronics.FP-ATR-SIGFOX1.3.2.0
2023-11-10 17:36:41,205 [WARN] PackLoader:240 - Cannot read IP mode file for SEGGER.I-CUBE-embOS.1.3.1
2023-11-10 17:36:41,246 [WARN] PackLoader:240 - Cannot read IP mode file for STMicroelectronics.X-CUBE-GNSS1.6.0.0
2023-11-10 17:36:41,276 [WARN] PackLoader:240 - Cannot read IP mode file for STMicroelectronics.X-CUBE-AZRTOS-F4.1.1.0
2023-11-10 17:36:41,287 [WARN] PackLoader:240 - Cannot read IP mode file for wolfSSL.I-CUBE-wolfSSL.5.6.3
2023-11-10 17:36:41,309 [WARN] PackLoader:240 - Cannot read IP mode file for STMicroelectronics.X-CUBE-AZRTOS-L5.2.0.0
2023-11-10 17:36:41,320 [WARN] PackLoader:240 - Cannot read IP mode file for STMicroelectronics.X-CUBE-EEPRMA1.4.2.0
2023-11-10 17:36:41,329 [WARN] PackLoader:240 - Cannot read IP mode file for ITTIA_DB.I-CUBE-ITTIADB.8.8.0
2023-11-10 17:36:41,339 [WARN] PackLoader:240 - Cannot read IP mode file for STMicroelectronics.X-CUBE-BLEMGR.2.0.0
2023-11-10 17:36:41,361 [WARN] ConditionMgr:438 - getConditionDescription Invalid condition id : UX DEVICE CLASS RTOS Condition cause : null
2023-11-10 17:36:41,361 [WARN] ConditionMgr:438 - getConditionDescription Invalid condition id : UX DEVICE CLASS RTOS Condition cause : null
2023-11-10 17:36:41,363 [WARN] PackLoader:240 - Cannot read IP mode file for STMicroelectronics.X-CUBE-AZRTOS-H7.3.1.0
2023-11-10 17:36:41,364 [WARN] ConditionMgr:1039 - genDependencies : Invalid condition id : UX DEVICE CLASS RTOS Condition cause : null
2023-11-10 17:36:41,364 [WARN] ConditionMgr:1039 - genDependencies : Invalid condition id : UX DEVICE CLASS RTOS Condition cause : null
2023-11-10 17:36:41,365 [WARN] ConditionMgr:1039 - genDependencies : Invalid condition id : UX DEVICE CLASS RTOS Condition cause : null
2023-11-10 17:36:41,365 [WARN] ConditionMgr:1039 - genDependencies : Invalid condition id : UX DEVICE CLASS RTOS Condition cause : null
2023-11-10 17:36:41,365 [WARN] ConditionMgr:1039 - genDependencies : Invalid condition id : UX DEVICE CLASS RTOS Condition cause : null
2023-11-10 17:36:41,375 [WARN] PackLoader:240 - Cannot read IP mode file for STMicroelectronics.X-CUBE-NFC7.1.0.1
2023-11-10 17:36:41,387 [WARN] PackLoader:240 - Cannot read IP mode file for STMicroelectronics.X-CUBE-NFC6.3.0.0
2023-11-10 17:36:41,397 [WARN] PackLoader:240 - Cannot read IP mode file for STMicroelectronics.X-CUBE-EEPRMA1.4.1.0
2023-11-10 17:36:41,406 [WARN] PackLoader:240 - Cannot read IP mode file for STMicroelectronics.X-CUBE-AI.8.1.0
2023-11-10 17:36:41,429 [WARN] ConditionMgr:438 - getConditionDescription Invalid condition id : LAN8742 Phy interface Condition cause : null
2023-11-10 17:36:41,430 [WARN] PackLoader:240 - Cannot read IP mode file for STMicroelectronics.X-CUBE-AZRTOS-L4.2.0.0
2023-11-10 17:36:41,430 [WARN] ConditionMgr:1039 - genDependencies : Invalid condition id : LAN8742 Phy interface Condition cause : null
2023-11-10 17:36:41,430 [WARN] ConditionMgr:1039 - genDependencies : Invalid condition id : LAN8742 Phy interface Condition cause : null
2023-11-10 17:36:41,431 [WARN] ConditionMgr:1039 - genDependencies : Invalid condition id : LAN8742 Phy interface Condition cause : null
2023-11-10 17:36:41,441 [WARN] PackLoader:240 - Cannot read IP mode file for STMicroelectronics.X-CUBE-SFXS2LP1.4.0.0
2023-11-10 17:36:41,450 [WARN] PackLoader:240 - Cannot read IP mode file for STMicroelectronics.X-CUBE-ISPU.1.1.0
2023-11-10 17:36:41,468 [WARN] ConditionMgr:438 - getConditionDescription Invalid condition id : UX DEVICE CLASS RTOS Condition cause : null
2023-11-10 17:36:41,468 [WARN] ConditionMgr:438 - getConditionDescription Invalid condition id : UX DEVICE CLASS RTOS Condition cause : null
2023-11-10 17:36:41,469 [WARN] PackLoader:240 - Cannot read IP mode file for STMicroelectronics.X-CUBE-AZRTOS-WB.2.0.0
2023-11-10 17:36:41,470 [WARN] ConditionMgr:1039 - genDependencies : Invalid condition id : UX DEVICE CLASS RTOS Condition cause : null
2023-11-10 17:36:41,470 [WARN] ConditionMgr:1039 - genDependencies : Invalid condition id : UX DEVICE CLASS RTOS Condition cause : null
2023-11-10 17:36:41,470 [WARN] ConditionMgr:1039 - genDependencies : Invalid condition id : UX DEVICE CLASS RTOS Condition cause : null
2023-11-10 17:36:41,470 [WARN] ConditionMgr:1039 - genDependencies : Invalid condition id : UX DEVICE CLASS RTOS Condition cause : null
2023-11-10 17:36:41,470 [WARN] ConditionMgr:1039 - genDependencies : Invalid condition id : UX DEVICE CLASS RTOS Condition cause : null
2023-11-10 17:36:41,486 [WARN] PackLoader:240 - Cannot read IP mode file for STMicroelectronics.X-CUBE-SUBG2.5.0.0
2023-11-10 17:36:41,507 [WARN] PackLoader:240 - Cannot read IP mode file for STMicroelectronics.X-CUBE-TOF1.3.3.1
2023-11-10 17:36:41,536 [WARN] PackLoader:240 - Cannot read IP mode file for STMicroelectronics.X-CUBE-AZRTOS-G4.2.0.0
2023-11-10 17:36:41,553 [WARN] PackLoader:240 - Cannot read IP mode file for Infineon.AIROC-Wi-Fi-Bluetooth-STM32.1.5.1
2023-11-10 17:36:41,558 [WARN] PackLoader:240 - Cannot read IP mode file for STMicroelectronics.FP-SNS-MOTENVWB1.1.3.0
2023-11-10 17:36:41,599 [WARN] PackLoader:240 - Cannot read IP mode file for STMicroelectronics.X-CUBE-MEMS1.10.0.0
2023-11-10 17:36:41,690 [WARN] PackLoader:240 - Cannot read IP mode file for STMicroelectronics.X-CUBE-FREERTOS.1.1.0
2023-11-10 17:36:41,700 [WARN] PackLoader:240 - Cannot read IP mode file for portGmbH.I-Cube-SoM-uGOAL.1.1.0
2023-11-10 17:36:41,708 [WARN] PackLoader:240 - Cannot read IP mode file for STMicroelectronics.X-CUBE-ALS.1.0.1
2023-11-10 17:36:41,716 [WARN] PackLoader:240 - Cannot read IP mode file for STMicroelectronics.FP-ATR-ASTRA1.2.0.0
2023-11-10 17:36:41,717 [INFO] ThirdParty:978 - Integrity check success = true
2023-11-10 17:36:41,717 [INFO] IntegrityCheckThread:100 - exiting critical section [integrity check]
2023-11-10 17:36:41,717 [INFO] IntegrityCheckThread:103 - End integrity checks thread
2023-11-10 17:36:55,946 [ERROR] LogOutputStream:75 - [STDERR_REDIRECT] SLF4J: Failed to load class "org.slf4j.impl.StaticLoggerBinder".
2023-11-10 17:36:55,946 [ERROR] LogOutputStream:75 - [STDERR_REDIRECT] SLF4J: Defaulting to no-operation (NOP) logger implementation
2023-11-10 17:36:55,947 [ERROR] LogOutputStream:75 - [STDERR_REDIRECT] SLF4J: See http://www.slf4j.org/codes.html#StaticLoggerBinder for further details.
2023-11-10 20:11:09,384 [INFO] McuFinderGlobals:63 - Set McuFinder mode to 2 (CubeIDE integrated)
2023-11-10 20:11:09,405 [INFO] MainUpdater:2868 - connection check result : 10
2023-11-10 20:11:09,411 [INFO] MainUpdater:2868 - connection check result : 10
2023-11-10 20:11:09,550 [INFO] MicroXplorer:468 - Change Database Path : 
2023-11-10 20:11:09,550 [INFO] MicroXplorer:498 - Change Database Version : DB.6.0.92
2023-11-10 20:11:09,554 [WARN] ThirdParty:871 - waiting for thirdparty lock release [close project]
2023-11-10 20:11:09,554 [INFO] ThirdParty:873 - entering critical section [close project]
2023-11-10 20:11:09,571 [INFO] ThirdParty:883 - exiting critical section [close project]
2023-11-10 20:11:09,573 [INFO] PinOutPanel:1499 - setPackage(No Configuration,No Configuration)
2023-11-10 20:11:09,584 [INFO] UtilMem:75 - Begin LoadConfig() Used Memory: 333811232 Bytes (605028352)
2023-11-10 20:11:09,586 [INFO] MicroXplorer:468 - Change Database Path : 
2023-11-10 20:11:09,586 [INFO] MicroXplorer:498 - Change Database Version : DB.6.0.92
2023-11-10 20:11:09,586 [INFO] OpenFileManager:308 - Change cursor
2023-11-10 20:11:09,652 [INFO] Mcu:1946 - Initializing MCU STM32F103V(C-D-E)Tx STM32F103VCTx STM32F103VCT6
2023-11-10 20:11:10,874 [INFO] Context:659 - Trying to add GPIOservice into a context  which must be forbidden
2023-11-10 20:11:11,199 [INFO] RtosManager:555 - Registered RTOS mode: class=CMSIS, group=RTOS, mode=CMSIS_V1, owner=FREERTOS
2023-11-10 20:11:11,199 [INFO] RtosManager:555 - Registered RTOS mode: class=CMSIS, group=RTOS2, mode=CMSIS_V2, owner=FREERTOS
2023-11-10 20:11:11,199 [INFO] RtosManager:555 - Registered RTOS mode: class=RTOS, group=Core, mode=CMSIS_V1, owner=FREERTOS
2023-11-10 20:11:11,199 [INFO] RtosManager:555 - Registered RTOS mode: class=RTOS, group=Core, mode=CMSIS_V2, owner=FREERTOS
2023-11-10 20:11:11,200 [WARN] ModelIntegratedComponent:184 - Missing modes for component STMicroelectronics:FreeRTOS:0.0.1:STMicroelectronics:RTOS:FreeRTOS:Core:::10.2.0:
2023-11-10 20:11:11,218 [WARN] ModelIntegratedComponent:63 - No mode defined for component null
2023-11-10 20:11:11,218 [WARN] ModelIntegratedComponent:63 - No mode defined for component null
2023-11-10 20:11:11,218 [WARN] ModelIntegratedComponent:63 - No mode defined for component null
2023-11-10 20:11:11,218 [WARN] ModelIntegratedComponent:63 - No mode defined for component null
2023-11-10 20:11:11,219 [WARN] ModelIntegratedComponent:63 - No mode defined for component null
2023-11-10 20:11:11,219 [WARN] ModelIntegratedComponent:63 - No mode defined for component null
2023-11-10 20:11:11,219 [WARN] ModelIntegratedComponent:63 - No mode defined for component null
2023-11-10 20:11:11,219 [WARN] ModelIntegratedComponent:63 - No mode defined for component null
2023-11-10 20:11:11,219 [WARN] ModelIntegratedComponent:63 - No mode defined for component null
2023-11-10 20:11:11,219 [WARN] ModelIntegratedComponent:63 - No mode defined for component null
2023-11-10 20:11:11,219 [WARN] ModelIntegratedComponent:63 - No mode defined for component null
2023-11-10 20:11:11,219 [WARN] ModelIntegratedComponent:63 - No mode defined for component null
2023-11-10 20:11:11,219 [WARN] ModelIntegratedComponent:63 - No mode defined for component null
2023-11-10 20:11:11,219 [WARN] ModelIntegratedComponent:63 - No mode defined for component null
2023-11-10 20:11:11,219 [WARN] ModelIntegratedComponent:63 - No mode defined for component null
2023-11-10 20:11:11,219 [WARN] ModelIntegratedComponent:63 - No mode defined for component null
2023-11-10 20:11:11,219 [WARN] ModelIntegratedComponent:63 - No mode defined for component null
2023-11-10 20:11:11,219 [WARN] ModelIntegratedComponent:63 - No mode defined for component null
2023-11-10 20:11:11,219 [WARN] ModelIntegratedComponent:63 - No mode defined for component null
2023-11-10 20:11:11,220 [WARN] ModelIntegratedComponent:63 - No mode defined for component null
2023-11-10 20:11:11,220 [WARN] ModelIntegratedComponent:63 - No mode defined for component null
2023-11-10 20:11:11,220 [WARN] ModelIntegratedComponent:63 - No mode defined for component null
2023-11-10 20:11:11,220 [WARN] ModelIntegratedComponent:63 - No mode defined for component null
2023-11-10 20:11:11,220 [WARN] ModelIntegratedComponent:63 - No mode defined for component null
2023-11-10 20:11:11,220 [WARN] ModelIntegratedComponent:63 - No mode defined for component null
2023-11-10 20:11:11,220 [WARN] ModelIntegratedComponent:63 - No mode defined for component null
2023-11-10 20:11:11,220 [WARN] ModelIntegratedComponent:63 - No mode defined for component null
2023-11-10 20:11:11,220 [WARN] ModelIntegratedComponent:63 - No mode defined for component null
2023-11-10 20:11:11,220 [WARN] ModelIntegratedComponent:63 - No mode defined for component null
2023-11-10 20:11:11,220 [WARN] ModelIntegratedComponent:63 - No mode defined for component null
2023-11-10 20:11:11,220 [WARN] ModelIntegratedComponent:63 - No mode defined for component null
2023-11-10 20:11:11,220 [WARN] ModelIntegratedComponent:63 - No mode defined for component null
2023-11-10 20:11:11,220 [WARN] ModelIntegratedComponent:63 - No mode defined for component null
2023-11-10 20:11:11,343 [INFO] ThirdPartyModel:298 - Start build external matchings
2023-11-10 20:11:11,648 [INFO] ThirdPartyModel:316 - End build external matchings
2023-11-10 20:11:11,657 [INFO] ImportTextPane:194 - (OptionalMessage_ERROR) IP (RCC) : Parameter (ADCFreqValue) has invalid value (36000000)
2023-11-10 20:11:11,657 [INFO] ImportTextPane:194 - (OptionalMessage_ERROR) IP (RCC) : Invalid parameter (FamilyName)
2023-11-10 20:11:11,658 [INFO] ImportTextPane:194 - (OptionalMessage_ERROR) IP (RCC) : Parameter (MCOFreq_Value) has invalid value (72000000)
2023-11-10 20:11:12,014 [INFO] UtilMem:75 - End LoadConfig() Used Memory: 393891360 Bytes (629145600)
2023-11-10 20:11:12,157 [INFO] ApiDb:581 - Connected to CubeFinder SQLite database (C:\Users\wjunh\.stmcufinder\plugins\mcufinder\mcu\cube-finder-db.db)
2023-11-10 20:11:12,232 [INFO] ApiDb:668 - CubeFinder database Data Model version=2.1
2023-11-10 20:11:12,232 [INFO] ApiDb:669 - CubeFinder database Configuration version=3.0.37
2023-11-10 20:11:12,233 [INFO] ApiDb:670 - CubeFinder database generation date=2023-10-13 (1697197505)
2023-11-10 20:11:12,233 [INFO] ApiDb:671 - CubeFinder database FW Pack versions=[FP-ATR-ASTRA1_V2.0.0, FP-SNS-FLIGHT1_V5.0.1, FP-SNS-FLIGHT1_V5.0.2, FP-SNS-MOTENV1_V4.3.1, FP-SNS-MOTENV1_V4.3.2, FP-SNS-SMARTAG2_V1.2.0, I-CUBE-ITTIADB_V8.6.3-1, STM32Cube_FW_C0_V1.1.0, STM32Cube_FW_F4_V1.27.1, STM32Cube_FW_F7_V1.17.0, STM32Cube_FW_G0_V1.6.1, STM32Cube_FW_G4_V1.5.1, STM32Cube_FW_H5_V0.5.1, STM32Cube_FW_H5_V1.1.1, STM32Cube_FW_H7_V1.11.0, STM32Cube_FW_L0_V1.12.2, STM32Cube_FW_L5_V1.5.0, STM32Cube_FW_U5_V1.3.0, STM32Cube_FW_U5_V1.3.0RC4, STM32Cube_FW_WBA_V1.0.0RC1, STM32Cube_FW_WBA_V1.1.0RC1, STM32Cube_FW_WBA_V1.1.1, STM32Cube_FW_WB_V1.15.0RC1, STM32Cube_FW_WB_V1.16.0, STM32Cube_FW_WB_V1.16.0RC2, STM32Cube_FW_WB_V1.17.3, STM32Cube_FW_WL_V1.3.0, X-CUBE-ALGOBUILD_V1.3.0, X-CUBE-ALS_V1.0.1, X-CUBE-AZRTOS-F4_V1.1.0, X-CUBE-AZRTOS-F7_V1.1.0, X-CUBE-AZRTOS-G0_V1.1.0, X-CUBE-AZRTOS-G4_V2.0.0, X-CUBE-AZRTOS-H7_V3.1.0, X-CUBE-AZRTOS-L4_V1.0.0, X-CUBE-AZRTOS-L4_V2.0.0, X-CUBE-AZRTOS-L5_V1.1.0, X-CUBE-AZRTOS-WB_V2.0.0, X-CUBE-AZRTOS-WL_V2.0.0, X-CUBE-BLE1_V7.0.0, X-CUBE-BLE2_V3.3.0, X-CUBE-BLEMGR_V2.0.0, X-CUBE-EEPRMA1_V4.1.0, X-CUBE-FREERTOS_V1.1.0, X-CUBE-GNSS1_V6.0.0, X-CUBE-MEMS1_V10.0.0, X-CUBE-MEMS1_V9.1.0, X-CUBE-MEMS1_V9.4.0, X-CUBE-MEMS1_V9.6.0, X-CUBE-NFC4_V3.0.0, X-CUBE-NFC7_V1.0.1, X-CUBE-SFXS2LP1_V4.0.0, X-CUBE-SUBG2_V5.0.0, X-CUBE-TOF1_V3.3.1]
2023-11-10 20:11:14,600 [INFO] ApiDb:240 - Found 323 in-development CPN: [B-G473E-ZEST1S, B-WB1M-WPAN1, B-WL5M-SUBG1, NUCLEO-C031C6, NUCLEO-H503RB, NUCLEO-H563ZI, NUCLEO-U545RE-Q, NUCLEO-U5A5ZJ-Q, NUCLEO-WBA52CG, STEVAL-PROTEUS1, STEVAL-SMARTAG2, STEVAL-STWINBX1, STM320518-EVAL, STM32C0116-DK, STM32C011D6Y3TR, STM32C011D6Y6TR, STM32C011F4P3, STM32C011F4P6, STM32C011F4U3, STM32C011F4U6TR, STM32C011F6P3, STM32C011F6P6, STM32C011F6U3, STM32C011F6U6TR, STM32C011J4M3, STM32C011J4M6, STM32C011J6M3, STM32C011J6M6, STM32C0316-DK, STM32C031C4T3, STM32C031C4T6, STM32C031C4U3, STM32C031C4U6, STM32C031C6T3, STM32C031C6T6, STM32C031C6U3, STM32C031C6U6, STM32C031F4P3, STM32C031F4P6, STM32C031F6P3, STM32C031F6P6, STM32C031G4U3, STM32C031G4U6, STM32C031G6U3, STM32C031G6U6, STM32C031K4T3, STM32C031K4T6, STM32C031K4U3, STM32C031K4U6, STM32C031K6T3, STM32C031K6T6, STM32C031K6U3, STM32C031K6U6, STM32G071K8TXN, STM32G071K8UXN, STM32G081GBU6N, STM32G081KBT6N, STM32G081KBUXN, STM32G0B1CCT6N, STM32G0B1KCT6, STM32G0B1NEY6TR, STM32G0B1RCT6N, STM32G0C1CCT6, STM32G0C1CCT6N, STM32G0C1CCU6N, STM32G0C1CET6N, STM32G0C1CEU6N, STM32G0C1KCT6, STM32G0C1NEY6TR, STM32G0C1RCI6N, STM32G0C1RCT6N, STM32G0C1REI6N, STM32G0C1RET6N, STM32G0C1VCI6, STM32G0C1VEI6, STM32G471CCT6, STM32G471CCU6, STM32G471CET3, STM32G471CET6, STM32G471CEU3, STM32G471CEU6, STM32G471MCT6, STM32G471MET3, STM32G471MET6, STM32G471MEY6TR, STM32G471QCT6, STM32G471QET3, STM32G471RCT6, STM32G471RET3, STM32G471RET6, STM32G471VCH6, STM32G471VCI6, STM32G471VCT6, STM32G471VEH3, STM32G471VEH6, STM32G471VEI3, STM32G471VEI6, STM32G471VET3, STM32G471VET6, STM32G474CCT6, STM32H503CBT6, STM32H503CBU6, STM32H503EBY6TR, STM32H503KBU6, STM32H503RBT6, STM32H562AGI6, STM32H562AII6, STM32H562IGK6, STM32H562IGT6, STM32H562IIK6, STM32H562IIT6, STM32H562RGT6, STM32H562RGV6, STM32H562RIT6, STM32H562RIV6, STM32H562VGT6, STM32H562VIT6, STM32H562ZGT6, STM32H562ZIT6, STM32H563AGI6, STM32H563AII3Q, STM32H563AII6, STM32H563IGK6, STM32H563IGT6, STM32H563IIK3Q, STM32H563IIK6, STM32H563IIT3Q, STM32H563IIT6, STM32H563MIY3QTR, STM32H563RGT6, STM32H563RGV6, STM32H563RIT6, STM32H563RIV6, STM32H563VGT6, STM32H563VIT3Q, STM32H563VIT6, STM32H563ZGT6, STM32H563ZIT3Q, STM32H563ZIT6, STM32H573AII3Q, STM32H573AII6, STM32H573I-DK, STM32H573IIK3Q, STM32H573IIK6, STM32H573IIT3Q, STM32H573IIT6, STM32H573MIY3QTR, STM32H573RIT6, STM32H573RIV6, STM32H573VIT3Q, STM32H573VIT6, STM32H573ZIT3Q, STM32H573ZIT6, STM32L4R5QGI6STR, STM32MP131AAE3, STM32MP131AAF3, STM32MP131AAG3, STM32MP131CAE3, STM32MP131CAF3, STM32MP131CAG3, STM32MP131DAE7, STM32MP131DAF7, STM32MP131DAG7, STM32MP131FAE7, STM32MP131FAF7, STM32MP131FAG7, STM32MP133AAE3, STM32MP133AAF3, STM32MP133AAG3, STM32MP133CAE3, STM32MP133CAF3, STM32MP133CAG3, STM32MP133DAE7, STM32MP133DAF7, STM32MP133DAG7, STM32MP133FAE7, STM32MP133FAF7, STM32MP133FAG7, STM32MP135AAE3, STM32MP135AAF3, STM32MP135AAG3, STM32MP135CAE3, STM32MP135CAF3, STM32MP135CAG3, STM32MP135DAE7, STM32MP135DAF7, STM32MP135DAG7, STM32MP135F-DK, STM32MP135FAE7, STM32MP135FAF7, STM32MP135FAF7T, STM32MP135FAF7U, STM32MP135FAG7, STM32U535CBT6, STM32U535CBT6Q, STM32U535CBU6, STM32U535CBU6Q, STM32U535CCT6, STM32U535CCT6Q, STM32U535CCU6, STM32U535CCU6Q, STM32U535CET6, STM32U535CET6Q, STM32U535CEU6, STM32U535CEU6Q, STM32U535JEY6QTR, STM32U535NCY6QTR, STM32U535NEY6QTR, STM32U535RBI6, STM32U535RBI6Q, STM32U535RBT6, STM32U535RBT6Q, STM32U535RCI6, STM32U535RCI6Q, STM32U535RCT6, STM32U535RCT6Q, STM32U535REI6, STM32U535REI6Q, STM32U535RET6, STM32U535RET6Q, STM32U535VCI6, STM32U535VCI6Q, STM32U535VCT6, STM32U535VCT6Q, STM32U535VEI6, STM32U535VEI6Q, STM32U535VET6, STM32U535VET6Q, STM32U545CET6, STM32U545CET6Q, STM32U545CEU6, STM32U545CEU6Q, STM32U545JEY6QTR, STM32U545NEY6QTR, STM32U545REI6, STM32U545REI6Q, STM32U545RET6, STM32U545RET6Q, STM32U545VEI6, STM32U545VEI6Q, STM32U545VET6, STM32U545VET6Q, STM32U595AIH6, STM32U595AIH6Q, STM32U595AJH6, STM32U595AJH6Q, STM32U595QII6, STM32U595QII6Q, STM32U595QJI6, STM32U595QJI6Q, STM32U595RIT6, STM32U595RIT6Q, STM32U595RJT6, STM32U595RJT6Q, STM32U595VIT6, STM32U595VIT6Q, STM32U595VJT6, STM32U595VJT6Q, STM32U595ZIT6, STM32U595ZIT6Q, STM32U595ZIY6QTR, STM32U595ZJT6, STM32U595ZJT6Q, STM32U595ZJY6QTR, STM32U599BJY6QTR, STM32U599NIH6Q, STM32U599NJH6Q, STM32U599VIT6Q, STM32U599VJT6, STM32U599VJT6Q, STM32U599ZIT6Q, STM32U599ZIY6QTR, STM32U599ZJT6Q, STM32U599ZJY6QTR, STM32U5A5AJH6, STM32U5A5AJH6Q, STM32U5A5QJI6, STM32U5A5QJI6Q, STM32U5A5RJT6, STM32U5A5RJT6Q, STM32U5A5VJT6, STM32U5A5VJT6Q, STM32U5A5ZJT6, STM32U5A5ZJT6Q, STM32U5A5ZJY6QTR, STM32U5A9BJY6QTR, STM32U5A9J-DK, STM32U5A9NJH6Q, STM32U5A9VJT6Q, STM32U5A9ZJT6Q, STM32U5A9ZJY6QTR, STM32U5F7VIT6, STM32U5F7VIT6Q, STM32U5F7VJT6, STM32U5F7VJT6Q, STM32U5F9BJY6QTR, STM32U5F9NJH6Q, STM32U5F9VIT6Q, STM32U5F9VJT6Q, STM32U5F9ZIJ6QTR, STM32U5F9ZIT6Q, STM32U5F9ZJJ6QTR, STM32U5F9ZJT6Q, STM32U5G7VJT6, STM32U5G7VJT6Q, STM32U5G9BJY6QTR, STM32U5G9J-DK1, STM32U5G9J-DK2, STM32U5G9NJH6Q, STM32U5G9VJT6Q, STM32U5G9ZJJ6QTR, STM32U5G9ZJT6Q, STM32WB1MMCH6, STM32WBA52CEU6, STM32WBA52CEU6T, STM32WBA52CGU6, STM32WBA52CGU6T, STM32WBA52KEU6, STM32WBA52KEU6T, STM32WBA52KGU6, STM32WBA52KGU6T, STM32WL5MOCH6, STM32WL5MOCH6TR]
2023-11-10 20:11:14,603 [INFO] DbMcus:217 - Found 3848 MCUs, 3848 are supported
2023-11-10 20:11:14,607 [INFO] ApiDb:423 - Load user favorites file C:\Users\wjunh/.stm32cubeide/favorites.mcus.txt: 1 item(s)
2023-11-10 20:11:14,607 [INFO] ApiDb:427 - User favorites MCUs=[STM32F407VET6]
2023-11-10 20:11:14,607 [INFO] DbMcus:223 - Set 1 / 1 favorites MCUs
2023-11-10 20:11:14,909 [WARN] ThirdParty:833 - waiting for thirdparty lock release [change project]
2023-11-10 20:11:14,909 [INFO] ThirdParty:835 - entering critical section [change project]
2023-11-10 20:11:14,909 [INFO] ThirdParty:1030 - CMSIS Pack Vendor :STMicroelectronics X-CUBE-ISPU 1.1.0
2023-11-10 20:11:14,909 [INFO] ThirdParty:1030 - CMSIS Pack Vendor :STMicroelectronics USBPD 4.1
2023-11-10 20:11:14,909 [INFO] ThirdParty:1030 - CMSIS Pack Vendor :STMicroelectronics X-CUBE-GNSS1 6.0.0
2023-11-10 20:11:14,910 [INFO] ThirdParty:1030 - CMSIS Pack Vendor :STMicroelectronics USB_HOST 2.0.0
2023-11-10 20:11:14,910 [INFO] ThirdParty:1030 - CMSIS Pack Vendor :STMicroelectronics X-CUBE-AZRTOS-F4 1.1.0
2023-11-10 20:11:14,910 [INFO] ThirdParty:1030 - CMSIS Pack Vendor :STMicroelectronics LIBJPEG 8.0.0
2023-11-10 20:11:14,910 [INFO] ThirdParty:1030 - CMSIS Pack Vendor :wolfSSL I-CUBE-wolfSSL 5.6.3
2023-11-10 20:11:14,910 [INFO] ThirdParty:1030 - CMSIS Pack Vendor :STMicroelectronics X-CUBE-SMBUS 2.1.0
2023-11-10 20:11:14,910 [INFO] ThirdParty:1030 - CMSIS Pack Vendor :STMicroelectronics USB_DEVICE 3.0.0
2023-11-10 20:11:14,910 [INFO] ThirdParty:1030 - CMSIS Pack Vendor :STMicroelectronics X-CUBE-AZRTOS-WB 2.0.0
2023-11-10 20:11:14,910 [INFO] ThirdParty:1030 - CMSIS Pack Vendor :STMicroelectronics X-CUBE-AZRTOS-F7 1.1.0
2023-11-10 20:11:14,910 [INFO] ThirdParty:1030 - CMSIS Pack Vendor :STMicroelectronics X-CUBE-AZRTOS-L5 2.0.0
2023-11-10 20:11:14,910 [INFO] ThirdParty:1030 - CMSIS Pack Vendor :STMicroelectronics USB_DEVICE 2.0.0
2023-11-10 20:11:14,910 [INFO] ThirdParty:1030 - CMSIS Pack Vendor :STMicroelectronics X-CUBE-EEPRMA1 4.2.0
2023-11-10 20:11:14,910 [INFO] ThirdParty:1030 - CMSIS Pack Vendor :ITTIA_DB I-CUBE-ITTIADB 8.8.0
2023-11-10 20:11:14,910 [INFO] ThirdParty:1030 - CMSIS Pack Vendor :STMicroelectronics FP-SNS-MOTENV1 4.3.2
2023-11-10 20:11:14,910 [INFO] ThirdParty:1030 - CMSIS Pack Vendor :STMicroelectronics X-CUBE-ALGOBUILD 1.3.0
2023-11-10 20:11:14,911 [INFO] ThirdParty:1030 - CMSIS Pack Vendor :STMicroelectronics FreeRTOS 0.0.1
2023-11-10 20:11:14,911 [INFO] ThirdParty:1030 - CMSIS Pack Vendor :STMicroelectronics X-CUBE-AZRTOS-G0 1.1.0
2023-11-10 20:11:14,911 [INFO] ThirdParty:1030 - CMSIS Pack Vendor :STMicroelectronics X-CUBE-BLEMGR 2.0.0
2023-11-10 20:11:14,911 [INFO] ThirdParty:1030 - CMSIS Pack Vendor :STMicroelectronics X-CUBE-NFC4 3.0.0
2023-11-10 20:11:14,911 [INFO] ThirdParty:1030 - CMSIS Pack Vendor :STMicroelectronics X-CUBE-SUBG2 5.0.0
2023-11-10 20:11:14,911 [INFO] ThirdParty:1030 - CMSIS Pack Vendor :STMicroelectronics STM32_WPAN 1.0.0
2023-11-10 20:11:14,911 [INFO] ThirdParty:1030 - CMSIS Pack Vendor :STMicroelectronics lwIP 2.0.3
2023-11-10 20:11:14,911 [INFO] ThirdParty:1030 - CMSIS Pack Vendor :STMicroelectronics FP-SNS-FLIGHT1 5.0.2
2023-11-10 20:11:14,911 [INFO] ThirdParty:1030 - CMSIS Pack Vendor :STMicroelectronics USB_HOST 1.0.0
2023-11-10 20:11:14,911 [INFO] ThirdParty:1030 - CMSIS Pack Vendor :STMicroelectronics X-CUBE-TOF1 3.3.1
2023-11-10 20:11:14,911 [INFO] ThirdParty:1030 - CMSIS Pack Vendor :STMicroelectronics X-CUBE-AZRTOS-G4 2.0.0
2023-11-10 20:11:14,911 [INFO] ThirdParty:1030 - CMSIS Pack Vendor :STMicroelectronics PDM2PCM 3.1.0
2023-11-10 20:11:14,911 [INFO] ThirdParty:1030 - CMSIS Pack Vendor :STMicroelectronics X-CUBE-AZRTOS-H7 3.1.0
2023-11-10 20:11:14,911 [INFO] ThirdParty:1030 - CMSIS Pack Vendor :Infineon AIROC-Wi-Fi-Bluetooth-STM32 1.5.1
2023-11-10 20:11:14,911 [INFO] ThirdParty:1030 - CMSIS Pack Vendor :STMicroelectronics X-CUBE-BLEMGR 3.0.0
2023-11-10 20:11:14,911 [INFO] ThirdParty:1030 - CMSIS Pack Vendor :STMicroelectronics PDM2PCM 3.3.0
2023-11-10 20:11:14,912 [INFO] ThirdParty:1030 - CMSIS Pack Vendor :STMicroelectronics X-CUBE-DISPLAY 3.0.0
2023-11-10 20:11:14,912 [INFO] ThirdParty:1030 - CMSIS Pack Vendor :STMicroelectronics FP-SNS-MOTENVWB1 1.3.0
2023-11-10 20:11:14,912 [INFO] ThirdParty:1030 - CMSIS Pack Vendor :STMicroelectronics X-CUBE-BLE1 7.0.0
2023-11-10 20:11:14,912 [INFO] ThirdParty:1030 - CMSIS Pack Vendor :STMicroelectronics FP-ATR-SIGFOX1 3.2.0
2023-11-10 20:11:14,912 [INFO] ThirdParty:1030 - CMSIS Pack Vendor :STMicroelectronics HAL Drivers 0.0.0
2023-11-10 20:11:14,912 [INFO] ThirdParty:1030 - CMSIS Pack Vendor :STMicroelectronics MBEDTLS 2.16.2
2023-11-10 20:11:14,912 [INFO] ThirdParty:1030 - CMSIS Pack Vendor :emotas I-CUBE-CANOPEN 1.3.0
2023-11-10 20:11:14,912 [INFO] ThirdParty:1030 - CMSIS Pack Vendor :STMicroelectronics X-CUBE-MEMS1 10.0.0
2023-11-10 20:11:14,912 [INFO] ThirdParty:1030 - CMSIS Pack Vendor :STMicroelectronics X-CUBE-FREERTOS 1.1.0
2023-11-10 20:11:14,912 [INFO] ThirdParty:1030 - CMSIS Pack Vendor :STMicroelectronics X-CUBE-NFC7 1.0.1
2023-11-10 20:11:14,912 [INFO] ThirdParty:1030 - CMSIS Pack Vendor :STMicroelectronics MBEDTLS 2.14.1
2023-11-10 20:11:14,912 [INFO] ThirdParty:1030 - CMSIS Pack Vendor :STMicroelectronics X-CUBE-TOUCHGFX 4.22.1
2023-11-10 20:11:14,912 [INFO] ThirdParty:1030 - CMSIS Pack Vendor :STMicroelectronics X-CUBE-NFC6 3.0.0
2023-11-10 20:11:14,912 [INFO] ThirdParty:1030 - CMSIS Pack Vendor :STMicroelectronics X-CUBE-EEPRMA1 4.1.0
2023-11-10 20:11:14,912 [INFO] ThirdParty:1030 - CMSIS Pack Vendor :portGmbH I-Cube-SoM-uGOAL 1.1.0
2023-11-10 20:11:14,912 [INFO] ThirdParty:1030 - CMSIS Pack Vendor :STMicroelectronics X-CUBE-ALS 1.0.1
2023-11-10 20:11:14,912 [INFO] ThirdParty:1030 - CMSIS Pack Vendor :STMicroelectronics ThreadX 1.0.0
2023-11-10 20:11:14,912 [INFO] ThirdParty:1030 - CMSIS Pack Vendor :STMicroelectronics FP-SNS-SMARTAG2 1.2.0
2023-11-10 20:11:14,912 [INFO] ThirdParty:1030 - CMSIS Pack Vendor :STMicroelectronics X-CUBE-AZRTOS-WL 2.0.0
2023-11-10 20:11:14,912 [INFO] ThirdParty:1030 - CMSIS Pack Vendor :SEGGER I-CUBE-embOS 1.3.1
2023-11-10 20:11:14,912 [INFO] ThirdParty:1030 - CMSIS Pack Vendor :STMicroelectronics USB_DEVICE 1.0.0
2023-11-10 20:11:14,912 [INFO] ThirdParty:1030 - CMSIS Pack Vendor :STMicroelectronics X-CUBE-AI 8.1.0
2023-11-10 20:11:14,912 [INFO] ThirdParty:1030 - CMSIS Pack Vendor :STMicroelectronics X-CUBE-AZRTOS-L4 2.0.0
2023-11-10 20:11:14,913 [INFO] ThirdParty:1030 - CMSIS Pack Vendor :STMicroelectronics ThreadX 0.0.2
2023-11-10 20:11:14,913 [INFO] ThirdParty:1030 - CMSIS Pack Vendor :WES I-CUBE-Cesium 1.3.0
2023-11-10 20:11:14,913 [INFO] ThirdParty:1030 - CMSIS Pack Vendor :STMicroelectronics FP-ATR-ASTRA1 2.0.0
2023-11-10 20:11:14,913 [INFO] ThirdParty:1030 - CMSIS Pack Vendor :STMicroelectronics lwIP 2.1.2
2023-11-10 20:11:14,913 [INFO] ThirdParty:1030 - CMSIS Pack Vendor :STMicroelectronics X-CUBE-SFXS2LP1 4.0.0
2023-11-10 20:11:14,913 [INFO] ThirdParty:1030 - CMSIS Pack Vendor :STMicroelectronics X-CUBE-BLE2 3.3.0
2023-11-10 20:11:14,913 [INFO] ThirdParty:1030 - CMSIS Pack Vendor :STMicroelectronics PDM2PCM 3.2.0
2023-11-10 20:11:14,913 [INFO] ThirdParty:841 - exiting critical section [change project]
2023-11-10 20:11:15,285 [INFO] PinOutPanel:1499 - setPackage(No Configuration,No Configuration)
2023-11-10 20:11:15,287 [INFO] PinOutPanel:1499 - setPackage(STM32F103VCTx,LQFP100)
2023-11-10 20:11:15,908 [INFO] UtilMem:75 - Before build in PCC Used Memory: 288720128 Bytes (629145600)
2023-11-10 20:11:16,704 [INFO] UtilMem:75 - After build in PCC Used Memory: 355304704 Bytes (629145600)
2023-11-10 20:11:16,874 [INFO] ApiDbMcu:507 - Load IP Config File for USB_DEVICE
2023-11-10 20:11:16,906 [INFO] IPUIPlugin:80 - create IPUIPlugin
2023-11-10 20:11:16,906 [INFO] IPUIPlugin:80 - create IPUIPlugin
2023-11-10 20:11:16,907 [INFO] IPUIPlugin:80 - create IPUIPlugin
2023-11-10 20:11:16,907 [INFO] IPUIPlugin:80 - create IPUIPlugin
2023-11-10 20:11:16,907 [INFO] IPUIPlugin:80 - create IPUIPlugin
2023-11-10 20:11:16,907 [INFO] IPUIPlugin:80 - create IPUIPlugin
2023-11-10 20:11:16,907 [INFO] IPUIPlugin:80 - create IPUIPlugin
2023-11-10 20:11:16,907 [INFO] IPUIPlugin:80 - create IPUIPlugin
2023-11-10 20:11:16,907 [INFO] IPUIPlugin:80 - create IPUIPlugin
2023-11-10 20:11:16,907 [INFO] IPUIPlugin:80 - create IPUIPlugin
2023-11-10 20:11:16,907 [INFO] IPUIPlugin:80 - create IPUIPlugin
2023-11-10 20:11:16,907 [INFO] IPUIPlugin:80 - create IPUIPlugin
2023-11-10 20:11:16,907 [INFO] IPUIPlugin:80 - create IPUIPlugin
2023-11-10 20:11:16,908 [INFO] IPUIPlugin:80 - create IPUIPlugin
2023-11-10 20:11:16,908 [INFO] IPUIPlugin:80 - create IPUIPlugin
2023-11-10 20:11:16,908 [INFO] IPUIPlugin:80 - create IPUIPlugin
2023-11-10 20:11:16,908 [INFO] IPUIPlugin:80 - create IPUIPlugin
2023-11-10 20:11:16,908 [INFO] IPUIPlugin:80 - create IPUIPlugin
2023-11-10 20:11:16,908 [INFO] IPUIPlugin:80 - create IPUIPlugin
2023-11-10 20:11:16,908 [INFO] IPUIPlugin:80 - create IPUIPlugin
2023-11-10 20:11:16,908 [INFO] IPUIPlugin:80 - create IPUIPlugin
2023-11-10 20:11:16,909 [INFO] IPUIPlugin:80 - create IPUIPlugin
2023-11-10 20:11:16,909 [INFO] IPUIPlugin:80 - create IPUIPlugin
2023-11-10 20:11:16,909 [INFO] IPUIPlugin:80 - create IPUIPlugin
2023-11-10 20:11:16,910 [INFO] IPUIPlugin:80 - create IPUIPlugin
2023-11-10 20:11:16,910 [INFO] IPUIPlugin:80 - create IPUIPlugin
2023-11-10 20:11:16,910 [INFO] IPUIPlugin:80 - create IPUIPlugin
2023-11-10 20:11:16,910 [INFO] IPUIPlugin:80 - create IPUIPlugin
2023-11-10 20:11:16,911 [INFO] IPUIPlugin:80 - create IPUIPlugin
2023-11-10 20:11:16,911 [INFO] IPUIPlugin:80 - create IPUIPlugin
2023-11-10 20:11:16,911 [INFO] IPUIPlugin:80 - create IPUIPlugin
2023-11-10 20:11:16,911 [INFO] IPUIPlugin:80 - create IPUIPlugin
2023-11-10 20:11:16,911 [INFO] IPUIPlugin:80 - create IPUIPlugin
2023-11-10 20:11:16,912 [INFO] IPUIPlugin:80 - create IPUIPlugin
2023-11-10 20:11:16,912 [INFO] IPUIPlugin:80 - create IPUIPlugin
2023-11-10 20:11:16,912 [INFO] IPUIPlugin:80 - create IPUIPlugin
2023-11-10 20:11:16,912 [INFO] IPUIPlugin:80 - create IPUIPlugin
2023-11-10 20:11:16,912 [INFO] IPUIPlugin:80 - create IPUIPlugin
2023-11-10 20:11:16,913 [INFO] IPUIPlugin:80 - create IPUIPlugin
2023-11-10 20:11:16,913 [INFO] IPUIPlugin:80 - create IPUIPlugin
2023-11-10 20:11:17,219 [INFO] CADModel:165 - CPN selected for project levelSTM32F103VCT6
2023-11-10 20:11:17,220 [INFO] CADModel:114 - Register for checkConnection events
2023-11-10 20:11:17,270 [INFO] OpenFileManager:328 - Restore cursor
2023-11-10 20:14:55,913 [INFO] UtilMem:75 - End SaveConfig() Used Memory: 306934232 Bytes (629145600)
2023-11-10 20:14:56,367 [INFO] BlockDiagram:2759 - set Specific Code input for plugin: RTC
2023-11-10 20:14:56,367 [INFO] BlockDiagram:2759 - set Specific Code input for plugin: FSMC
2023-11-10 20:14:56,367 [INFO] BlockDiagram:2759 - set Specific Code input for plugin: SPI
2023-11-10 20:14:56,368 [INFO] BlockDiagram:2759 - set Specific Code input for plugin: NVIC
2023-11-10 20:14:56,368 [INFO] BlockDiagram:2759 - set Specific Code input for plugin: USART
2023-11-10 20:14:56,368 [INFO] BlockDiagram:2759 - set Specific Code input for plugin: USB_DEVICE
2023-11-10 20:14:56,368 [INFO] BlockDiagram:2759 - set Specific Code input for plugin: USB
2023-11-10 20:14:56,368 [INFO] BlockDiagram:2759 - set Specific Code input for plugin: SYS
2023-11-10 20:14:56,368 [INFO] BlockDiagram:2759 - set Specific Code input for plugin: GPIO
2023-11-10 20:14:56,368 [INFO] BlockDiagram:2759 - set Specific Code input for plugin: RCC
2023-11-10 20:14:56,369 [INFO] CodeGenerator:799 - code generatio: config db path: C:\ST\STM32CubeIDE_1.13.2\STM32CubeIDE\plugins\com.st.stm32cube.common.mx_6.9.2.202309101412\\db\
2023-11-10 20:14:56,603 [INFO] CodeEngine:255 - oldGeneratedFile, D:\CUBE_NANDO_HAL\CUBE_NANDO_HAL\F103Programmer1\MXTmpFiles\license.tmp_save
2023-11-10 20:14:56,953 [INFO] CodeEngine:279 - Generated code: D:\CUBE_NANDO_HAL\CUBE_NANDO_HAL\F103Programmer1\MXTmpFiles\license.tmp
2023-11-10 20:14:57,093 [INFO] CodeEngine:255 - oldGeneratedFile, D:\CUBE_NANDO_HAL\CUBE_NANDO_HAL\F103Programmer1\Core\Src\gpio.c_save
2023-11-10 20:14:57,241 [INFO] CodeEngine:279 - Generated code: D:\CUBE_NANDO_HAL\CUBE_NANDO_HAL\F103Programmer1\Core\Src\gpio.c
2023-11-10 20:14:57,258 [INFO] CodeEngine:255 - oldGeneratedFile, D:\CUBE_NANDO_HAL\CUBE_NANDO_HAL\F103Programmer1\Core\Inc\gpio.h_save
2023-11-10 20:14:57,351 [INFO] CodeEngine:279 - Generated code: D:\CUBE_NANDO_HAL\CUBE_NANDO_HAL\F103Programmer1\Core\Inc\gpio.h
2023-11-10 20:14:57,449 [INFO] CodeEngine:255 - oldGeneratedFile, D:\CUBE_NANDO_HAL\CUBE_NANDO_HAL\F103Programmer1\MXTmpFiles\usb_vars.tmp_save
2023-11-10 20:14:57,541 [INFO] CodeEngine:279 - Generated code: D:\CUBE_NANDO_HAL\CUBE_NANDO_HAL\F103Programmer1\MXTmpFiles\usb_vars.tmp
2023-11-10 20:14:57,549 [INFO] CodeEngine:255 - oldGeneratedFile, D:\CUBE_NANDO_HAL\CUBE_NANDO_HAL\F103Programmer1\MXTmpFiles\usb_inc.tmp_save
2023-11-10 20:14:57,621 [INFO] CodeEngine:279 - Generated code: D:\CUBE_NANDO_HAL\CUBE_NANDO_HAL\F103Programmer1\MXTmpFiles\usb_inc.tmp
2023-11-10 20:14:57,637 [INFO] CodeEngine:255 - oldGeneratedFile, D:\CUBE_NANDO_HAL\CUBE_NANDO_HAL\F103Programmer1\MXTmpFiles\usb_HalInit.tmp_save
2023-11-10 20:14:57,736 [INFO] CodeEngine:279 - Generated code: D:\CUBE_NANDO_HAL\CUBE_NANDO_HAL\F103Programmer1\MXTmpFiles\usb_HalInit.tmp
2023-11-10 20:14:57,745 [INFO] CodeEngine:255 - oldGeneratedFile, D:\CUBE_NANDO_HAL\CUBE_NANDO_HAL\F103Programmer1\MXTmpFiles\usb_Msp.tmp_save
2023-11-10 20:14:57,838 [INFO] CodeEngine:279 - Generated code: D:\CUBE_NANDO_HAL\CUBE_NANDO_HAL\F103Programmer1\MXTmpFiles\usb_Msp.tmp
2023-11-10 20:14:58,168 [INFO] Middleware:1439 - No code input for Bsp Dependency
2023-11-10 20:14:58,192 [INFO] CodeEngine:255 - oldGeneratedFile, D:\CUBE_NANDO_HAL\CUBE_NANDO_HAL\F103Programmer1\Core\Src\fsmc.c_save
2023-11-10 20:14:58,281 [INFO] CodeEngine:279 - Generated code: D:\CUBE_NANDO_HAL\CUBE_NANDO_HAL\F103Programmer1\Core\Src\fsmc.c
2023-11-10 20:14:58,297 [INFO] CodeEngine:255 - oldGeneratedFile, D:\CUBE_NANDO_HAL\CUBE_NANDO_HAL\F103Programmer1\Core\Inc\fsmc.h_save
2023-11-10 20:14:58,376 [INFO] CodeEngine:279 - Generated code: D:\CUBE_NANDO_HAL\CUBE_NANDO_HAL\F103Programmer1\Core\Inc\fsmc.h
2023-11-10 20:14:58,395 [INFO] CodeEngine:255 - oldGeneratedFile, D:\CUBE_NANDO_HAL\CUBE_NANDO_HAL\F103Programmer1\Core\Src\rtc.c_save
2023-11-10 20:14:58,494 [INFO] CodeEngine:279 - Generated code: D:\CUBE_NANDO_HAL\CUBE_NANDO_HAL\F103Programmer1\Core\Src\rtc.c
2023-11-10 20:14:58,510 [INFO] CodeEngine:255 - oldGeneratedFile, D:\CUBE_NANDO_HAL\CUBE_NANDO_HAL\F103Programmer1\Core\Inc\rtc.h_save
2023-11-10 20:14:58,573 [INFO] CodeEngine:279 - Generated code: D:\CUBE_NANDO_HAL\CUBE_NANDO_HAL\F103Programmer1\Core\Inc\rtc.h
2023-11-10 20:14:58,586 [INFO] CodeEngine:255 - oldGeneratedFile, D:\CUBE_NANDO_HAL\CUBE_NANDO_HAL\F103Programmer1\Core\Src\spi.c_save
2023-11-10 20:14:58,691 [INFO] CodeEngine:279 - Generated code: D:\CUBE_NANDO_HAL\CUBE_NANDO_HAL\F103Programmer1\Core\Src\spi.c
2023-11-10 20:14:58,696 [INFO] CodeEngine:255 - oldGeneratedFile, D:\CUBE_NANDO_HAL\CUBE_NANDO_HAL\F103Programmer1\Core\Inc\spi.h_save
2023-11-10 20:14:58,773 [INFO] CodeEngine:279 - Generated code: D:\CUBE_NANDO_HAL\CUBE_NANDO_HAL\F103Programmer1\Core\Inc\spi.h
2023-11-10 20:14:58,786 [INFO] CodeEngine:255 - oldGeneratedFile, D:\CUBE_NANDO_HAL\CUBE_NANDO_HAL\F103Programmer1\Core\Src\usart.c_save
2023-11-10 20:14:58,883 [INFO] CodeEngine:279 - Generated code: D:\CUBE_NANDO_HAL\CUBE_NANDO_HAL\F103Programmer1\Core\Src\usart.c
2023-11-10 20:14:58,892 [INFO] CodeEngine:255 - oldGeneratedFile, D:\CUBE_NANDO_HAL\CUBE_NANDO_HAL\F103Programmer1\Core\Inc\usart.h_save
2023-11-10 20:14:58,954 [INFO] CodeEngine:279 - Generated code: D:\CUBE_NANDO_HAL\CUBE_NANDO_HAL\F103Programmer1\Core\Inc\usart.h
2023-11-10 20:14:58,959 [INFO] Middleware:1439 - No code input for Bsp Dependency
2023-11-10 20:14:58,979 [INFO] CodeEngine:255 - oldGeneratedFile, D:\CUBE_NANDO_HAL\CUBE_NANDO_HAL\F103Programmer1\USB_DEVICE\App\usb_device.c_save
2023-11-10 20:14:59,047 [INFO] CodeEngine:279 - Generated code: D:\CUBE_NANDO_HAL\CUBE_NANDO_HAL\F103Programmer1\USB_DEVICE\App\usb_device.c
2023-11-10 20:14:59,062 [INFO] CodeEngine:255 - oldGeneratedFile, D:\CUBE_NANDO_HAL\CUBE_NANDO_HAL\F103Programmer1\USB_DEVICE\App\usb_device.h_save
2023-11-10 20:14:59,117 [INFO] CodeEngine:279 - Generated code: D:\CUBE_NANDO_HAL\CUBE_NANDO_HAL\F103Programmer1\USB_DEVICE\App\usb_device.h
2023-11-10 20:14:59,132 [INFO] CodeEngine:255 - oldGeneratedFile, D:\CUBE_NANDO_HAL\CUBE_NANDO_HAL\F103Programmer1\USB_DEVICE\Target\usbd_conf.h_save
2023-11-10 20:14:59,193 [INFO] CodeEngine:279 - Generated code: D:\CUBE_NANDO_HAL\CUBE_NANDO_HAL\F103Programmer1\USB_DEVICE\Target\usbd_conf.h
2023-11-10 20:14:59,207 [INFO] CodeEngine:255 - oldGeneratedFile, D:\CUBE_NANDO_HAL\CUBE_NANDO_HAL\F103Programmer1\USB_DEVICE\Target\usbd_conf.c_save
2023-11-10 20:14:59,289 [INFO] CodeEngine:279 - Generated code: D:\CUBE_NANDO_HAL\CUBE_NANDO_HAL\F103Programmer1\USB_DEVICE\Target\usbd_conf.c
2023-11-10 20:14:59,305 [INFO] CodeEngine:255 - oldGeneratedFile, D:\CUBE_NANDO_HAL\CUBE_NANDO_HAL\F103Programmer1\USB_DEVICE\App\usbd_desc.h_save
2023-11-10 20:14:59,402 [INFO] CodeEngine:279 - Generated code: D:\CUBE_NANDO_HAL\CUBE_NANDO_HAL\F103Programmer1\USB_DEVICE\App\usbd_desc.h
2023-11-10 20:14:59,422 [INFO] CodeEngine:255 - oldGeneratedFile, D:\CUBE_NANDO_HAL\CUBE_NANDO_HAL\F103Programmer1\USB_DEVICE\App\usbd_desc.c_save
2023-11-10 20:14:59,498 [INFO] CodeEngine:279 - Generated code: D:\CUBE_NANDO_HAL\CUBE_NANDO_HAL\F103Programmer1\USB_DEVICE\App\usbd_desc.c
2023-11-10 20:14:59,513 [INFO] CodeEngine:255 - oldGeneratedFile, D:\CUBE_NANDO_HAL\CUBE_NANDO_HAL\F103Programmer1\USB_DEVICE\App\usbd_cdc_if.h_save
2023-11-10 20:14:59,566 [INFO] CodeEngine:279 - Generated code: D:\CUBE_NANDO_HAL\CUBE_NANDO_HAL\F103Programmer1\USB_DEVICE\App\usbd_cdc_if.h
2023-11-10 20:14:59,581 [INFO] CodeEngine:255 - oldGeneratedFile, D:\CUBE_NANDO_HAL\CUBE_NANDO_HAL\F103Programmer1\USB_DEVICE\App\usbd_cdc_if.c_save
2023-11-10 20:14:59,652 [INFO] CodeEngine:279 - Generated code: D:\CUBE_NANDO_HAL\CUBE_NANDO_HAL\F103Programmer1\USB_DEVICE\App\usbd_cdc_if.c
2023-11-10 20:14:59,681 [INFO] CodeEngine:255 - oldGeneratedFile, D:\CUBE_NANDO_HAL\CUBE_NANDO_HAL\F103Programmer1\Core\Src\stm32f1xx_it.c_save
2023-11-10 20:14:59,777 [INFO] CodeEngine:279 - Generated code: D:\CUBE_NANDO_HAL\CUBE_NANDO_HAL\F103Programmer1\Core\Src\stm32f1xx_it.c
2023-11-10 20:14:59,792 [INFO] CodeEngine:255 - oldGeneratedFile, D:\CUBE_NANDO_HAL\CUBE_NANDO_HAL\F103Programmer1\Core\Inc\stm32f1xx_it.h_save
2023-11-10 20:14:59,851 [INFO] CodeEngine:279 - Generated code: D:\CUBE_NANDO_HAL\CUBE_NANDO_HAL\F103Programmer1\Core\Inc\stm32f1xx_it.h
2023-11-10 20:14:59,874 [INFO] CodeEngine:255 - oldGeneratedFile, D:\CUBE_NANDO_HAL\CUBE_NANDO_HAL\F103Programmer1\Core\Src\stm32f1xx_hal_msp.c_save
2023-11-10 20:14:59,955 [INFO] CodeEngine:279 - Generated code: D:\CUBE_NANDO_HAL\CUBE_NANDO_HAL\F103Programmer1\Core\Src\stm32f1xx_hal_msp.c
2023-11-10 20:14:59,964 [INFO] CodeEngine:255 - oldGeneratedFile, D:\CUBE_NANDO_HAL\CUBE_NANDO_HAL\F103Programmer1\MXTmpFiles\system.tmp_save
2023-11-10 20:15:00,019 [INFO] CodeEngine:279 - Generated code: D:\CUBE_NANDO_HAL\CUBE_NANDO_HAL\F103Programmer1\MXTmpFiles\system.tmp
2023-11-10 20:15:00,038 [INFO] CodeEngine:311 - oldGeneratedFile, D:\CUBE_NANDO_HAL\CUBE_NANDO_HAL\F103Programmer1\Core\Inc\stm32f1xx_hal_conf.h_save
2023-11-10 20:15:00,121 [INFO] CodeEngine:335 - Generated code: D:\CUBE_NANDO_HAL\CUBE_NANDO_HAL\F103Programmer1\Core\Inc\stm32f1xx_hal_conf.h
2023-11-10 20:15:00,169 [INFO] CodeEngine:255 - oldGeneratedFile, D:\CUBE_NANDO_HAL\CUBE_NANDO_HAL\F103Programmer1\Core\Inc\main.h_save
2023-11-10 20:15:00,262 [INFO] CodeEngine:279 - Generated code: D:\CUBE_NANDO_HAL\CUBE_NANDO_HAL\F103Programmer1\Core\Inc\main.h
2023-11-10 20:15:00,281 [INFO] CodeEngine:255 - oldGeneratedFile, D:\CUBE_NANDO_HAL\CUBE_NANDO_HAL\F103Programmer1\Core\Src\main.c_save
2023-11-10 20:15:00,393 [INFO] CodeEngine:279 - Generated code: D:\CUBE_NANDO_HAL\CUBE_NANDO_HAL\F103Programmer1\Core\Src\main.c
2023-11-10 20:15:00,953 [INFO] ProjectBuilder:3064 - Time for Copy HAL[1] : 175mS.
2023-11-10 20:15:00,960 [INFO] ProjectBuilder:4404 - Project Generator version: 4.1.0
2023-11-10 20:15:01,166 [INFO] ConfigFileManager:1457 - The Die is : DIE414
2023-11-10 20:15:01,176 [INFO] ApiDbMcu:507 - Load IP Config File for FATFS
2023-11-10 20:15:01,186 [INFO] ApiDbMcu:507 - Load IP Config File for FREERTOS
2023-11-10 20:15:02,235 [INFO] LogOutputStream:77 - [STDOUT_REDIRECT] 
2023-11-10 20:15:03,838 [INFO] ProjectBuilder:4626 - Time for Generating toolchain IDE Files: 2876mS.
2023-11-10 20:15:03,838 [INFO] ProjectBuilder:2935 - Time for Copy CMSIS : 0mS.
2023-11-10 20:15:03,842 [INFO] ProjectBuilder:2935 - Time for Copy CMSIS : 0mS.
2023-11-10 20:19:33,947 [INFO] NvicIntPanel:101 - NVIC parent = com.st.microxplorer.plugins.ip.nvic.MultiNvicIntPanel[,0,0,0x0,invalid,layout=javax.swing.BoxLayout,alignmentX=0.0,alignmentY=0.0,border=,flags=9,maximumSize=,minimumSize=,preferredSize=]
2023-11-10 20:19:53,256 [INFO] NvicIntPanel:101 - NVIC parent = com.st.microxplorer.plugins.ip.nvic.MultiNvicIntPanel[,0,0,0x0,invalid,layout=javax.swing.BoxLayout,alignmentX=0.0,alignmentY=0.0,border=,flags=9,maximumSize=,minimumSize=,preferredSize=]
2023-11-10 20:19:54,469 [INFO] NvicIntPanel:101 - NVIC parent = com.st.microxplorer.plugins.ip.nvic.MultiNvicIntPanel[,0,0,0x0,invalid,layout=javax.swing.BoxLayout,alignmentX=0.0,alignmentY=0.0,border=,flags=9,maximumSize=,minimumSize=,preferredSize=]
2023-11-10 20:57:48,052 [INFO] UtilMem:75 - End SaveConfig() Used Memory: 287483904 Bytes (893386752)
