2023-11-06 00:34:48,503 [ERROR] LogOutputStream:75 - [STDERR_REDIRECT] 
2023-11-06 23:59:05,161 [INFO] Activator:176 - 


2023-11-06 23:59:05,162 [INFO] Activator:177 - !SESSION log4j initialized
2023-11-06 23:59:11,567 [INFO] LogOutputStream:77 - [STDOUT_REDIRECT] 
2023-11-06 23:59:24,849 [INFO] ApplicationProperties:184 - Using Application install path: C:\ST\STM32CubeIDE_1.13.2\STM32CubeIDE\plugins\com.st.stm32cube.common.mx_6.9.2.202309101412
2023-11-06 23:59:24,867 [INFO] DbMcusXml:78 - Set database path to: C:\ST\STM32CubeIDE_1.13.2\STM32CubeIDE\plugins\com.st.stm32cube.common.mx_6.9.2.202309101412\\db\/mcu/
2023-11-06 23:59:24,868 [INFO] ApiDb:274 - Set plugin database path to: C:\ST\STM32CubeIDE_1.13.2\STM32CubeIDE\plugins\com.st.stm32cube.common.mx_6.9.2.202309101412\\db\/plugins/boardmanager/
2023-11-06 23:59:24,868 [WARN] ApiDb:259 - Overriding images path with different value:  => C:\ST\STM32CubeIDE_1.13.2\STM32CubeIDE\plugins\com.st.stm32cube.common.mx_6.9.2.202309101412\\db\/plugins/mcufinder/images/
2023-11-06 23:59:24,885 [INFO] ApiDb:250 - Set database path to: C:\Users\wjunh\.stmcufinder\plugins\mcufinder//mcu/
2023-11-06 23:59:24,886 [INFO] DbMcusAds:125 - Set database path to: C:\Users\wjunh\.stmcufinder\plugins\mcufinder//mcu/
2023-11-06 23:59:24,892 [INFO] CrossReferenceDbSqlite:203 - Set database path to: C:\Users\wjunh\.stmcufinder\plugins\mcufinder//mcu/cs/
2023-11-06 23:59:25,002 [INFO] RulesReader:64 - Compatibility file has been processed (293 Rules)
2023-11-06 23:59:25,125 [INFO] DbMcusXml:78 - Set database path to: C:\ST\STM32CubeIDE_1.13.2\STM32CubeIDE\plugins\com.st.stm32cube.common.mx_6.9.2.202309101412\\db\/mcu/
2023-11-06 23:59:25,125 [INFO] ApiDb:274 - Set plugin database path to: C:\ST\STM32CubeIDE_1.13.2\STM32CubeIDE\plugins\com.st.stm32cube.common.mx_6.9.2.202309101412\\db\/plugins/boardmanager/
2023-11-06 23:59:25,125 [INFO] ApiDb:261 - Set plugin images path to: C:\ST\STM32CubeIDE_1.13.2\STM32CubeIDE\plugins\com.st.stm32cube.common.mx_6.9.2.202309101412\\db\/plugins/mcufinder/images/
2023-11-06 23:59:25,126 [WARN] DbFile:41 - Overriding database path with different value: C:\Users\wjunh\.stmcufinder\plugins\mcufinder/ => C:\Users\wjunh\.stmcufinder\plugins\mcufinder
2023-11-06 23:59:25,126 [INFO] ApiDb:250 - Set database path to: C:\Users\wjunh\.stmcufinder\plugins\mcufinder//mcu/
2023-11-06 23:59:25,126 [WARN] DbFile:41 - Overriding database path with different value: C:\Users\wjunh\.stmcufinder\plugins\mcufinder/ => C:\Users\wjunh\.stmcufinder\plugins\mcufinder
2023-11-06 23:59:25,126 [INFO] DbMcusAds:125 - Set database path to: C:\Users\wjunh\.stmcufinder\plugins\mcufinder//mcu/
2023-11-06 23:59:25,126 [WARN] DbFile:41 - Overriding database path with different value: C:\Users\wjunh\.stmcufinder\plugins\mcufinder/ => C:\Users\wjunh\.stmcufinder\plugins\mcufinder
2023-11-06 23:59:25,126 [WARN] DbFile:41 - Overriding database path with different value: C:\Users\wjunh\.stmcufinder\plugins\mcufinder/ => C:\Users\wjunh\.stmcufinder\plugins\mcufinder
2023-11-06 23:59:25,126 [INFO] CrossReferenceDbSqlite:203 - Set database path to: C:\Users\wjunh\.stmcufinder\plugins\mcufinder//mcu/cs/
2023-11-06 23:59:25,235 [INFO] MainPanel:262 - HeapMemory: 268435456
2023-11-06 23:59:25,327 [INFO] DbMcusXml:78 - Set database path to: C:\ST\STM32CubeIDE_1.13.2\STM32CubeIDE\plugins\com.st.stm32cube.common.mx_6.9.2.202309101412\\db\/mcu/
2023-11-06 23:59:25,327 [INFO] ApiDb:274 - Set plugin database path to: C:\ST\STM32CubeIDE_1.13.2\STM32CubeIDE\plugins\com.st.stm32cube.common.mx_6.9.2.202309101412\\db\/plugins/boardmanager/
2023-11-06 23:59:25,327 [INFO] ApiDb:261 - Set plugin images path to: C:\ST\STM32CubeIDE_1.13.2\STM32CubeIDE\plugins\com.st.stm32cube.common.mx_6.9.2.202309101412\\db\/plugins/mcufinder/images/
2023-11-06 23:59:25,328 [WARN] DbFile:41 - Overriding database path with different value: C:\Users\wjunh\.stmcufinder\plugins\mcufinder/ => C:\Users\wjunh\.stmcufinder\plugins\mcufinder
2023-11-06 23:59:25,328 [INFO] ApiDb:250 - Set database path to: C:\Users\wjunh\.stmcufinder\plugins\mcufinder//mcu/
2023-11-06 23:59:25,328 [WARN] DbFile:41 - Overriding database path with different value: C:\Users\wjunh\.stmcufinder\plugins\mcufinder/ => C:\Users\wjunh\.stmcufinder\plugins\mcufinder
2023-11-06 23:59:25,328 [INFO] DbMcusAds:125 - Set database path to: C:\Users\wjunh\.stmcufinder\plugins\mcufinder//mcu/
2023-11-06 23:59:25,328 [WARN] DbFile:41 - Overriding database path with different value: C:\Users\wjunh\.stmcufinder\plugins\mcufinder/ => C:\Users\wjunh\.stmcufinder\plugins\mcufinder
2023-11-06 23:59:25,328 [WARN] DbFile:41 - Overriding database path with different value: C:\Users\wjunh\.stmcufinder\plugins\mcufinder/ => C:\Users\wjunh\.stmcufinder\plugins\mcufinder
2023-11-06 23:59:25,328 [INFO] CrossReferenceDbSqlite:203 - Set database path to: C:\Users\wjunh\.stmcufinder\plugins\mcufinder//mcu/cs/
2023-11-06 23:59:25,345 [INFO] ApplicationProperties:184 - Using Application install path: C:\ST\STM32CubeIDE_1.13.2\STM32CubeIDE\plugins\com.st.stm32cube.common.mx_6.9.2.202309101412
2023-11-06 23:59:25,347 [INFO] PluginManage:196 - Search for loadable plugins [exclusion list=, ]
2023-11-06 23:59:25,348 [INFO] PluginManage:310 - Check plugin analytics
2023-11-06 23:59:30,065 [INFO] AnalyticsPlugin:253 - Accepted Software Licenses: 
2023-11-06 23:59:30,065 [INFO] AnalyticsPlugin:255 - Accepted CMSIS Pack Licenses: 
2023-11-06 23:59:30,065 [INFO] AnalyticsPlugin:257 - Accepted Firmware Licenses: 
2023-11-06 23:59:30,068 [INFO] PluginManage:359 - Loaded plugin analytics (category:tool,tabindex:-1)
2023-11-06 23:59:30,069 [INFO] PluginManage:310 - Check plugin cadmodel
2023-11-06 23:59:30,082 [INFO] CADModel:105 - Init CAD model plugin
2023-11-06 23:59:30,082 [INFO] PluginManage:359 - Loaded plugin cadmodel (category:power,tabindex:5)
2023-11-06 23:59:30,082 [INFO] PluginManage:310 - Check plugin clock
2023-11-06 23:59:30,099 [INFO] PluginManage:359 - Loaded plugin clock (category:base,tabindex:2)
2023-11-06 23:59:30,099 [INFO] PluginManage:310 - Check plugin ddr
2023-11-06 23:59:30,101 [INFO] PluginManage:359 - Loaded plugin ddr (category:tool,tabindex:6)
2023-11-06 23:59:30,101 [INFO] PluginManage:310 - Check plugin filemanager
2023-11-06 23:59:30,226 [INFO] PluginManage:359 - Loaded plugin filemanager (category:base,tabindex:10)
2023-11-06 23:59:30,226 [INFO] PluginManage:310 - Check plugin ipmanager
2023-11-06 23:59:30,234 [INFO] PluginManage:359 - Loaded plugin ipmanager (category:base,tabindex:5)
2023-11-06 23:59:30,234 [INFO] PluginManage:310 - Check plugin lpbam
2023-11-06 23:59:30,250 [INFO] PluginManage:359 - Loaded plugin lpbam (category:base,tabindex:0)
2023-11-06 23:59:30,250 [INFO] PluginManage:310 - Check plugin memorymap
2023-11-06 23:59:30,271 [INFO] PluginManage:359 - Loaded plugin memorymap (category:base,tabindex:4)
2023-11-06 23:59:30,271 [INFO] PluginManage:310 - Check plugin pinoutandconfiguration
2023-11-06 23:59:30,285 [INFO] PluginManage:359 - Loaded plugin pinoutandconfiguration (category:base,tabindex:1)
2023-11-06 23:59:30,285 [INFO] PluginManage:310 - Check plugin pinoutconfig
2023-11-06 23:59:30,377 [WARN] SupportedApi:132 - Cannot load RTOS API schema: s4s-elt-must-match.1: The content of 'definitions' must match (annotation?, (simpleType | complexType)?, (unique | key | keyref)*)). A problem was found starting at: attribute.
2023-11-06 23:59:30,505 [INFO] PluginManage:359 - Loaded plugin pinoutconfig (category:base,tabindex:0)
2023-11-06 23:59:30,505 [INFO] PluginManage:310 - Check plugin power
2023-11-06 23:59:30,524 [INFO] PluginManage:359 - Loaded plugin power (category:power,tabindex:4)
2023-11-06 23:59:30,525 [INFO] PluginManage:310 - Check plugin projectmanager
2023-11-06 23:59:30,538 [INFO] PluginManage:359 - Loaded plugin projectmanager (category:projectmanager,tabindex:3)
2023-11-06 23:59:30,538 [INFO] PluginManage:310 - Check plugin thirdparty
2023-11-06 23:59:30,790 [INFO] PluginManage:359 - Loaded plugin thirdparty (category:base,tabindex:-1)
2023-11-06 23:59:30,790 [WARN] IntegrityCheckThread:84 - waiting for thirdparty lock release [integrity check]
2023-11-06 23:59:30,790 [INFO] PluginManage:310 - Check plugin tools
2023-11-06 23:59:30,790 [INFO] IntegrityCheckThread:86 - entering critical section [integrity check]
2023-11-06 23:59:30,790 [INFO] ThirdPartyUpdaterWithRetryManager:70 - Updater plugin not ready yet. [1/15]
2023-11-06 23:59:30,817 [INFO] PluginManage:359 - Loaded plugin tools (category:base,tabindex:7)
2023-11-06 23:59:30,817 [INFO] PluginManage:310 - Check plugin tutovideos
2023-11-06 23:59:31,062 [INFO] PluginManage:359 - Loaded plugin tutovideos (category:base,tabindex:-1)
2023-11-06 23:59:31,062 [INFO] PluginManage:310 - Check plugin updater
2023-11-06 23:59:31,075 [INFO] PluginManage:359 - Loaded plugin updater (category:base,tabindex:12)
2023-11-06 23:59:31,075 [INFO] PluginManage:310 - Check plugin userauth
2023-11-06 23:59:31,081 [INFO] UserAuth:113 - Init User Auth plugin
2023-11-06 23:59:31,081 [INFO] PluginManage:359 - Loaded plugin userauth (category:base,tabindex:14)
2023-11-06 23:59:31,081 [INFO] PluginManage:283 - PluginManage : Loaded plugins [17]
2023-11-06 23:59:31,322 [INFO] PinOutPanel:1499 - setPackage(No Configuration,No Configuration)
2023-11-06 23:59:31,466 [INFO] CADModel:165 - CPN selected for project level
2023-11-06 23:59:31,466 [INFO] CADModel:114 - Register for checkConnection events
2023-11-06 23:59:31,500 [INFO] IPUIPlugin:80 - create IPUIPlugin
2023-11-06 23:59:31,500 [INFO] PluginManager:220 - loadIPPluginJar : add adc
2023-11-06 23:59:31,561 [INFO] IPUIPlugin:80 - create IPUIPlugin
2023-11-06 23:59:31,562 [INFO] PluginManager:220 - loadIPPluginJar : add aes
2023-11-06 23:59:31,619 [INFO] IPUIPlugin:80 - create IPUIPlugin
2023-11-06 23:59:31,619 [INFO] PluginManager:220 - loadIPPluginJar : add can
2023-11-06 23:59:31,651 [INFO] IPUIPlugin:80 - create IPUIPlugin
2023-11-06 23:59:31,651 [INFO] PluginManager:220 - loadIPPluginJar : add comp
2023-11-06 23:59:31,692 [INFO] IPUIPlugin:80 - create IPUIPlugin
2023-11-06 23:59:31,692 [INFO] PluginManager:220 - loadIPPluginJar : add cryp
2023-11-06 23:59:31,726 [INFO] IPUIPlugin:80 - create IPUIPlugin
2023-11-06 23:59:31,726 [INFO] PluginManager:220 - loadIPPluginJar : add dfsdm
2023-11-06 23:59:31,746 [INFO] IPUIPlugin:80 - create IPUIPlugin
2023-11-06 23:59:31,747 [INFO] PluginManager:220 - loadIPPluginJar : add dma
2023-11-06 23:59:31,806 [INFO] IPUIPlugin:80 - create IPUIPlugin
2023-11-06 23:59:31,806 [INFO] PluginManager:220 - loadIPPluginJar : add dma3
2023-11-06 23:59:31,832 [INFO] IPUIPlugin:80 - create IPUIPlugin
2023-11-06 23:59:31,832 [INFO] PluginManager:220 - loadIPPluginJar : add fatfs
2023-11-06 23:59:31,896 [INFO] IPUIPlugin:80 - create IPUIPlugin
2023-11-06 23:59:31,896 [INFO] PluginManager:220 - loadIPPluginJar : add fmc
2023-11-06 23:59:31,914 [INFO] IPUIPlugin:80 - create IPUIPlugin
2023-11-06 23:59:31,914 [INFO] PluginManager:220 - loadIPPluginJar : add freertos
2023-11-06 23:59:31,934 [INFO] IPUIPlugin:80 - create IPUIPlugin
2023-11-06 23:59:31,934 [INFO] PluginManager:220 - loadIPPluginJar : add genericplugin
2023-11-06 23:59:32,013 [INFO] IPUIPlugin:80 - create IPUIPlugin
2023-11-06 23:59:32,013 [INFO] PluginManager:220 - loadIPPluginJar : add gfxmmu
2023-11-06 23:59:32,117 [INFO] IPUIPlugin:80 - create IPUIPlugin
2023-11-06 23:59:32,117 [INFO] PluginManager:220 - loadIPPluginJar : add gic
2023-11-06 23:59:32,134 [INFO] IPUIPlugin:80 - create IPUIPlugin
2023-11-06 23:59:32,134 [INFO] PluginManager:220 - loadIPPluginJar : add gpio
2023-11-06 23:59:32,243 [INFO] IPUIPlugin:80 - create IPUIPlugin
2023-11-06 23:59:32,243 [INFO] PluginManager:220 - loadIPPluginJar : add gtzc
2023-11-06 23:59:32,283 [INFO] IPUIPlugin:80 - create IPUIPlugin
2023-11-06 23:59:32,283 [INFO] PluginManager:220 - loadIPPluginJar : add hash
2023-11-06 23:59:32,337 [INFO] IPUIPlugin:80 - create IPUIPlugin
2023-11-06 23:59:32,337 [INFO] PluginManager:220 - loadIPPluginJar : add i2c
2023-11-06 23:59:32,371 [INFO] IPUIPlugin:80 - create IPUIPlugin
2023-11-06 23:59:32,371 [INFO] PluginManager:220 - loadIPPluginJar : add i2s
2023-11-06 23:59:32,404 [INFO] IPUIPlugin:80 - create IPUIPlugin
2023-11-06 23:59:32,404 [INFO] PluginManager:220 - loadIPPluginJar : add i3c
2023-11-06 23:59:32,488 [INFO] IPUIPlugin:80 - create IPUIPlugin
2023-11-06 23:59:32,488 [INFO] PluginManager:220 - loadIPPluginJar : add ipddr
2023-11-06 23:59:32,561 [INFO] IPUIPlugin:80 - create IPUIPlugin
2023-11-06 23:59:32,561 [INFO] PluginManager:220 - loadIPPluginJar : add linkedlist
2023-11-06 23:59:32,588 [INFO] IPUIPlugin:80 - create IPUIPlugin
2023-11-06 23:59:32,588 [INFO] PluginManager:220 - loadIPPluginJar : add lorawan
2023-11-06 23:59:32,617 [INFO] IPUIPlugin:80 - create IPUIPlugin
2023-11-06 23:59:32,617 [INFO] PluginManager:220 - loadIPPluginJar : add ltdc
2023-11-06 23:59:32,629 [INFO] IPUIPlugin:80 - create IPUIPlugin
2023-11-06 23:59:32,629 [INFO] PluginManager:220 - loadIPPluginJar : add mdma
2023-11-06 23:59:32,639 [INFO] IPUIPlugin:80 - create IPUIPlugin
2023-11-06 23:59:32,639 [INFO] PluginManager:220 - loadIPPluginJar : add nvic
2023-11-06 23:59:32,667 [INFO] IPUIPlugin:80 - create IPUIPlugin
2023-11-06 23:59:32,668 [INFO] PluginManager:220 - loadIPPluginJar : add opamp
2023-11-06 23:59:32,714 [INFO] IPUIPlugin:80 - create IPUIPlugin
2023-11-06 23:59:32,714 [INFO] PluginManager:220 - loadIPPluginJar : add openamp
2023-11-06 23:59:32,748 [INFO] IPUIPlugin:80 - create IPUIPlugin
2023-11-06 23:59:32,748 [INFO] PluginManager:220 - loadIPPluginJar : add pdm2pcm
2023-11-06 23:59:32,759 [INFO] IPUIPlugin:80 - create IPUIPlugin
2023-11-06 23:59:32,761 [INFO] PluginManager:220 - loadIPPluginJar : add plateformsettings
2023-11-06 23:59:32,778 [INFO] IPUIPlugin:80 - create IPUIPlugin
2023-11-06 23:59:32,778 [INFO] PluginManager:220 - loadIPPluginJar : add quadspi
2023-11-06 23:59:32,789 [INFO] IPUIPlugin:80 - create IPUIPlugin
2023-11-06 23:59:32,789 [INFO] PluginManager:220 - loadIPPluginJar : add resmgrutility
2023-11-06 23:59:32,830 [INFO] IPUIPlugin:80 - create IPUIPlugin
2023-11-06 23:59:32,830 [INFO] PluginManager:220 - loadIPPluginJar : add sai
2023-11-06 23:59:32,863 [INFO] IPUIPlugin:80 - create IPUIPlugin
2023-11-06 23:59:32,863 [INFO] PluginManager:220 - loadIPPluginJar : add spi
2023-11-06 23:59:32,912 [INFO] IPUIPlugin:80 - create IPUIPlugin
2023-11-06 23:59:32,912 [INFO] PluginManager:220 - loadIPPluginJar : add stm32_wpan
2023-11-06 23:59:32,930 [INFO] IPUIPlugin:80 - create IPUIPlugin
2023-11-06 23:59:32,931 [INFO] PluginManager:220 - loadIPPluginJar : add tim
2023-11-06 23:59:32,977 [INFO] IPUIPlugin:80 - create IPUIPlugin
2023-11-06 23:59:32,977 [INFO] PluginManager:220 - loadIPPluginJar : add touchsensing
2023-11-06 23:59:32,996 [INFO] IPUIPlugin:80 - create IPUIPlugin
2023-11-06 23:59:32,996 [INFO] PluginManager:220 - loadIPPluginJar : add tracer_emb
2023-11-06 23:59:33,014 [INFO] IPUIPlugin:80 - create IPUIPlugin
2023-11-06 23:59:33,014 [INFO] PluginManager:220 - loadIPPluginJar : add ts
2023-11-06 23:59:33,033 [INFO] IPUIPlugin:80 - create IPUIPlugin
2023-11-06 23:59:33,033 [INFO] PluginManager:220 - loadIPPluginJar : add tsc
2023-11-06 23:59:33,050 [INFO] IPUIPlugin:80 - create IPUIPlugin
2023-11-06 23:59:33,050 [INFO] PluginManager:220 - loadIPPluginJar : add ucpd
2023-11-06 23:59:33,085 [INFO] IPUIPlugin:80 - create IPUIPlugin
2023-11-06 23:59:33,086 [INFO] PluginManager:220 - loadIPPluginJar : add usart
2023-11-06 23:59:33,120 [INFO] IPUIPlugin:80 - create IPUIPlugin
2023-11-06 23:59:33,120 [INFO] PluginManager:220 - loadIPPluginJar : add usbx
2023-11-06 23:59:33,242 [INFO] CADModel:165 - CPN selected for project level
2023-11-06 23:59:33,242 [INFO] CADModel:114 - Register for checkConnection events
2023-11-06 23:59:33,242 [FATAL] Updater:308 - Updater called before beeing initialized
2023-11-06 23:59:33,242 [ERROR] CADModel:125 - Updater not yet initialized, retry later 
2023-11-06 23:59:33,385 [INFO] CADModel:165 - CPN selected for project level
2023-11-06 23:59:33,385 [INFO] CADModel:114 - Register for checkConnection events
2023-11-06 23:59:33,386 [FATAL] Updater:308 - Updater called before beeing initialized
2023-11-06 23:59:33,386 [ERROR] CADModel:125 - Updater not yet initialized, retry later 
2023-11-06 23:59:33,389 [FATAL] Updater:308 - Updater called before beeing initialized
2023-11-06 23:59:33,506 [FATAL] Updater:308 - Updater called before beeing initialized
2023-11-06 23:59:33,520 [INFO] DbMcusAds:53 - JSON generation date=Tue Mar 07 16:50:55 CST 2023 (1678179055335)
2023-11-06 23:59:33,520 [FATAL] Updater:308 - Updater called before beeing initialized
2023-11-06 23:59:33,559 [WARN] DetailPanel:346 - Failed to get advertising image, set to default
2023-11-06 23:59:33,653 [FATAL] Updater:308 - Updater called before beeing initialized
2023-11-06 23:59:33,655 [FATAL] Updater:308 - Updater called before beeing initialized
2023-11-06 23:59:33,655 [FATAL] Updater:308 - Updater called before beeing initialized
2023-11-06 23:59:33,655 [WARN] DetailPanel:346 - Failed to get advertising image, set to default
2023-11-06 23:59:33,656 [FATAL] Updater:308 - Updater called before beeing initialized
2023-11-06 23:59:33,727 [ERROR] Updater:1120 - MainUpdater not yet initialized. External WinMGr cannot be set.
2023-11-06 23:59:33,736 [INFO] Updater:1056 - Updater Version found : 6.9.2
2023-11-06 23:59:33,763 [INFO] ApplicationProperties:184 - Using Application install path: C:\ST\STM32CubeIDE_1.13.2\STM32CubeIDE\plugins\com.st.stm32cube.common.mx_6.9.2.202309101412
2023-11-06 23:59:33,792 [INFO] ThirdPartyUpdaterWithRetryManager:70 - Updater plugin not ready yet. [2/15]
2023-11-06 23:59:34,089 [INFO] MainUpdater:2868 - connection check result : 10
2023-11-06 23:59:34,090 [INFO] MainUpdater:285 - Updater Check For Update Now.
2023-11-06 23:59:34,090 [INFO] MicroXplorer:498 - Change Database Version : DB.6.0.92
2023-11-06 23:59:34,105 [INFO] McuFinderGlobals:63 - Set McuFinder mode to 2 (CubeIDE integrated)
2023-11-06 23:59:34,105 [INFO] UserAuth:179 - activating auth plugin
2023-11-06 23:59:34,109 [INFO] UserAuth:393 - Internet connection configuration mode: 1
2023-11-06 23:59:34,140 [INFO] JxBrowserEngine:151 - Initiate JxBrowser Engine with user profile folder
2023-11-06 23:59:34,309 [INFO] CheckServerUpdateThread:120 - End of CheckServer Thread
2023-11-06 23:59:35,863 [INFO] WebApp:157 - Instantiating new browser for Auth
2023-11-06 23:59:36,511 [INFO] WebApp:753 - Register for checkConnection events
2023-11-06 23:59:36,511 [INFO] WebApp:390 - Apply proxy settings
2023-11-06 23:59:36,511 [INFO] WebApp:475 - Chromium requires no authentication
2023-11-06 23:59:36,518 [INFO] WebApp:418 - Direct internet connection detected
2023-11-06 23:59:36,671 [INFO] WebApp:188 - Starting web application
2023-11-06 23:59:36,671 [INFO] WebApp:520 - Web application path used C:\ST\STM32CubeIDE_1.13.2\STM32CubeIDE\plugins\com.st.stm32cube.common.mx_6.9.2.202309101412\db\plugins\mcufinder\reactClient1\index.html
2023-11-06 23:59:37,026 [WARN] PackLoader:240 - Cannot read IP mode file for STMicroelectronics.X-CUBE-SMBUS.2.1.0
2023-11-06 23:59:37,071 [WARN] PackLoader:240 - Cannot read IP mode file for STMicroelectronics.X-CUBE-AZRTOS-F7.1.1.0
2023-11-06 23:59:37,090 [WARN] PackLoader:240 - Cannot read IP mode file for STMicroelectronics.FP-SNS-MOTENV1.4.3.2
2023-11-06 23:59:37,105 [WARN] PackLoader:240 - Cannot read IP mode file for STMicroelectronics.FP-SNS-FLIGHT1.5.0.2
2023-11-06 23:59:37,122 [WARN] PackLoader:240 - Cannot read IP mode file for STMicroelectronics.X-CUBE-DISPLAY.3.0.0
2023-11-06 23:59:37,141 [WARN] PackLoader:240 - Cannot read IP mode file for STMicroelectronics.X-CUBE-BLE1.7.0.0
2023-11-06 23:59:37,153 [WARN] PackLoader:240 - Cannot read IP mode file for emotas.I-CUBE-CANOPEN.1.3.0
2023-11-06 23:59:37,166 [WARN] PackLoader:240 - Cannot read IP mode file for STMicroelectronics.X-CUBE-TOUCHGFX.4.22.1
2023-11-06 23:59:37,178 [WARN] PackLoader:240 - Cannot read IP mode file for STMicroelectronics.FP-SNS-SMARTAG2.1.2.0
2023-11-06 23:59:37,199 [INFO] LogOutputStream:77 - [STDOUT_REDIRECT] 1 : Invalid condition id : UX_CORESTACK_Condition cause : null
2023-11-06 23:59:37,200 [INFO] LogOutputStream:77 - [STDOUT_REDIRECT] 1 : Invalid condition id : UX_CORESTACK_Condition cause : null
2023-11-06 23:59:37,201 [INFO] LogOutputStream:77 - [STDOUT_REDIRECT] 1 : Invalid condition id : UX_CORESTACK_Condition cause : null
2023-11-06 23:59:37,202 [INFO] LogOutputStream:77 - [STDOUT_REDIRECT] 1 : Invalid condition id : UX_CORESTACK_Condition cause : null
2023-11-06 23:59:37,204 [INFO] LogOutputStream:77 - [STDOUT_REDIRECT] 1 : Invalid condition id : UX_CORESTACK_Condition cause : null
2023-11-06 23:59:37,206 [WARN] PackLoader:240 - Cannot read IP mode file for STMicroelectronics.X-CUBE-AZRTOS-WL.2.0.0
2023-11-06 23:59:37,221 [WARN] PackLoader:240 - Cannot read IP mode file for WES.I-CUBE-Cesium.1.3.0
2023-11-06 23:59:37,231 [WARN] PackLoader:240 - Cannot read IP mode file for STMicroelectronics.X-CUBE-BLE2.3.3.0
2023-11-06 23:59:37,242 [WARN] PackLoader:240 - Cannot read IP mode file for STMicroelectronics.X-CUBE-ALGOBUILD.1.3.0
2023-11-06 23:59:37,266 [WARN] PackLoader:240 - Cannot read IP mode file for STMicroelectronics.X-CUBE-AZRTOS-G0.1.1.0
2023-11-06 23:59:37,281 [WARN] PackLoader:240 - Cannot read IP mode file for STMicroelectronics.X-CUBE-NFC4.3.0.0
2023-11-06 23:59:37,296 [WARN] PackLoader:240 - Cannot read IP mode file for STMicroelectronics.X-CUBE-BLEMGR.3.0.0
2023-11-06 23:59:37,307 [WARN] PackLoader:240 - Cannot read IP mode file for STMicroelectronics.FP-ATR-SIGFOX1.3.2.0
2023-11-06 23:59:37,344 [WARN] PackLoader:240 - Cannot read IP mode file for SEGGER.I-CUBE-embOS.1.3.1
2023-11-06 23:59:37,402 [WARN] PackLoader:240 - Cannot read IP mode file for STMicroelectronics.X-CUBE-GNSS1.6.0.0
2023-11-06 23:59:37,451 [WARN] PackLoader:240 - Cannot read IP mode file for STMicroelectronics.X-CUBE-AZRTOS-F4.1.1.0
2023-11-06 23:59:37,470 [WARN] PackLoader:240 - Cannot read IP mode file for wolfSSL.I-CUBE-wolfSSL.5.6.3
2023-11-06 23:59:37,505 [WARN] PackLoader:240 - Cannot read IP mode file for STMicroelectronics.X-CUBE-AZRTOS-L5.2.0.0
2023-11-06 23:59:37,518 [WARN] PackLoader:240 - Cannot read IP mode file for STMicroelectronics.X-CUBE-EEPRMA1.4.2.0
2023-11-06 23:59:37,529 [WARN] PackLoader:240 - Cannot read IP mode file for ITTIA_DB.I-CUBE-ITTIADB.8.8.0
2023-11-06 23:59:37,543 [WARN] PackLoader:240 - Cannot read IP mode file for STMicroelectronics.X-CUBE-BLEMGR.2.0.0
2023-11-06 23:59:37,569 [WARN] ConditionMgr:438 - getConditionDescription Invalid condition id : UX DEVICE CLASS RTOS Condition cause : null
2023-11-06 23:59:37,569 [WARN] ConditionMgr:438 - getConditionDescription Invalid condition id : UX DEVICE CLASS RTOS Condition cause : null
2023-11-06 23:59:37,572 [WARN] PackLoader:240 - Cannot read IP mode file for STMicroelectronics.X-CUBE-AZRTOS-H7.3.1.0
2023-11-06 23:59:37,573 [WARN] ConditionMgr:1039 - genDependencies : Invalid condition id : UX DEVICE CLASS RTOS Condition cause : null
2023-11-06 23:59:37,573 [WARN] ConditionMgr:1039 - genDependencies : Invalid condition id : UX DEVICE CLASS RTOS Condition cause : null
2023-11-06 23:59:37,573 [WARN] ConditionMgr:1039 - genDependencies : Invalid condition id : UX DEVICE CLASS RTOS Condition cause : null
2023-11-06 23:59:37,574 [WARN] ConditionMgr:1039 - genDependencies : Invalid condition id : UX DEVICE CLASS RTOS Condition cause : null
2023-11-06 23:59:37,574 [WARN] ConditionMgr:1039 - genDependencies : Invalid condition id : UX DEVICE CLASS RTOS Condition cause : null
2023-11-06 23:59:37,586 [WARN] PackLoader:240 - Cannot read IP mode file for STMicroelectronics.X-CUBE-NFC7.1.0.1
2023-11-06 23:59:37,599 [WARN] PackLoader:240 - Cannot read IP mode file for STMicroelectronics.X-CUBE-NFC6.3.0.0
2023-11-06 23:59:37,610 [WARN] PackLoader:240 - Cannot read IP mode file for STMicroelectronics.X-CUBE-EEPRMA1.4.1.0
2023-11-06 23:59:37,621 [WARN] PackLoader:240 - Cannot read IP mode file for STMicroelectronics.X-CUBE-AI.8.1.0
2023-11-06 23:59:37,649 [WARN] ConditionMgr:438 - getConditionDescription Invalid condition id : LAN8742 Phy interface Condition cause : null
2023-11-06 23:59:37,650 [WARN] PackLoader:240 - Cannot read IP mode file for STMicroelectronics.X-CUBE-AZRTOS-L4.2.0.0
2023-11-06 23:59:37,651 [WARN] ConditionMgr:1039 - genDependencies : Invalid condition id : LAN8742 Phy interface Condition cause : null
2023-11-06 23:59:37,651 [WARN] ConditionMgr:1039 - genDependencies : Invalid condition id : LAN8742 Phy interface Condition cause : null
2023-11-06 23:59:37,651 [WARN] ConditionMgr:1039 - genDependencies : Invalid condition id : LAN8742 Phy interface Condition cause : null
2023-11-06 23:59:37,663 [WARN] PackLoader:240 - Cannot read IP mode file for STMicroelectronics.X-CUBE-SFXS2LP1.4.0.0
2023-11-06 23:59:37,674 [WARN] PackLoader:240 - Cannot read IP mode file for STMicroelectronics.X-CUBE-ISPU.1.1.0
2023-11-06 23:59:37,701 [WARN] ConditionMgr:438 - getConditionDescription Invalid condition id : UX DEVICE CLASS RTOS Condition cause : null
2023-11-06 23:59:37,701 [WARN] ConditionMgr:438 - getConditionDescription Invalid condition id : UX DEVICE CLASS RTOS Condition cause : null
2023-11-06 23:59:37,704 [WARN] PackLoader:240 - Cannot read IP mode file for STMicroelectronics.X-CUBE-AZRTOS-WB.2.0.0
2023-11-06 23:59:37,705 [WARN] ConditionMgr:1039 - genDependencies : Invalid condition id : UX DEVICE CLASS RTOS Condition cause : null
2023-11-06 23:59:37,705 [WARN] ConditionMgr:1039 - genDependencies : Invalid condition id : UX DEVICE CLASS RTOS Condition cause : null
2023-11-06 23:59:37,705 [WARN] ConditionMgr:1039 - genDependencies : Invalid condition id : UX DEVICE CLASS RTOS Condition cause : null
2023-11-06 23:59:37,705 [WARN] ConditionMgr:1039 - genDependencies : Invalid condition id : UX DEVICE CLASS RTOS Condition cause : null
2023-11-06 23:59:37,705 [WARN] ConditionMgr:1039 - genDependencies : Invalid condition id : UX DEVICE CLASS RTOS Condition cause : null
2023-11-06 23:59:37,723 [WARN] PackLoader:240 - Cannot read IP mode file for STMicroelectronics.X-CUBE-SUBG2.5.0.0
2023-11-06 23:59:37,745 [WARN] PackLoader:240 - Cannot read IP mode file for STMicroelectronics.X-CUBE-TOF1.3.3.1
2023-11-06 23:59:37,772 [WARN] PackLoader:240 - Cannot read IP mode file for STMicroelectronics.X-CUBE-AZRTOS-G4.2.0.0
2023-11-06 23:59:37,790 [WARN] PackLoader:240 - Cannot read IP mode file for Infineon.AIROC-Wi-Fi-Bluetooth-STM32.1.5.1
2023-11-06 23:59:37,832 [WARN] PackLoader:240 - Cannot read IP mode file for STMicroelectronics.X-CUBE-MEMS1.10.0.0
2023-11-06 23:59:37,955 [WARN] PackLoader:240 - Cannot read IP mode file for STMicroelectronics.X-CUBE-FREERTOS.1.1.0
2023-11-06 23:59:37,969 [WARN] PackLoader:240 - Cannot read IP mode file for portGmbH.I-Cube-SoM-uGOAL.1.1.0
2023-11-06 23:59:37,982 [WARN] PackLoader:240 - Cannot read IP mode file for STMicroelectronics.X-CUBE-ALS.1.0.1
2023-11-06 23:59:37,995 [WARN] PackLoader:240 - Cannot read IP mode file for STMicroelectronics.FP-ATR-ASTRA1.2.0.0
2023-11-06 23:59:37,995 [INFO] ThirdParty:978 - Integrity check success = true
2023-11-06 23:59:37,995 [INFO] IntegrityCheckThread:100 - exiting critical section [integrity check]
2023-11-06 23:59:37,996 [INFO] IntegrityCheckThread:103 - End integrity checks thread
2023-11-06 23:59:57,457 [ERROR] LogOutputStream:75 - [STDERR_REDIRECT] SLF4J: Failed to load class "org.slf4j.impl.StaticLoggerBinder".
2023-11-06 23:59:57,457 [ERROR] LogOutputStream:75 - [STDERR_REDIRECT] SLF4J: Defaulting to no-operation (NOP) logger implementation
2023-11-06 23:59:57,459 [ERROR] LogOutputStream:75 - [STDERR_REDIRECT] SLF4J: See http://www.slf4j.org/codes.html#StaticLoggerBinder for further details.
