2023-10-25 00:12:49,335 [INFO] MainUpdater:2868 - connection check result : 10
2023-10-25 00:12:49,346 [INFO] MainUpdater:2868 - connection check result : 10
2023-10-25 00:12:49,366 [INFO] MicroXplorer:468 - Change Database Path : 
2023-10-25 00:12:49,366 [INFO] MicroXplorer:498 - Change Database Version : DB.6.0.92
2023-10-25 00:12:49,402 [WARN] ThirdParty:871 - waiting for thirdparty lock release [close project]
2023-10-25 00:12:49,402 [INFO] ThirdParty:873 - entering critical section [close project]
2023-10-25 00:12:49,403 [INFO] ThirdParty:883 - exiting critical section [close project]
2023-10-25 00:12:49,404 [INFO] PinOutPanel:1499 - setPackage(No Configuration,No Configuration)
2023-10-25 00:12:49,415 [WARN] IpParametersView:151 - Warning: This peripheral hasn't parameters
2023-10-25 00:12:49,418 [WARN] MainPanel:272 - <html><b><center>Warning: This peripheral has no parameters to be configured<br></b></html>
2023-10-25 00:12:49,423 [INFO] UtilMem:75 - Begin LoadConfig() Used Memory: 332865224 Bytes (870318080)
2023-10-25 00:12:49,424 [INFO] MicroXplorer:468 - Change Database Path : 
2023-10-25 00:12:49,424 [INFO] MicroXplorer:498 - Change Database Version : DB.6.0.92
2023-10-25 00:12:49,424 [INFO] OpenFileManager:308 - Change cursor
2023-10-25 00:12:49,453 [INFO] RulesReader:64 - Compatibility file has been processed (293 Rules)
2023-10-25 00:12:49,464 [INFO] Mcu:1946 - Initializing MCU STM32F407V(E-G)Tx STM32F407VETx STM32F407VET6
2023-10-25 00:12:50,851 [INFO] Context:659 - Trying to add GPIOservice into a context  which must be forbidden
2023-10-25 00:12:51,150 [INFO] RtosManager:555 - Registered RTOS mode: class=CMSIS, group=RTOS, mode=CMSIS_V1, owner=FREERTOS
2023-10-25 00:12:51,150 [INFO] RtosManager:555 - Registered RTOS mode: class=CMSIS, group=RTOS2, mode=CMSIS_V2, owner=FREERTOS
2023-10-25 00:12:51,150 [INFO] RtosManager:555 - Registered RTOS mode: class=RTOS, group=Core, mode=CMSIS_V1, owner=FREERTOS
2023-10-25 00:12:51,150 [INFO] RtosManager:555 - Registered RTOS mode: class=RTOS, group=Core, mode=CMSIS_V2, owner=FREERTOS
2023-10-25 00:12:51,150 [WARN] ModelIntegratedComponent:184 - Missing modes for component STMicroelectronics:FreeRTOS:0.0.1:STMicroelectronics:RTOS:FreeRTOS:Core:::10.2.0:
2023-10-25 00:12:51,158 [WARN] ModelIntegratedComponent:63 - No mode defined for component null
2023-10-25 00:12:51,159 [WARN] ModelIntegratedComponent:63 - No mode defined for component null
2023-10-25 00:12:51,159 [WARN] ModelIntegratedComponent:63 - No mode defined for component null
2023-10-25 00:12:51,159 [WARN] ModelIntegratedComponent:63 - No mode defined for component null
2023-10-25 00:12:51,159 [WARN] ModelIntegratedComponent:63 - No mode defined for component null
2023-10-25 00:12:51,159 [WARN] ModelIntegratedComponent:63 - No mode defined for component null
2023-10-25 00:12:51,159 [WARN] ModelIntegratedComponent:63 - No mode defined for component null
2023-10-25 00:12:51,159 [WARN] ModelIntegratedComponent:63 - No mode defined for component null
2023-10-25 00:12:51,159 [WARN] ModelIntegratedComponent:63 - No mode defined for component null
2023-10-25 00:12:51,159 [WARN] ModelIntegratedComponent:63 - No mode defined for component null
2023-10-25 00:12:51,159 [WARN] ModelIntegratedComponent:63 - No mode defined for component null
2023-10-25 00:12:51,159 [WARN] ModelIntegratedComponent:63 - No mode defined for component null
2023-10-25 00:12:51,159 [WARN] ModelIntegratedComponent:63 - No mode defined for component null
2023-10-25 00:12:51,159 [WARN] ModelIntegratedComponent:63 - No mode defined for component null
2023-10-25 00:12:51,159 [WARN] ModelIntegratedComponent:63 - No mode defined for component null
2023-10-25 00:12:51,159 [WARN] ModelIntegratedComponent:63 - No mode defined for component null
2023-10-25 00:12:51,159 [WARN] ModelIntegratedComponent:63 - No mode defined for component null
2023-10-25 00:12:51,159 [WARN] ModelIntegratedComponent:63 - No mode defined for component null
2023-10-25 00:12:51,159 [WARN] ModelIntegratedComponent:63 - No mode defined for component null
2023-10-25 00:12:51,159 [WARN] ModelIntegratedComponent:63 - No mode defined for component null
2023-10-25 00:12:51,159 [WARN] ModelIntegratedComponent:63 - No mode defined for component null
2023-10-25 00:12:51,159 [WARN] ModelIntegratedComponent:63 - No mode defined for component null
2023-10-25 00:12:51,159 [WARN] ModelIntegratedComponent:63 - No mode defined for component null
2023-10-25 00:12:51,159 [WARN] ModelIntegratedComponent:63 - No mode defined for component null
2023-10-25 00:12:51,159 [WARN] ModelIntegratedComponent:63 - No mode defined for component null
2023-10-25 00:12:51,160 [WARN] ModelIntegratedComponent:63 - No mode defined for component null
2023-10-25 00:12:51,160 [WARN] ModelIntegratedComponent:63 - No mode defined for component null
2023-10-25 00:12:51,160 [WARN] ModelIntegratedComponent:63 - No mode defined for component null
2023-10-25 00:12:51,160 [WARN] ModelIntegratedComponent:63 - No mode defined for component null
2023-10-25 00:12:51,160 [WARN] ModelIntegratedComponent:63 - No mode defined for component null
2023-10-25 00:12:51,160 [WARN] ModelIntegratedComponent:63 - No mode defined for component null
2023-10-25 00:12:51,160 [WARN] ModelIntegratedComponent:63 - No mode defined for component null
2023-10-25 00:12:51,160 [WARN] ModelIntegratedComponent:63 - No mode defined for component null
2023-10-25 00:12:51,169 [INFO] ThirdPartyModel:298 - Start build external matchings
2023-10-25 00:12:51,243 [INFO] ThirdPartyModel:316 - End build external matchings
2023-10-25 00:12:51,247 [INFO] ImportTextPane:194 - (OptionalMessage_ERROR) IP (RCC) : Parameter (RTCHSEDivFreq_Value) has invalid value (5000000)
2023-10-25 00:12:51,248 [WARN] IP:2114 - DEVICE_SERIAL0_CDC_HS not found: check if there is a RefParameter without a condition.
2023-10-25 00:12:51,248 [WARN] IP:2114 - DEVICE_SERIAL1_CDC_HS not found: check if there is a RefParameter without a condition.
2023-10-25 00:12:51,248 [WARN] IP:2114 - DEVICE_SERIAL2_CDC_HS not found: check if there is a RefParameter without a condition.
2023-10-25 00:12:51,249 [WARN] IP:2114 - DEVICE_SERIAL0_CDC_FS not found: check if there is a RefParameter without a condition.
2023-10-25 00:12:51,249 [WARN] IP:2114 - DEVICE_SERIAL1_CDC_FS not found: check if there is a RefParameter without a condition.
2023-10-25 00:12:51,249 [WARN] IP:2114 - DEVICE_SERIAL2_CDC_FS not found: check if there is a RefParameter without a condition.
2023-10-25 00:12:51,249 [WARN] IP:2114 - DEVICE_SERIAL0_CDC_HS not found: check if there is a RefParameter without a condition.
2023-10-25 00:12:51,249 [WARN] IP:2114 - DEVICE_SERIAL1_CDC_HS not found: check if there is a RefParameter without a condition.
2023-10-25 00:12:51,249 [WARN] IP:2114 - DEVICE_SERIAL2_CDC_HS not found: check if there is a RefParameter without a condition.
2023-10-25 00:12:51,500 [INFO] UtilMem:75 - End LoadConfig() Used Memory: 276430344 Bytes (929038336)
2023-10-25 00:12:51,532 [WARN] ThirdParty:833 - waiting for thirdparty lock release [change project]
2023-10-25 00:12:51,532 [INFO] ThirdParty:835 - entering critical section [change project]
2023-10-25 00:12:51,532 [INFO] ThirdParty:1030 - CMSIS Pack Vendor :STMicroelectronics X-CUBE-ISPU 1.1.0
2023-10-25 00:12:51,532 [INFO] ThirdParty:1030 - CMSIS Pack Vendor :STMicroelectronics USBPD 4.1
2023-10-25 00:12:51,532 [INFO] ThirdParty:1030 - CMSIS Pack Vendor :STMicroelectronics X-CUBE-GNSS1 6.0.0
2023-10-25 00:12:51,532 [INFO] ThirdParty:1030 - CMSIS Pack Vendor :STMicroelectronics USB_HOST 2.0.0
2023-10-25 00:12:51,532 [INFO] ThirdParty:1030 - CMSIS Pack Vendor :STMicroelectronics X-CUBE-AZRTOS-F4 1.1.0
2023-10-25 00:12:51,532 [INFO] ThirdParty:1030 - CMSIS Pack Vendor :STMicroelectronics LIBJPEG 8.0.0
2023-10-25 00:12:51,532 [INFO] ThirdParty:1030 - CMSIS Pack Vendor :wolfSSL I-CUBE-wolfSSL 5.6.3
2023-10-25 00:12:51,532 [INFO] ThirdParty:1030 - CMSIS Pack Vendor :STMicroelectronics X-CUBE-SMBUS 2.1.0
2023-10-25 00:12:51,532 [INFO] ThirdParty:1030 - CMSIS Pack Vendor :STMicroelectronics USB_DEVICE 3.0.0
2023-10-25 00:12:51,533 [INFO] ThirdParty:1030 - CMSIS Pack Vendor :STMicroelectronics X-CUBE-AZRTOS-WB 2.0.0
2023-10-25 00:12:51,533 [INFO] ThirdParty:1030 - CMSIS Pack Vendor :STMicroelectronics X-CUBE-AZRTOS-F7 1.1.0
2023-10-25 00:12:51,533 [INFO] ThirdParty:1030 - CMSIS Pack Vendor :STMicroelectronics X-CUBE-AZRTOS-L5 2.0.0
2023-10-25 00:12:51,533 [INFO] ThirdParty:1030 - CMSIS Pack Vendor :STMicroelectronics USB_DEVICE 2.0.0
2023-10-25 00:12:51,533 [INFO] ThirdParty:1030 - CMSIS Pack Vendor :ITTIA_DB I-CUBE-ITTIADB 8.8.0
2023-10-25 00:12:51,533 [INFO] ThirdParty:1030 - CMSIS Pack Vendor :STMicroelectronics FP-SNS-MOTENV1 4.3.2
2023-10-25 00:12:51,533 [INFO] ThirdParty:1030 - CMSIS Pack Vendor :STMicroelectronics X-CUBE-ALGOBUILD 1.3.0
2023-10-25 00:12:51,533 [INFO] ThirdParty:1030 - CMSIS Pack Vendor :STMicroelectronics FreeRTOS 0.0.1
2023-10-25 00:12:51,533 [INFO] ThirdParty:1030 - CMSIS Pack Vendor :STMicroelectronics X-CUBE-AZRTOS-G0 1.1.0
2023-10-25 00:12:51,533 [INFO] ThirdParty:1030 - CMSIS Pack Vendor :STMicroelectronics X-CUBE-BLEMGR 2.0.0
2023-10-25 00:12:51,533 [INFO] ThirdParty:1030 - CMSIS Pack Vendor :STMicroelectronics X-CUBE-NFC4 3.0.0
2023-10-25 00:12:51,533 [INFO] ThirdParty:1030 - CMSIS Pack Vendor :STMicroelectronics X-CUBE-SUBG2 5.0.0
2023-10-25 00:12:51,533 [INFO] ThirdParty:1030 - CMSIS Pack Vendor :STMicroelectronics STM32_WPAN 1.0.0
2023-10-25 00:12:51,533 [INFO] ThirdParty:1030 - CMSIS Pack Vendor :STMicroelectronics lwIP 2.0.3
2023-10-25 00:12:51,533 [INFO] ThirdParty:1030 - CMSIS Pack Vendor :STMicroelectronics FP-SNS-FLIGHT1 5.0.2
2023-10-25 00:12:51,534 [INFO] ThirdParty:1030 - CMSIS Pack Vendor :STMicroelectronics USB_HOST 1.0.0
2023-10-25 00:12:51,534 [INFO] ThirdParty:1030 - CMSIS Pack Vendor :STMicroelectronics X-CUBE-TOF1 3.3.1
2023-10-25 00:12:51,534 [INFO] ThirdParty:1030 - CMSIS Pack Vendor :STMicroelectronics X-CUBE-AZRTOS-G4 2.0.0
2023-10-25 00:12:51,534 [INFO] ThirdParty:1030 - CMSIS Pack Vendor :STMicroelectronics PDM2PCM 3.1.0
2023-10-25 00:12:51,534 [INFO] ThirdParty:1030 - CMSIS Pack Vendor :STMicroelectronics X-CUBE-AZRTOS-H7 3.1.0
2023-10-25 00:12:51,534 [INFO] ThirdParty:1030 - CMSIS Pack Vendor :Infineon AIROC-Wi-Fi-Bluetooth-STM32 1.5.1
2023-10-25 00:12:51,534 [INFO] ThirdParty:1030 - CMSIS Pack Vendor :STMicroelectronics PDM2PCM 3.3.0
2023-10-25 00:12:51,534 [INFO] ThirdParty:1030 - CMSIS Pack Vendor :STMicroelectronics X-CUBE-DISPLAY 3.0.0
2023-10-25 00:12:51,534 [INFO] ThirdParty:1030 - CMSIS Pack Vendor :STMicroelectronics X-CUBE-BLE1 7.0.0
2023-10-25 00:12:51,534 [INFO] ThirdParty:1030 - CMSIS Pack Vendor :STMicroelectronics FP-ATR-SIGFOX1 3.2.0
2023-10-25 00:12:51,534 [INFO] ThirdParty:1030 - CMSIS Pack Vendor :STMicroelectronics HAL Drivers 0.0.0
2023-10-25 00:12:51,534 [INFO] ThirdParty:1030 - CMSIS Pack Vendor :STMicroelectronics MBEDTLS 2.16.2
2023-10-25 00:12:51,534 [INFO] ThirdParty:1030 - CMSIS Pack Vendor :emotas I-CUBE-CANOPEN 1.3.0
2023-10-25 00:12:51,534 [INFO] ThirdParty:1030 - CMSIS Pack Vendor :STMicroelectronics X-CUBE-FREERTOS 1.1.0
2023-10-25 00:12:51,534 [INFO] ThirdParty:1030 - CMSIS Pack Vendor :STMicroelectronics X-CUBE-NFC7 1.0.1
2023-10-25 00:12:51,534 [INFO] ThirdParty:1030 - CMSIS Pack Vendor :STMicroelectronics MBEDTLS 2.14.1
2023-10-25 00:12:51,534 [INFO] ThirdParty:1030 - CMSIS Pack Vendor :STMicroelectronics X-CUBE-TOUCHGFX 4.22.1
2023-10-25 00:12:51,535 [INFO] ThirdParty:1030 - CMSIS Pack Vendor :STMicroelectronics X-CUBE-NFC6 3.0.0
2023-10-25 00:12:51,535 [INFO] ThirdParty:1030 - CMSIS Pack Vendor :STMicroelectronics X-CUBE-EEPRMA1 4.1.0
2023-10-25 00:12:51,535 [INFO] ThirdParty:1030 - CMSIS Pack Vendor :portGmbH I-Cube-SoM-uGOAL 1.1.0
2023-10-25 00:12:51,535 [INFO] ThirdParty:1030 - CMSIS Pack Vendor :STMicroelectronics X-CUBE-ALS 1.0.1
2023-10-25 00:12:51,535 [INFO] ThirdParty:1030 - CMSIS Pack Vendor :STMicroelectronics ThreadX 1.0.0
2023-10-25 00:12:51,535 [INFO] ThirdParty:1030 - CMSIS Pack Vendor :STMicroelectronics FP-SNS-SMARTAG2 1.2.0
2023-10-25 00:12:51,535 [INFO] ThirdParty:1030 - CMSIS Pack Vendor :STMicroelectronics X-CUBE-AZRTOS-WL 2.0.0
2023-10-25 00:12:51,535 [INFO] ThirdParty:1030 - CMSIS Pack Vendor :SEGGER I-CUBE-embOS 1.3.1
2023-10-25 00:12:51,535 [INFO] ThirdParty:1030 - CMSIS Pack Vendor :STMicroelectronics USB_DEVICE 1.0.0
2023-10-25 00:12:51,535 [INFO] ThirdParty:1030 - CMSIS Pack Vendor :STMicroelectronics X-CUBE-AI 8.1.0
2023-10-25 00:12:51,535 [INFO] ThirdParty:1030 - CMSIS Pack Vendor :STMicroelectronics X-CUBE-AZRTOS-L4 2.0.0
2023-10-25 00:12:51,536 [INFO] ThirdParty:1030 - CMSIS Pack Vendor :STMicroelectronics ThreadX 0.0.2
2023-10-25 00:12:51,536 [INFO] ThirdParty:1030 - CMSIS Pack Vendor :WES I-CUBE-Cesium 1.3.0
2023-10-25 00:12:51,536 [INFO] ThirdParty:1030 - CMSIS Pack Vendor :STMicroelectronics FP-ATR-ASTRA1 2.0.0
2023-10-25 00:12:51,536 [INFO] ThirdParty:1030 - CMSIS Pack Vendor :STMicroelectronics lwIP 2.1.2
2023-10-25 00:12:51,536 [INFO] ThirdParty:1030 - CMSIS Pack Vendor :STMicroelectronics X-CUBE-SFXS2LP1 4.0.0
2023-10-25 00:12:51,536 [INFO] ThirdParty:1030 - CMSIS Pack Vendor :STMicroelectronics X-CUBE-BLE2 3.3.0
2023-10-25 00:12:51,536 [INFO] ThirdParty:1030 - CMSIS Pack Vendor :STMicroelectronics PDM2PCM 3.2.0
2023-10-25 00:12:51,536 [INFO] ThirdParty:841 - exiting critical section [change project]
2023-10-25 00:12:51,773 [INFO] PinOutPanel:1499 - setPackage(No Configuration,No Configuration)
2023-10-25 00:12:51,774 [INFO] PinOutPanel:1499 - setPackage(STM32F407VETx,LQFP100)
2023-10-25 00:12:51,937 [INFO] UtilMem:75 - Before build in PCC Used Memory: 442528592 Bytes (929038336)
2023-10-25 00:12:52,156 [INFO] UtilMem:75 - After build in PCC Used Memory: 487091024 Bytes (929038336)
2023-10-25 00:12:52,160 [INFO] ApiDbMcu:507 - Load IP Config File for USB_DEVICE
2023-10-25 00:12:52,180 [INFO] IPUIPlugin:80 - create IPUIPlugin
2023-10-25 00:12:52,181 [INFO] IPUIPlugin:80 - create IPUIPlugin
2023-10-25 00:12:52,181 [INFO] IPUIPlugin:80 - create IPUIPlugin
2023-10-25 00:12:52,181 [INFO] IPUIPlugin:80 - create IPUIPlugin
2023-10-25 00:12:52,181 [INFO] IPUIPlugin:80 - create IPUIPlugin
2023-10-25 00:12:52,181 [INFO] IPUIPlugin:80 - create IPUIPlugin
2023-10-25 00:12:52,181 [INFO] IPUIPlugin:80 - create IPUIPlugin
2023-10-25 00:12:52,181 [INFO] IPUIPlugin:80 - create IPUIPlugin
2023-10-25 00:12:52,181 [INFO] IPUIPlugin:80 - create IPUIPlugin
2023-10-25 00:12:52,181 [INFO] IPUIPlugin:80 - create IPUIPlugin
2023-10-25 00:12:52,181 [INFO] IPUIPlugin:80 - create IPUIPlugin
2023-10-25 00:12:52,181 [INFO] IPUIPlugin:80 - create IPUIPlugin
2023-10-25 00:12:52,182 [INFO] IPUIPlugin:80 - create IPUIPlugin
2023-10-25 00:12:52,182 [INFO] IPUIPlugin:80 - create IPUIPlugin
2023-10-25 00:12:52,182 [INFO] IPUIPlugin:80 - create IPUIPlugin
2023-10-25 00:12:52,182 [INFO] IPUIPlugin:80 - create IPUIPlugin
2023-10-25 00:12:52,182 [INFO] IPUIPlugin:80 - create IPUIPlugin
2023-10-25 00:12:52,182 [INFO] IPUIPlugin:80 - create IPUIPlugin
2023-10-25 00:12:52,182 [INFO] IPUIPlugin:80 - create IPUIPlugin
2023-10-25 00:12:52,182 [INFO] IPUIPlugin:80 - create IPUIPlugin
2023-10-25 00:12:52,182 [INFO] IPUIPlugin:80 - create IPUIPlugin
2023-10-25 00:12:52,182 [INFO] IPUIPlugin:80 - create IPUIPlugin
2023-10-25 00:12:52,183 [INFO] IPUIPlugin:80 - create IPUIPlugin
2023-10-25 00:12:52,183 [INFO] IPUIPlugin:80 - create IPUIPlugin
2023-10-25 00:12:52,183 [INFO] IPUIPlugin:80 - create IPUIPlugin
2023-10-25 00:12:52,183 [INFO] IPUIPlugin:80 - create IPUIPlugin
2023-10-25 00:12:52,183 [INFO] IPUIPlugin:80 - create IPUIPlugin
2023-10-25 00:12:52,183 [INFO] IPUIPlugin:80 - create IPUIPlugin
2023-10-25 00:12:52,183 [INFO] IPUIPlugin:80 - create IPUIPlugin
2023-10-25 00:12:52,184 [INFO] IPUIPlugin:80 - create IPUIPlugin
2023-10-25 00:12:52,184 [INFO] IPUIPlugin:80 - create IPUIPlugin
2023-10-25 00:12:52,184 [INFO] IPUIPlugin:80 - create IPUIPlugin
2023-10-25 00:12:52,184 [INFO] IPUIPlugin:80 - create IPUIPlugin
2023-10-25 00:12:52,185 [INFO] IPUIPlugin:80 - create IPUIPlugin
2023-10-25 00:12:52,185 [INFO] IPUIPlugin:80 - create IPUIPlugin
2023-10-25 00:12:52,185 [INFO] IPUIPlugin:80 - create IPUIPlugin
2023-10-25 00:12:52,185 [INFO] IPUIPlugin:80 - create IPUIPlugin
2023-10-25 00:12:52,185 [INFO] IPUIPlugin:80 - create IPUIPlugin
2023-10-25 00:12:52,186 [INFO] IPUIPlugin:80 - create IPUIPlugin
2023-10-25 00:12:52,186 [INFO] IPUIPlugin:80 - create IPUIPlugin
2023-10-25 00:12:52,186 [INFO] IPUIPlugin:80 - create IPUIPlugin
2023-10-25 00:12:52,186 [INFO] IPUIPlugin:80 - create IPUIPlugin
2023-10-25 00:12:52,186 [INFO] IPUIPlugin:80 - create IPUIPlugin
2023-10-25 00:12:52,187 [INFO] IPUIPlugin:80 - create IPUIPlugin
2023-10-25 00:12:52,187 [INFO] IPUIPlugin:80 - create IPUIPlugin
2023-10-25 00:12:52,187 [INFO] IPUIPlugin:80 - create IPUIPlugin
2023-10-25 00:12:52,187 [INFO] IPUIPlugin:80 - create IPUIPlugin
2023-10-25 00:12:52,188 [INFO] IPUIPlugin:80 - create IPUIPlugin
2023-10-25 00:12:52,188 [INFO] IPUIPlugin:80 - create IPUIPlugin
2023-10-25 00:12:52,188 [INFO] IPUIPlugin:80 - create IPUIPlugin
2023-10-25 00:12:52,188 [INFO] IPUIPlugin:80 - create IPUIPlugin
2023-10-25 00:12:52,189 [INFO] IPUIPlugin:80 - create IPUIPlugin
2023-10-25 00:12:52,189 [INFO] IPUIPlugin:80 - create IPUIPlugin
2023-10-25 00:12:52,189 [INFO] IPUIPlugin:80 - create IPUIPlugin
2023-10-25 00:12:52,189 [INFO] IPUIPlugin:80 - create IPUIPlugin
2023-10-25 00:12:52,190 [INFO] IPUIPlugin:80 - create IPUIPlugin
2023-10-25 00:12:52,190 [INFO] IPUIPlugin:80 - create IPUIPlugin
2023-10-25 00:12:52,191 [INFO] IPUIPlugin:80 - create IPUIPlugin
2023-10-25 00:12:52,205 [INFO] ApiDbMcu:507 - Load IP Config File for PDM2PCM
2023-10-25 00:12:52,262 [INFO] CADModel:165 - CPN selected for project levelSTM32F407VET6
2023-10-25 00:12:52,262 [INFO] CADModel:114 - Register for checkConnection events
2023-10-25 00:12:52,313 [INFO] OpenFileManager:328 - Restore cursor
2023-10-25 00:12:52,472 [WARN] IP:2114 - DEVICE_SERIAL0_CDC_HS not found: check if there is a RefParameter without a condition.
2023-10-25 00:12:52,472 [WARN] IP:2114 - DEVICE_SERIAL1_CDC_HS not found: check if there is a RefParameter without a condition.
2023-10-25 00:12:52,472 [WARN] IP:2114 - DEVICE_SERIAL2_CDC_HS not found: check if there is a RefParameter without a condition.
2023-10-25 00:12:52,473 [WARN] IP:2114 - DEVICE_SERIAL0_CDC_FS not found: check if there is a RefParameter without a condition.
2023-10-25 00:12:52,473 [WARN] IP:2114 - DEVICE_SERIAL1_CDC_FS not found: check if there is a RefParameter without a condition.
2023-10-25 00:12:52,473 [WARN] IP:2114 - DEVICE_SERIAL2_CDC_FS not found: check if there is a RefParameter without a condition.
2023-10-25 00:12:52,473 [WARN] IP:2114 - DEVICE_SERIAL0_CDC_HS not found: check if there is a RefParameter without a condition.
2023-10-25 00:12:52,473 [WARN] IP:2114 - DEVICE_SERIAL1_CDC_HS not found: check if there is a RefParameter without a condition.
2023-10-25 00:12:52,473 [WARN] IP:2114 - DEVICE_SERIAL2_CDC_HS not found: check if there is a RefParameter without a condition.
2023-10-25 00:12:52,474 [WARN] IP:2114 - DEVICE_SERIAL0_CDC_FS not found: check if there is a RefParameter without a condition.
2023-10-25 00:12:52,474 [WARN] IP:2114 - DEVICE_SERIAL1_CDC_FS not found: check if there is a RefParameter without a condition.
2023-10-25 00:12:52,474 [WARN] IP:2114 - DEVICE_SERIAL2_CDC_FS not found: check if there is a RefParameter without a condition.
2023-10-25 00:12:58,301 [WARN] IpParametersView:151 - Warning: This peripheral hasn't parameters
2023-10-25 00:13:04,196 [INFO] NvicIntPanel:101 - NVIC parent = com.st.microxplorer.plugins.ip.nvic.MultiNvicIntPanel[,0,0,450x163,layout=javax.swing.BoxLayout,alignmentX=0.0,alignmentY=0.0,border=,flags=9,maximumSize=,minimumSize=,preferredSize=]
2023-10-25 00:13:15,301 [INFO] NvicIntPanel:101 - NVIC parent = com.st.microxplorer.plugins.ip.nvic.MultiNvicIntPanel[,0,0,0x0,invalid,layout=javax.swing.BoxLayout,alignmentX=0.0,alignmentY=0.0,border=,flags=9,maximumSize=,minimumSize=,preferredSize=]
2023-10-25 00:13:18,903 [INFO] UtilMem:75 - End SaveConfig() Used Memory: 402989504 Bytes (929038336)
2023-10-25 00:13:20,775 [INFO] UtilMem:75 - End SaveConfig() Used Memory: 454573120 Bytes (929038336)
2023-10-25 00:13:20,935 [INFO] BlockDiagram:2759 - set Specific Code input for plugin: FSMC
2023-10-25 00:13:20,936 [INFO] BlockDiagram:2759 - set Specific Code input for plugin: SPI
2023-10-25 00:13:20,936 [INFO] BlockDiagram:2759 - set Specific Code input for plugin: USB_OTG_HS
2023-10-25 00:13:20,936 [INFO] BlockDiagram:2759 - set Specific Code input for plugin: USB_DEVICE
2023-10-25 00:13:20,936 [INFO] BlockDiagram:2759 - set Specific Code input for plugin: SYS
2023-10-25 00:13:20,936 [INFO] BlockDiagram:2759 - set Specific Code input for plugin: RCC
2023-10-25 00:13:20,936 [INFO] BlockDiagram:2759 - set Specific Code input for plugin: RTC
2023-10-25 00:13:20,936 [INFO] BlockDiagram:2759 - set Specific Code input for plugin: USB_OTG_FS
2023-10-25 00:13:20,936 [INFO] BlockDiagram:2759 - set Specific Code input for plugin: NVIC
2023-10-25 00:13:20,936 [INFO] BlockDiagram:2759 - set Specific Code input for plugin: USART
2023-10-25 00:13:20,936 [INFO] BlockDiagram:2759 - set Specific Code input for plugin: GPIO
2023-10-25 00:13:20,937 [INFO] CodeGenerator:799 - code generatio: config db path: C:\ST\STM32CubeIDE_1.13.2\STM32CubeIDE\plugins\com.st.stm32cube.common.mx_6.9.2.202309101412\\db\
2023-10-25 00:13:20,948 [WARN] IP:2114 - DEVICE_SERIAL0_CDC_HS not found: check if there is a RefParameter without a condition.
2023-10-25 00:13:20,948 [WARN] IP:2114 - DEVICE_SERIAL1_CDC_HS not found: check if there is a RefParameter without a condition.
2023-10-25 00:13:20,948 [WARN] IP:2114 - DEVICE_SERIAL2_CDC_HS not found: check if there is a RefParameter without a condition.
2023-10-25 00:13:20,949 [WARN] IP:2114 - DEVICE_SERIAL0_CDC_FS not found: check if there is a RefParameter without a condition.
2023-10-25 00:13:20,949 [WARN] IP:2114 - DEVICE_SERIAL1_CDC_FS not found: check if there is a RefParameter without a condition.
2023-10-25 00:13:20,949 [WARN] IP:2114 - DEVICE_SERIAL2_CDC_FS not found: check if there is a RefParameter without a condition.
2023-10-25 00:13:21,058 [INFO] CodeEngine:255 - oldGeneratedFile, D:\CUBE_NANDO_HAL\CUBE_NANDO_HAL\programmer0\MXTmpFiles\license.tmp_save
2023-10-25 00:13:21,161 [INFO] CodeEngine:279 - Generated code: D:\CUBE_NANDO_HAL\CUBE_NANDO_HAL\programmer0\MXTmpFiles\license.tmp
2023-10-25 00:13:21,240 [INFO] CodeEngine:255 - oldGeneratedFile, D:\CUBE_NANDO_HAL\CUBE_NANDO_HAL\programmer0\Core\Src\gpio.c_save
2023-10-25 00:13:21,337 [INFO] CodeEngine:279 - Generated code: D:\CUBE_NANDO_HAL\CUBE_NANDO_HAL\programmer0\Core\Src\gpio.c
2023-10-25 00:13:21,348 [INFO] CodeEngine:255 - oldGeneratedFile, D:\CUBE_NANDO_HAL\CUBE_NANDO_HAL\programmer0\Core\Inc\gpio.h_save
2023-10-25 00:13:21,495 [INFO] CodeEngine:279 - Generated code: D:\CUBE_NANDO_HAL\CUBE_NANDO_HAL\programmer0\Core\Inc\gpio.h
2023-10-25 00:13:21,550 [WARN] IPConfigManager:2937 - Warning: the RefConfig PWREx_EnableUSBVoltageDetector is not available in your config.xml file
2023-10-25 00:13:21,576 [WARN] IPConfigManager:2937 - Warning: the RefConfig PWREx_EnableUSBVoltageDetector is not available in your config.xml file
2023-10-25 00:13:21,582 [INFO] CodeEngine:255 - oldGeneratedFile, D:\CUBE_NANDO_HAL\CUBE_NANDO_HAL\programmer0\MXTmpFiles\usb_otg_hs_vars.tmp_save
2023-10-25 00:13:21,671 [INFO] CodeEngine:279 - Generated code: D:\CUBE_NANDO_HAL\CUBE_NANDO_HAL\programmer0\MXTmpFiles\usb_otg_hs_vars.tmp
2023-10-25 00:13:21,674 [INFO] CodeEngine:255 - oldGeneratedFile, D:\CUBE_NANDO_HAL\CUBE_NANDO_HAL\programmer0\MXTmpFiles\usb_otg_hs_inc.tmp_save
2023-10-25 00:13:21,723 [INFO] CodeEngine:279 - Generated code: D:\CUBE_NANDO_HAL\CUBE_NANDO_HAL\programmer0\MXTmpFiles\usb_otg_hs_inc.tmp
2023-10-25 00:13:21,726 [INFO] CodeEngine:255 - oldGeneratedFile, D:\CUBE_NANDO_HAL\CUBE_NANDO_HAL\programmer0\MXTmpFiles\usb_otg_hs_HalInit.tmp_save
2023-10-25 00:13:21,797 [INFO] CodeEngine:279 - Generated code: D:\CUBE_NANDO_HAL\CUBE_NANDO_HAL\programmer0\MXTmpFiles\usb_otg_hs_HalInit.tmp
2023-10-25 00:13:21,800 [INFO] CodeEngine:255 - oldGeneratedFile, D:\CUBE_NANDO_HAL\CUBE_NANDO_HAL\programmer0\MXTmpFiles\usb_otg_hs_Msp.tmp_save
2023-10-25 00:13:21,871 [INFO] CodeEngine:279 - Generated code: D:\CUBE_NANDO_HAL\CUBE_NANDO_HAL\programmer0\MXTmpFiles\usb_otg_hs_Msp.tmp
2023-10-25 00:13:21,916 [WARN] IPConfigManager:2937 - Warning: the RefConfig PWREx_EnableUSBVoltageDetector is not available in your config.xml file
2023-10-25 00:13:21,938 [WARN] IPConfigManager:2937 - Warning: the RefConfig PWREx_EnableUSBVoltageDetector is not available in your config.xml file
2023-10-25 00:13:21,943 [INFO] CodeEngine:255 - oldGeneratedFile, D:\CUBE_NANDO_HAL\CUBE_NANDO_HAL\programmer0\MXTmpFiles\usb_otg_fs_vars.tmp_save
2023-10-25 00:13:22,018 [INFO] CodeEngine:279 - Generated code: D:\CUBE_NANDO_HAL\CUBE_NANDO_HAL\programmer0\MXTmpFiles\usb_otg_fs_vars.tmp
2023-10-25 00:13:22,020 [INFO] CodeEngine:255 - oldGeneratedFile, D:\CUBE_NANDO_HAL\CUBE_NANDO_HAL\programmer0\MXTmpFiles\usb_otg_fs_inc.tmp_save
2023-10-25 00:13:22,067 [INFO] CodeEngine:279 - Generated code: D:\CUBE_NANDO_HAL\CUBE_NANDO_HAL\programmer0\MXTmpFiles\usb_otg_fs_inc.tmp
2023-10-25 00:13:22,069 [INFO] CodeEngine:255 - oldGeneratedFile, D:\CUBE_NANDO_HAL\CUBE_NANDO_HAL\programmer0\MXTmpFiles\usb_otg_fs_HalInit.tmp_save
2023-10-25 00:13:22,135 [INFO] CodeEngine:279 - Generated code: D:\CUBE_NANDO_HAL\CUBE_NANDO_HAL\programmer0\MXTmpFiles\usb_otg_fs_HalInit.tmp
2023-10-25 00:13:22,137 [INFO] CodeEngine:255 - oldGeneratedFile, D:\CUBE_NANDO_HAL\CUBE_NANDO_HAL\programmer0\MXTmpFiles\usb_otg_fs_Msp.tmp_save
2023-10-25 00:13:22,195 [INFO] CodeEngine:279 - Generated code: D:\CUBE_NANDO_HAL\CUBE_NANDO_HAL\programmer0\MXTmpFiles\usb_otg_fs_Msp.tmp
2023-10-25 00:13:22,365 [WARN] IP:2114 - DEVICE_SERIAL0_CDC_HS not found: check if there is a RefParameter without a condition.
2023-10-25 00:13:22,365 [WARN] IP:2114 - DEVICE_SERIAL1_CDC_HS not found: check if there is a RefParameter without a condition.
2023-10-25 00:13:22,365 [WARN] IP:2114 - DEVICE_SERIAL2_CDC_HS not found: check if there is a RefParameter without a condition.
2023-10-25 00:13:22,417 [WARN] IPConfigManager:2937 - Warning: the RefConfig PWREx_EnableUSBVoltageDetector is not available in your config.xml file
2023-10-25 00:13:22,465 [WARN] IPConfigManager:2937 - Warning: the RefConfig PWREx_EnableUSBVoltageDetector is not available in your config.xml file
2023-10-25 00:13:22,481 [INFO] Middleware:1439 - No code input for Bsp Dependency
2023-10-25 00:13:22,487 [INFO] Middleware:1439 - No code input for Bsp Dependency
2023-10-25 00:13:22,504 [INFO] CodeEngine:255 - oldGeneratedFile, D:\CUBE_NANDO_HAL\CUBE_NANDO_HAL\programmer0\Core\Src\fsmc.c_save
2023-10-25 00:13:22,595 [INFO] CodeEngine:279 - Generated code: D:\CUBE_NANDO_HAL\CUBE_NANDO_HAL\programmer0\Core\Src\fsmc.c
2023-10-25 00:13:22,604 [INFO] CodeEngine:255 - oldGeneratedFile, D:\CUBE_NANDO_HAL\CUBE_NANDO_HAL\programmer0\Core\Inc\fsmc.h_save
2023-10-25 00:13:22,656 [INFO] CodeEngine:279 - Generated code: D:\CUBE_NANDO_HAL\CUBE_NANDO_HAL\programmer0\Core\Inc\fsmc.h
2023-10-25 00:13:22,668 [INFO] CodeEngine:255 - oldGeneratedFile, D:\CUBE_NANDO_HAL\CUBE_NANDO_HAL\programmer0\Core\Src\rtc.c_save
2023-10-25 00:13:22,735 [INFO] CodeEngine:279 - Generated code: D:\CUBE_NANDO_HAL\CUBE_NANDO_HAL\programmer0\Core\Src\rtc.c
2023-10-25 00:13:22,743 [INFO] CodeEngine:255 - oldGeneratedFile, D:\CUBE_NANDO_HAL\CUBE_NANDO_HAL\programmer0\Core\Inc\rtc.h_save
2023-10-25 00:13:22,796 [INFO] CodeEngine:279 - Generated code: D:\CUBE_NANDO_HAL\CUBE_NANDO_HAL\programmer0\Core\Inc\rtc.h
2023-10-25 00:13:22,809 [INFO] CodeEngine:255 - oldGeneratedFile, D:\CUBE_NANDO_HAL\CUBE_NANDO_HAL\programmer0\Core\Src\spi.c_save
2023-10-25 00:13:22,900 [INFO] CodeEngine:279 - Generated code: D:\CUBE_NANDO_HAL\CUBE_NANDO_HAL\programmer0\Core\Src\spi.c
2023-10-25 00:13:22,904 [INFO] CodeEngine:255 - oldGeneratedFile, D:\CUBE_NANDO_HAL\CUBE_NANDO_HAL\programmer0\Core\Inc\spi.h_save
2023-10-25 00:13:22,961 [INFO] CodeEngine:279 - Generated code: D:\CUBE_NANDO_HAL\CUBE_NANDO_HAL\programmer0\Core\Inc\spi.h
2023-10-25 00:13:22,973 [INFO] CodeEngine:255 - oldGeneratedFile, D:\CUBE_NANDO_HAL\CUBE_NANDO_HAL\programmer0\Core\Src\usart.c_save
2023-10-25 00:13:23,044 [INFO] CodeEngine:279 - Generated code: D:\CUBE_NANDO_HAL\CUBE_NANDO_HAL\programmer0\Core\Src\usart.c
2023-10-25 00:13:23,048 [INFO] CodeEngine:255 - oldGeneratedFile, D:\CUBE_NANDO_HAL\CUBE_NANDO_HAL\programmer0\Core\Inc\usart.h_save
2023-10-25 00:13:23,099 [INFO] CodeEngine:279 - Generated code: D:\CUBE_NANDO_HAL\CUBE_NANDO_HAL\programmer0\Core\Inc\usart.h
2023-10-25 00:13:23,104 [INFO] Middleware:1439 - No code input for Bsp Dependency
2023-10-25 00:13:23,107 [INFO] Middleware:1439 - No code input for Bsp Dependency
2023-10-25 00:13:23,118 [INFO] CodeEngine:255 - oldGeneratedFile, D:\CUBE_NANDO_HAL\CUBE_NANDO_HAL\programmer0\USB_DEVICE\App\usb_device.c_save
2023-10-25 00:13:23,189 [INFO] CodeEngine:279 - Generated code: D:\CUBE_NANDO_HAL\CUBE_NANDO_HAL\programmer0\USB_DEVICE\App\usb_device.c
2023-10-25 00:13:23,199 [INFO] CodeEngine:255 - oldGeneratedFile, D:\CUBE_NANDO_HAL\CUBE_NANDO_HAL\programmer0\USB_DEVICE\App\usb_device.h_save
2023-10-25 00:13:23,252 [INFO] CodeEngine:279 - Generated code: D:\CUBE_NANDO_HAL\CUBE_NANDO_HAL\programmer0\USB_DEVICE\App\usb_device.h
2023-10-25 00:13:23,265 [INFO] CodeEngine:255 - oldGeneratedFile, D:\CUBE_NANDO_HAL\CUBE_NANDO_HAL\programmer0\USB_DEVICE\Target\usbd_conf.h_save
2023-10-25 00:13:23,319 [INFO] CodeEngine:279 - Generated code: D:\CUBE_NANDO_HAL\CUBE_NANDO_HAL\programmer0\USB_DEVICE\Target\usbd_conf.h
2023-10-25 00:13:23,329 [INFO] CodeEngine:255 - oldGeneratedFile, D:\CUBE_NANDO_HAL\CUBE_NANDO_HAL\programmer0\USB_DEVICE\Target\usbd_conf.c_save
2023-10-25 00:13:23,399 [INFO] CodeEngine:279 - Generated code: D:\CUBE_NANDO_HAL\CUBE_NANDO_HAL\programmer0\USB_DEVICE\Target\usbd_conf.c
2023-10-25 00:13:23,409 [INFO] CodeEngine:255 - oldGeneratedFile, D:\CUBE_NANDO_HAL\CUBE_NANDO_HAL\programmer0\USB_DEVICE\App\usbd_desc.h_save
2023-10-25 00:13:23,462 [INFO] CodeEngine:279 - Generated code: D:\CUBE_NANDO_HAL\CUBE_NANDO_HAL\programmer0\USB_DEVICE\App\usbd_desc.h
2023-10-25 00:13:23,471 [INFO] CodeEngine:255 - oldGeneratedFile, D:\CUBE_NANDO_HAL\CUBE_NANDO_HAL\programmer0\USB_DEVICE\App\usbd_desc.c_save
2023-10-25 00:13:23,536 [INFO] CodeEngine:279 - Generated code: D:\CUBE_NANDO_HAL\CUBE_NANDO_HAL\programmer0\USB_DEVICE\App\usbd_desc.c
2023-10-25 00:13:23,540 [INFO] CodeEngine:255 - oldGeneratedFile, D:\CUBE_NANDO_HAL\CUBE_NANDO_HAL\programmer0\USB_DEVICE\App\usbd_cdc_if.h_save
2023-10-25 00:13:23,587 [INFO] CodeEngine:279 - Generated code: D:\CUBE_NANDO_HAL\CUBE_NANDO_HAL\programmer0\USB_DEVICE\App\usbd_cdc_if.h
2023-10-25 00:13:23,597 [INFO] CodeEngine:255 - oldGeneratedFile, D:\CUBE_NANDO_HAL\CUBE_NANDO_HAL\programmer0\USB_DEVICE\App\usbd_cdc_if.c_save
2023-10-25 00:13:23,677 [INFO] CodeEngine:279 - Generated code: D:\CUBE_NANDO_HAL\CUBE_NANDO_HAL\programmer0\USB_DEVICE\App\usbd_cdc_if.c
2023-10-25 00:13:23,701 [INFO] CodeEngine:255 - oldGeneratedFile, D:\CUBE_NANDO_HAL\CUBE_NANDO_HAL\programmer0\Core\Src\stm32f4xx_it.c_save
2023-10-25 00:13:23,859 [INFO] CodeEngine:279 - Generated code: D:\CUBE_NANDO_HAL\CUBE_NANDO_HAL\programmer0\Core\Src\stm32f4xx_it.c
2023-10-25 00:13:23,868 [INFO] CodeEngine:255 - oldGeneratedFile, D:\CUBE_NANDO_HAL\CUBE_NANDO_HAL\programmer0\Core\Inc\stm32f4xx_it.h_save
2023-10-25 00:13:23,916 [INFO] CodeEngine:279 - Generated code: D:\CUBE_NANDO_HAL\CUBE_NANDO_HAL\programmer0\Core\Inc\stm32f4xx_it.h
2023-10-25 00:13:23,929 [INFO] CodeEngine:255 - oldGeneratedFile, D:\CUBE_NANDO_HAL\CUBE_NANDO_HAL\programmer0\Core\Src\stm32f4xx_hal_msp.c_save
2023-10-25 00:13:24,005 [INFO] CodeEngine:279 - Generated code: D:\CUBE_NANDO_HAL\CUBE_NANDO_HAL\programmer0\Core\Src\stm32f4xx_hal_msp.c
2023-10-25 00:13:24,007 [INFO] CodeEngine:255 - oldGeneratedFile, D:\CUBE_NANDO_HAL\CUBE_NANDO_HAL\programmer0\MXTmpFiles\system.tmp_save
2023-10-25 00:13:24,052 [INFO] CodeEngine:279 - Generated code: D:\CUBE_NANDO_HAL\CUBE_NANDO_HAL\programmer0\MXTmpFiles\system.tmp
2023-10-25 00:13:24,064 [INFO] CodeEngine:311 - oldGeneratedFile, D:\CUBE_NANDO_HAL\CUBE_NANDO_HAL\programmer0\Core\Inc\stm32f4xx_hal_conf.h_save
2023-10-25 00:13:24,146 [INFO] CodeEngine:335 - Generated code: D:\CUBE_NANDO_HAL\CUBE_NANDO_HAL\programmer0\Core\Inc\stm32f4xx_hal_conf.h
2023-10-25 00:13:24,177 [INFO] CodeEngine:255 - oldGeneratedFile, D:\CUBE_NANDO_HAL\CUBE_NANDO_HAL\programmer0\Core\Inc\main.h_save
2023-10-25 00:13:24,253 [INFO] CodeEngine:279 - Generated code: D:\CUBE_NANDO_HAL\CUBE_NANDO_HAL\programmer0\Core\Inc\main.h
2023-10-25 00:13:24,262 [INFO] CodeEngine:255 - oldGeneratedFile, D:\CUBE_NANDO_HAL\CUBE_NANDO_HAL\programmer0\Core\Src\main.c_save
2023-10-25 00:13:24,340 [INFO] CodeEngine:279 - Generated code: D:\CUBE_NANDO_HAL\CUBE_NANDO_HAL\programmer0\Core\Src\main.c
2023-10-25 00:13:24,778 [INFO] ProjectBuilder:3064 - Time for Copy HAL[1] : 127mS.
2023-10-25 00:13:24,782 [INFO] ProjectBuilder:4404 - Project Generator version: 4.1.0
2023-10-25 00:13:24,926 [INFO] ConfigFileManager:1457 - The Die is : DIE413
2023-10-25 00:13:24,934 [INFO] ApiDbMcu:507 - Load IP Config File for FATFS
2023-10-25 00:13:24,943 [INFO] ApiDbMcu:507 - Load IP Config File for FREERTOS
2023-10-25 00:13:24,950 [INFO] ApiDbMcu:507 - Load IP Config File for LIBJPEG
2023-10-25 00:13:24,960 [INFO] ApiDbMcu:507 - Load IP Config File for LWIP
2023-10-25 00:13:24,970 [INFO] ApiDbMcu:507 - Load IP Config File for MBEDTLS
2023-10-25 00:13:24,978 [INFO] ApiDbMcu:507 - Load IP Config File for USB_HOST
2023-10-25 00:13:26,101 [INFO] ProjectBuilder:4626 - Time for Generating toolchain IDE Files: 1320mS.
2023-10-25 00:13:26,102 [INFO] ProjectBuilder:2935 - Time for Copy CMSIS : 1mS.
2023-10-25 00:13:26,104 [INFO] ProjectBuilder:2935 - Time for Copy CMSIS : 0mS.
