00:12:35 **** Build of configuration Default for project firmware3.5GF ****
make all 
make -f Makefile.windows all
make[1]: Entering directory `D:/CUBE_NANDO_HAL/nand3.5GF/firmware3.5GF'
make -C bootloader
make[2]: Entering directory `D:/CUBE_NANDO_HAL/nand3.5GF/firmware3.5GF/bootloader'
make -f Makefile.windows all
make[3]: Entering directory `D:/CUBE_NANDO_HAL/nand3.5GF/firmware3.5GF/bootloader'
make -C ../libs/spl/
make[4]: Entering directory `D:/CUBE_NANDO_HAL/nand3.5GF/firmware3.5GF/libs/spl'
make -f Makefile.windows all
make[5]: Entering directory `D:/CUBE_NANDO_HAL/nand3.5GF/firmware3.5GF/libs/spl'
if not exist obj mkdir obj
make[5]: Leaving directory `D:/CUBE_NANDO_HAL/nand3.5GF/firmware3.5GF/libs/spl'
make[4]: Leaving directory `D:/CUBE_NANDO_HAL/nand3.5GF/firmware3.5GF/libs/spl'
if not exist obj mkdir obj
make[3]: Leaving directory `D:/CUBE_NANDO_HAL/nand3.5GF/firmware3.5GF/bootloader'
make[2]: Leaving directory `D:/CUBE_NANDO_HAL/nand3.5GF/firmware3.5GF/bootloader'
make -C programmer
make[2]: Entering directory `D:/CUBE_NANDO_HAL/nand3.5GF/firmware3.5GF/programmer'
make -f Makefile.windows all
make[3]: Entering directory `D:/CUBE_NANDO_HAL/nand3.5GF/firmware3.5GF/programmer'
make -C ../libs/spl/
make[4]: Entering directory `D:/CUBE_NANDO_HAL/nand3.5GF/firmware3.5GF/libs/spl'
make -f Makefile.windows all
make[5]: Entering directory `D:/CUBE_NANDO_HAL/nand3.5GF/firmware3.5GF/libs/spl'
if not exist obj mkdir obj
make[5]: Leaving directory `D:/CUBE_NANDO_HAL/nand3.5GF/firmware3.5GF/libs/spl'
make[4]: Leaving directory `D:/CUBE_NANDO_HAL/nand3.5GF/firmware3.5GF/libs/spl'
if not exist obj mkdir obj
make[3]: Leaving directory `D:/CUBE_NANDO_HAL/nand3.5GF/firmware3.5GF/programmer'
make[2]: Leaving directory `D:/CUBE_NANDO_HAL/nand3.5GF/firmware3.5GF/programmer'
if not exist obj mkdir obj
copy bootloader\\obj\\bootloader_fw.hex obj\\
已复制         1 个文件。
copy programmer\\obj\\app_fw_1.hex obj\\
已复制         1 个文件。
copy programmer\\obj\\app_fw_2.hex obj\\
已复制         1 个文件。
findstr  /r /v "^:00000001FF$" obj\\bootloader_fw.hex \
	  >> obj\\bootloader_fw.hex.tmp
findstr  /r /v "^:00000001FF$"  obj\\app_fw_1.hex \
	  >> obj\\app_fw_1.hex.tmp
type obj\\bootloader_fw.hex.tmp obj\\app_fw_1.hex.tmp \
	  obj\\app_fw_2.hex > obj\\nando_fw.hex

obj\\bootloader_fw.hex.tmp



obj\\app_fw_1.hex.tmp



obj\\app_fw_2.hex


arm-none-eabi-objcopy.exe --input-target=ihex --output-target=binary \
	  obj\\nando_fw.hex obj\\nando_fw.bin
make[1]: Leaving directory `D:/CUBE_NANDO_HAL/nand3.5GF/firmware3.5GF'

00:12:36 Build Finished. 0 errors, 0 warnings. (took 1s.438ms)

